#
# A fatal error has been detected by the Java Runtime Environment:
#
#  EXCEPTION_ACCESS_VIOLATION (0xc0000005) at pc=0x6ad36c62, pid=14176, tid=7480
#
# JRE version: OpenJDK Runtime Environment Temurin-11.0.21+9 (11.0.21+9) (build 11.0.21+9)
# Java VM: OpenJDK Client VM Temurin-11.0.21+9 (11.0.21+9, mixed mode, serial gc, windows-x86)
# Problematic frame:
# C  [glass.dll+0x16c62]
#
# No core dump will be written. Minidumps are not enabled by default on client versions of Windows
#
# If you would like to submit a bug report, please visit:
#   https://github.com/adoptium/adoptium-support/issues
# The crash happened outside the Java Virtual Machine in native code.
# See problematic frame for where to report the bug.
#

---------------  S U M M A R Y ------------

Command Line: -javaagent:C:\Program Files\JetBrains\IntelliJ IDEA 2023.3.2\lib\idea_rt.jar=50304:C:\Program Files\JetBrains\IntelliJ IDEA 2023.3.2\bin -Dfile.encoding=UTF-8 --module-path=C:\Users\alexia\.m2\repository\com\gluonhq\attach\lifecycle\4.0.19\lifecycle-4.0.19.jar;C:\Users\alexia\.m2\repository\org\openjfx\javafx-fxml\17.0.6\javafx-fxml-17.0.6-win-x86.jar;C:\Users\alexia\.m2\repository\org\kordamp\bootstrapfx\bootstrapfx-core\0.4.0\bootstrapfx-core-0.4.0.jar;C:\Users\alexia\.m2\repository\org\openjfx\javafx-graphics\17.0.6\javafx-graphics-17.0.6-win-x86.jar;C:\Users\alexia\Downloads\appJavaFx\target\classes;C:\Users\alexia\.m2\repository\com\gluonhq\attach\util\4.0.19\util-4.0.19.jar;C:\Users\alexia\.m2\repository\org\openjfx\javafx-controls\17.0.6\javafx-controls-17.0.6-win-x86.jar;C:\Users\alexia\.m2\repository\com\gluonhq\attach\display\4.0.19\display-4.0.19.jar;C:\Users\alexia\.m2\repository\org\openjfx\javafx-base\17.0.6\javafx-base-17.0.6-win-x86.jar;C:\Users\alexia\.m2\repository\com\gluonhq\charm-glisten\6.2.3\charm-glisten-6.2.3.jar -Djdk.module.main=com.alilopez.vererinaria com.alilopez.vererinaria/com.alilopez.application.App

Host: 11th Gen Intel(R) Core(TM) i3-1115G4 @ 3.00GHz, 4 cores, 3G,  Windows 11 , 64 bit Build 22621 (10.0.22621.3374)
Time: Sun Apr 14 10:42:28 2024 Hora estándar central (México) elapsed time: 57.611476 seconds (0d 0h 0m 57s)

---------------  T H R E A D  ---------------

Current thread (0x16002400):  JavaThread "JavaFX Application Thread" [_thread_in_native, id=7480, stack(0x16740000,0x16790000)]

Stack: [0x16740000,0x16790000],  sp=0x1678e9dc,  free space=314k
Native frames: (J=compiled Java code, A=aot compiled Java code, j=interpreted, Vv=VM code, C=native code)
C  [glass.dll+0x16c62]

Java frames: (J=compiled Java code, j=interpreted, Vv=VM code)
j  com.sun.glass.ui.win.WinWindow._close(J)Z+0 javafx.graphics
j  com.sun.glass.ui.Window.close()V+63 javafx.graphics
j  com.sun.glass.ui.win.WinWindow.close()V+8 javafx.graphics
j  com.sun.glass.ui.Application.terminate()V+75 javafx.graphics
j  com.sun.javafx.tk.quantum.QuantumToolkit.lambda$exit$13()Ljava/lang/Object;+5 javafx.graphics
j  com.sun.javafx.tk.quantum.QuantumToolkit$$Lambda$705.get()Ljava/lang/Object;+0 javafx.graphics
j  com.sun.javafx.tk.quantum.QuantumToolkit.runWithRenderLock(Ljava/util/function/Supplier;)Ljava/lang/Object;+7 javafx.graphics
j  com.sun.javafx.tk.quantum.QuantumToolkit.exit()V+26 javafx.graphics
j  com.sun.javafx.application.PlatformImpl.lambda$tkExit$16()V+3 javafx.graphics
j  com.sun.javafx.application.PlatformImpl$$Lambda$704.run()V+0 javafx.graphics
j  com.sun.javafx.application.PlatformImpl.lambda$runAndWait$12(Ljava/lang/Runnable;Ljava/util/concurrent/CountDownLatch;)V+1 javafx.graphics
j  com.sun.javafx.application.PlatformImpl$$Lambda$86.run()V+8 javafx.graphics
j  com.sun.javafx.application.PlatformImpl.lambda$runLater$10(Ljava/lang/Runnable;)Ljava/lang/Void;+1 javafx.graphics
j  com.sun.javafx.application.PlatformImpl$$Lambda$89.run()Ljava/lang/Object;+4 javafx.graphics
v  ~StubRoutines::call_stub
J 1796  java.security.AccessController.doPrivileged(Ljava/security/PrivilegedAction;Ljava/security/AccessControlContext;)Ljava/lang/Object; java.base@11.0.21 (0 bytes) @ 0x037bdbc7 [0x037bdb60+0x00000067]
j  com.sun.javafx.application.PlatformImpl.lambda$runLater$11(Ljava/lang/Runnable;Ljava/security/AccessControlContext;)V+7 javafx.graphics
j  com.sun.javafx.application.PlatformImpl$$Lambda$87.run()V+8 javafx.graphics
J 2180 c1 com.sun.glass.ui.InvokeLaterDispatcher$Future.run()V javafx.graphics (91 bytes) @ 0x03826f80 [0x03826f50+0x00000030]
v  ~StubRoutines::call_stub
j  com.sun.glass.ui.win.WinApplication._runLoop(Ljava/lang/Runnable;)V+0 javafx.graphics
j  com.sun.glass.ui.win.WinApplication.lambda$runLoop$3(ILjava/lang/Runnable;)V+8 javafx.graphics
j  com.sun.glass.ui.win.WinApplication$$Lambda$77.run()V+12 javafx.graphics
j  java.lang.Thread.run()V+11 java.base@11.0.21
v  ~StubRoutines::call_stub

siginfo: EXCEPTION_ACCESS_VIOLATION (0xc0000005), reading address 0x000000b8


Register to memory mapping:

EIP=0x6ad36c62 glass.dll
EAX=0x0 is NULL
EBX=0x1678ec10 is pointing into the stack for thread: 0x16002400
ECX=0x0 is NULL
EDX=0x0 is NULL
ESP=0x1678e9dc is pointing into the stack for thread: 0x16002400
EBP=0x1678ea08 is pointing into the stack for thread: 0x16002400
ESI=0x00000401 is an unknown value
EDI=0x0 is NULL


Registers:
EAX=0x00000000, EBX=0x1678ec10, ECX=0x00000000, EDX=0x00000000
ESP=0x1678e9dc, EBP=0x1678ea08, ESI=0x00000401, EDI=0x00000000
EIP=0x6ad36c62, EFLAGS=0x00010202

Top of Stack: (sp=0x1678e9dc)
0x1678e9dc:   1678ec10 00000401 1678ec10 6ad28df8
0x1678e9ec:   fd85f61a 15fe8c78 001d05d0 00000401
0x1678e9fc:   1678eb3c 6ad402b0 ffffffff 00000000
0x1678ea0c:   6ad21755 00000401 1678ec10 00000000
0x1678ea1c:   00000401 001d05d0 1678ea54 6ad216f0
0x1678ea2c:   76ac30b3 001d05d0 00000401 1678ec10
0x1678ea3c:   00000000 001d05d0 dcbaabcd 6ad216f0
0x1678ea4c:   00000401 001d05d0 1678eb4c 76ab3ef6 

Instructions: (pc=0x6ad36c62)
0x6ad36b62:   21 56 e8 47 42 00 00 ff 35 e8 03 d5 6a 8b f0 ff
0x6ad36b72:   77 68 56 e8 96 de fe ff 56 e8 a0 41 00 00 83 c4
0x6ad36b82:   10 5e c7 05 a4 03 d5 6a 00 00 00 00 5f c3 83 ec
0x6ad36b92:   24 a1 ec e0 d4 6a 33 c4 89 44 24 20 8b 44 24 28
0x6ad36ba2:   53 89 44 24 04 8b d9 8b 44 24 30 89 44 24 08 8b
0x6ad36bb2:   44 24 38 55 89 44 24 10 8b 44 24 38 56 89 83 84
0x6ad36bc2:   00 00 00 8b 44 24 0c 89 5c 24 18 bb 00 00 00 80
0x6ad36bd2:   8b eb 8b f3 57 8b fb 85 c0 79 29 8d 44 24 20 50
0x6ad36be2:   e8 29 aa fe ff 83 c4 04 85 c0 8b 44 24 10 74 14
0x6ad36bf2:   8b 74 24 28 8b 5c 24 20 2b f3 8b 7c 24 2c 8b 6c
0x6ad36c02:   24 24 2b fd 6a 00 50 ff 74 24 1c 68 d8 23 d4 6a
0x6ad36c12:   57 56 8b 74 24 34 8b ce 55 53 ff 74 24 38 e8 db
0x6ad36c22:   a7 fe ff 8b f8 8d 4e 14 57 e8 40 64 00 00 57 8d
0x6ad36c32:   4e 14 e8 c7 64 00 00 8b 4c 24 30 8b c7 5f 5e 5d
0x6ad36c42:   5b 33 cc e8 ae 7a 00 00 83 c4 24 c2 10 00 53 8b
0x6ad36c52:   d9 56 57 ff 73 08 e8 93 a9 fe ff 8b f8 83 c4 04
0x6ad36c62:   8b 87 b8 00 00 00 85 c0 75 03 8b 47 04 3b 05 a4
0x6ad36c72:   03 d5 6a 75 29 e8 34 41 00 00 ff 35 e8 03 d5 6a
0x6ad36c82:   8b f0 ff 77 68 56 e8 83 dd fe ff 56 e8 8d 40 00
0x6ad36c92:   00 83 c4 10 c7 05 a4 03 d5 6a 00 00 00 00 8d 4f
0x6ad36ca2:   14 e8 b8 69 00 00 8d 4f 14 e8 e0 69 00 00 ff 73
0x6ad36cb2:   08 ff 15 f8 fe d4 6a 85 c0 5f 0f 95 c0 5e 88 43
0x6ad36cc2:   04 5b c3 cc cc cc cc cc cc cc cc cc cc cc 55 8b
0x6ad36cd2:   ec 6a ff 68 f7 11 d4 6a 64 a1 00 00 00 00 50 83
0x6ad36ce2:   ec 08 53 56 57 a1 ec e0 d4 6a 33 c5 50 8d 45 f4
0x6ad36cf2:   64 a3 00 00 00 00 8b f9 ff 77 18 ff 15 60 ff d4
0x6ad36d02:   6a 85 c0 75 13 0f 57 c0 66 0f 13 45 ec 8b 55 f0
0x6ad36d12:   8b 45 ec e9 a7 00 00 00 68 dc 00 00 00 e8 96 79
0x6ad36d22:   00 00 83 c4 04 89 45 f0 c7 45 fc 00 00 00 00 85
0x6ad36d32:   c0 74 19 ff 77 18 8b c8 6a 01 6a 00 6a 00 6a 00
0x6ad36d42:   ff 77 10 e8 a6 f9 ff ff 8b d8 eb 02 33 db ff 77
0x6ad36d52:   18 8b cb c7 45 fc ff ff ff ff 6a 00 68 00 00 10 


Stack slot to memory mapping:
stack at sp + 0 slots: 0x1678ec10 is pointing into the stack for thread: 0x16002400
stack at sp + 1 slots: 0x00000401 is an unknown value
stack at sp + 2 slots: 0x1678ec10 is pointing into the stack for thread: 0x16002400
stack at sp + 3 slots: 0x6ad28df8 glass.dll
stack at sp + 4 slots: 0xfd85f61a is an unknown value
stack at sp + 5 slots: 0x15fe8c78 points into unknown readable memory: 0x6ad4319c | 9c 31 d4 6a
stack at sp + 6 slots: 0x001d05d0 is an unknown value
stack at sp + 7 slots: 0x00000401 is an unknown value


---------------  P R O C E S S  ---------------

Threads class SMR info:
_java_thread_list=0x158bed18, length=17, elements={
0x0341ec00, 0x034d3c00, 0x034d5400, 0x034f3000,
0x034f5000, 0x034f7000, 0x15760400, 0x15763400,
0x034a5800, 0x15927800, 0x15f5a000, 0x15ff7400,
0x16002400, 0x1a8ea400, 0x1a906c00, 0x1ab54400,
0x1aded400
}

Java Threads: ( => current thread )
  0x0341ec00 JavaThread "main" [_thread_blocked, id=13340, stack(0x01380000,0x013d0000)]
  0x034d3c00 JavaThread "Reference Handler" daemon [_thread_blocked, id=12700, stack(0x033b0000,0x03400000)]
  0x034d5400 JavaThread "Finalizer" daemon [_thread_blocked, id=8244, stack(0x05540000,0x05590000)]
  0x034f3000 JavaThread "Signal Dispatcher" daemon [_thread_blocked, id=6068, stack(0x15930000,0x15980000)]
  0x034f5000 JavaThread "Attach Listener" daemon [_thread_blocked, id=3088, stack(0x159c0000,0x15a10000)]
  0x034f7000 JavaThread "Service Thread" daemon [_thread_blocked, id=2948, stack(0x15a50000,0x15aa0000)]
  0x15760400 JavaThread "C1 CompilerThread0" daemon [_thread_blocked, id=1392, stack(0x15ae0000,0x15b30000)]
  0x15763400 JavaThread "Sweeper thread" daemon [_thread_blocked, id=6508, stack(0x15b70000,0x15bc0000)]
  0x034a5800 JavaThread "Common-Cleaner" daemon [_thread_blocked, id=13964, stack(0x15c00000,0x15c50000)]
  0x15927800 JavaThread "Monitor Ctrl-Break" daemon [_thread_in_native, id=8984, stack(0x160a0000,0x160f0000)]
  0x15f5a000 JavaThread "QuantumRenderer-0" daemon [_thread_blocked, id=8748, stack(0x163c0000,0x16410000)]
  0x15ff7400 JavaThread "InvokeLaterDispatcher" daemon [_thread_blocked, id=11532, stack(0x165b0000,0x16600000)]
=>0x16002400 JavaThread "JavaFX Application Thread" [_thread_in_native, id=7480, stack(0x16740000,0x16790000)]
  0x1a8ea400 JavaThread "JavaFX-Launcher" [_thread_blocked, id=7016, stack(0x1bb60000,0x1bbb0000)]
  0x1a906c00 JavaThread "Thread-2" daemon [_thread_in_native, id=2900, stack(0x1bad0000,0x1bb20000)]
  0x1ab54400 JavaThread "Prism Font Disposer" daemon [_thread_blocked, id=13412, stack(0x1daa0000,0x1daf0000)]
  0x1aded400 JavaThread "Cleaner-0" daemon [_thread_blocked, id=12916, stack(0x1e140000,0x1e190000)]

Other Threads:
  0x034c4000 VMThread "VM Thread" [stack: 0x03320000,0x03370000] [id=8504]
  0x15928400 WatcherThread [stack: 0x16130000,0x16180000] [id=8064]

Threads with active compile tasks:

VM state:not at safepoint (normal execution)

VM Mutex/Monitor currently owned by a thread: None

Heap:
 def new generation   total 37440K, used 10395K [0x05600000, 0x07e90000, 0x0ab50000)
  eden space 33344K,  31% used [0x05600000, 0x06026f38, 0x07690000)
  from space 4096K,   0% used [0x07690000, 0x07690000, 0x07a90000)
  to   space 4096K,   0% used [0x07a90000, 0x07a90000, 0x07e90000)
 tenured generation   total 83040K, used 49823K [0x0ab50000, 0x0fc68000, 0x15600000)
   the space 83040K,  59% used [0x0ab50000, 0x0dbf7d78, 0x0dbf7e00, 0x0fc68000)
 Metaspace       used 20204K, capacity 20675K, committed 20992K, reserved 21888K

Card table byte_map: [0x02df0000,0x02e80000] _byte_map_base: 0x02dc5000

Polling page: 0x011a0000

Metaspace:

Usage:
   20.19 MB capacity,    19.73 MB ( 98%) used,   322.16 KB (  2%) free+waste,   149.26 KB ( <1%) overhead. 

Virtual space:
     21.38 MB reserved,      20.50 MB ( 96%) committed 

Chunk freelists:
220.50 KB

MaxMetaspaceSize: 4.00 GB
No class space
Initial GC threshold: 12.00 MB
Current GC threshold: 33.96 MB
CDS: off

CodeCache: size=32768Kb used=4020Kb max_used=4020Kb free=28747Kb
 bounds [0x03500000, 0x038f0000, 0x05500000]
 total_blobs=3269 nmethods=2821 adapters=380
 compilation: enabled
              stopped_count=0, restarted_count=0
 full_count=0

Compilation events (20 events):
Event: 57.513 Thread 0x15760400 2811             sun.nio.cs.StreamEncoder::writeBytes (132 bytes)
Event: 57.513 Thread 0x15760400 nmethod 2811 0x038ea848 code [0x038ea9e0, 0x038ead20]
Event: 57.513 Thread 0x15760400 2812   !         java.io.PrintStream::write (69 bytes)
Event: 57.514 Thread 0x15760400 nmethod 2812 0x038eaf48 code [0x038eb0b0, 0x038eb420]
Event: 57.514 Thread 0x15760400 2813  s          java.io.BufferedOutputStream::write (67 bytes)
Event: 57.514 Thread 0x15760400 nmethod 2813 0x038eb648 code [0x038eb790, 0x038ebb20]
Event: 57.514 Thread 0x15760400 2814   !         java.io.BufferedWriter::flushBuffer (53 bytes)
Event: 57.514 Thread 0x15760400 nmethod 2814 0x038ebc48 code [0x038ebd80, 0x038ec088]
Event: 57.514 Thread 0x15760400 2815             java.io.OutputStreamWriter::write (11 bytes)
Event: 57.515 Thread 0x15760400 nmethod 2815 0x038ec208 code [0x038ec320, 0x038ec3cc]
Event: 57.515 Thread 0x15760400 2816             java.io.OutputStreamWriter::flushBuffer (8 bytes)
Event: 57.515 Thread 0x15760400 nmethod 2816 0x038ec448 code [0x038ec560, 0x038ec5fc]
Event: 57.515 Thread 0x15760400 2817   !         sun.nio.cs.StreamEncoder::flushBuffer (42 bytes)
Event: 57.515 Thread 0x15760400 nmethod 2817 0x038ec688 code [0x038ec7c0, 0x038eca78]
Event: 57.515 Thread 0x15760400 2818             sun.nio.cs.StreamEncoder::isOpen (13 bytes)
Event: 57.515 Thread 0x15760400 nmethod 2818 0x038ecc48 code [0x038ecd50, 0x038ecde0]
Event: 57.515 Thread 0x15760400 2819             java.io.FileDescriptor$1::getAppend (5 bytes)
Event: 57.515 Thread 0x15760400 nmethod 2819 0x038ece48 code [0x038ecf50, 0x038ecfe0]
Event: 57.515 Thread 0x15760400 2820             java.io.FileOutputStream::write (20 bytes)
Event: 57.515 Thread 0x15760400 nmethod 2820 0x038ed048 code [0x038ed160, 0x038ed20c]

GC Heap History (20 events):
Event: 1.839 GC heap before
{Heap before GC invocations=11 (full 1):
 def new generation   total 4992K, used 4992K [0x05600000, 0x05b60000, 0x0ab50000)
  eden space 4480K, 100% used [0x05600000, 0x05a60000, 0x05a60000)
  from space 512K, 100% used [0x05ae0000, 0x05b60000, 0x05b60000)
  to   space 512K,   0% used [0x05a60000, 0x05a60000, 0x05ae0000)
 tenured generation   total 10944K, used 6724K [0x0ab50000, 0x0b600000, 0x15600000)
   the space 10944K,  61% used [0x0ab50000, 0x0b1e10c8, 0x0b1e1200, 0x0b600000)
 Metaspace       used 14964K, capacity 15170K, committed 15232K, reserved 15744K
}
Event: 1.842 GC heap after
{Heap after GC invocations=12 (full 1):
 def new generation   total 4992K, used 512K [0x05600000, 0x05b60000, 0x0ab50000)
  eden space 4480K,   0% used [0x05600000, 0x05600000, 0x05a60000)
  from space 512K, 100% used [0x05a60000, 0x05ae0000, 0x05ae0000)
  to   space 512K,   0% used [0x05ae0000, 0x05ae0000, 0x05b60000)
 tenured generation   total 10944K, used 7626K [0x0ab50000, 0x0b600000, 0x15600000)
   the space 10944K,  69% used [0x0ab50000, 0x0b2c2bf8, 0x0b2c2c00, 0x0b600000)
 Metaspace       used 14964K, capacity 15170K, committed 15232K, reserved 15744K
}
Event: 2.086 GC heap before
{Heap before GC invocations=12 (full 1):
 def new generation   total 4992K, used 4992K [0x05600000, 0x05b60000, 0x0ab50000)
  eden space 4480K, 100% used [0x05600000, 0x05a60000, 0x05a60000)
  from space 512K, 100% used [0x05a60000, 0x05ae0000, 0x05ae0000)
  to   space 512K,   0% used [0x05ae0000, 0x05ae0000, 0x05b60000)
 tenured generation   total 10944K, used 7626K [0x0ab50000, 0x0b600000, 0x15600000)
   the space 10944K,  69% used [0x0ab50000, 0x0b2c2bf8, 0x0b2c2c00, 0x0b600000)
 Metaspace       used 15080K, capacity 15269K, committed 15360K, reserved 15744K
}
Event: 2.089 GC heap after
{Heap after GC invocations=13 (full 1):
 def new generation   total 4992K, used 293K [0x05600000, 0x05b60000, 0x0ab50000)
  eden space 4480K,   0% used [0x05600000, 0x05600000, 0x05a60000)
  from space 512K,  57% used [0x05ae0000, 0x05b29440, 0x05b60000)
  to   space 512K,   0% used [0x05a60000, 0x05a60000, 0x05ae0000)
 tenured generation   total 10944K, used 10163K [0x0ab50000, 0x0b600000, 0x15600000)
   the space 10944K,  92% used [0x0ab50000, 0x0b53cf40, 0x0b53d000, 0x0b600000)
 Metaspace       used 15080K, capacity 15269K, committed 15360K, reserved 15744K
}
Event: 2.340 GC heap before
{Heap before GC invocations=13 (full 1):
 def new generation   total 4992K, used 4694K [0x05600000, 0x05b60000, 0x0ab50000)
  eden space 4480K,  98% used [0x05600000, 0x05a4c740, 0x05a60000)
  from space 512K,  57% used [0x05ae0000, 0x05b29440, 0x05b60000)
  to   space 512K,   0% used [0x05a60000, 0x05a60000, 0x05ae0000)
 tenured generation   total 10944K, used 10163K [0x0ab50000, 0x0b600000, 0x15600000)
   the space 10944K,  92% used [0x0ab50000, 0x0b53cf40, 0x0b53d000, 0x0b600000)
 Metaspace       used 15080K, capacity 15269K, committed 15360K, reserved 15744K
}
Event: 2.355 GC heap after
{Heap after GC invocations=14 (full 2):
 def new generation   total 9856K, used 177K [0x05600000, 0x060b0000, 0x0ab50000)
  eden space 8768K,   2% used [0x05600000, 0x0562c5d0, 0x05e90000)
  from space 1088K,   0% used [0x05e90000, 0x05e90000, 0x05fa0000)
  to   space 1088K,   0% used [0x05fa0000, 0x05fa0000, 0x060b0000)
 tenured generation   total 21744K, used 13045K [0x0ab50000, 0x0c08c000, 0x15600000)
   the space 21744K,  59% used [0x0ab50000, 0x0b80d520, 0x0b80d600, 0x0c08c000)
 Metaspace       used 15080K, capacity 15269K, committed 15360K, reserved 15744K
}
Event: 2.542 GC heap before
{Heap before GC invocations=14 (full 2):
 def new generation   total 9856K, used 8758K [0x05600000, 0x060b0000, 0x0ab50000)
  eden space 8768K,  99% used [0x05600000, 0x05e8db88, 0x05e90000)
  from space 1088K,   0% used [0x05e90000, 0x05e90000, 0x05fa0000)
  to   space 1088K,   0% used [0x05fa0000, 0x05fa0000, 0x060b0000)
 tenured generation   total 21744K, used 13045K [0x0ab50000, 0x0c08c000, 0x15600000)
   the space 21744K,  59% used [0x0ab50000, 0x0b80d520, 0x0b80d600, 0x0c08c000)
 Metaspace       used 15080K, capacity 15269K, committed 15360K, reserved 15744K
}
Event: 2.547 GC heap after
{Heap after GC invocations=15 (full 2):
 def new generation   total 9856K, used 882K [0x05600000, 0x060b0000, 0x0ab50000)
  eden space 8768K,   0% used [0x05600000, 0x05600000, 0x05e90000)
  from space 1088K,  81% used [0x05fa0000, 0x0607cb78, 0x060b0000)
  to   space 1088K,   0% used [0x05e90000, 0x05e90000, 0x05fa0000)
 tenured generation   total 21744K, used 17961K [0x0ab50000, 0x0c08c000, 0x15600000)
   the space 21744K,  82% used [0x0ab50000, 0x0bcda4c8, 0x0bcda600, 0x0c08c000)
 Metaspace       used 15080K, capacity 15269K, committed 15360K, reserved 15744K
}
Event: 2.914 GC heap before
{Heap before GC invocations=15 (full 2):
 def new generation   total 9856K, used 9650K [0x05600000, 0x060b0000, 0x0ab50000)
  eden space 8768K,  99% used [0x05600000, 0x05e8fe78, 0x05e90000)
  from space 1088K,  81% used [0x05fa0000, 0x0607cb78, 0x060b0000)
  to   space 1088K,   0% used [0x05e90000, 0x05e90000, 0x05fa0000)
 tenured generation   total 21744K, used 17961K [0x0ab50000, 0x0c08c000, 0x15600000)
   the space 21744K,  82% used [0x0ab50000, 0x0bcda4c8, 0x0bcda600, 0x0c08c000)
 Metaspace       used 15080K, capacity 15269K, committed 15360K, reserved 15744K
}
Event: 2.928 GC heap after
{Heap after GC invocations=16 (full 3):
 def new generation   total 18304K, used 703K [0x05600000, 0x069d0000, 0x0ab50000)
  eden space 16320K,   4% used [0x05600000, 0x056afd20, 0x065f0000)
  from space 1984K,   0% used [0x065f0000, 0x065f0000, 0x067e0000)
  to   space 1984K,   0% used [0x067e0000, 0x067e0000, 0x069d0000)
 tenured generation   total 40536K, used 24319K [0x0ab50000, 0x0d2e6000, 0x15600000)
   the space 40536K,  59% used [0x0ab50000, 0x0c30fdc8, 0x0c30fe00, 0x0d2e6000)
 Metaspace       used 15080K, capacity 15269K, committed 15360K, reserved 15744K
}
Event: 3.458 GC heap before
{Heap before GC invocations=16 (full 3):
 def new generation   total 18304K, used 16266K [0x05600000, 0x069d0000, 0x0ab50000)
  eden space 16320K,  99% used [0x05600000, 0x065e2be8, 0x065f0000)
  from space 1984K,   0% used [0x065f0000, 0x065f0000, 0x067e0000)
  to   space 1984K,   0% used [0x067e0000, 0x067e0000, 0x069d0000)
 tenured generation   total 40536K, used 24319K [0x0ab50000, 0x0d2e6000, 0x15600000)
   the space 40536K,  59% used [0x0ab50000, 0x0c30fdc8, 0x0c30fe00, 0x0d2e6000)
 Metaspace       used 16798K, capacity 17038K, committed 17152K, reserved 17792K
}
Event: 3.465 GC heap after
{Heap after GC invocations=17 (full 3):
 def new generation   total 18304K, used 1984K [0x05600000, 0x069d0000, 0x0ab50000)
  eden space 16320K,   0% used [0x05600000, 0x05600000, 0x065f0000)
  from space 1984K, 100% used [0x067e0000, 0x069d0000, 0x069d0000)
  to   space 1984K,   0% used [0x065f0000, 0x065f0000, 0x067e0000)
 tenured generation   total 40536K, used 25944K [0x0ab50000, 0x0d2e6000, 0x15600000)
   the space 40536K,  64% used [0x0ab50000, 0x0c4a6020, 0x0c4a6200, 0x0d2e6000)
 Metaspace       used 16798K, capacity 17038K, committed 17152K, reserved 17792K
}
Event: 7.603 GC heap before
{Heap before GC invocations=17 (full 3):
 def new generation   total 18304K, used 18304K [0x05600000, 0x069d0000, 0x0ab50000)
  eden space 16320K, 100% used [0x05600000, 0x065f0000, 0x065f0000)
  from space 1984K, 100% used [0x067e0000, 0x069d0000, 0x069d0000)
  to   space 1984K,   0% used [0x065f0000, 0x065f0000, 0x067e0000)
 tenured generation   total 40536K, used 25944K [0x0ab50000, 0x0d2e6000, 0x15600000)
   the space 40536K,  64% used [0x0ab50000, 0x0c4a6020, 0x0c4a6200, 0x0d2e6000)
 Metaspace       used 18150K, capacity 18448K, committed 18560K, reserved 18816K
}
Event: 7.610 GC heap after
{Heap after GC invocations=18 (full 3):
 def new generation   total 18304K, used 1984K [0x05600000, 0x069d0000, 0x0ab50000)
  eden space 16320K,   0% used [0x05600000, 0x05600000, 0x065f0000)
  from space 1984K, 100% used [0x065f0000, 0x067e0000, 0x067e0000)
  to   space 1984K,   0% used [0x067e0000, 0x067e0000, 0x069d0000)
 tenured generation   total 40536K, used 30862K [0x0ab50000, 0x0d2e6000, 0x15600000)
   the space 40536K,  76% used [0x0ab50000, 0x0c973bc0, 0x0c973c00, 0x0d2e6000)
 Metaspace       used 18150K, capacity 18448K, committed 18560K, reserved 18816K
}
Event: 26.115 GC heap before
{Heap before GC invocations=18 (full 3):
 def new generation   total 18304K, used 18284K [0x05600000, 0x069d0000, 0x0ab50000)
  eden space 16320K,  99% used [0x05600000, 0x065eb130, 0x065f0000)
  from space 1984K, 100% used [0x065f0000, 0x067e0000, 0x067e0000)
  to   space 1984K,   0% used [0x067e0000, 0x067e0000, 0x069d0000)
 tenured generation   total 40536K, used 30862K [0x0ab50000, 0x0d2e6000, 0x15600000)
   the space 40536K,  76% used [0x0ab50000, 0x0c973bc0, 0x0c973c00, 0x0d2e6000)
 Metaspace       used 19727K, capacity 20173K, committed 20224K, reserved 20864K
}
Event: 26.122 GC heap after
{Heap after GC invocations=19 (full 3):
 def new generation   total 18304K, used 1507K [0x05600000, 0x069d0000, 0x0ab50000)
  eden space 16320K,   0% used [0x05600000, 0x05600000, 0x065f0000)
  from space 1984K,  76% used [0x067e0000, 0x06958f98, 0x069d0000)
  to   space 1984K,   0% used [0x065f0000, 0x065f0000, 0x067e0000)
 tenured generation   total 40536K, used 32831K [0x0ab50000, 0x0d2e6000, 0x15600000)
   the space 40536K,  80% used [0x0ab50000, 0x0cb5fd80, 0x0cb5fe00, 0x0d2e6000)
 Metaspace       used 19727K, capacity 20173K, committed 20224K, reserved 20864K
}
Event: 33.709 GC heap before
{Heap before GC invocations=19 (full 3):
 def new generation   total 18304K, used 17827K [0x05600000, 0x069d0000, 0x0ab50000)
  eden space 16320K, 100% used [0x05600000, 0x065f0000, 0x065f0000)
  from space 1984K,  76% used [0x067e0000, 0x06958f98, 0x069d0000)
  to   space 1984K,   0% used [0x065f0000, 0x065f0000, 0x067e0000)
 tenured generation   total 40536K, used 32831K [0x0ab50000, 0x0d2e6000, 0x15600000)
   the space 40536K,  80% used [0x0ab50000, 0x0cb5fd80, 0x0cb5fe00, 0x0d2e6000)
 Metaspace       used 20305K, capacity 20774K, committed 20864K, reserved 20864K
}
Event: 33.717 GC heap after
{Heap after GC invocations=20 (full 3):
 def new generation   total 18304K, used 1984K [0x05600000, 0x069d0000, 0x0ab50000)
  eden space 16320K,   0% used [0x05600000, 0x05600000, 0x065f0000)
  from space 1984K, 100% used [0x065f0000, 0x067e0000, 0x067e0000)
  to   space 1984K,   0% used [0x067e0000, 0x067e0000, 0x069d0000)
 tenured generation   total 40536K, used 38840K [0x0ab50000, 0x0d2e6000, 0x15600000)
   the space 40536K,  95% used [0x0ab50000, 0x0d13e260, 0x0d13e400, 0x0d2e6000)
 Metaspace       used 20305K, capacity 20774K, committed 20864K, reserved 20864K
}
Event: 35.052 GC heap before
{Heap before GC invocations=20 (full 3):
 def new generation   total 18304K, used 17746K [0x05600000, 0x069d0000, 0x0ab50000)
  eden space 16320K,  96% used [0x05600000, 0x06564b98, 0x065f0000)
  from space 1984K, 100% used [0x065f0000, 0x067e0000, 0x067e0000)
  to   space 1984K,   0% used [0x067e0000, 0x067e0000, 0x069d0000)
 tenured generation   total 40536K, used 38840K [0x0ab50000, 0x0d2e6000, 0x15600000)
   the space 40536K,  95% used [0x0ab50000, 0x0d13e260, 0x0d13e400, 0x0d2e6000)
 Metaspace       used 20305K, capacity 20774K, committed 20864K, reserved 20864K
}
Event: 35.093 GC heap after
{Heap after GC invocations=21 (full 4):
 def new generation   total 37440K, used 0K [0x05600000, 0x07e90000, 0x0ab50000)
  eden space 33344K,   0% used [0x05600000, 0x05600000, 0x07690000)
  from space 4096K,   0% used [0x07690000, 0x07690000, 0x07a90000)
  to   space 4096K,   0% used [0x07a90000, 0x07a90000, 0x07e90000)
 tenured generation   total 83040K, used 49823K [0x0ab50000, 0x0fc68000, 0x15600000)
   the space 83040K,  59% used [0x0ab50000, 0x0dbf7d78, 0x0dbf7e00, 0x0fc68000)
 Metaspace       used 20078K, capacity 20496K, committed 20864K, reserved 20864K
}

Deoptimization events (8 events):
Event: 3.357 Thread 0x16002400 DEOPT PACKING pc=0x036272cf sp=0x1678e2d0
Event: 3.357 Thread 0x16002400 DEOPT UNPACKING pc=0x0353c187 sp=0x1678e1f0 mode 3
Event: 3.360 Thread 0x16002400 DEOPT PACKING pc=0x036e41b1 sp=0x1678e450
Event: 3.360 Thread 0x16002400 DEOPT UNPACKING pc=0x0353c187 sp=0x1678e374 mode 3
Event: 3.414 Thread 0x16002400 DEOPT PACKING pc=0x0370d8aa sp=0x1678e120
Event: 3.414 Thread 0x16002400 DEOPT UNPACKING pc=0x0353c187 sp=0x1678dfd0 mode 3
Event: 3.673 Thread 0x15f5a000 DEOPT PACKING pc=0x0373b1bd sp=0x1640f0b0
Event: 3.673 Thread 0x15f5a000 DEOPT UNPACKING pc=0x0353c187 sp=0x1640efdc mode 3

Classes redefined (0 events):
No events

Internal exceptions (20 events):
Event: 7.698 Thread 0x16002400 Exception <a 'java/lang/NoSuchMethodError'{0x05b7e418}: 'void java.lang.invoke.DirectMethodHandle$Holder.invokeSpecialIFC(java.lang.Object, java.lang.Object, java.lang.Object, java.lang.Object)'> (0x05b7e418) thrown at [s\src\hotspot\share\interpreter\linkResolver.cpp, line 773]
Event: 12.941 Thread 0x1aaf6000 Exception <a 'java/net/SocketTimeoutException'{0x060074c0}: Read timed out> (0x060074c0) thrown at [s\src\hotspot\share\prims\jni.cpp, line 638]
Event: 12.943 Thread 0x1aaf6000 Exception <a 'java/net/SocketTimeoutException'{0x06008790}: Read timed out> (0x06008790) thrown at [s\src\hotspot\share\prims\jni.cpp, line 638]
Event: 26.104 Thread 0x15f5a000 Exception <a 'java/lang/NoSuchMethodError'{0x0656b408}: 'java.lang.Object java.lang.invoke.DirectMethodHandle$Holder.invokeStaticInit(java.lang.Object, int)'> (0x0656b408) thrown at [s\src\hotspot\share\interpreter\linkResolver.cpp, line 773]
Event: 31.332 Thread 0x16002400 Exception <a 'java/lang/NoSuchMethodError'{0x0587a9d8}: 'java.lang.Object java.lang.invoke.DirectMethodHandle$Holder.invokeSpecial(java.lang.Object, java.lang.Object, int, int, java.lang.Object, java.lang.Object, java.lang.Object, java.lang.Object, java.lang.Object)'> (0x0587a9d8) thrown at [s\src\hotspot\share\interpreter\linkResolver.cpp, line 773]
Event: 31.333 Thread 0x16002400 Exception <a 'java/lang/NoSuchMethodError'{0x0587e7d8}: 'java.lang.Object java.lang.invoke.DelegatingMethodHandle$Holder.reinvoke_L(java.lang.Object, int, int, java.lang.Object, java.lang.Object, java.lang.Object, java.lang.Object, java.lang.Object)'> (0x0587e7d8) thrown at [s\src\hotspot\share\interpreter\linkResolver.cpp, line 773]
Event: 31.337 Thread 0x16002400 Exception <a 'java/lang/NoSuchMethodError'{0x0594fca0}: 'java.lang.Object java.lang.invoke.DelegatingMethodHandle$Holder.reinvoke_L(java.lang.Object, java.lang.Object, int, int, int, java.lang.Object, java.lang.Object, java.lang.Object, java.lang.Object, java.lang.Object)'> (0x0594fca0) thrown at [s\src\hotspot\share\interpreter\linkResolver.cpp, line 773]
Event: 31.338 Thread 0x16002400 Exception <a 'java/lang/NoSuchMethodError'{0x059a7ba0}: 'java.lang.Object java.lang.invoke.DirectMethodHandle$Holder.invokeSpecial(java.lang.Object, java.lang.Object, int, int, int, int, java.lang.Object, java.lang.Object, java.lang.Object, java.lang.Object, java.lang.Object)'> (0x059a7ba0) thrown at [s\src\hotspot\share\interpreter\linkResolver.cpp, line 773]
Event: 31.338 Thread 0x16002400 Exception <a 'java/lang/NoSuchMethodError'{0x059ab778}: 'java.lang.Object java.lang.invoke.DelegatingMethodHandle$Holder.reinvoke_L(java.lang.Object, int, int, int, int, java.lang.Object, java.lang.Object, java.lang.Object, java.lang.Object, java.lang.Object)'> (0x059ab778) thrown at [s\src\hotspot\share\interpreter\linkResolver.cpp, line 773]
Event: 31.339 Thread 0x16002400 Exception <a 'java/lang/NoSuchMethodError'{0x059b3090}: 'java.lang.Object java.lang.invoke.DirectMethodHandle$Holder.invokeStatic(java.lang.Object, java.lang.Object, java.lang.Object, java.lang.Object, java.lang.Object, int)'> (0x059b3090) thrown at [s\src\hotspot\share\interpreter\linkResolver.cpp, line 773]
Event: 36.672 Thread 0x16002400 Exception <a 'java/lang/reflect/InvocationTargetException'{0x059ac890}> (0x059ac890) thrown at [s\src\hotspot\share\runtime\reflection.cpp, line 1245]
Event: 36.672 Thread 0x16002400 Exception <a 'java/lang/RuntimeException'{0x059ae6a0}> (0x059ae6a0) thrown at [s\src\hotspot\share\prims\jvm.cpp, line 1310]
Event: 40.103 Thread 0x1af5f400 Exception <a 'java/net/SocketTimeoutException'{0x05b4eed8}: Read timed out> (0x05b4eed8) thrown at [s\src\hotspot\share\prims\jni.cpp, line 638]
Event: 54.207 Thread 0x16002400 Exception <a 'java/lang/reflect/InvocationTargetException'{0x05da4798}> (0x05da4798) thrown at [s\src\hotspot\share\runtime\reflection.cpp, line 1245]
Event: 54.208 Thread 0x16002400 Exception <a 'java/lang/RuntimeException'{0x05da65a8}> (0x05da65a8) thrown at [s\src\hotspot\share\prims\jvm.cpp, line 1310]
Event: 56.023 Thread 0x16002400 Exception <a 'java/lang/reflect/InvocationTargetException'{0x05eb23b0}> (0x05eb23b0) thrown at [s\src\hotspot\share\runtime\reflection.cpp, line 1245]
Event: 56.023 Thread 0x16002400 Exception <a 'java/lang/RuntimeException'{0x05eb41c0}> (0x05eb41c0) thrown at [s\src\hotspot\share\prims\jvm.cpp, line 1310]
Event: 57.448 Thread 0x16002400 Exception <a 'java/lang/IllegalArgumentException'{0x05f88c10}> (0x05f88c10) thrown at [s\src\hotspot\share\prims\jvm.cpp, line 1310]
Event: 57.510 Thread 0x16002400 Exception <a 'java/lang/IllegalArgumentException'{0x05fc51c0}> (0x05fc51c0) thrown at [s\src\hotspot\share\prims\jvm.cpp, line 1310]
Event: 57.535 Thread 0x16002400 Exception <a 'java/lang/IllegalArgumentException'{0x05fd0f40}> (0x05fd0f40) thrown at [s\src\hotspot\share\prims\jvm.cpp, line 1310]

Events (20 events):
Event: 40.102 Executing VM operation: RevokeBias
Event: 40.102 Executing VM operation: RevokeBias done
Event: 40.103 Executing VM operation: RevokeBias
Event: 40.103 Executing VM operation: RevokeBias done
Event: 40.103 Executing VM operation: RevokeBias
Event: 40.103 Executing VM operation: RevokeBias done
Event: 40.103 Thread 0x1af5f400 Thread exited: 0x1af5f400
Event: 50.066 Loaded shared library C:\Users\alexia\.openjfx\cache\17.0.6\prism_d3d.dll
Event: 53.088 Loaded shared library C:\Users\alexia\.openjfx\cache\17.0.6\prism_d3d.dll
Event: 54.287 Loaded shared library C:\Users\alexia\.openjfx\cache\17.0.6\prism_d3d.dll
Event: 55.454 Loaded shared library C:\Users\alexia\.openjfx\cache\17.0.6\prism_d3d.dll
Event: 57.203 Loaded shared library C:\Users\alexia\.openjfx\cache\17.0.6\prism_d3d.dll
Event: 57.439 loading class javafx/application/Application
Event: 57.439 loading class javafx/application/Application done
Event: 57.440 loading class javafx/application/Application
Event: 57.440 loading class javafx/application/Application done
Event: 57.445 loading class com/sun/prism/GraphicsResource
Event: 57.445 loading class com/sun/prism/GraphicsResource done
Event: 57.446 loading class com/sun/prism/GraphicsResource
Event: 57.446 loading class com/sun/prism/GraphicsResource done


Dynamic libraries:
0x000f0000 - 0x000fc000 	C:\Program Files (x86)\Eclipse Adoptium\jdk-11.0.21.9-hotspot\bin\java.exe
0x77500000 - 0x776b1000 	C:\WINDOWS\SYSTEM32\ntdll.dll
0x770f0000 - 0x771e0000 	C:\WINDOWS\System32\KERNEL32.DLL
0x75260000 - 0x754d5000 	C:\WINDOWS\System32\KERNELBASE.dll
0x741f0000 - 0x74296000 	C:\WINDOWS\SYSTEM32\apphelp.dll
0x755a0000 - 0x756b2000 	C:\WINDOWS\System32\ucrtbase.dll
0x74190000 - 0x741a3000 	C:\Program Files (x86)\Eclipse Adoptium\jdk-11.0.21.9-hotspot\bin\VCRUNTIME140.dll
0x741b0000 - 0x741c5000 	C:\Program Files (x86)\Eclipse Adoptium\jdk-11.0.21.9-hotspot\bin\jli.dll
0x76a90000 - 0x76c39000 	C:\WINDOWS\System32\USER32.dll
0x6fa90000 - 0x6fcb8000 	C:\WINDOWS\WinSxS\x86_microsoft.windows.common-controls_6595b64144ccf1df_6.0.22621.3235_none_6ebcabb88802389e\COMCTL32.dll
0x76c40000 - 0x76c5a000 	C:\WINDOWS\System32\win32u.dll
0x75e10000 - 0x75ed4000 	C:\WINDOWS\System32\msvcrt.dll
0x75740000 - 0x75763000 	C:\WINDOWS\System32\GDI32.dll
0x76ea0000 - 0x76f82000 	C:\WINDOWS\System32\gdi32full.dll
0x756c0000 - 0x75739000 	C:\WINDOWS\System32\msvcp_win.dll
0x751c0000 - 0x751e5000 	C:\WINDOWS\System32\IMM32.DLL
0x740e0000 - 0x7414f000 	C:\Program Files (x86)\Eclipse Adoptium\jdk-11.0.21.9-hotspot\bin\msvcp140.dll
0x73c00000 - 0x740db000 	C:\Program Files (x86)\Eclipse Adoptium\jdk-11.0.21.9-hotspot\bin\client\jvm.dll
0x773b0000 - 0x7742f000 	C:\WINDOWS\System32\ADVAPI32.dll
0x771e0000 - 0x77265000 	C:\WINDOWS\System32\sechost.dll
0x762d0000 - 0x762ea000 	C:\WINDOWS\System32\bcrypt.dll
0x77030000 - 0x770ea000 	C:\WINDOWS\System32\RPCRT4.dll
0x76160000 - 0x76166000 	C:\WINDOWS\System32\PSAPI.DLL
0x74180000 - 0x74188000 	C:\WINDOWS\SYSTEM32\WSOCK32.dll
0x6f7f0000 - 0x6f821000 	C:\WINDOWS\SYSTEM32\WINMM.dll
0x75540000 - 0x7559f000 	C:\WINDOWS\System32\WS2_32.dll
0x74530000 - 0x74538000 	C:\WINDOWS\SYSTEM32\VERSION.dll
0x74790000 - 0x747a3000 	C:\WINDOWS\SYSTEM32\kernel.appcore.dll
0x74170000 - 0x7417d000 	C:\Program Files (x86)\Eclipse Adoptium\jdk-11.0.21.9-hotspot\bin\verify.dll
0x6f610000 - 0x6f7e6000 	C:\WINDOWS\SYSTEM32\DBGHELP.DLL
0x75ee0000 - 0x7615c000 	C:\WINDOWS\System32\combase.dll
0x76c60000 - 0x76cfc000 	C:\WINDOWS\System32\OLEAUT32.dll
0x6f5e0000 - 0x6f609000 	C:\WINDOWS\SYSTEM32\dbgcore.DLL
0x76fc0000 - 0x77022000 	C:\WINDOWS\System32\bcryptPrimitives.dll
0x6f5b0000 - 0x6f5d2000 	C:\Program Files (x86)\Eclipse Adoptium\jdk-11.0.21.9-hotspot\bin\java.dll
0x6f5a0000 - 0x6f5a9000 	C:\Program Files (x86)\Eclipse Adoptium\jdk-11.0.21.9-hotspot\bin\jimage.dll
0x6f570000 - 0x6f57d000 	C:\Program Files (x86)\Eclipse Adoptium\jdk-11.0.21.9-hotspot\bin\instrument.dll
0x6f580000 - 0x6f596000 	C:\Program Files (x86)\Eclipse Adoptium\jdk-11.0.21.9-hotspot\bin\zip.dll
0x75770000 - 0x75e09000 	C:\WINDOWS\System32\SHELL32.dll
0x748a0000 - 0x74f8f000 	C:\WINDOWS\SYSTEM32\windows.storage.dll
0x747d0000 - 0x74897000 	C:\WINDOWS\SYSTEM32\wintypes.dll
0x77270000 - 0x77331000 	C:\WINDOWS\System32\SHCORE.dll
0x76280000 - 0x762cb000 	C:\WINDOWS\System32\shlwapi.dll
0x744d0000 - 0x744e9000 	C:\WINDOWS\SYSTEM32\profapi.dll
0x6f550000 - 0x6f564000 	C:\Program Files (x86)\Eclipse Adoptium\jdk-11.0.21.9-hotspot\bin\net.dll
0x75010000 - 0x750ec000 	C:\WINDOWS\SYSTEM32\WINHTTP.dll
0x6f4f0000 - 0x6f541000 	C:\WINDOWS\system32\mswsock.dll
0x6f4e0000 - 0x6f4ef000 	C:\Program Files (x86)\Eclipse Adoptium\jdk-11.0.21.9-hotspot\bin\nio.dll
0x6f4c0000 - 0x6f4d6000 	C:\Program Files\JetBrains\IntelliJ IDEA 2023.3.2\bin\breakgen.dll
0x6f4b0000 - 0x6f4b3000 	C:\Users\alexia\.openjfx\cache\17.0.6\api-ms-win-core-console-l1-1-0.dll
0x6f4a0000 - 0x6f4a3000 	C:\Users\alexia\.openjfx\cache\17.0.6\api-ms-win-core-console-l1-2-0.dll
0x6f490000 - 0x6f493000 	C:\Users\alexia\.openjfx\cache\17.0.6\api-ms-win-core-datetime-l1-1-0.dll
0x6f480000 - 0x6f483000 	C:\Users\alexia\.openjfx\cache\17.0.6\api-ms-win-core-debug-l1-1-0.dll
0x6f470000 - 0x6f473000 	C:\Users\alexia\.openjfx\cache\17.0.6\api-ms-win-core-errorhandling-l1-1-0.dll
0x6f460000 - 0x6f464000 	C:\Users\alexia\.openjfx\cache\17.0.6\api-ms-win-core-file-l1-1-0.dll
0x6f450000 - 0x6f453000 	C:\Users\alexia\.openjfx\cache\17.0.6\api-ms-win-core-file-l1-2-0.dll
0x6f440000 - 0x6f443000 	C:\Users\alexia\.openjfx\cache\17.0.6\api-ms-win-core-file-l2-1-0.dll
0x6f430000 - 0x6f433000 	C:\Users\alexia\.openjfx\cache\17.0.6\api-ms-win-core-handle-l1-1-0.dll
0x6f420000 - 0x6f423000 	C:\Users\alexia\.openjfx\cache\17.0.6\api-ms-win-core-heap-l1-1-0.dll
0x6f410000 - 0x6f413000 	C:\Users\alexia\.openjfx\cache\17.0.6\api-ms-win-core-interlocked-l1-1-0.dll
0x6f400000 - 0x6f403000 	C:\Users\alexia\.openjfx\cache\17.0.6\api-ms-win-core-libraryloader-l1-1-0.dll
0x6f3f0000 - 0x6f3f3000 	C:\Users\alexia\.openjfx\cache\17.0.6\api-ms-win-core-localization-l1-2-0.dll
0x6f3e0000 - 0x6f3e3000 	C:\Users\alexia\.openjfx\cache\17.0.6\api-ms-win-core-memory-l1-1-0.dll
0x6f3d0000 - 0x6f3d3000 	C:\Users\alexia\.openjfx\cache\17.0.6\api-ms-win-core-namedpipe-l1-1-0.dll
0x6f3b0000 - 0x6f3b3000 	C:\Users\alexia\.openjfx\cache\17.0.6\api-ms-win-core-processenvironment-l1-1-0.dll
0x6f390000 - 0x6f393000 	C:\Users\alexia\.openjfx\cache\17.0.6\api-ms-win-core-processthreads-l1-1-0.dll
0x6f380000 - 0x6f383000 	C:\Users\alexia\.openjfx\cache\17.0.6\api-ms-win-core-processthreads-l1-1-1.dll
0x6f370000 - 0x6f373000 	C:\Users\alexia\.openjfx\cache\17.0.6\api-ms-win-core-profile-l1-1-0.dll
0x6f360000 - 0x6f363000 	C:\Users\alexia\.openjfx\cache\17.0.6\api-ms-win-core-rtlsupport-l1-1-0.dll
0x6f350000 - 0x6f353000 	C:\Users\alexia\.openjfx\cache\17.0.6\api-ms-win-core-string-l1-1-0.dll
0x6f340000 - 0x6f343000 	C:\Users\alexia\.openjfx\cache\17.0.6\api-ms-win-core-synch-l1-1-0.dll
0x6f330000 - 0x6f333000 	C:\Users\alexia\.openjfx\cache\17.0.6\api-ms-win-core-synch-l1-2-0.dll
0x6f320000 - 0x6f323000 	C:\Users\alexia\.openjfx\cache\17.0.6\api-ms-win-core-sysinfo-l1-1-0.dll
0x6f310000 - 0x6f313000 	C:\Users\alexia\.openjfx\cache\17.0.6\api-ms-win-core-timezone-l1-1-0.dll
0x6f300000 - 0x6f303000 	C:\Users\alexia\.openjfx\cache\17.0.6\api-ms-win-core-util-l1-1-0.dll
0x6f2f0000 - 0x6f2f3000 	C:\Users\alexia\.openjfx\cache\17.0.6\api-ms-win-crt-conio-l1-1-0.dll
0x6f2e0000 - 0x6f2e4000 	C:\Users\alexia\.openjfx\cache\17.0.6\api-ms-win-crt-convert-l1-1-0.dll
0x6f2d0000 - 0x6f2d3000 	C:\Users\alexia\.openjfx\cache\17.0.6\api-ms-win-crt-environment-l1-1-0.dll
0x6f2c0000 - 0x6f2c3000 	C:\Users\alexia\.openjfx\cache\17.0.6\api-ms-win-crt-filesystem-l1-1-0.dll
0x6f2b0000 - 0x6f2b3000 	C:\Users\alexia\.openjfx\cache\17.0.6\api-ms-win-crt-heap-l1-1-0.dll
0x6f2a0000 - 0x6f2a3000 	C:\Users\alexia\.openjfx\cache\17.0.6\api-ms-win-crt-locale-l1-1-0.dll
0x6f290000 - 0x6f295000 	C:\Users\alexia\.openjfx\cache\17.0.6\api-ms-win-crt-math-l1-1-0.dll
0x6f280000 - 0x6f285000 	C:\Users\alexia\.openjfx\cache\17.0.6\api-ms-win-crt-multibyte-l1-1-0.dll
0x6f270000 - 0x6f280000 	C:\Users\alexia\.openjfx\cache\17.0.6\api-ms-win-crt-private-l1-1-0.dll
0x6f260000 - 0x6f263000 	C:\Users\alexia\.openjfx\cache\17.0.6\api-ms-win-crt-process-l1-1-0.dll
0x6f210000 - 0x6f214000 	C:\Users\alexia\.openjfx\cache\17.0.6\api-ms-win-crt-runtime-l1-1-0.dll
0x6f140000 - 0x6f144000 	C:\Users\alexia\.openjfx\cache\17.0.6\api-ms-win-crt-stdio-l1-1-0.dll
0x6f130000 - 0x6f134000 	C:\Users\alexia\.openjfx\cache\17.0.6\api-ms-win-crt-string-l1-1-0.dll
0x6f120000 - 0x6f123000 	C:\Users\alexia\.openjfx\cache\17.0.6\api-ms-win-crt-time-l1-1-0.dll
0x6f110000 - 0x6f113000 	C:\Users\alexia\.openjfx\cache\17.0.6\api-ms-win-crt-utility-l1-1-0.dll
0x6efe0000 - 0x6f103000 	C:\Users\alexia\.openjfx\cache\17.0.6\ucrtbase.dll
0x6efc0000 - 0x6efd4000 	C:\Users\alexia\.openjfx\cache\17.0.6\vcruntime140.dll
0x6ef50000 - 0x6efbd000 	C:\Users\alexia\.openjfx\cache\17.0.6\msvcp140.dll
0x6ef40000 - 0x6ef47000 	C:\Users\alexia\.openjfx\cache\17.0.6\msvcp140_1.dll
0x6ef10000 - 0x6ef39000 	C:\Users\alexia\.openjfx\cache\17.0.6\msvcp140_2.dll
0x6eee0000 - 0x6ef06000 	C:\Users\alexia\.openjfx\cache\17.0.6\prism_d3d.dll
0x6ed60000 - 0x6eed1000 	C:\WINDOWS\system32\d3d9.dll
0x6ed30000 - 0x6ed54000 	C:\WINDOWS\SYSTEM32\dwmapi.dll
0x6ed00000 - 0x6ed2e000 	C:\WINDOWS\SYSTEM32\dxcore.dll
0x71da0000 - 0x71e1f000 	C:\WINDOWS\system32\uxtheme.dll
0x6eb80000 - 0x6ecf9000 	C:\WINDOWS\System32\DriverStore\FileRepository\iigd_dch.inf_amd64_38b23bd92a6775fe\igdumdim32.dll
0x76380000 - 0x764d5000 	C:\WINDOWS\System32\ole32.dll
0x6b0a0000 - 0x6eb78000 	C:\WINDOWS\System32\DriverStore\FileRepository\iigd_dch.inf_amd64_38b23bd92a6775fe\igd9dxva32.dll
0x764e0000 - 0x7691d000 	C:\WINDOWS\System32\SETUPAPI.dll
0x750f0000 - 0x7512d000 	C:\WINDOWS\SYSTEM32\cfgmgr32.dll
0x6ada0000 - 0x6b098000 	C:\WINDOWS\System32\DriverStore\FileRepository\iigd_dch.inf_amd64_38b23bd92a6775fe\igdgmm32.dll
0x6ad60000 - 0x6ad9c000 	C:\WINDOWS\SYSTEM32\directxdatabasehelper.dll
0x6ad20000 - 0x6ad57000 	C:\Users\alexia\.openjfx\cache\17.0.6\glass.dll
0x77430000 - 0x774e1000 	C:\WINDOWS\System32\COMDLG32.dll
0x76d00000 - 0x76dff000 	C:\WINDOWS\System32\MSCTF.dll
0x6ad00000 - 0x6ad1e000 	C:\WINDOWS\System32\DriverStore\FileRepository\iigd_dch.inf_amd64_38b23bd92a6775fe\igdinfo32.dll
0x67f50000 - 0x6acff000 	C:\WINDOWS\System32\DriverStore\FileRepository\iigd_dch.inf_amd64_38b23bd92a6775fe\igc32.dll
0x67f30000 - 0x67f41000 	C:\Users\alexia\.openjfx\cache\17.0.6\javafx_font.dll
0x67f00000 - 0x67f24000 	C:\Program Files (x86)\Eclipse Adoptium\jdk-11.0.21.9-hotspot\bin\sunec.dll
0x70240000 - 0x70255000 	C:\WINDOWS\SYSTEM32\CRYPTSP.dll
0x70210000 - 0x70240000 	C:\WINDOWS\system32\rsaenh.dll
0x74150000 - 0x7416f000 	C:\WINDOWS\SYSTEM32\USERENV.dll
0x741e0000 - 0x741eb000 	C:\WINDOWS\SYSTEM32\CRYPTBASE.dll
0x75130000 - 0x75154000 	C:\WINDOWS\SYSTEM32\IPHLPAPI.DLL
0x76fb0000 - 0x76fb7000 	C:\WINDOWS\System32\NSI.dll
0x6f240000 - 0x6f256000 	C:\WINDOWS\SYSTEM32\dhcpcsvc6.DLL
0x6f220000 - 0x6f237000 	C:\WINDOWS\SYSTEM32\dhcpcsvc.DLL
0x6f150000 - 0x6f20d000 	C:\WINDOWS\SYSTEM32\DNSAPI.dll
0x67ef0000 - 0x67ef8000 	C:\Windows\System32\rasadhlp.dll
0x67e90000 - 0x67eed000 	C:\WINDOWS\System32\fwpuclnt.dll
0x67e80000 - 0x67e8b000 	C:\Program Files (x86)\Eclipse Adoptium\jdk-11.0.21.9-hotspot\bin\sunmscapi.dll
0x76170000 - 0x76273000 	C:\WINDOWS\System32\CRYPT32.dll
0x67e50000 - 0x67e75000 	C:\WINDOWS\SYSTEM32\ncrypt.dll

dbghelp: loaded successfully - version: 4.0.5 - missing functions: none
symbol engine: initialized successfully - sym options: 0x614 - pdb path: .;C:\Program Files (x86)\Eclipse Adoptium\jdk-11.0.21.9-hotspot\bin;C:\WINDOWS\SYSTEM32;C:\WINDOWS\WinSxS\x86_microsoft.windows.common-controls_6595b64144ccf1df_6.0.22621.3235_none_6ebcabb88802389e;C:\Program Files (x86)\Eclipse Adoptium\jdk-11.0.21.9-hotspot\bin\client;C:\Program Files\JetBrains\IntelliJ IDEA 2023.3.2\bin;C:\Users\alexia\.openjfx\cache\17.0.6;C:\WINDOWS\System32\DriverStore\FileRepository\iigd_dch.inf_amd64_38b23bd92a6775fe;C:\Program Files (x86)\Common Files\Microsoft Shared\Ink

VM Arguments:
jvm_args: -javaagent:C:\Program Files\JetBrains\IntelliJ IDEA 2023.3.2\lib\idea_rt.jar=50304:C:\Program Files\JetBrains\IntelliJ IDEA 2023.3.2\bin -Dfile.encoding=UTF-8 --module-path=C:\Users\alexia\.m2\repository\com\gluonhq\attach\lifecycle\4.0.19\lifecycle-4.0.19.jar;C:\Users\alexia\.m2\repository\org\openjfx\javafx-fxml\17.0.6\javafx-fxml-17.0.6-win-x86.jar;C:\Users\alexia\.m2\repository\org\kordamp\bootstrapfx\bootstrapfx-core\0.4.0\bootstrapfx-core-0.4.0.jar;C:\Users\alexia\.m2\repository\org\openjfx\javafx-graphics\17.0.6\javafx-graphics-17.0.6-win-x86.jar;C:\Users\alexia\Downloads\appJavaFx\target\classes;C:\Users\alexia\.m2\repository\com\gluonhq\attach\util\4.0.19\util-4.0.19.jar;C:\Users\alexia\.m2\repository\org\openjfx\javafx-controls\17.0.6\javafx-controls-17.0.6-win-x86.jar;C:\Users\alexia\.m2\repository\com\gluonhq\attach\display\4.0.19\display-4.0.19.jar;C:\Users\alexia\.m2\repository\org\openjfx\javafx-base\17.0.6\javafx-base-17.0.6-win-x86.jar;C:\Users\alexia\.m2\repository\com\gluonhq\charm-glisten\6.2.3\charm-glisten-6.2.3.jar -Djdk.module.main=com.alilopez.vererinaria 
java_command: com.alilopez.vererinaria/com.alilopez.application.App
java_class_path (initial): C:\Users\alexia\.m2\repository\org\openjfx\javafx-controls\17.0.6\javafx-controls-17.0.6.jar;C:\Users\alexia\.m2\repository\org\openjfx\javafx-graphics\17.0.6\javafx-graphics-17.0.6.jar;C:\Users\alexia\.m2\repository\org\openjfx\javafx-base\17.0.6\javafx-base-17.0.6.jar;C:\Users\alexia\.m2\repository\org\openjfx\javafx-fxml\17.0.6\javafx-fxml-17.0.6.jar
Launcher Type: SUN_STANDARD

[Global flags]
   size_t InitialHeapSize                          = 16777216                                  {product} {ergonomic}
   size_t MaxHeapSize                              = 268435456                                 {product} {ergonomic}
   size_t MaxNewSize                               = 89456640                                  {product} {ergonomic}
   size_t MinHeapDeltaBytes                        = 131072                                    {product} {ergonomic}
   size_t NewSize                                  = 5570560                                   {product} {ergonomic}
    uintx NonProfiledCodeHeapSize                  = 0                                      {pd product} {ergonomic}
   size_t OldSize                                  = 11206656                                  {product} {ergonomic}
    uintx ProfiledCodeHeapSize                     = 0                                      {pd product} {ergonomic}
     bool ThreadLocalHandshakes                    = false                                  {pd product} {ergonomic}
     bool UseLargePagesIndividualAllocation        = false                                  {pd product} {ergonomic}
     bool UseSerialGC                              = true                                      {product} {ergonomic}

Logging:
Log output configuration:
 #0: stdout all=warning uptime,level,tags
 #1: stderr all=off uptime,level,tags

Environment Variables:
PATH=C:\Program Files (x86)\Eclipse Adoptium\jdk-11.0.21.9-hotspot\bin;C:\WINDOWS\system32;C:\WINDOWS;C:\WINDOWS\System32\Wbem;C:\WINDOWS\System32\WindowsPowerShell\v1.0\;C:\WINDOWS\System32\OpenSSH\;C:\Program Files\Git\cmd;C:\Program Files (x86)\Git\cmd;C:\Users\alexia\AppData\Local\Microsoft\WindowsApps;C:\Users\alexia\AppData\Local\GitHubDesktop\bin;C:\Users\alexia\AppData\Local\Programs\Microsoft VS Code\bin;;C:\Program Files\JetBrains\IntelliJ IDEA 2023.3.2\bin;
USERNAME=alexia
OS=Windows_NT
PROCESSOR_IDENTIFIER=Intel64 Family 6 Model 140 Stepping 1, GenuineIntel
TMP=C:\Users\alexia\AppData\Local\Temp
TEMP=C:\Users\alexia\AppData\Local\Temp



---------------  S Y S T E M  ---------------

OS: Windows 11 , 64 bit Build 22621 (10.0.22621.3374)
OS uptime: 0 days 0:49 hours

CPU:total 4 (initial active 4) (2 cores per cpu, 2 threads per core) family 6 model 140 stepping 1 microcode 0x8a, cmov, cx8, fxsr, mmx, sse, sse2, sse3, ssse3, sse4.1, sse4.2, popcnt, avx, avx2, aes, clmul, erms, 3dnowpref, lzcnt, ht, tsc, tscinvbit, bmi1, bmi2, adx, evex, sha, fma

Memory: 4k page, system-wide physical 3875M (276M free)
TotalPageFile size 9929M (AvailPageFile size 1584M), user-mode portion of virtual address-space 2047M (1325M free)
current process WorkingSet (physical memory assigned to process): 179M, peak: 185M
current process commit charge ("private bytes"): 212M, peak: 212M

vm_info: OpenJDK Client VM (11.0.21+9) for windows-x86 JRE (11.0.21+9), built on Oct 17 2023 17:27:10 by "" with MS VC++ 15.9 (VS2017)

END.
