#
# A fatal error has been detected by the Java Runtime Environment:
#
#  EXCEPTION_ACCESS_VIOLATION (0xc0000005) at pc=0x65536c62, pid=12600, tid=15700
#
# JRE version: OpenJDK Runtime Environment Temurin-11.0.21+9 (11.0.21+9) (build 11.0.21+9)
# Java VM: OpenJDK Client VM Temurin-11.0.21+9 (11.0.21+9, mixed mode, serial gc, windows-x86)
# Problematic frame:
# C  [glass.dll+0x16c62]
#
# No core dump will be written. Minidumps are not enabled by default on client versions of Windows
#
# If you would like to submit a bug report, please visit:
#   https://github.com/adoptium/adoptium-support/issues
# The crash happened outside the Java Virtual Machine in native code.
# See problematic frame for where to report the bug.
#

---------------  S U M M A R Y ------------

Command Line: -javaagent:C:\Program Files\JetBrains\IntelliJ IDEA 2023.3.2\lib\idea_rt.jar=59702:C:\Program Files\JetBrains\IntelliJ IDEA 2023.3.2\bin -Dfile.encoding=UTF-8 --module-path=C:\Users\alexia\.m2\repository\org\openjfx\javafx-base\17.0.6\javafx-base-17.0.6-win-x86.jar;C:\Users\alexia\Downloads\appJavaFx\target\classes;C:\Users\alexia\.m2\repository\org\openjfx\javafx-fxml\17.0.6\javafx-fxml-17.0.6-win-x86.jar;C:\Users\alexia\.m2\repository\com\gluonhq\attach\util\4.0.19\util-4.0.19.jar;C:\Users\alexia\.m2\repository\com\gluonhq\attach\lifecycle\4.0.19\lifecycle-4.0.19.jar;C:\Users\alexia\.m2\repository\com\gluonhq\charm-glisten\6.2.3\charm-glisten-6.2.3.jar;C:\Users\alexia\.m2\repository\org\openjfx\javafx-graphics\17.0.6\javafx-graphics-17.0.6-win-x86.jar;C:\Users\alexia\.m2\repository\org\kordamp\bootstrapfx\bootstrapfx-core\0.4.0\bootstrapfx-core-0.4.0.jar;C:\Users\alexia\.m2\repository\org\openjfx\javafx-controls\17.0.6\javafx-controls-17.0.6-win-x86.jar;C:\Users\alexia\.m2\repository\com\gluonhq\attach\display\4.0.19\display-4.0.19.jar -Djdk.module.main=com.alilopez.vererinaria com.alilopez.vererinaria/com.alilopez.application.App

Host: 11th Gen Intel(R) Core(TM) i3-1115G4 @ 3.00GHz, 4 cores, 3G,  Windows 11 , 64 bit Build 22621 (10.0.22621.3374)
Time: Tue Apr  9 12:37:59 2024 Hora estándar central (México) elapsed time: 87.209910 seconds (0d 0h 1m 27s)

---------------  T H R E A D  ---------------

Current thread (0x15663800):  JavaThread "JavaFX Application Thread" [_thread_in_native, id=15700, stack(0x15db0000,0x15e00000)]

Stack: [0x15db0000,0x15e00000],  sp=0x15dfe76c,  free space=313k
Native frames: (J=compiled Java code, A=aot compiled Java code, j=interpreted, Vv=VM code, C=native code)
C  [glass.dll+0x16c62]

Java frames: (J=compiled Java code, j=interpreted, Vv=VM code)
j  com.sun.glass.ui.win.WinWindow._close(J)Z+0 javafx.graphics
j  com.sun.glass.ui.Window.close()V+63 javafx.graphics
j  com.sun.glass.ui.win.WinWindow.close()V+8 javafx.graphics
j  com.sun.glass.ui.Application.terminate()V+75 javafx.graphics
j  com.sun.javafx.tk.quantum.QuantumToolkit.lambda$exit$13()Ljava/lang/Object;+5 javafx.graphics
j  com.sun.javafx.tk.quantum.QuantumToolkit$$Lambda$642.get()Ljava/lang/Object;+0 javafx.graphics
j  com.sun.javafx.tk.quantum.QuantumToolkit.runWithRenderLock(Ljava/util/function/Supplier;)Ljava/lang/Object;+7 javafx.graphics
j  com.sun.javafx.tk.quantum.QuantumToolkit.exit()V+26 javafx.graphics
j  com.sun.javafx.application.PlatformImpl.lambda$tkExit$16()V+3 javafx.graphics
j  com.sun.javafx.application.PlatformImpl$$Lambda$641.run()V+0 javafx.graphics
j  com.sun.javafx.application.PlatformImpl.lambda$runAndWait$12(Ljava/lang/Runnable;Ljava/util/concurrent/CountDownLatch;)V+1 javafx.graphics
j  com.sun.javafx.application.PlatformImpl$$Lambda$86.run()V+8 javafx.graphics
j  com.sun.javafx.application.PlatformImpl.lambda$runLater$10(Ljava/lang/Runnable;)Ljava/lang/Void;+1 javafx.graphics
j  com.sun.javafx.application.PlatformImpl$$Lambda$89.run()Ljava/lang/Object;+4 javafx.graphics
v  ~StubRoutines::call_stub
J 1599  java.security.AccessController.doPrivileged(Ljava/security/PrivilegedAction;Ljava/security/AccessControlContext;)Ljava/lang/Object; java.base@11.0.21 (0 bytes) @ 0x02d819c7 [0x02d81960+0x00000067]
j  com.sun.javafx.application.PlatformImpl.lambda$runLater$11(Ljava/lang/Runnable;Ljava/security/AccessControlContext;)V+7 javafx.graphics
j  com.sun.javafx.application.PlatformImpl$$Lambda$87.run()V+8 javafx.graphics
J 2251 c1 com.sun.glass.ui.InvokeLaterDispatcher$Future.run()V javafx.graphics (91 bytes) @ 0x02e53e00 [0x02e53dd0+0x00000030]
v  ~StubRoutines::call_stub
j  com.sun.glass.ui.win.WinApplication._runLoop(Ljava/lang/Runnable;)V+0 javafx.graphics
j  com.sun.glass.ui.win.WinApplication.lambda$runLoop$3(ILjava/lang/Runnable;)V+8 javafx.graphics
j  com.sun.glass.ui.win.WinApplication$$Lambda$77.run()V+12 javafx.graphics
j  java.lang.Thread.run()V+11 java.base@11.0.21
v  ~StubRoutines::call_stub

siginfo: EXCEPTION_ACCESS_VIOLATION (0xc0000005), reading address 0x000000b8


Register to memory mapping:

EIP=0x65536c62 glass.dll
EAX=0x0 is NULL
EBX=0x15dfe9a0 is pointing into the stack for thread: 0x15663800
ECX=0x0 is NULL
EDX=0x0 is NULL
ESP=0x15dfe76c is pointing into the stack for thread: 0x15663800
EBP=0x15dfe798 is pointing into the stack for thread: 0x15663800
ESI=0x00000401 is an unknown value
EDI=0x0 is NULL


Registers:
EAX=0x00000000, EBX=0x15dfe9a0, ECX=0x00000000, EDX=0x00000000
ESP=0x15dfe76c, EBP=0x15dfe798, ESI=0x00000401, EDI=0x00000000
EIP=0x65536c62, EFLAGS=0x00010206

Top of Stack: (sp=0x15dfe76c)
0x15dfe76c:   15dfe9a0 00000401 15dfe9a0 65528df8
0x15dfe77c:   30ad39bc 1562b1a0 00b90238 00000401
0x15dfe78c:   15dfe8cc 655402b0 ffffffff 00000000
0x15dfe79c:   65521755 00000401 15dfe9a0 00000000
0x15dfe7ac:   00000401 00b90238 15dfe7e4 655216f0
0x15dfe7bc:   777b3083 00b90238 00000401 15dfe9a0
0x15dfe7cc:   00000000 00b90238 dcbaabcd 655216f0
0x15dfe7dc:   00000401 00b90238 15dfe8dc 777a3ec6 

Instructions: (pc=0x65536c62)
0x65536b62:   21 56 e8 47 42 00 00 ff 35 e8 03 55 65 8b f0 ff
0x65536b72:   77 68 56 e8 96 de fe ff 56 e8 a0 41 00 00 83 c4
0x65536b82:   10 5e c7 05 a4 03 55 65 00 00 00 00 5f c3 83 ec
0x65536b92:   24 a1 ec e0 54 65 33 c4 89 44 24 20 8b 44 24 28
0x65536ba2:   53 89 44 24 04 8b d9 8b 44 24 30 89 44 24 08 8b
0x65536bb2:   44 24 38 55 89 44 24 10 8b 44 24 38 56 89 83 84
0x65536bc2:   00 00 00 8b 44 24 0c 89 5c 24 18 bb 00 00 00 80
0x65536bd2:   8b eb 8b f3 57 8b fb 85 c0 79 29 8d 44 24 20 50
0x65536be2:   e8 29 aa fe ff 83 c4 04 85 c0 8b 44 24 10 74 14
0x65536bf2:   8b 74 24 28 8b 5c 24 20 2b f3 8b 7c 24 2c 8b 6c
0x65536c02:   24 24 2b fd 6a 00 50 ff 74 24 1c 68 d8 23 54 65
0x65536c12:   57 56 8b 74 24 34 8b ce 55 53 ff 74 24 38 e8 db
0x65536c22:   a7 fe ff 8b f8 8d 4e 14 57 e8 40 64 00 00 57 8d
0x65536c32:   4e 14 e8 c7 64 00 00 8b 4c 24 30 8b c7 5f 5e 5d
0x65536c42:   5b 33 cc e8 ae 7a 00 00 83 c4 24 c2 10 00 53 8b
0x65536c52:   d9 56 57 ff 73 08 e8 93 a9 fe ff 8b f8 83 c4 04
0x65536c62:   8b 87 b8 00 00 00 85 c0 75 03 8b 47 04 3b 05 a4
0x65536c72:   03 55 65 75 29 e8 34 41 00 00 ff 35 e8 03 55 65
0x65536c82:   8b f0 ff 77 68 56 e8 83 dd fe ff 56 e8 8d 40 00
0x65536c92:   00 83 c4 10 c7 05 a4 03 55 65 00 00 00 00 8d 4f
0x65536ca2:   14 e8 b8 69 00 00 8d 4f 14 e8 e0 69 00 00 ff 73
0x65536cb2:   08 ff 15 f8 fe 54 65 85 c0 5f 0f 95 c0 5e 88 43
0x65536cc2:   04 5b c3 cc cc cc cc cc cc cc cc cc cc cc 55 8b
0x65536cd2:   ec 6a ff 68 f7 11 54 65 64 a1 00 00 00 00 50 83
0x65536ce2:   ec 08 53 56 57 a1 ec e0 54 65 33 c5 50 8d 45 f4
0x65536cf2:   64 a3 00 00 00 00 8b f9 ff 77 18 ff 15 60 ff 54
0x65536d02:   65 85 c0 75 13 0f 57 c0 66 0f 13 45 ec 8b 55 f0
0x65536d12:   8b 45 ec e9 a7 00 00 00 68 dc 00 00 00 e8 96 79
0x65536d22:   00 00 83 c4 04 89 45 f0 c7 45 fc 00 00 00 00 85
0x65536d32:   c0 74 19 ff 77 18 8b c8 6a 01 6a 00 6a 00 6a 00
0x65536d42:   ff 77 10 e8 a6 f9 ff ff 8b d8 eb 02 33 db ff 77
0x65536d52:   18 8b cb c7 45 fc ff ff ff ff 6a 00 68 00 00 10 


Stack slot to memory mapping:
stack at sp + 0 slots: 0x15dfe9a0 is pointing into the stack for thread: 0x15663800
stack at sp + 1 slots: 0x00000401 is an unknown value
stack at sp + 2 slots: 0x15dfe9a0 is pointing into the stack for thread: 0x15663800
stack at sp + 3 slots: 0x65528df8 glass.dll
stack at sp + 4 slots: 0x30ad39bc is an unknown value
stack at sp + 5 slots: 0x1562b1a0 points into unknown readable memory: 0x6554319c | 9c 31 54 65
stack at sp + 6 slots: 0x00b90238 is an unknown value
stack at sp + 7 slots: 0x00000401 is an unknown value


---------------  P R O C E S S  ---------------

Threads class SMR info:
_java_thread_list=0x1a58c868, length=17, elements={
0x02a30800, 0x02b06400, 0x02af9c00, 0x02b05400,
0x14db0c00, 0x14db1800, 0x14db3000, 0x14dbac00,
0x14e23c00, 0x14f7c000, 0x155e3000, 0x15637400,
0x15663800, 0x19f6b400, 0x19f70000, 0x14f15800,
0x1a3efc00
}

Java Threads: ( => current thread )
  0x02a30800 JavaThread "main" [_thread_blocked, id=9552, stack(0x021c0000,0x02210000)]
  0x02b06400 JavaThread "Reference Handler" daemon [_thread_blocked, id=10784, stack(0x04b50000,0x04ba0000)]
  0x02af9c00 JavaThread "Finalizer" daemon [_thread_blocked, id=1540, stack(0x14c00000,0x14c50000)]
  0x02b05400 JavaThread "Signal Dispatcher" daemon [_thread_blocked, id=15552, stack(0x14fc0000,0x15010000)]
  0x14db0c00 JavaThread "Attach Listener" daemon [_thread_blocked, id=14148, stack(0x15050000,0x150a0000)]
  0x14db1800 JavaThread "Service Thread" daemon [_thread_blocked, id=6084, stack(0x150e0000,0x15130000)]
  0x14db3000 JavaThread "C1 CompilerThread0" daemon [_thread_blocked, id=16724, stack(0x15170000,0x151c0000)]
  0x14dbac00 JavaThread "Sweeper thread" daemon [_thread_blocked, id=9248, stack(0x15200000,0x15250000)]
  0x14e23c00 JavaThread "Common-Cleaner" daemon [_thread_blocked, id=7328, stack(0x15290000,0x152e0000)]
  0x14f7c000 JavaThread "Monitor Ctrl-Break" daemon [_thread_in_native, id=13120, stack(0x15720000,0x15770000)]
  0x155e3000 JavaThread "QuantumRenderer-0" daemon [_thread_blocked, id=13204, stack(0x15a40000,0x15a90000)]
  0x15637400 JavaThread "InvokeLaterDispatcher" daemon [_thread_blocked, id=17308, stack(0x15ad0000,0x15b20000)]
=>0x15663800 JavaThread "JavaFX Application Thread" [_thread_in_native, id=15700, stack(0x15db0000,0x15e00000)]
  0x19f6b400 JavaThread "Thread-1" daemon [_thread_in_native, id=17012, stack(0x1b130000,0x1b180000)]
  0x19f70000 JavaThread "JavaFX-Launcher" [_thread_blocked, id=10640, stack(0x1b1c0000,0x1b210000)]
  0x14f15800 JavaThread "Prism Font Disposer" daemon [_thread_blocked, id=10416, stack(0x1d100000,0x1d150000)]
  0x1a3efc00 JavaThread "Cleaner-0" daemon [_thread_blocked, id=13300, stack(0x1d6a0000,0x1d6f0000)]

Other Threads:
  0x02ae2800 VMThread "VM Thread" [stack: 0x02990000,0x029e0000] [id=11844]
  0x14f7c800 WatcherThread [stack: 0x157b0000,0x15800000] [id=16836]

Threads with active compile tasks:

VM state:not at safepoint (normal execution)

VM Mutex/Monitor currently owned by a thread: None

Heap:
 def new generation   total 52992K, used 37217K [0x04c00000, 0x08570000, 0x0a150000)
  eden space 47168K,  66% used [0x04c00000, 0x06aa85e0, 0x07a10000)
  from space 5824K, 100% used [0x07fc0000, 0x08570000, 0x08570000)
  to   space 5824K,   0% used [0x07a10000, 0x07a10000, 0x07fc0000)
 tenured generation   total 117488K, used 89878K [0x0a150000, 0x1140c000, 0x14c00000)
   the space 117488K,  76% used [0x0a150000, 0x0f915810, 0x0f915a00, 0x1140c000)
 Metaspace       used 20713K, capacity 21125K, committed 21248K, reserved 21888K

Card table byte_map: [0x02400000,0x02490000] _byte_map_base: 0x023da000

Polling page: 0x00620000

Metaspace:

Usage:
   20.63 MB capacity,    20.23 MB ( 98%) used,   277.77 KB (  1%) free+waste,   134.02 KB ( <1%) overhead. 

Virtual space:
     21.38 MB reserved,      20.75 MB ( 97%) committed 

Chunk freelists:
0 bytes

MaxMetaspaceSize: 4.00 GB
No class space
Initial GC threshold: 12.00 MB
Current GC threshold: 30.84 MB
CDS: off

CodeCache: size=32768Kb used=4713Kb max_used=4713Kb free=28054Kb
 bounds [0x02b10000, 0x02fb0000, 0x04b10000]
 total_blobs=3777 nmethods=3327 adapters=381
 compilation: enabled
              stopped_count=0, restarted_count=0
 full_count=0

Compilation events (20 events):
Event: 84.879 Thread 0x14db3000 3317             com.sun.prism.d3d.D3DSwapChain::createGraphics (28 bytes)
Event: 84.880 Thread 0x14db3000 nmethod 3317 0x02fa7f08 code [0x02fa8060, 0x02fa81f0]
Event: 84.880 Thread 0x14db3000 3318             com.sun.prism.d3d.D3DSwapChain::getPixelScaleFactorX (5 bytes)
Event: 84.880 Thread 0x14db3000 nmethod 3318 0x02fa8388 code [0x02fa8490, 0x02fa8510]
Event: 84.880 Thread 0x14db3000 3319             com.sun.prism.d3d.D3DSwapChain::getPixelScaleFactorY (5 bytes)
Event: 84.880 Thread 0x14db3000 nmethod 3319 0x02fa8548 code [0x02fa8650, 0x02fa86d0]
Event: 84.880 Thread 0x14db3000 3320             com.sun.prism.d3d.D3DSwapChain::prepare (133 bytes)
Event: 84.881 Thread 0x14db3000 nmethod 3320 0x02fa8708 code [0x02fa88f0, 0x02fa8dec]
Event: 84.881 Thread 0x14db3000 3321             com.sun.prism.d3d.D3DSwapChain::present (35 bytes)
Event: 84.881 Thread 0x14db3000 nmethod 3321 0x02fa9388 code [0x02fa94b0, 0x02fa95a8]
Event: 84.927 Thread 0x14db3000 3323             com.sun.prism.d3d.D3DSwapChain::lockResources (69 bytes)
Event: 84.927 Thread 0x14db3000 nmethod 3323 0x02fa9948 code [0x02fa9a70, 0x02fa9bac]
Event: 84.944 Thread 0x14db3000 3324             com.sun.javafx.event.EventHandlerManager::dispatchBubblingEvent (41 bytes)
Event: 84.944 Thread 0x14db3000 nmethod 3324 0x02fa9cc8 code [0x02fa9e20, 0x02fa9fcc]
Event: 85.476 Thread 0x14db3000 3325             java.util.concurrent.CopyOnWriteArrayList::isEmpty (13 bytes)
Event: 85.477 Thread 0x14db3000 nmethod 3325 0x02faa108 code [0x02faa210, 0x02faa2b0]
Event: 86.072 Thread 0x14db3000 3326             com.sun.javafx.tk.quantum.WindowStage::setInAllowedEventHandler (6 bytes)
Event: 86.072 Thread 0x14db3000 nmethod 3326 0x02faa348 code [0x02faa450, 0x02faa4d0]
Event: 86.464 Thread 0x14db3000 3327             com.sun.javafx.tk.quantum.ViewScene::getPlatformView (5 bytes)
Event: 86.464 Thread 0x14db3000 nmethod 3327 0x02faa508 code [0x02faa610, 0x02faa690]

GC Heap History (20 events):
Event: 3.975 GC heap before
{Heap before GC invocations=11 (full 1):
 def new generation   total 4992K, used 4929K [0x04c00000, 0x05160000, 0x0a150000)
  eden space 4480K,  98% used [0x04c00000, 0x05050600, 0x05060000)
  from space 512K, 100% used [0x05060000, 0x050e0000, 0x050e0000)
  to   space 512K,   0% used [0x050e0000, 0x050e0000, 0x05160000)
 tenured generation   total 10944K, used 7447K [0x0a150000, 0x0ac00000, 0x14c00000)
   the space 10944K,  68% used [0x0a150000, 0x0a895ca0, 0x0a895e00, 0x0ac00000)
 Metaspace       used 15076K, capacity 15269K, committed 15360K, reserved 15744K
}
Event: 3.981 GC heap after
{Heap after GC invocations=12 (full 1):
 def new generation   total 4992K, used 72K [0x04c00000, 0x05160000, 0x0a150000)
  eden space 4480K,   0% used [0x04c00000, 0x04c00000, 0x05060000)
  from space 512K,  14% used [0x050e0000, 0x050f2358, 0x05160000)
  to   space 512K,   0% used [0x05060000, 0x05060000, 0x050e0000)
 tenured generation   total 10944K, used 10017K [0x0a150000, 0x0ac00000, 0x14c00000)
   the space 10944K,  91% used [0x0a150000, 0x0ab18600, 0x0ab18600, 0x0ac00000)
 Metaspace       used 15076K, capacity 15269K, committed 15360K, reserved 15744K
}
Event: 7.167 GC heap before
{Heap before GC invocations=12 (full 1):
 def new generation   total 4992K, used 4387K [0x04c00000, 0x05160000, 0x0a150000)
  eden space 4480K,  96% used [0x04c00000, 0x05036a98, 0x05060000)
  from space 512K,  14% used [0x050e0000, 0x050f2358, 0x05160000)
  to   space 512K,   0% used [0x05060000, 0x05060000, 0x050e0000)
 tenured generation   total 10944K, used 10017K [0x0a150000, 0x0ac00000, 0x14c00000)
   the space 10944K,  91% used [0x0a150000, 0x0ab18600, 0x0ab18600, 0x0ac00000)
 Metaspace       used 15076K, capacity 15269K, committed 15360K, reserved 15744K
}
Event: 7.201 GC heap after
{Heap after GC invocations=13 (full 2):
 def new generation   total 9792K, used 0K [0x04c00000, 0x05690000, 0x0a150000)
  eden space 8768K,   0% used [0x04c00000, 0x04c00000, 0x05490000)
  from space 1024K,   0% used [0x05490000, 0x05490000, 0x05590000)
  to   space 1024K,   0% used [0x05590000, 0x05590000, 0x05690000)
 tenured generation   total 21488K, used 12891K [0x0a150000, 0x0b64c000, 0x14c00000)
   the space 21488K,  59% used [0x0a150000, 0x0ade6e58, 0x0ade7000, 0x0b64c000)
 Metaspace       used 15076K, capacity 15269K, committed 15360K, reserved 15744K
}
Event: 13.145 GC heap before
{Heap before GC invocations=13 (full 2):
 def new generation   total 9792K, used 8768K [0x04c00000, 0x05690000, 0x0a150000)
  eden space 8768K, 100% used [0x04c00000, 0x05490000, 0x05490000)
  from space 1024K,   0% used [0x05490000, 0x05490000, 0x05590000)
  to   space 1024K,   0% used [0x05590000, 0x05590000, 0x05690000)
 tenured generation   total 21488K, used 12891K [0x0a150000, 0x0b64c000, 0x14c00000)
   the space 21488K,  59% used [0x0a150000, 0x0ade6e58, 0x0ade7000, 0x0b64c000)
 Metaspace       used 15076K, capacity 15269K, committed 15360K, reserved 15744K
}
Event: 13.150 GC heap after
{Heap after GC invocations=14 (full 2):
 def new generation   total 9792K, used 905K [0x04c00000, 0x05690000, 0x0a150000)
  eden space 8768K,   0% used [0x04c00000, 0x04c00000, 0x05490000)
  from space 1024K,  88% used [0x05590000, 0x05672598, 0x05690000)
  to   space 1024K,   0% used [0x05490000, 0x05490000, 0x05590000)
 tenured generation   total 21488K, used 17807K [0x0a150000, 0x0b64c000, 0x14c00000)
   the space 21488K,  82% used [0x0a150000, 0x0b2b3e00, 0x0b2b3e00, 0x0b64c000)
 Metaspace       used 15076K, capacity 15269K, committed 15360K, reserved 15744K
}
Event: 20.777 GC heap before
{Heap before GC invocations=14 (full 2):
 def new generation   total 9792K, used 9197K [0x04c00000, 0x05690000, 0x0a150000)
  eden space 8768K,  94% used [0x04c00000, 0x054190b8, 0x05490000)
  from space 1024K,  88% used [0x05590000, 0x05672598, 0x05690000)
  to   space 1024K,   0% used [0x05490000, 0x05490000, 0x05590000)
 tenured generation   total 21488K, used 17807K [0x0a150000, 0x0b64c000, 0x14c00000)
   the space 21488K,  82% used [0x0a150000, 0x0b2b3e00, 0x0b2b3e00, 0x0b64c000)
 Metaspace       used 15076K, capacity 15269K, committed 15360K, reserved 15744K
}
Event: 20.830 GC heap after
{Heap after GC invocations=15 (full 3):
 def new generation   total 17664K, used 912K [0x04c00000, 0x05f20000, 0x0a150000)
  eden space 15744K,   5% used [0x04c00000, 0x04ce4240, 0x05b60000)
  from space 1920K,   0% used [0x05b60000, 0x05b60000, 0x05d40000)
  to   space 1920K,   0% used [0x05d40000, 0x05d40000, 0x05f20000)
 tenured generation   total 39048K, used 23428K [0x0a150000, 0x0c772000, 0x14c00000)
   the space 39048K,  59% used [0x0a150000, 0x0b831108, 0x0b831200, 0x0c772000)
 Metaspace       used 14843K, capacity 14984K, committed 15360K, reserved 15744K
}
Event: 22.543 GC heap before
{Heap before GC invocations=15 (full 3):
 def new generation   total 17664K, used 15744K [0x04c00000, 0x05f20000, 0x0a150000)
  eden space 15744K, 100% used [0x04c00000, 0x05b60000, 0x05b60000)
  from space 1920K,   0% used [0x05b60000, 0x05b60000, 0x05d40000)
  to   space 1920K,   0% used [0x05d40000, 0x05d40000, 0x05f20000)
 tenured generation   total 39048K, used 23428K [0x0a150000, 0x0c772000, 0x14c00000)
   the space 39048K,  59% used [0x0a150000, 0x0b831108, 0x0b831200, 0x0c772000)
 Metaspace       used 16452K, capacity 16662K, committed 16768K, reserved 16768K
}
Event: 22.556 GC heap after
{Heap after GC invocations=16 (full 3):
 def new generation   total 17664K, used 1920K [0x04c00000, 0x05f20000, 0x0a150000)
  eden space 15744K,   0% used [0x04c00000, 0x04c00000, 0x05b60000)
  from space 1920K, 100% used [0x05d40000, 0x05f20000, 0x05f20000)
  to   space 1920K,   0% used [0x05b60000, 0x05b60000, 0x05d40000)
 tenured generation   total 39048K, used 25139K [0x0a150000, 0x0c772000, 0x14c00000)
   the space 39048K,  64% used [0x0a150000, 0x0b9dce08, 0x0b9dd000, 0x0c772000)
 Metaspace       used 16452K, capacity 16662K, committed 16768K, reserved 16768K
}
Event: 30.714 GC heap before
{Heap before GC invocations=16 (full 3):
 def new generation   total 17664K, used 17291K [0x04c00000, 0x05f20000, 0x0a150000)
  eden space 15744K,  97% used [0x04c00000, 0x05b02f58, 0x05b60000)
  from space 1920K, 100% used [0x05d40000, 0x05f20000, 0x05f20000)
  to   space 1920K,   0% used [0x05b60000, 0x05b60000, 0x05d40000)
 tenured generation   total 39048K, used 25139K [0x0a150000, 0x0c772000, 0x14c00000)
   the space 39048K,  64% used [0x0a150000, 0x0b9dce08, 0x0b9dd000, 0x0c772000)
 Metaspace       used 17598K, capacity 17848K, committed 17920K, reserved 18816K
}
Event: 30.721 GC heap after
{Heap after GC invocations=17 (full 3):
 def new generation   total 17664K, used 1920K [0x04c00000, 0x05f20000, 0x0a150000)
  eden space 15744K,   0% used [0x04c00000, 0x04c00000, 0x05b60000)
  from space 1920K, 100% used [0x05b60000, 0x05d40000, 0x05d40000)
  to   space 1920K,   0% used [0x05d40000, 0x05d40000, 0x05f20000)
 tenured generation   total 39048K, used 30596K [0x0a150000, 0x0c772000, 0x14c00000)
   the space 39048K,  78% used [0x0a150000, 0x0bf31190, 0x0bf31200, 0x0c772000)
 Metaspace       used 17598K, capacity 17848K, committed 17920K, reserved 18816K
}
Event: 34.365 GC heap before
{Heap before GC invocations=17 (full 3):
 def new generation   total 17664K, used 17653K [0x04c00000, 0x05f20000, 0x0a150000)
  eden space 15744K,  99% used [0x04c00000, 0x05b5d5c8, 0x05b60000)
  from space 1920K, 100% used [0x05b60000, 0x05d40000, 0x05d40000)
  to   space 1920K,   0% used [0x05d40000, 0x05d40000, 0x05f20000)
 tenured generation   total 39048K, used 30596K [0x0a150000, 0x0c772000, 0x14c00000)
   the space 39048K,  78% used [0x0a150000, 0x0bf31190, 0x0bf31200, 0x0c772000)
 Metaspace       used 17598K, capacity 17848K, committed 17920K, reserved 18816K
}
Event: 34.518 GC heap after
{Heap after GC invocations=18 (full 4):
 def new generation   total 31296K, used 0K [0x04c00000, 0x06df0000, 0x0a150000)
  eden space 27840K,   0% used [0x04c00000, 0x04c00000, 0x06730000)
  from space 3456K,   0% used [0x06730000, 0x06730000, 0x06a90000)
  to   space 3456K,   0% used [0x06a90000, 0x06a90000, 0x06df0000)
 tenured generation   total 69412K, used 41646K [0x0a150000, 0x0e519000, 0x14c00000)
   the space 69412K,  59% used [0x0a150000, 0x0c9fb878, 0x0c9fba00, 0x0e519000)
 Metaspace       used 17489K, capacity 17714K, committed 17920K, reserved 18816K
}
Event: 40.454 GC heap before
{Heap before GC invocations=18 (full 4):
 def new generation   total 31296K, used 27440K [0x04c00000, 0x06df0000, 0x0a150000)
  eden space 27840K,  98% used [0x04c00000, 0x066cc060, 0x06730000)
  from space 3456K,   0% used [0x06730000, 0x06730000, 0x06a90000)
  to   space 3456K,   0% used [0x06a90000, 0x06a90000, 0x06df0000)
 tenured generation   total 69412K, used 41646K [0x0a150000, 0x0e519000, 0x14c00000)
   the space 69412K,  59% used [0x0a150000, 0x0c9fb878, 0x0c9fba00, 0x0e519000)
 Metaspace       used 17489K, capacity 17714K, committed 17920K, reserved 18816K
}
Event: 40.465 GC heap after
{Heap after GC invocations=19 (full 4):
 def new generation   total 31296K, used 3252K [0x04c00000, 0x06df0000, 0x0a150000)
  eden space 27840K,   0% used [0x04c00000, 0x04c00000, 0x06730000)
  from space 3456K,  94% used [0x06a90000, 0x06dbd0a8, 0x06df0000)
  to   space 3456K,   0% used [0x06730000, 0x06730000, 0x06a90000)
 tenured generation   total 69412K, used 57593K [0x0a150000, 0x0e519000, 0x14c00000)
   the space 69412K,  82% used [0x0a150000, 0x0d98e638, 0x0d98e800, 0x0e519000)
 Metaspace       used 17489K, capacity 17714K, committed 17920K, reserved 18816K
}
Event: 51.206 GC heap before
{Heap before GC invocations=19 (full 4):
 def new generation   total 31296K, used 31092K [0x04c00000, 0x06df0000, 0x0a150000)
  eden space 27840K, 100% used [0x04c00000, 0x06730000, 0x06730000)
  from space 3456K,  94% used [0x06a90000, 0x06dbd0a8, 0x06df0000)
  to   space 3456K,   0% used [0x06730000, 0x06730000, 0x06a90000)
 tenured generation   total 69412K, used 57593K [0x0a150000, 0x0e519000, 0x14c00000)
   the space 69412K,  82% used [0x0a150000, 0x0d98e638, 0x0d98e800, 0x0e519000)
 Metaspace       used 18624K, capacity 18897K, committed 18944K, reserved 19840K
}
Event: 51.234 GC heap after
{Heap after GC invocations=20 (full 5):
 def new generation   total 52992K, used 3365K [0x04c00000, 0x08570000, 0x0a150000)
  eden space 47168K,   7% used [0x04c00000, 0x04f49428, 0x07a10000)
  from space 5824K,   0% used [0x07a10000, 0x07a10000, 0x07fc0000)
  to   space 5824K,   0% used [0x07fc0000, 0x07fc0000, 0x08570000)
 tenured generation   total 117488K, used 70491K [0x0a150000, 0x1140c000, 0x14c00000)
   the space 117488K,  59% used [0x0a150000, 0x0e626fe0, 0x0e627000, 0x1140c000)
 Metaspace       used 18624K, capacity 18897K, committed 18944K, reserved 19840K
}
Event: 56.467 GC heap before
{Heap before GC invocations=20 (full 5):
 def new generation   total 52992K, used 46670K [0x04c00000, 0x08570000, 0x0a150000)
  eden space 47168K,  98% used [0x04c00000, 0x07993ba8, 0x07a10000)
  from space 5824K,   0% used [0x07a10000, 0x07a10000, 0x07fc0000)
  to   space 5824K,   0% used [0x07fc0000, 0x07fc0000, 0x08570000)
 tenured generation   total 117488K, used 70491K [0x0a150000, 0x1140c000, 0x14c00000)
   the space 117488K,  59% used [0x0a150000, 0x0e626fe0, 0x0e627000, 0x1140c000)
 Metaspace       used 19777K, capacity 20130K, committed 20224K, reserved 20864K
}
Event: 56.491 GC heap after
{Heap after GC invocations=21 (full 5):
 def new generation   total 52992K, used 5824K [0x04c00000, 0x08570000, 0x0a150000)
  eden space 47168K,   0% used [0x04c00000, 0x04c00000, 0x07a10000)
  from space 5824K, 100% used [0x07fc0000, 0x08570000, 0x08570000)
  to   space 5824K,   0% used [0x07a10000, 0x07a10000, 0x07fc0000)
 tenured generation   total 117488K, used 89878K [0x0a150000, 0x1140c000, 0x14c00000)
   the space 117488K,  76% used [0x0a150000, 0x0f915810, 0x0f915a00, 0x1140c000)
 Metaspace       used 19777K, capacity 20130K, committed 20224K, reserved 20864K
}

Deoptimization events (14 events):
Event: 22.446 Thread 0x15663800 DEOPT PACKING pc=0x02c372cf sp=0x15dfe060
Event: 22.446 Thread 0x15663800 DEOPT UNPACKING pc=0x02b4c187 sp=0x15dfdf80 mode 3
Event: 22.452 Thread 0x15663800 DEOPT PACKING pc=0x02cf6cb1 sp=0x15dfe1e0
Event: 22.452 Thread 0x15663800 DEOPT UNPACKING pc=0x02b4c187 sp=0x15dfe104 mode 3
Event: 22.562 Thread 0x15663800 DEOPT PACKING pc=0x02d1b98c sp=0x15dfddf0
Event: 22.562 Thread 0x15663800 DEOPT UNPACKING pc=0x02b4c187 sp=0x15dfdca0 mode 3
Event: 23.022 Thread 0x155e3000 DEOPT PACKING pc=0x02d48efd sp=0x15a8ec30
Event: 23.022 Thread 0x155e3000 DEOPT UNPACKING pc=0x02b4c187 sp=0x15a8eb5c mode 3
Event: 52.578 Thread 0x15663800 DEOPT PACKING pc=0x02cb7928 sp=0x15dfa0b0
Event: 52.578 Thread 0x15663800 DEOPT UNPACKING pc=0x02b4c187 sp=0x15df9fd4 mode 3
Event: 56.336 Thread 0x15663800 DEOPT PACKING pc=0x02e8048d sp=0x15df8ba0
Event: 56.336 Thread 0x15663800 DEOPT UNPACKING pc=0x02b4c187 sp=0x15df8a48 mode 3
Event: 68.054 Thread 0x15663800 DEOPT PACKING pc=0x02e14524 sp=0x15dfae20
Event: 68.054 Thread 0x15663800 DEOPT UNPACKING pc=0x02b4c187 sp=0x15dfacbc mode 1

Classes redefined (0 events):
No events

Internal exceptions (20 events):
Event: 64.094 Thread 0x15663800 Exception <a 'java/lang/RuntimeException'{0x05c6ce28}> (0x05c6ce28) thrown at [s\src\hotspot\share\prims\jvm.cpp, line 1310]
Event: 68.054 Thread 0x15663800 Exception <a 'java/lang/reflect/InvocationTargetException'{0x06141358}> (0x06141358) thrown at [s\src\hotspot\share\runtime\reflection.cpp, line 1245]
Event: 68.054 Thread 0x15663800 Exception <a 'java/lang/RuntimeException'{0x061428e8}> (0x061428e8) thrown at [s\src\hotspot\share\prims\jvm.cpp, line 1310]
Event: 75.564 Thread 0x15663800 Exception <a 'java/lang/reflect/InvocationTargetException'{0x062f3840}> (0x062f3840) thrown at [s\src\hotspot\share\runtime\reflection.cpp, line 1245]
Event: 75.564 Thread 0x15663800 Exception <a 'java/lang/RuntimeException'{0x062f4dd0}> (0x062f4dd0) thrown at [s\src\hotspot\share\prims\jvm.cpp, line 1310]
Event: 75.752 Thread 0x15663800 Exception <a 'java/lang/reflect/InvocationTargetException'{0x0648bbc0}> (0x0648bbc0) thrown at [s\src\hotspot\share\runtime\reflection.cpp, line 1245]
Event: 75.752 Thread 0x15663800 Exception <a 'java/lang/RuntimeException'{0x0648d150}> (0x0648d150) thrown at [s\src\hotspot\share\prims\jvm.cpp, line 1310]
Event: 75.968 Thread 0x15663800 Exception <a 'java/lang/reflect/InvocationTargetException'{0x06516008}> (0x06516008) thrown at [s\src\hotspot\share\runtime\reflection.cpp, line 1245]
Event: 75.968 Thread 0x15663800 Exception <a 'java/lang/RuntimeException'{0x0653f570}> (0x0653f570) thrown at [s\src\hotspot\share\prims\jvm.cpp, line 1310]
Event: 76.186 Thread 0x15663800 Exception <a 'java/lang/reflect/InvocationTargetException'{0x065c8948}> (0x065c8948) thrown at [s\src\hotspot\share\runtime\reflection.cpp, line 1245]
Event: 76.186 Thread 0x15663800 Exception <a 'java/lang/RuntimeException'{0x065c9ed8}> (0x065c9ed8) thrown at [s\src\hotspot\share\prims\jvm.cpp, line 1310]
Event: 76.426 Thread 0x15663800 Exception <a 'java/lang/reflect/InvocationTargetException'{0x06653538}> (0x06653538) thrown at [s\src\hotspot\share\runtime\reflection.cpp, line 1245]
Event: 76.426 Thread 0x15663800 Exception <a 'java/lang/RuntimeException'{0x06654ac8}> (0x06654ac8) thrown at [s\src\hotspot\share\prims\jvm.cpp, line 1310]
Event: 76.634 Thread 0x15663800 Exception <a 'java/lang/reflect/InvocationTargetException'{0x066dd2e0}> (0x066dd2e0) thrown at [s\src\hotspot\share\runtime\reflection.cpp, line 1245]
Event: 76.634 Thread 0x15663800 Exception <a 'java/lang/RuntimeException'{0x066de870}> (0x066de870) thrown at [s\src\hotspot\share\prims\jvm.cpp, line 1310]
Event: 76.901 Thread 0x15663800 Exception <a 'java/lang/reflect/InvocationTargetException'{0x0676b2a8}> (0x0676b2a8) thrown at [s\src\hotspot\share\runtime\reflection.cpp, line 1245]
Event: 76.901 Thread 0x15663800 Exception <a 'java/lang/RuntimeException'{0x0676c838}> (0x0676c838) thrown at [s\src\hotspot\share\prims\jvm.cpp, line 1310]
Event: 80.359 Thread 0x15663800 Exception <a 'java/lang/reflect/InvocationTargetException'{0x0687af00}> (0x0687af00) thrown at [s\src\hotspot\share\runtime\reflection.cpp, line 1245]
Event: 80.359 Thread 0x15663800 Exception <a 'java/lang/RuntimeException'{0x0687c490}> (0x0687c490) thrown at [s\src\hotspot\share\prims\jvm.cpp, line 1310]
Event: 86.443 Thread 0x15663800 Exception <a 'java/lang/IllegalArgumentException'{0x069ecfe0}> (0x069ecfe0) thrown at [s\src\hotspot\share\prims\jvm.cpp, line 1310]

Events (20 events):
Event: 68.047 loading class sun/reflect/generics/tree/Wildcard
Event: 68.048 loading class sun/reflect/generics/tree/Wildcard done
Event: 68.048 loading class sun/reflect/generics/reflectiveObjects/WildcardTypeImpl
Event: 68.048 loading class java/lang/reflect/WildcardType
Event: 68.049 loading class java/lang/reflect/WildcardType done
Event: 68.049 loading class sun/reflect/generics/reflectiveObjects/WildcardTypeImpl done
Event: 68.052 loading class com/sun/org/apache/xerces/internal/impl/XMLStreamReaderImpl$1
Event: 68.053 loading class javax/xml/stream/Location
Event: 68.053 loading class javax/xml/stream/Location done
Event: 68.053 loading class com/sun/org/apache/xerces/internal/impl/XMLStreamReaderImpl$1 done
Event: 68.259 Loaded shared library C:\Users\alexia\.openjfx\cache\17.0.6\prism_d3d.dll
Event: 68.504 Thread 0x15628800 Thread exited: 0x15628800
Event: 72.888 Loaded shared library C:\Users\alexia\.openjfx\cache\17.0.6\prism_d3d.dll
Event: 74.185 Loaded shared library C:\Users\alexia\.openjfx\cache\17.0.6\prism_d3d.dll
Event: 79.588 Loaded shared library C:\Users\alexia\.openjfx\cache\17.0.6\prism_d3d.dll
Event: 84.886 Loaded shared library C:\Users\alexia\.openjfx\cache\17.0.6\prism_d3d.dll
Event: 86.356 loading class javafx/application/Application
Event: 86.356 loading class javafx/application/Application done
Event: 86.395 loading class javafx/application/Application
Event: 86.395 loading class javafx/application/Application done


Dynamic libraries:
0x00290000 - 0x0029c000 	C:\Program Files (x86)\Eclipse Adoptium\jdk-11.0.21.9-hotspot\bin\java.exe
0x77bc0000 - 0x77d71000 	C:\WINDOWS\SYSTEM32\ntdll.dll
0x768e0000 - 0x769d0000 	C:\WINDOWS\System32\KERNEL32.DLL
0x761f0000 - 0x76464000 	C:\WINDOWS\System32\KERNELBASE.dll
0x748b0000 - 0x74956000 	C:\WINDOWS\SYSTEM32\apphelp.dll
0x75980000 - 0x75a92000 	C:\WINDOWS\System32\ucrtbase.dll
0x74e30000 - 0x74e45000 	C:\Program Files (x86)\Eclipse Adoptium\jdk-11.0.21.9-hotspot\bin\jli.dll
0x74e10000 - 0x74e23000 	C:\Program Files (x86)\Eclipse Adoptium\jdk-11.0.21.9-hotspot\bin\VCRUNTIME140.dll
0x77780000 - 0x77929000 	C:\WINDOWS\System32\USER32.dll
0x769d0000 - 0x769ea000 	C:\WINDOWS\System32\win32u.dll
0x6fd50000 - 0x6ff78000 	C:\WINDOWS\WinSxS\x86_microsoft.windows.common-controls_6595b64144ccf1df_6.0.22621.3235_none_6ebcabb88802389e\COMCTL32.dll
0x767a0000 - 0x767c3000 	C:\WINDOWS\System32\GDI32.dll
0x75b70000 - 0x75c34000 	C:\WINDOWS\System32\msvcrt.dll
0x769f0000 - 0x76ad2000 	C:\WINDOWS\System32\gdi32full.dll
0x76720000 - 0x76799000 	C:\WINDOWS\System32\msvcp_win.dll
0x76ae0000 - 0x76b05000 	C:\WINDOWS\System32\IMM32.DLL
0x74da0000 - 0x74e0f000 	C:\Program Files (x86)\Eclipse Adoptium\jdk-11.0.21.9-hotspot\bin\msvcp140.dll
0x6aaf0000 - 0x6afcb000 	C:\Program Files (x86)\Eclipse Adoptium\jdk-11.0.21.9-hotspot\bin\client\jvm.dll
0x764e0000 - 0x7655f000 	C:\WINDOWS\System32\ADVAPI32.dll
0x75830000 - 0x758b5000 	C:\WINDOWS\System32\sechost.dll
0x76470000 - 0x7648a000 	C:\WINDOWS\System32\bcrypt.dll
0x77550000 - 0x7760a000 	C:\WINDOWS\System32\RPCRT4.dll
0x76c20000 - 0x76c26000 	C:\WINDOWS\System32\PSAPI.DLL
0x74bf0000 - 0x74bf8000 	C:\WINDOWS\SYSTEM32\VERSION.dll
0x74d90000 - 0x74d98000 	C:\WINDOWS\SYSTEM32\WSOCK32.dll
0x74650000 - 0x74681000 	C:\WINDOWS\SYSTEM32\WINMM.dll
0x76bc0000 - 0x76c1f000 	C:\WINDOWS\System32\WS2_32.dll
0x74e50000 - 0x74e63000 	C:\WINDOWS\SYSTEM32\kernel.appcore.dll
0x74d80000 - 0x74d8d000 	C:\Program Files (x86)\Eclipse Adoptium\jdk-11.0.21.9-hotspot\bin\verify.dll
0x6bb70000 - 0x6bd46000 	C:\WINDOWS\SYSTEM32\DBGHELP.DLL
0x77930000 - 0x77bac000 	C:\WINDOWS\System32\combase.dll
0x76b20000 - 0x76bbc000 	C:\WINDOWS\System32\OLEAUT32.dll
0x74d50000 - 0x74d79000 	C:\WINDOWS\SYSTEM32\dbgcore.DLL
0x76870000 - 0x768d2000 	C:\WINDOWS\System32\bcryptPrimitives.dll
0x74d20000 - 0x74d42000 	C:\Program Files (x86)\Eclipse Adoptium\jdk-11.0.21.9-hotspot\bin\java.dll
0x74d10000 - 0x74d19000 	C:\Program Files (x86)\Eclipse Adoptium\jdk-11.0.21.9-hotspot\bin\jimage.dll
0x74c00000 - 0x74c0d000 	C:\Program Files (x86)\Eclipse Adoptium\jdk-11.0.21.9-hotspot\bin\instrument.dll
0x74cf0000 - 0x74d06000 	C:\Program Files (x86)\Eclipse Adoptium\jdk-11.0.21.9-hotspot\bin\zip.dll
0x76d00000 - 0x77399000 	C:\WINDOWS\System32\SHELL32.dll
0x74f60000 - 0x7564f000 	C:\WINDOWS\SYSTEM32\windows.storage.dll
0x74e90000 - 0x74f57000 	C:\WINDOWS\SYSTEM32\wintypes.dll
0x76c30000 - 0x76cf1000 	C:\WINDOWS\System32\SHCORE.dll
0x76490000 - 0x764db000 	C:\WINDOWS\System32\shlwapi.dll
0x74b90000 - 0x74ba9000 	C:\WINDOWS\SYSTEM32\profapi.dll
0x74cd0000 - 0x74ce4000 	C:\Program Files (x86)\Eclipse Adoptium\jdk-11.0.21.9-hotspot\bin\net.dll
0x756d0000 - 0x757ac000 	C:\WINDOWS\SYSTEM32\WINHTTP.dll
0x74c70000 - 0x74cc1000 	C:\WINDOWS\system32\mswsock.dll
0x74c60000 - 0x74c6f000 	C:\Program Files (x86)\Eclipse Adoptium\jdk-11.0.21.9-hotspot\bin\nio.dll
0x74bb0000 - 0x74bc6000 	C:\Program Files\JetBrains\IntelliJ IDEA 2023.3.2\bin\breakgen.dll
0x74b60000 - 0x74b63000 	C:\Users\alexia\.openjfx\cache\17.0.6\api-ms-win-core-console-l1-1-0.dll
0x74b50000 - 0x74b53000 	C:\Users\alexia\.openjfx\cache\17.0.6\api-ms-win-core-console-l1-2-0.dll
0x74b40000 - 0x74b43000 	C:\Users\alexia\.openjfx\cache\17.0.6\api-ms-win-core-datetime-l1-1-0.dll
0x74b30000 - 0x74b33000 	C:\Users\alexia\.openjfx\cache\17.0.6\api-ms-win-core-debug-l1-1-0.dll
0x74b20000 - 0x74b23000 	C:\Users\alexia\.openjfx\cache\17.0.6\api-ms-win-core-errorhandling-l1-1-0.dll
0x74b10000 - 0x74b14000 	C:\Users\alexia\.openjfx\cache\17.0.6\api-ms-win-core-file-l1-1-0.dll
0x74b00000 - 0x74b03000 	C:\Users\alexia\.openjfx\cache\17.0.6\api-ms-win-core-file-l1-2-0.dll
0x74a20000 - 0x74a23000 	C:\Users\alexia\.openjfx\cache\17.0.6\api-ms-win-core-file-l2-1-0.dll
0x74a10000 - 0x74a13000 	C:\Users\alexia\.openjfx\cache\17.0.6\api-ms-win-core-handle-l1-1-0.dll
0x74a00000 - 0x74a03000 	C:\Users\alexia\.openjfx\cache\17.0.6\api-ms-win-core-heap-l1-1-0.dll
0x749f0000 - 0x749f3000 	C:\Users\alexia\.openjfx\cache\17.0.6\api-ms-win-core-interlocked-l1-1-0.dll
0x749e0000 - 0x749e3000 	C:\Users\alexia\.openjfx\cache\17.0.6\api-ms-win-core-libraryloader-l1-1-0.dll
0x74890000 - 0x74893000 	C:\Users\alexia\.openjfx\cache\17.0.6\api-ms-win-core-localization-l1-2-0.dll
0x6c320000 - 0x6c323000 	C:\Users\alexia\.openjfx\cache\17.0.6\api-ms-win-core-memory-l1-1-0.dll
0x6bb60000 - 0x6bb63000 	C:\Users\alexia\.openjfx\cache\17.0.6\api-ms-win-core-namedpipe-l1-1-0.dll
0x6b820000 - 0x6b823000 	C:\Users\alexia\.openjfx\cache\17.0.6\api-ms-win-core-processenvironment-l1-1-0.dll
0x6b810000 - 0x6b813000 	C:\Users\alexia\.openjfx\cache\17.0.6\api-ms-win-core-processthreads-l1-1-0.dll
0x6b800000 - 0x6b803000 	C:\Users\alexia\.openjfx\cache\17.0.6\api-ms-win-core-processthreads-l1-1-1.dll
0x6b7f0000 - 0x6b7f3000 	C:\Users\alexia\.openjfx\cache\17.0.6\api-ms-win-core-profile-l1-1-0.dll
0x6b7e0000 - 0x6b7e3000 	C:\Users\alexia\.openjfx\cache\17.0.6\api-ms-win-core-rtlsupport-l1-1-0.dll
0x6b7d0000 - 0x6b7d3000 	C:\Users\alexia\.openjfx\cache\17.0.6\api-ms-win-core-string-l1-1-0.dll
0x6b7c0000 - 0x6b7c3000 	C:\Users\alexia\.openjfx\cache\17.0.6\api-ms-win-core-synch-l1-1-0.dll
0x6b7b0000 - 0x6b7b3000 	C:\Users\alexia\.openjfx\cache\17.0.6\api-ms-win-core-synch-l1-2-0.dll
0x6b7a0000 - 0x6b7a3000 	C:\Users\alexia\.openjfx\cache\17.0.6\api-ms-win-core-sysinfo-l1-1-0.dll
0x6b790000 - 0x6b793000 	C:\Users\alexia\.openjfx\cache\17.0.6\api-ms-win-core-timezone-l1-1-0.dll
0x6b4e0000 - 0x6b4e3000 	C:\Users\alexia\.openjfx\cache\17.0.6\api-ms-win-core-util-l1-1-0.dll
0x69990000 - 0x69993000 	C:\Users\alexia\.openjfx\cache\17.0.6\api-ms-win-crt-conio-l1-1-0.dll
0x69980000 - 0x69984000 	C:\Users\alexia\.openjfx\cache\17.0.6\api-ms-win-crt-convert-l1-1-0.dll
0x69970000 - 0x69973000 	C:\Users\alexia\.openjfx\cache\17.0.6\api-ms-win-crt-environment-l1-1-0.dll
0x69960000 - 0x69963000 	C:\Users\alexia\.openjfx\cache\17.0.6\api-ms-win-crt-filesystem-l1-1-0.dll
0x69950000 - 0x69953000 	C:\Users\alexia\.openjfx\cache\17.0.6\api-ms-win-crt-heap-l1-1-0.dll
0x69940000 - 0x69943000 	C:\Users\alexia\.openjfx\cache\17.0.6\api-ms-win-crt-locale-l1-1-0.dll
0x69930000 - 0x69935000 	C:\Users\alexia\.openjfx\cache\17.0.6\api-ms-win-crt-math-l1-1-0.dll
0x69920000 - 0x69925000 	C:\Users\alexia\.openjfx\cache\17.0.6\api-ms-win-crt-multibyte-l1-1-0.dll
0x69910000 - 0x69920000 	C:\Users\alexia\.openjfx\cache\17.0.6\api-ms-win-crt-private-l1-1-0.dll
0x69900000 - 0x69903000 	C:\Users\alexia\.openjfx\cache\17.0.6\api-ms-win-crt-process-l1-1-0.dll
0x698f0000 - 0x698f4000 	C:\Users\alexia\.openjfx\cache\17.0.6\api-ms-win-crt-runtime-l1-1-0.dll
0x698e0000 - 0x698e4000 	C:\Users\alexia\.openjfx\cache\17.0.6\api-ms-win-crt-stdio-l1-1-0.dll
0x698d0000 - 0x698d4000 	C:\Users\alexia\.openjfx\cache\17.0.6\api-ms-win-crt-string-l1-1-0.dll
0x698c0000 - 0x698c3000 	C:\Users\alexia\.openjfx\cache\17.0.6\api-ms-win-crt-time-l1-1-0.dll
0x698b0000 - 0x698b3000 	C:\Users\alexia\.openjfx\cache\17.0.6\api-ms-win-crt-utility-l1-1-0.dll
0x69780000 - 0x698a3000 	C:\Users\alexia\.openjfx\cache\17.0.6\ucrtbase.dll
0x69760000 - 0x69774000 	C:\Users\alexia\.openjfx\cache\17.0.6\vcruntime140.dll
0x696f0000 - 0x6975d000 	C:\Users\alexia\.openjfx\cache\17.0.6\msvcp140.dll
0x696e0000 - 0x696e7000 	C:\Users\alexia\.openjfx\cache\17.0.6\msvcp140_1.dll
0x696b0000 - 0x696d9000 	C:\Users\alexia\.openjfx\cache\17.0.6\msvcp140_2.dll
0x69680000 - 0x696a6000 	C:\Users\alexia\.openjfx\cache\17.0.6\prism_d3d.dll
0x69500000 - 0x69671000 	C:\WINDOWS\system32\d3d9.dll
0x74530000 - 0x74554000 	C:\WINDOWS\SYSTEM32\dwmapi.dll
0x740e0000 - 0x7410e000 	C:\WINDOWS\SYSTEM32\dxcore.dll
0x73df0000 - 0x73e6f000 	C:\WINDOWS\system32\uxtheme.dll
0x69380000 - 0x694f9000 	C:\WINDOWS\System32\DriverStore\FileRepository\iigd_dch.inf_amd64_38b23bd92a6775fe\igdumdim32.dll
0x76560000 - 0x766b5000 	C:\WINDOWS\System32\ole32.dll
0x658a0000 - 0x69378000 	C:\WINDOWS\System32\DriverStore\FileRepository\iigd_dch.inf_amd64_38b23bd92a6775fe\igd9dxva32.dll
0x75c40000 - 0x7607d000 	C:\WINDOWS\System32\SETUPAPI.dll
0x757b0000 - 0x757ed000 	C:\WINDOWS\SYSTEM32\cfgmgr32.dll
0x655a0000 - 0x65898000 	C:\WINDOWS\System32\DriverStore\FileRepository\iigd_dch.inf_amd64_38b23bd92a6775fe\igdgmm32.dll
0x65560000 - 0x6559c000 	C:\WINDOWS\SYSTEM32\directxdatabasehelper.dll
0x65520000 - 0x65557000 	C:\Users\alexia\.openjfx\cache\17.0.6\glass.dll
0x758c0000 - 0x75971000 	C:\WINDOWS\System32\COMDLG32.dll
0x77450000 - 0x7754f000 	C:\WINDOWS\System32\MSCTF.dll
0x65500000 - 0x6551e000 	C:\WINDOWS\System32\DriverStore\FileRepository\iigd_dch.inf_amd64_38b23bd92a6775fe\igdinfo32.dll
0x62750000 - 0x654ff000 	C:\WINDOWS\System32\DriverStore\FileRepository\iigd_dch.inf_amd64_38b23bd92a6775fe\igc32.dll
0x62730000 - 0x62741000 	C:\Users\alexia\.openjfx\cache\17.0.6\javafx_font.dll
0x62720000 - 0x6272b000 	C:\Program Files (x86)\Eclipse Adoptium\jdk-11.0.21.9-hotspot\bin\sunmscapi.dll
0x77610000 - 0x77713000 	C:\WINDOWS\System32\CRYPT32.dll
0x626f0000 - 0x62715000 	C:\WINDOWS\SYSTEM32\ncrypt.dll
0x626c0000 - 0x626e8000 	C:\WINDOWS\SYSTEM32\NTASN1.dll
0x62690000 - 0x626b4000 	C:\Program Files (x86)\Eclipse Adoptium\jdk-11.0.21.9-hotspot\bin\sunec.dll
0x6cc40000 - 0x6cc55000 	C:\WINDOWS\SYSTEM32\CRYPTSP.dll
0x6cc10000 - 0x6cc40000 	C:\WINDOWS\system32\rsaenh.dll
0x746b0000 - 0x746cf000 	C:\WINDOWS\SYSTEM32\USERENV.dll
0x748a0000 - 0x748ab000 	C:\WINDOWS\SYSTEM32\CRYPTBASE.dll
0x757f0000 - 0x75814000 	C:\WINDOWS\SYSTEM32\IPHLPAPI.DLL
0x76b10000 - 0x76b17000 	C:\WINDOWS\System32\NSI.dll
0x6f970000 - 0x6f986000 	C:\WINDOWS\SYSTEM32\dhcpcsvc6.DLL
0x6f950000 - 0x6f967000 	C:\WINDOWS\SYSTEM32\dhcpcsvc.DLL
0x6f890000 - 0x6f94d000 	C:\WINDOWS\SYSTEM32\DNSAPI.dll
0x62680000 - 0x62688000 	C:\Windows\System32\rasadhlp.dll

dbghelp: loaded successfully - version: 4.0.5 - missing functions: none
symbol engine: initialized successfully - sym options: 0x614 - pdb path: .;C:\Program Files (x86)\Eclipse Adoptium\jdk-11.0.21.9-hotspot\bin;C:\WINDOWS\SYSTEM32;C:\WINDOWS\WinSxS\x86_microsoft.windows.common-controls_6595b64144ccf1df_6.0.22621.3235_none_6ebcabb88802389e;C:\Program Files (x86)\Eclipse Adoptium\jdk-11.0.21.9-hotspot\bin\client;C:\Program Files\JetBrains\IntelliJ IDEA 2023.3.2\bin;C:\Users\alexia\.openjfx\cache\17.0.6;C:\WINDOWS\System32\DriverStore\FileRepository\iigd_dch.inf_amd64_38b23bd92a6775fe;C:\Program Files (x86)\Common Files\Microsoft Shared\Ink

VM Arguments:
jvm_args: -javaagent:C:\Program Files\JetBrains\IntelliJ IDEA 2023.3.2\lib\idea_rt.jar=59702:C:\Program Files\JetBrains\IntelliJ IDEA 2023.3.2\bin -Dfile.encoding=UTF-8 --module-path=C:\Users\alexia\.m2\repository\org\openjfx\javafx-base\17.0.6\javafx-base-17.0.6-win-x86.jar;C:\Users\alexia\Downloads\appJavaFx\target\classes;C:\Users\alexia\.m2\repository\org\openjfx\javafx-fxml\17.0.6\javafx-fxml-17.0.6-win-x86.jar;C:\Users\alexia\.m2\repository\com\gluonhq\attach\util\4.0.19\util-4.0.19.jar;C:\Users\alexia\.m2\repository\com\gluonhq\attach\lifecycle\4.0.19\lifecycle-4.0.19.jar;C:\Users\alexia\.m2\repository\com\gluonhq\charm-glisten\6.2.3\charm-glisten-6.2.3.jar;C:\Users\alexia\.m2\repository\org\openjfx\javafx-graphics\17.0.6\javafx-graphics-17.0.6-win-x86.jar;C:\Users\alexia\.m2\repository\org\kordamp\bootstrapfx\bootstrapfx-core\0.4.0\bootstrapfx-core-0.4.0.jar;C:\Users\alexia\.m2\repository\org\openjfx\javafx-controls\17.0.6\javafx-controls-17.0.6-win-x86.jar;C:\Users\alexia\.m2\repository\com\gluonhq\attach\display\4.0.19\display-4.0.19.jar -Djdk.module.main=com.alilopez.vererinaria 
java_command: com.alilopez.vererinaria/com.alilopez.application.App
java_class_path (initial): C:\Users\alexia\.m2\repository\org\openjfx\javafx-controls\17.0.6\javafx-controls-17.0.6.jar;C:\Users\alexia\.m2\repository\org\openjfx\javafx-graphics\17.0.6\javafx-graphics-17.0.6.jar;C:\Users\alexia\.m2\repository\org\openjfx\javafx-base\17.0.6\javafx-base-17.0.6.jar;C:\Users\alexia\.m2\repository\org\openjfx\javafx-fxml\17.0.6\javafx-fxml-17.0.6.jar
Launcher Type: SUN_STANDARD

[Global flags]
   size_t InitialHeapSize                          = 16777216                                  {product} {ergonomic}
   size_t MaxHeapSize                              = 268435456                                 {product} {ergonomic}
   size_t MaxNewSize                               = 89456640                                  {product} {ergonomic}
   size_t MinHeapDeltaBytes                        = 131072                                    {product} {ergonomic}
   size_t NewSize                                  = 5570560                                   {product} {ergonomic}
    uintx NonProfiledCodeHeapSize                  = 0                                      {pd product} {ergonomic}
   size_t OldSize                                  = 11206656                                  {product} {ergonomic}
    uintx ProfiledCodeHeapSize                     = 0                                      {pd product} {ergonomic}
     bool ThreadLocalHandshakes                    = false                                  {pd product} {ergonomic}
     bool UseLargePagesIndividualAllocation        = false                                  {pd product} {ergonomic}
     bool UseSerialGC                              = true                                      {product} {ergonomic}

Logging:
Log output configuration:
 #0: stdout all=warning uptime,level,tags
 #1: stderr all=off uptime,level,tags

Environment Variables:
PATH=C:\Program Files (x86)\Eclipse Adoptium\jdk-11.0.21.9-hotspot\bin;C:\WINDOWS\system32;C:\WINDOWS;C:\WINDOWS\System32\Wbem;C:\WINDOWS\System32\WindowsPowerShell\v1.0\;C:\WINDOWS\System32\OpenSSH\;C:\Program Files\Git\cmd;C:\Program Files (x86)\Git\cmd;C:\Users\alexia\AppData\Local\Microsoft\WindowsApps;C:\Users\alexia\AppData\Local\GitHubDesktop\bin;C:\Users\alexia\AppData\Local\Programs\Microsoft VS Code\bin;;C:\Program Files\JetBrains\IntelliJ IDEA 2023.3.2\bin;
USERNAME=alexia
OS=Windows_NT
PROCESSOR_IDENTIFIER=Intel64 Family 6 Model 140 Stepping 1, GenuineIntel
TMP=C:\Users\alexia\AppData\Local\Temp
TEMP=C:\Users\alexia\AppData\Local\Temp



---------------  S Y S T E M  ---------------

OS: Windows 11 , 64 bit Build 22621 (10.0.22621.3374)
OS uptime: 1 days 23:38 hours

CPU:total 4 (initial active 4) (2 cores per cpu, 2 threads per core) family 6 model 140 stepping 1 microcode 0x8a, cmov, cx8, fxsr, mmx, sse, sse2, sse3, ssse3, sse4.1, sse4.2, popcnt, avx, avx2, aes, clmul, erms, 3dnowpref, lzcnt, ht, tsc, tscinvbit, bmi1, bmi2, adx, evex, sha, fma

Memory: 4k page, system-wide physical 3875M (528M free)
TotalPageFile size 11293M (AvailPageFile size 1782M), user-mode portion of virtual address-space 2047M (1331M free)
current process WorkingSet (physical memory assigned to process): 233M, peak: 238M
current process commit charge ("private bytes"): 266M, peak: 267M

vm_info: OpenJDK Client VM (11.0.21+9) for windows-x86 JRE (11.0.21+9), built on Oct 17 2023 17:27:10 by "" with MS VC++ 15.9 (VS2017)

END.
