#
# A fatal error has been detected by the Java Runtime Environment:
#
#  EXCEPTION_ACCESS_VIOLATION (0xc0000005) at pc=0x65526c62, pid=2104, tid=16576
#
# JRE version: OpenJDK Runtime Environment Temurin-11.0.21+9 (11.0.21+9) (build 11.0.21+9)
# Java VM: OpenJDK Client VM Temurin-11.0.21+9 (11.0.21+9, mixed mode, serial gc, windows-x86)
# Problematic frame:
# C  [glass.dll+0x16c62]
#
# No core dump will be written. Minidumps are not enabled by default on client versions of Windows
#
# If you would like to submit a bug report, please visit:
#   https://github.com/adoptium/adoptium-support/issues
# The crash happened outside the Java Virtual Machine in native code.
# See problematic frame for where to report the bug.
#

---------------  S U M M A R Y ------------

Command Line: -javaagent:C:\Program Files\JetBrains\IntelliJ IDEA 2023.3.2\lib\idea_rt.jar=56141:C:\Program Files\JetBrains\IntelliJ IDEA 2023.3.2\bin -Dfile.encoding=UTF-8 --module-path=C:\Users\alexia\Downloads\appJavaFx\target\classes;C:\Users\alexia\.m2\repository\com\gluonhq\attach\lifecycle\4.0.19\lifecycle-4.0.19.jar;C:\Users\alexia\.m2\repository\org\openjfx\javafx-graphics\17.0.6\javafx-graphics-17.0.6-win-x86.jar;C:\Users\alexia\.m2\repository\org\openjfx\javafx-base\17.0.6\javafx-base-17.0.6-win-x86.jar;C:\Users\alexia\.m2\repository\com\gluonhq\attach\display\4.0.19\display-4.0.19.jar;C:\Users\alexia\.m2\repository\com\gluonhq\charm-glisten\6.2.3\charm-glisten-6.2.3.jar;C:\Users\alexia\.m2\repository\org\openjfx\javafx-controls\17.0.6\javafx-controls-17.0.6-win-x86.jar;C:\Users\alexia\.m2\repository\com\gluonhq\attach\util\4.0.19\util-4.0.19.jar;C:\Users\alexia\.m2\repository\org\kordamp\bootstrapfx\bootstrapfx-core\0.4.0\bootstrapfx-core-0.4.0.jar;C:\Users\alexia\.m2\repository\org\openjfx\javafx-fxml\17.0.6\javafx-fxml-17.0.6-win-x86.jar -Djdk.module.main=com.alilopez.vererinaria com.alilopez.vererinaria/com.alilopez.application.App

Host: 11th Gen Intel(R) Core(TM) i3-1115G4 @ 3.00GHz, 4 cores, 3G,  Windows 11 , 64 bit Build 22621 (10.0.22621.3374)
Time: Tue Apr  9 05:04:02 2024 Hora estándar central (México) elapsed time: 75.924775 seconds (0d 0h 1m 15s)

---------------  T H R E A D  ---------------

Current thread (0x159f6000):  JavaThread "JavaFX Application Thread" [_thread_in_native, id=16576, stack(0x16160000,0x161b0000)]

Stack: [0x16160000,0x161b0000],  sp=0x161aea6c,  free space=314k
Native frames: (J=compiled Java code, A=aot compiled Java code, j=interpreted, Vv=VM code, C=native code)
C  [glass.dll+0x16c62]

Java frames: (J=compiled Java code, j=interpreted, Vv=VM code)
j  com.sun.glass.ui.win.WinWindow._close(J)Z+0 javafx.graphics
j  com.sun.glass.ui.Window.close()V+63 javafx.graphics
j  com.sun.glass.ui.win.WinWindow.close()V+8 javafx.graphics
j  com.sun.glass.ui.Application.terminate()V+75 javafx.graphics
j  com.sun.javafx.tk.quantum.QuantumToolkit.lambda$exit$13()Ljava/lang/Object;+5 javafx.graphics
j  com.sun.javafx.tk.quantum.QuantumToolkit$$Lambda$704.get()Ljava/lang/Object;+0 javafx.graphics
j  com.sun.javafx.tk.quantum.QuantumToolkit.runWithRenderLock(Ljava/util/function/Supplier;)Ljava/lang/Object;+7 javafx.graphics
j  com.sun.javafx.tk.quantum.QuantumToolkit.exit()V+26 javafx.graphics
j  com.sun.javafx.application.PlatformImpl.lambda$tkExit$16()V+3 javafx.graphics
j  com.sun.javafx.application.PlatformImpl$$Lambda$703.run()V+0 javafx.graphics
j  com.sun.javafx.application.PlatformImpl.lambda$runAndWait$12(Ljava/lang/Runnable;Ljava/util/concurrent/CountDownLatch;)V+1 javafx.graphics
j  com.sun.javafx.application.PlatformImpl$$Lambda$86.run()V+8 javafx.graphics
j  com.sun.javafx.application.PlatformImpl.lambda$runLater$10(Ljava/lang/Runnable;)Ljava/lang/Void;+1 javafx.graphics
j  com.sun.javafx.application.PlatformImpl$$Lambda$89.run()Ljava/lang/Object;+4 javafx.graphics
v  ~StubRoutines::call_stub
J 1754  java.security.AccessController.doPrivileged(Ljava/security/PrivilegedAction;Ljava/security/AccessControlContext;)Ljava/lang/Object; java.base@11.0.21 (0 bytes) @ 0x03174247 [0x031741e0+0x00000067]
j  com.sun.javafx.application.PlatformImpl.lambda$runLater$11(Ljava/lang/Runnable;Ljava/security/AccessControlContext;)V+7 javafx.graphics
j  com.sun.javafx.application.PlatformImpl$$Lambda$87.run()V+8 javafx.graphics
J 2383 c1 com.sun.glass.ui.InvokeLaterDispatcher$Future.run()V javafx.graphics (91 bytes) @ 0x03234700 [0x032346d0+0x00000030]
v  ~StubRoutines::call_stub
j  com.sun.glass.ui.win.WinApplication._runLoop(Ljava/lang/Runnable;)V+0 javafx.graphics
j  com.sun.glass.ui.win.WinApplication.lambda$runLoop$3(ILjava/lang/Runnable;)V+8 javafx.graphics
j  com.sun.glass.ui.win.WinApplication$$Lambda$77.run()V+12 javafx.graphics
j  java.lang.Thread.run()V+11 java.base@11.0.21
v  ~StubRoutines::call_stub

siginfo: EXCEPTION_ACCESS_VIOLATION (0xc0000005), reading address 0x000000b8


Register to memory mapping:

EIP=0x65526c62 glass.dll
EAX=0x0 is NULL
EBX=0x161aeca0 is pointing into the stack for thread: 0x159f6000
ECX=0x0 is NULL
EDX=0x0 is NULL
ESP=0x161aea6c is pointing into the stack for thread: 0x159f6000
EBP=0x161aea98 is pointing into the stack for thread: 0x159f6000
ESI=0x00000401 is an unknown value
EDI=0x0 is NULL


Registers:
EAX=0x00000000, EBX=0x161aeca0, ECX=0x00000000, EDX=0x00000000
ESP=0x161aea6c, EBP=0x161aea98, ESI=0x00000401, EDI=0x00000000
EIP=0x65526c62, EFLAGS=0x00010206

Top of Stack: (sp=0x161aea6c)
0x161aea6c:   161aeca0 00000401 161aeca0 65518df8
0x161aea7c:   fc303bf7 159ef0d0 00b7014a 00000401
0x161aea8c:   161aebcc 655302b0 ffffffff 00000000
0x161aea9c:   65511755 00000401 161aeca0 00000000
0x161aeaac:   00000401 00b7014a 161aeae4 655116f0
0x161aeabc:   777b3083 00b7014a 00000401 161aeca0
0x161aeacc:   00000000 00b7014a dcbaabcd 655116f0
0x161aeadc:   00000401 00b7014a 161aebdc 777a3ec6 

Instructions: (pc=0x65526c62)
0x65526b62:   21 56 e8 47 42 00 00 ff 35 e8 03 54 65 8b f0 ff
0x65526b72:   77 68 56 e8 96 de fe ff 56 e8 a0 41 00 00 83 c4
0x65526b82:   10 5e c7 05 a4 03 54 65 00 00 00 00 5f c3 83 ec
0x65526b92:   24 a1 ec e0 53 65 33 c4 89 44 24 20 8b 44 24 28
0x65526ba2:   53 89 44 24 04 8b d9 8b 44 24 30 89 44 24 08 8b
0x65526bb2:   44 24 38 55 89 44 24 10 8b 44 24 38 56 89 83 84
0x65526bc2:   00 00 00 8b 44 24 0c 89 5c 24 18 bb 00 00 00 80
0x65526bd2:   8b eb 8b f3 57 8b fb 85 c0 79 29 8d 44 24 20 50
0x65526be2:   e8 29 aa fe ff 83 c4 04 85 c0 8b 44 24 10 74 14
0x65526bf2:   8b 74 24 28 8b 5c 24 20 2b f3 8b 7c 24 2c 8b 6c
0x65526c02:   24 24 2b fd 6a 00 50 ff 74 24 1c 68 d8 23 53 65
0x65526c12:   57 56 8b 74 24 34 8b ce 55 53 ff 74 24 38 e8 db
0x65526c22:   a7 fe ff 8b f8 8d 4e 14 57 e8 40 64 00 00 57 8d
0x65526c32:   4e 14 e8 c7 64 00 00 8b 4c 24 30 8b c7 5f 5e 5d
0x65526c42:   5b 33 cc e8 ae 7a 00 00 83 c4 24 c2 10 00 53 8b
0x65526c52:   d9 56 57 ff 73 08 e8 93 a9 fe ff 8b f8 83 c4 04
0x65526c62:   8b 87 b8 00 00 00 85 c0 75 03 8b 47 04 3b 05 a4
0x65526c72:   03 54 65 75 29 e8 34 41 00 00 ff 35 e8 03 54 65
0x65526c82:   8b f0 ff 77 68 56 e8 83 dd fe ff 56 e8 8d 40 00
0x65526c92:   00 83 c4 10 c7 05 a4 03 54 65 00 00 00 00 8d 4f
0x65526ca2:   14 e8 b8 69 00 00 8d 4f 14 e8 e0 69 00 00 ff 73
0x65526cb2:   08 ff 15 f8 fe 53 65 85 c0 5f 0f 95 c0 5e 88 43
0x65526cc2:   04 5b c3 cc cc cc cc cc cc cc cc cc cc cc 55 8b
0x65526cd2:   ec 6a ff 68 f7 11 53 65 64 a1 00 00 00 00 50 83
0x65526ce2:   ec 08 53 56 57 a1 ec e0 53 65 33 c5 50 8d 45 f4
0x65526cf2:   64 a3 00 00 00 00 8b f9 ff 77 18 ff 15 60 ff 53
0x65526d02:   65 85 c0 75 13 0f 57 c0 66 0f 13 45 ec 8b 55 f0
0x65526d12:   8b 45 ec e9 a7 00 00 00 68 dc 00 00 00 e8 96 79
0x65526d22:   00 00 83 c4 04 89 45 f0 c7 45 fc 00 00 00 00 85
0x65526d32:   c0 74 19 ff 77 18 8b c8 6a 01 6a 00 6a 00 6a 00
0x65526d42:   ff 77 10 e8 a6 f9 ff ff 8b d8 eb 02 33 db ff 77
0x65526d52:   18 8b cb c7 45 fc ff ff ff ff 6a 00 68 00 00 10 


Stack slot to memory mapping:
stack at sp + 0 slots: 0x161aeca0 is pointing into the stack for thread: 0x159f6000
stack at sp + 1 slots: 0x00000401 is an unknown value
stack at sp + 2 slots: 0x161aeca0 is pointing into the stack for thread: 0x159f6000
stack at sp + 3 slots: 0x65518df8 glass.dll
stack at sp + 4 slots: 0xfc303bf7 is an unknown value
stack at sp + 5 slots: 0x159ef0d0 points into unknown readable memory: 0x6553319c | 9c 31 53 65
stack at sp + 6 slots: 0x00b7014a points into unknown readable memory: 75 00
stack at sp + 7 slots: 0x00000401 is an unknown value


---------------  P R O C E S S  ---------------

Threads class SMR info:
_java_thread_list=0x1a9dde28, length=17, elements={
0x02dde400, 0x02e93800, 0x02ea8000, 0x15161000,
0x02eb5400, 0x02eb6000, 0x02eb7400, 0x15130400,
0x151d0400, 0x15329800, 0x1597dc00, 0x159d4400,
0x159f6000, 0x1a38f800, 0x1a390000, 0x1a56f400,
0x1a7d5c00
}

Java Threads: ( => current thread )
  0x02dde400 JavaThread "main" [_thread_blocked, id=17144, stack(0x02570000,0x025c0000)]
  0x02e93800 JavaThread "Reference Handler" daemon [_thread_blocked, id=3376, stack(0x04f00000,0x04f50000)]
  0x02ea8000 JavaThread "Finalizer" daemon [_thread_blocked, id=13112, stack(0x04f90000,0x04fe0000)]
  0x15161000 JavaThread "Signal Dispatcher" daemon [_thread_blocked, id=3184, stack(0x15370000,0x153c0000)]
  0x02eb5400 JavaThread "Attach Listener" daemon [_thread_blocked, id=11768, stack(0x15400000,0x15450000)]
  0x02eb6000 JavaThread "Service Thread" daemon [_thread_blocked, id=15784, stack(0x15490000,0x154e0000)]
  0x02eb7400 JavaThread "C1 CompilerThread0" daemon [_thread_blocked, id=15156, stack(0x15520000,0x15570000)]
  0x15130400 JavaThread "Sweeper thread" daemon [_thread_blocked, id=14028, stack(0x155b0000,0x15600000)]
  0x151d0400 JavaThread "Common-Cleaner" daemon [_thread_blocked, id=15656, stack(0x15640000,0x15690000)]
  0x15329800 JavaThread "Monitor Ctrl-Break" daemon [_thread_in_native, id=12836, stack(0x15ad0000,0x15b20000)]
  0x1597dc00 JavaThread "QuantumRenderer-0" daemon [_thread_blocked, id=6340, stack(0x15df0000,0x15e40000)]
  0x159d4400 JavaThread "InvokeLaterDispatcher" daemon [_thread_blocked, id=10956, stack(0x15fd0000,0x16020000)]
=>0x159f6000 JavaThread "JavaFX Application Thread" [_thread_in_native, id=16576, stack(0x16160000,0x161b0000)]
  0x1a38f800 JavaThread "Thread-1" daemon [_thread_in_native, id=16480, stack(0x1b4e0000,0x1b530000)]
  0x1a390000 JavaThread "JavaFX-Launcher" [_thread_blocked, id=2980, stack(0x1b570000,0x1b5c0000)]
  0x1a56f400 JavaThread "Prism Font Disposer" daemon [_thread_blocked, id=12276, stack(0x1d4b0000,0x1d500000)]
  0x1a7d5c00 JavaThread "Cleaner-0" daemon [_thread_blocked, id=2820, stack(0x1fa40000,0x1fa90000)]

Other Threads:
  0x02e90400 VMThread "VM Thread" [stack: 0x02d40000,0x02d90000] [id=11632]
  0x1532ac00 WatcherThread [stack: 0x15b60000,0x15bb0000] [id=4168]

Threads with active compile tasks:

VM state:not at safepoint (normal execution)

VM Mutex/Monitor currently owned by a thread: None

Heap:
 def new generation   total 56320K, used 46193K [0x05000000, 0x08d10000, 0x0a550000)
  eden space 50112K,  79% used [0x05000000, 0x07715da8, 0x080f0000)
  from space 6208K,  99% used [0x080f0000, 0x086f6818, 0x08700000)
  to   space 6208K,   0% used [0x08700000, 0x08700000, 0x08d10000)
 tenured generation   total 125012K, used 118912K [0x0a550000, 0x11f65000, 0x15000000)
   the space 125012K,  95% used [0x0a550000, 0x119700f0, 0x11970200, 0x11f65000)
 Metaspace       used 20078K, capacity 20508K, committed 20608K, reserved 20864K

Card table byte_map: [0x027b0000,0x02840000] _byte_map_base: 0x02788000

Polling page: 0x00d80000

Metaspace:

Usage:
   20.03 MB capacity,    19.61 MB ( 98%) used,   290.92 KB (  1%) free+waste,   138.28 KB ( <1%) overhead. 

Virtual space:
     20.38 MB reserved,      20.13 MB ( 99%) committed 

Chunk freelists:
4.00 KB

MaxMetaspaceSize: 4.00 GB
No class space
Initial GC threshold: 12.00 MB
Current GC threshold: 31.04 MB
CDS: off

CodeCache: size=32768Kb used=4337Kb max_used=4337Kb free=28430Kb
 bounds [0x02ec0000, 0x03300000, 0x04ec0000]
 total_blobs=3493 nmethods=3043 adapters=381
 compilation: enabled
              stopped_count=0, restarted_count=0
 full_count=0

Compilation events (20 events):
Event: 75.278 Thread 0x02eb7400 3034             java.nio.charset.CoderResult::isOverflow (14 bytes)
Event: 75.279 Thread 0x02eb7400 nmethod 3034 0x032fa888 code [0x032fa990, 0x032faa20]
Event: 75.282 Thread 0x02eb7400 3035             java.nio.CharBuffer::<init> (22 bytes)
Event: 75.282 Thread 0x02eb7400 nmethod 3035 0x032faa88 code [0x032faba0, 0x032fac6c]
Event: 75.282 Thread 0x02eb7400 3036             java.nio.CharBuffer::limit (6 bytes)
Event: 75.282 Thread 0x02eb7400 nmethod 3036 0x032facc8 code [0x032fade0, 0x032fae7c]
Event: 75.282 Thread 0x02eb7400 3037             java.nio.CharBuffer::limit (8 bytes)
Event: 75.282 Thread 0x02eb7400 nmethod 3037 0x032faf08 code [0x032fb020, 0x032fb0bc]
Event: 75.288 Thread 0x02eb7400 3038  s!         java.lang.StackTraceElement::computeFormat (71 bytes)
Event: 75.290 Thread 0x02eb7400 nmethod 3038 0x032fb108 code [0x032fb240, 0x032fb598]
Event: 75.290 Thread 0x02eb7400 3039             java.lang.StackTraceElement::isHashedInJavaBase (31 bytes)
Event: 75.291 Thread 0x02eb7400 nmethod 3039 0x032fb708 code [0x032fb830, 0x032fb958]
Event: 75.291 Thread 0x02eb7400 3040             java.lang.Module::getLayer (43 bytes)
Event: 75.291 Thread 0x02eb7400 nmethod 3040 0x032fba08 code [0x032fbb30, 0x032fbc3c]
Event: 75.291 Thread 0x02eb7400 3041   !         java.nio.CharBuffer::wrap (20 bytes)
Event: 75.292 Thread 0x02eb7400 nmethod 3041 0x032fbcc8 code [0x032fbdf0, 0x032fbfc8]
Event: 75.292 Thread 0x02eb7400 3042             java.nio.HeapCharBuffer::<init> (21 bytes)
Event: 75.292 Thread 0x02eb7400 nmethod 3042 0x032fc148 code [0x032fc260, 0x032fc34c]
Event: 75.292 Thread 0x02eb7400 3043             java.nio.CharBuffer::arrayOffset (35 bytes)
Event: 75.292 Thread 0x02eb7400 nmethod 3043 0x032fc408 code [0x032fc540, 0x032fc6a8]

GC Heap History (20 events):
Event: 2.872 GC heap before
{Heap before GC invocations=12 (full 1):
 def new generation   total 4992K, used 4453K [0x05000000, 0x05560000, 0x0a550000)
  eden space 4480K,  97% used [0x05000000, 0x05447300, 0x05460000)
  from space 512K,  14% used [0x054e0000, 0x054f2390, 0x05560000)
  to   space 512K,   0% used [0x05460000, 0x05460000, 0x054e0000)
 tenured generation   total 10944K, used 10031K [0x0a550000, 0x0b000000, 0x15000000)
   the space 10944K,  91% used [0x0a550000, 0x0af1bfc8, 0x0af1c000, 0x0b000000)
 Metaspace       used 15080K, capacity 15269K, committed 15360K, reserved 15744K
}
Event: 2.890 GC heap after
{Heap after GC invocations=13 (full 2):
 def new generation   total 9792K, used 0K [0x05000000, 0x05a90000, 0x0a550000)
  eden space 8768K,   0% used [0x05000000, 0x05000000, 0x05890000)
  from space 1024K,   0% used [0x05890000, 0x05890000, 0x05990000)
  to   space 1024K,   0% used [0x05990000, 0x05990000, 0x05a90000)
 tenured generation   total 21512K, used 12906K [0x0a550000, 0x0ba52000, 0x15000000)
   the space 21512K,  59% used [0x0a550000, 0x0b1ea820, 0x0b1eaa00, 0x0ba52000)
 Metaspace       used 15080K, capacity 15269K, committed 15360K, reserved 15744K
}
Event: 3.105 GC heap before
{Heap before GC invocations=13 (full 2):
 def new generation   total 9792K, used 8768K [0x05000000, 0x05a90000, 0x0a550000)
  eden space 8768K, 100% used [0x05000000, 0x05890000, 0x05890000)
  from space 1024K,   0% used [0x05890000, 0x05890000, 0x05990000)
  to   space 1024K,   0% used [0x05990000, 0x05990000, 0x05a90000)
 tenured generation   total 21512K, used 12906K [0x0a550000, 0x0ba52000, 0x15000000)
   the space 21512K,  59% used [0x0a550000, 0x0b1ea820, 0x0b1eaa00, 0x0ba52000)
 Metaspace       used 15080K, capacity 15269K, committed 15360K, reserved 15744K
}
Event: 3.108 GC heap after
{Heap after GC invocations=14 (full 2):
 def new generation   total 9792K, used 905K [0x05000000, 0x05a90000, 0x0a550000)
  eden space 8768K,   0% used [0x05000000, 0x05000000, 0x05890000)
  from space 1024K,  88% used [0x05990000, 0x05a72448, 0x05a90000)
  to   space 1024K,   0% used [0x05890000, 0x05890000, 0x05990000)
 tenured generation   total 21512K, used 17821K [0x0a550000, 0x0ba52000, 0x15000000)
   the space 21512K,  82% used [0x0a550000, 0x0b6b77c8, 0x0b6b7800, 0x0ba52000)
 Metaspace       used 15080K, capacity 15269K, committed 15360K, reserved 15744K
}
Event: 3.364 GC heap before
{Heap before GC invocations=14 (full 2):
 def new generation   total 9792K, used 9237K [0x05000000, 0x05a90000, 0x0a550000)
  eden space 8768K,  95% used [0x05000000, 0x058231c0, 0x05890000)
  from space 1024K,  88% used [0x05990000, 0x05a72448, 0x05a90000)
  to   space 1024K,   0% used [0x05890000, 0x05890000, 0x05990000)
 tenured generation   total 21512K, used 17821K [0x0a550000, 0x0ba52000, 0x15000000)
   the space 21512K,  82% used [0x0a550000, 0x0b6b77c8, 0x0b6b7800, 0x0ba52000)
 Metaspace       used 15080K, capacity 15269K, committed 15360K, reserved 15744K
}
Event: 3.394 GC heap after
{Heap after GC invocations=15 (full 3):
 def new generation   total 17792K, used 735K [0x05000000, 0x06340000, 0x0a550000)
  eden space 15872K,   4% used [0x05000000, 0x050b7ce0, 0x05f80000)
  from space 1920K,   0% used [0x05f80000, 0x05f80000, 0x06160000)
  to   space 1920K,   0% used [0x06160000, 0x06160000, 0x06340000)
 tenured generation   total 39368K, used 23620K [0x0a550000, 0x0cbc2000, 0x15000000)
   the space 39368K,  59% used [0x0a550000, 0x0bc61030, 0x0bc61200, 0x0cbc2000)
 Metaspace       used 15080K, capacity 15269K, committed 15360K, reserved 15744K
}
Event: 4.162 GC heap before
{Heap before GC invocations=15 (full 3):
 def new generation   total 17792K, used 15872K [0x05000000, 0x06340000, 0x0a550000)
  eden space 15872K, 100% used [0x05000000, 0x05f80000, 0x05f80000)
  from space 1920K,   0% used [0x05f80000, 0x05f80000, 0x06160000)
  to   space 1920K,   0% used [0x06160000, 0x06160000, 0x06340000)
 tenured generation   total 39368K, used 23620K [0x0a550000, 0x0cbc2000, 0x15000000)
   the space 39368K,  59% used [0x0a550000, 0x0bc61030, 0x0bc61200, 0x0cbc2000)
 Metaspace       used 16773K, capacity 17003K, committed 17024K, reserved 17792K
}
Event: 4.173 GC heap after
{Heap after GC invocations=16 (full 3):
 def new generation   total 17792K, used 1919K [0x05000000, 0x06340000, 0x0a550000)
  eden space 15872K,   0% used [0x05000000, 0x05000000, 0x05f80000)
  from space 1920K,  99% used [0x06160000, 0x0633fff8, 0x06340000)
  to   space 1920K,   0% used [0x05f80000, 0x05f80000, 0x06160000)
 tenured generation   total 39368K, used 25382K [0x0a550000, 0x0cbc2000, 0x15000000)
   the space 39368K,  64% used [0x0a550000, 0x0be19978, 0x0be19a00, 0x0cbc2000)
 Metaspace       used 16773K, capacity 17003K, committed 17024K, reserved 17792K
}
Event: 6.904 GC heap before
{Heap before GC invocations=16 (full 3):
 def new generation   total 17792K, used 17504K [0x05000000, 0x06340000, 0x0a550000)
  eden space 15872K,  98% used [0x05000000, 0x05f382b8, 0x05f80000)
  from space 1920K,  99% used [0x06160000, 0x0633fff8, 0x06340000)
  to   space 1920K,   0% used [0x05f80000, 0x05f80000, 0x06160000)
 tenured generation   total 39368K, used 25382K [0x0a550000, 0x0cbc2000, 0x15000000)
   the space 39368K,  64% used [0x0a550000, 0x0be19978, 0x0be19a00, 0x0cbc2000)
 Metaspace       used 17707K, capacity 17962K, committed 18048K, reserved 18816K
}
Event: 6.919 GC heap after
{Heap after GC invocations=17 (full 3):
 def new generation   total 17792K, used 1920K [0x05000000, 0x06340000, 0x0a550000)
  eden space 15872K,   0% used [0x05000000, 0x05000000, 0x05f80000)
  from space 1920K, 100% used [0x05f80000, 0x06160000, 0x06160000)
  to   space 1920K,   0% used [0x06160000, 0x06160000, 0x06340000)
 tenured generation   total 39368K, used 32751K [0x0a550000, 0x0cbc2000, 0x15000000)
   the space 39368K,  83% used [0x0a550000, 0x0c54bdd0, 0x0c54be00, 0x0cbc2000)
 Metaspace       used 17707K, capacity 17962K, committed 18048K, reserved 18816K
}
Event: 7.155 GC heap before
{Heap before GC invocations=17 (full 3):
 def new generation   total 17792K, used 17792K [0x05000000, 0x06340000, 0x0a550000)
  eden space 15872K, 100% used [0x05000000, 0x05f80000, 0x05f80000)
  from space 1920K, 100% used [0x05f80000, 0x06160000, 0x06160000)
  to   space 1920K,   0% used [0x06160000, 0x06160000, 0x06340000)
 tenured generation   total 39368K, used 32751K [0x0a550000, 0x0cbc2000, 0x15000000)
   the space 39368K,  83% used [0x0a550000, 0x0c54bdd0, 0x0c54be00, 0x0cbc2000)
 Metaspace       used 17707K, capacity 17962K, committed 18048K, reserved 18816K
}
Event: 7.187 GC heap after
{Heap after GC invocations=18 (full 4):
 def new generation   total 33216K, used 443K [0x05000000, 0x07400000, 0x0a550000)
  eden space 29568K,   1% used [0x05000000, 0x0506eeb0, 0x06ce0000)
  from space 3648K,   0% used [0x06ce0000, 0x06ce0000, 0x07070000)
  to   space 3648K,   0% used [0x07070000, 0x07070000, 0x07400000)
 tenured generation   total 73684K, used 44210K [0x0a550000, 0x0ed45000, 0x15000000)
   the space 73684K,  59% used [0x0a550000, 0x0d07c938, 0x0d07ca00, 0x0ed45000)
 Metaspace       used 17707K, capacity 17962K, committed 18048K, reserved 18816K
}
Event: 8.311 GC heap before
{Heap before GC invocations=18 (full 4):
 def new generation   total 33216K, used 29568K [0x05000000, 0x07400000, 0x0a550000)
  eden space 29568K, 100% used [0x05000000, 0x06ce0000, 0x06ce0000)
  from space 3648K,   0% used [0x06ce0000, 0x06ce0000, 0x07070000)
  to   space 3648K,   0% used [0x07070000, 0x07070000, 0x07400000)
 tenured generation   total 73684K, used 44210K [0x0a550000, 0x0ed45000, 0x15000000)
   the space 73684K,  59% used [0x0a550000, 0x0d07c938, 0x0d07ca00, 0x0ed45000)
 Metaspace       used 17707K, capacity 17962K, committed 18048K, reserved 18816K
}
Event: 8.334 GC heap after
{Heap after GC invocations=19 (full 4):
 def new generation   total 33216K, used 3225K [0x05000000, 0x07400000, 0x0a550000)
  eden space 29568K,   0% used [0x05000000, 0x05000000, 0x06ce0000)
  from space 3648K,  88% used [0x07070000, 0x07396488, 0x07400000)
  to   space 3648K,   0% used [0x06ce0000, 0x06ce0000, 0x07070000)
 tenured generation   total 73684K, used 61929K [0x0a550000, 0x0ed45000, 0x15000000)
   the space 73684K,  84% used [0x0a550000, 0x0e1ca6b8, 0x0e1ca800, 0x0ed45000)
 Metaspace       used 17707K, capacity 17962K, committed 18048K, reserved 18816K
}
Event: 22.274 GC heap before
{Heap before GC invocations=19 (full 4):
 def new generation   total 33216K, used 32793K [0x05000000, 0x07400000, 0x0a550000)
  eden space 29568K, 100% used [0x05000000, 0x06ce0000, 0x06ce0000)
  from space 3648K,  88% used [0x07070000, 0x07396488, 0x07400000)
  to   space 3648K,   0% used [0x06ce0000, 0x06ce0000, 0x07070000)
 tenured generation   total 73684K, used 61929K [0x0a550000, 0x0ed45000, 0x15000000)
   the space 73684K,  84% used [0x0a550000, 0x0e1ca6b8, 0x0e1ca800, 0x0ed45000)
 Metaspace       used 18665K, capacity 18990K, committed 19072K, reserved 19840K
}
Event: 22.328 GC heap after
{Heap after GC invocations=20 (full 5):
 def new generation   total 56320K, used 3574K [0x05000000, 0x08d10000, 0x0a550000)
  eden space 50112K,   7% used [0x05000000, 0x0537dbc8, 0x080f0000)
  from space 6208K,   0% used [0x080f0000, 0x080f0000, 0x08700000)
  to   space 6208K,   0% used [0x08700000, 0x08700000, 0x08d10000)
 tenured generation   total 125012K, used 75007K [0x0a550000, 0x11f65000, 0x15000000)
   the space 125012K,  59% used [0x0a550000, 0x0ee8fc18, 0x0ee8fe00, 0x11f65000)
 Metaspace       used 18450K, capacity 18726K, committed 19072K, reserved 19840K
}
Event: 49.719 GC heap before
{Heap before GC invocations=20 (full 5):
 def new generation   total 56320K, used 49999K [0x05000000, 0x08d10000, 0x0a550000)
  eden space 50112K,  99% used [0x05000000, 0x080d3cd8, 0x080f0000)
  from space 6208K,   0% used [0x080f0000, 0x080f0000, 0x08700000)
  to   space 6208K,   0% used [0x08700000, 0x08700000, 0x08d10000)
 tenured generation   total 125012K, used 75007K [0x0a550000, 0x11f65000, 0x15000000)
   the space 125012K,  59% used [0x0a550000, 0x0ee8fc18, 0x0ee8fe00, 0x11f65000)
 Metaspace       used 20018K, capacity 20464K, committed 20480K, reserved 20864K
}
Event: 49.748 GC heap after
{Heap after GC invocations=21 (full 5):
 def new generation   total 56320K, used 6208K [0x05000000, 0x08d10000, 0x0a550000)
  eden space 50112K,   0% used [0x05000000, 0x05000000, 0x080f0000)
  from space 6208K, 100% used [0x08700000, 0x08d10000, 0x08d10000)
  to   space 6208K,   0% used [0x080f0000, 0x080f0000, 0x08700000)
 tenured generation   total 125012K, used 88659K [0x0a550000, 0x11f65000, 0x15000000)
   the space 125012K,  70% used [0x0a550000, 0x0fbe4ca8, 0x0fbe4e00, 0x11f65000)
 Metaspace       used 20018K, capacity 20464K, committed 20480K, reserved 20864K
}
Event: 56.226 GC heap before
{Heap before GC invocations=21 (full 5):
 def new generation   total 56320K, used 56270K [0x05000000, 0x08d10000, 0x0a550000)
  eden space 50112K,  99% used [0x05000000, 0x080e3b88, 0x080f0000)
  from space 6208K, 100% used [0x08700000, 0x08d10000, 0x08d10000)
  to   space 6208K,   0% used [0x080f0000, 0x080f0000, 0x08700000)
 tenured generation   total 125012K, used 88659K [0x0a550000, 0x11f65000, 0x15000000)
   the space 125012K,  70% used [0x0a550000, 0x0fbe4ca8, 0x0fbe4e00, 0x11f65000)
 Metaspace       used 20018K, capacity 20464K, committed 20480K, reserved 20864K
}
Event: 56.265 GC heap after
{Heap after GC invocations=22 (full 5):
 def new generation   total 56320K, used 6170K [0x05000000, 0x08d10000, 0x0a550000)
  eden space 50112K,   0% used [0x05000000, 0x05000000, 0x080f0000)
  from space 6208K,  99% used [0x080f0000, 0x086f6818, 0x08700000)
  to   space 6208K,   0% used [0x08700000, 0x08700000, 0x08d10000)
 tenured generation   total 125012K, used 118912K [0x0a550000, 0x11f65000, 0x15000000)
   the space 125012K,  95% used [0x0a550000, 0x119700f0, 0x11970200, 0x11f65000)
 Metaspace       used 20018K, capacity 20464K, committed 20480K, reserved 20864K
}

Deoptimization events (16 events):
Event: 4.063 Thread 0x159f6000 DEOPT PACKING pc=0x02fe750f sp=0x161ae360
Event: 4.063 Thread 0x159f6000 DEOPT UNPACKING pc=0x02efc187 sp=0x161ae280 mode 3
Event: 4.068 Thread 0x159f6000 DEOPT PACKING pc=0x030a4271 sp=0x161ae4e0
Event: 4.068 Thread 0x159f6000 DEOPT UNPACKING pc=0x02efc187 sp=0x161ae404 mode 3
Event: 4.147 Thread 0x159f6000 DEOPT PACKING pc=0x030cd98c sp=0x161ae0f0
Event: 4.147 Thread 0x159f6000 DEOPT UNPACKING pc=0x02efc187 sp=0x161adfa0 mode 3
Event: 4.390 Thread 0x1597dc00 DEOPT PACKING pc=0x030fb0bd sp=0x15e3eac0
Event: 4.390 Thread 0x1597dc00 DEOPT UNPACKING pc=0x02efc187 sp=0x15e3e9ec mode 3
Event: 46.703 Thread 0x159f6000 DEOPT PACKING pc=0x032b6639 sp=0x161a7140
Event: 46.703 Thread 0x159f6000 DEOPT UNPACKING pc=0x02efc187 sp=0x161a6fe4 mode 3
Event: 47.583 Thread 0x159f6000 DEOPT PACKING pc=0x031b0264 sp=0x161ab0b0
Event: 47.583 Thread 0x159f6000 DEOPT UNPACKING pc=0x02efc187 sp=0x161aaf4c mode 0
Event: 70.297 Thread 0x159f6000 DEOPT PACKING pc=0x031b0264 sp=0x161acab0
Event: 70.297 Thread 0x159f6000 DEOPT UNPACKING pc=0x02efc187 sp=0x161ac94c mode 0
Event: 70.297 Thread 0x159f6000 DEOPT PACKING pc=0x031b0264 sp=0x161acf50
Event: 70.297 Thread 0x159f6000 DEOPT UNPACKING pc=0x02efc187 sp=0x161acdec mode 0

Classes redefined (0 events):
No events

Internal exceptions (20 events):
Event: 19.569 Thread 0x159f6000 Exception <a 'java/lang/reflect/InvocationTargetException'{0x0597ebc8}> (0x0597ebc8) thrown at [s\src\hotspot\share\runtime\reflection.cpp, line 1245]
Event: 19.569 Thread 0x159f6000 Exception <a 'java/lang/RuntimeException'{0x0597f8d8}> (0x0597f8d8) thrown at [s\src\hotspot\share\prims\jvm.cpp, line 1310]
Event: 26.180 Thread 0x159f6000 Exception <a 'java/lang/NoSuchMethodError'{0x065e4af0}: 'void java.lang.invoke.DirectMethodHandle$Holder.invokeSpecialIFC(java.lang.Object, java.lang.Object, java.lang.Object, java.lang.Object)'> (0x065e4af0) thrown at [s\src\hotspot\share\interpreter\linkResolver.cpp, line 773]
Event: 27.598 Thread 0x1a865c00 Exception <a 'java/net/SocketTimeoutException'{0x06aedf68}: Read timed out> (0x06aedf68) thrown at [s\src\hotspot\share\prims\jni.cpp, line 638]
Event: 32.603 Thread 0x1a865c00 Exception <a 'java/net/SocketTimeoutException'{0x06aef2f8}: Read timed out> (0x06aef2f8) thrown at [s\src\hotspot\share\prims\jni.cpp, line 638]
Event: 38.868 Thread 0x1597dc00 Exception <a 'java/lang/NoSuchMethodError'{0x071a8928}: 'java.lang.Object java.lang.invoke.DirectMethodHandle$Holder.invokeStaticInit(java.lang.Object, int)'> (0x071a8928) thrown at [s\src\hotspot\share\interpreter\linkResolver.cpp, line 773]
Event: 45.108 Thread 0x159f6000 Exception <a 'java/lang/NoSuchMethodError'{0x076c5768}: 'java.lang.Object java.lang.invoke.DirectMethodHandle$Holder.invokeSpecial(java.lang.Object, java.lang.Object, int, int, int, java.lang.Object, java.lang.Object, int, java.lang.Object, int)'> (0x076c5768) thrown at [s\src\hotspot\share\interpreter\linkResolver.cpp, line 773]
Event: 45.109 Thread 0x159f6000 Exception <a 'java/lang/NoSuchMethodError'{0x076c9598}: 'java.lang.Object java.lang.invoke.DelegatingMethodHandle$Holder.reinvoke_L(java.lang.Object, int, int, int, java.lang.Object, java.lang.Object, int, java.lang.Object, int)'> (0x076c9598) thrown at [s\src\hotspot\share\interpreter\linkResolver.cpp, line 773]
Event: 45.112 Thread 0x159f6000 Exception <a 'java/lang/NoSuchMethodError'{0x07713dc0}: 'java.lang.Object java.lang.invoke.DelegatingMethodHandle$Holder.reinvoke_L(java.lang.Object, java.lang.Object, java.lang.Object, int, java.lang.Object, int)'> (0x07713dc0) thrown at [s\src\hotspot\share\interpreter\linkResolver.cpp, line 773]
Event: 46.703 Thread 0x159f6000 Implicit null exception at 0x032b63bf to 0x032b6634
Event: 55.583 Thread 0x1fed2800 Exception <a 'java/net/SocketTimeoutException'{0x080a6038}: Read timed out> (0x080a6038) thrown at [s\src\hotspot\share\prims\jni.cpp, line 638]
Event: 58.078 Thread 0x159f6000 Exception <a 'java/lang/reflect/InvocationTargetException'{0x0518ec58}> (0x0518ec58) thrown at [s\src\hotspot\share\runtime\reflection.cpp, line 1245]
Event: 58.078 Thread 0x159f6000 Exception <a 'java/lang/RuntimeException'{0x05190628}> (0x05190628) thrown at [s\src\hotspot\share\prims\jvm.cpp, line 1310]
Event: 63.326 Thread 0x159f6000 Exception <a 'java/lang/reflect/InvocationTargetException'{0x054f39f8}> (0x054f39f8) thrown at [s\src\hotspot\share\runtime\reflection.cpp, line 1245]
Event: 63.326 Thread 0x159f6000 Exception <a 'java/lang/RuntimeException'{0x054f53c8}> (0x054f53c8) thrown at [s\src\hotspot\share\prims\jvm.cpp, line 1310]
Event: 70.405 Thread 0x159f6000 Exception <a 'java/lang/IllegalArgumentException'{0x075f6448}> (0x075f6448) thrown at [s\src\hotspot\share\prims\jvm.cpp, line 1310]
Event: 70.436 Thread 0x159f6000 Exception <a 'java/lang/IllegalArgumentException'{0x076036c0}> (0x076036c0) thrown at [s\src\hotspot\share\prims\jvm.cpp, line 1310]
Event: 72.817 Thread 0x1fed2800 Exception <a 'java/net/SocketTimeoutException'{0x076d8258}: Read timed out> (0x076d8258) thrown at [s\src\hotspot\share\prims\jni.cpp, line 638]
Event: 75.269 Thread 0x159f6000 Exception <a 'java/lang/IllegalArgumentException'{0x0760f070}> (0x0760f070) thrown at [s\src\hotspot\share\prims\jvm.cpp, line 1310]
Event: 75.287 Thread 0x159f6000 Exception <a 'java/lang/IllegalArgumentException'{0x0761a9f8}> (0x0761a9f8) thrown at [s\src\hotspot\share\prims\jvm.cpp, line 1310]

Events (20 events):
Event: 70.292 loading class javafx/application/Application done
Event: 70.292 loading class javafx/application/Application
Event: 70.292 loading class javafx/application/Application done
Event: 72.810 Executing VM operation: RevokeBias
Event: 72.810 Executing VM operation: RevokeBias done
Event: 72.810 Executing VM operation: RevokeBias
Event: 72.810 Executing VM operation: RevokeBias done
Event: 72.810 Executing VM operation: RevokeBias
Event: 72.810 Executing VM operation: RevokeBias done
Event: 72.810 Executing VM operation: RevokeBias
Event: 72.810 Executing VM operation: RevokeBias done
Event: 72.816 Executing VM operation: RevokeBias
Event: 72.816 Executing VM operation: RevokeBias done
Event: 72.817 Executing VM operation: RevokeBias
Event: 72.817 Executing VM operation: RevokeBias done
Event: 72.817 Executing VM operation: RevokeBias
Event: 72.817 Executing VM operation: RevokeBias done
Event: 72.817 Executing VM operation: RevokeBias
Event: 72.818 Executing VM operation: RevokeBias done
Event: 72.818 Thread 0x1fed2800 Thread exited: 0x1fed2800


Dynamic libraries:
0x00290000 - 0x0029c000 	C:\Program Files (x86)\Eclipse Adoptium\jdk-11.0.21.9-hotspot\bin\java.exe
0x77bc0000 - 0x77d71000 	C:\WINDOWS\SYSTEM32\ntdll.dll
0x768e0000 - 0x769d0000 	C:\WINDOWS\System32\KERNEL32.DLL
0x761f0000 - 0x76464000 	C:\WINDOWS\System32\KERNELBASE.dll
0x748b0000 - 0x74956000 	C:\WINDOWS\SYSTEM32\apphelp.dll
0x75980000 - 0x75a92000 	C:\WINDOWS\System32\ucrtbase.dll
0x74e30000 - 0x74e45000 	C:\Program Files (x86)\Eclipse Adoptium\jdk-11.0.21.9-hotspot\bin\jli.dll
0x74e10000 - 0x74e23000 	C:\Program Files (x86)\Eclipse Adoptium\jdk-11.0.21.9-hotspot\bin\VCRUNTIME140.dll
0x77780000 - 0x77929000 	C:\WINDOWS\System32\USER32.dll
0x769d0000 - 0x769ea000 	C:\WINDOWS\System32\win32u.dll
0x767a0000 - 0x767c3000 	C:\WINDOWS\System32\GDI32.dll
0x6fd50000 - 0x6ff78000 	C:\WINDOWS\WinSxS\x86_microsoft.windows.common-controls_6595b64144ccf1df_6.0.22621.3235_none_6ebcabb88802389e\COMCTL32.dll
0x769f0000 - 0x76ad2000 	C:\WINDOWS\System32\gdi32full.dll
0x76720000 - 0x76799000 	C:\WINDOWS\System32\msvcp_win.dll
0x75b70000 - 0x75c34000 	C:\WINDOWS\System32\msvcrt.dll
0x76ae0000 - 0x76b05000 	C:\WINDOWS\System32\IMM32.DLL
0x74da0000 - 0x74e0f000 	C:\Program Files (x86)\Eclipse Adoptium\jdk-11.0.21.9-hotspot\bin\msvcp140.dll
0x6aaf0000 - 0x6afcb000 	C:\Program Files (x86)\Eclipse Adoptium\jdk-11.0.21.9-hotspot\bin\client\jvm.dll
0x764e0000 - 0x7655f000 	C:\WINDOWS\System32\ADVAPI32.dll
0x75830000 - 0x758b5000 	C:\WINDOWS\System32\sechost.dll
0x76470000 - 0x7648a000 	C:\WINDOWS\System32\bcrypt.dll
0x77550000 - 0x7760a000 	C:\WINDOWS\System32\RPCRT4.dll
0x76c20000 - 0x76c26000 	C:\WINDOWS\System32\PSAPI.DLL
0x74d90000 - 0x74d98000 	C:\WINDOWS\SYSTEM32\WSOCK32.dll
0x76bc0000 - 0x76c1f000 	C:\WINDOWS\System32\WS2_32.dll
0x74650000 - 0x74681000 	C:\WINDOWS\SYSTEM32\WINMM.dll
0x74bf0000 - 0x74bf8000 	C:\WINDOWS\SYSTEM32\VERSION.dll
0x74e50000 - 0x74e63000 	C:\WINDOWS\SYSTEM32\kernel.appcore.dll
0x74d80000 - 0x74d8d000 	C:\Program Files (x86)\Eclipse Adoptium\jdk-11.0.21.9-hotspot\bin\verify.dll
0x6bb70000 - 0x6bd46000 	C:\WINDOWS\SYSTEM32\DBGHELP.DLL
0x77930000 - 0x77bac000 	C:\WINDOWS\System32\combase.dll
0x76b20000 - 0x76bbc000 	C:\WINDOWS\System32\OLEAUT32.dll
0x74d50000 - 0x74d79000 	C:\WINDOWS\SYSTEM32\dbgcore.DLL
0x76870000 - 0x768d2000 	C:\WINDOWS\System32\bcryptPrimitives.dll
0x74d20000 - 0x74d42000 	C:\Program Files (x86)\Eclipse Adoptium\jdk-11.0.21.9-hotspot\bin\java.dll
0x74d10000 - 0x74d19000 	C:\Program Files (x86)\Eclipse Adoptium\jdk-11.0.21.9-hotspot\bin\jimage.dll
0x74bc0000 - 0x74bcd000 	C:\Program Files (x86)\Eclipse Adoptium\jdk-11.0.21.9-hotspot\bin\instrument.dll
0x74cf0000 - 0x74d06000 	C:\Program Files (x86)\Eclipse Adoptium\jdk-11.0.21.9-hotspot\bin\zip.dll
0x76d00000 - 0x77399000 	C:\WINDOWS\System32\SHELL32.dll
0x74f60000 - 0x7564f000 	C:\WINDOWS\SYSTEM32\windows.storage.dll
0x74e90000 - 0x74f57000 	C:\WINDOWS\SYSTEM32\wintypes.dll
0x76c30000 - 0x76cf1000 	C:\WINDOWS\System32\SHCORE.dll
0x76490000 - 0x764db000 	C:\WINDOWS\System32\shlwapi.dll
0x74b90000 - 0x74ba9000 	C:\WINDOWS\SYSTEM32\profapi.dll
0x74cd0000 - 0x74ce4000 	C:\Program Files (x86)\Eclipse Adoptium\jdk-11.0.21.9-hotspot\bin\net.dll
0x756d0000 - 0x757ac000 	C:\WINDOWS\SYSTEM32\WINHTTP.dll
0x74c70000 - 0x74cc1000 	C:\WINDOWS\system32\mswsock.dll
0x74c60000 - 0x74c6f000 	C:\Program Files (x86)\Eclipse Adoptium\jdk-11.0.21.9-hotspot\bin\nio.dll
0x74b70000 - 0x74b86000 	C:\Program Files\JetBrains\IntelliJ IDEA 2023.3.2\bin\breakgen.dll
0x74bb0000 - 0x74bb3000 	C:\Users\alexia\.openjfx\cache\17.0.6\api-ms-win-core-console-l1-1-0.dll
0x74b60000 - 0x74b63000 	C:\Users\alexia\.openjfx\cache\17.0.6\api-ms-win-core-console-l1-2-0.dll
0x74b50000 - 0x74b53000 	C:\Users\alexia\.openjfx\cache\17.0.6\api-ms-win-core-datetime-l1-1-0.dll
0x74b40000 - 0x74b43000 	C:\Users\alexia\.openjfx\cache\17.0.6\api-ms-win-core-debug-l1-1-0.dll
0x74b30000 - 0x74b33000 	C:\Users\alexia\.openjfx\cache\17.0.6\api-ms-win-core-errorhandling-l1-1-0.dll
0x74b20000 - 0x74b24000 	C:\Users\alexia\.openjfx\cache\17.0.6\api-ms-win-core-file-l1-1-0.dll
0x74b10000 - 0x74b13000 	C:\Users\alexia\.openjfx\cache\17.0.6\api-ms-win-core-file-l1-2-0.dll
0x74b00000 - 0x74b03000 	C:\Users\alexia\.openjfx\cache\17.0.6\api-ms-win-core-file-l2-1-0.dll
0x74a20000 - 0x74a23000 	C:\Users\alexia\.openjfx\cache\17.0.6\api-ms-win-core-handle-l1-1-0.dll
0x74a10000 - 0x74a13000 	C:\Users\alexia\.openjfx\cache\17.0.6\api-ms-win-core-heap-l1-1-0.dll
0x74a00000 - 0x74a03000 	C:\Users\alexia\.openjfx\cache\17.0.6\api-ms-win-core-interlocked-l1-1-0.dll
0x749f0000 - 0x749f3000 	C:\Users\alexia\.openjfx\cache\17.0.6\api-ms-win-core-libraryloader-l1-1-0.dll
0x749e0000 - 0x749e3000 	C:\Users\alexia\.openjfx\cache\17.0.6\api-ms-win-core-localization-l1-2-0.dll
0x74890000 - 0x74893000 	C:\Users\alexia\.openjfx\cache\17.0.6\api-ms-win-core-memory-l1-1-0.dll
0x6c320000 - 0x6c323000 	C:\Users\alexia\.openjfx\cache\17.0.6\api-ms-win-core-namedpipe-l1-1-0.dll
0x6bb60000 - 0x6bb63000 	C:\Users\alexia\.openjfx\cache\17.0.6\api-ms-win-core-processenvironment-l1-1-0.dll
0x6b820000 - 0x6b823000 	C:\Users\alexia\.openjfx\cache\17.0.6\api-ms-win-core-processthreads-l1-1-0.dll
0x6b810000 - 0x6b813000 	C:\Users\alexia\.openjfx\cache\17.0.6\api-ms-win-core-processthreads-l1-1-1.dll
0x6b800000 - 0x6b803000 	C:\Users\alexia\.openjfx\cache\17.0.6\api-ms-win-core-profile-l1-1-0.dll
0x6b7f0000 - 0x6b7f3000 	C:\Users\alexia\.openjfx\cache\17.0.6\api-ms-win-core-rtlsupport-l1-1-0.dll
0x6b7e0000 - 0x6b7e3000 	C:\Users\alexia\.openjfx\cache\17.0.6\api-ms-win-core-string-l1-1-0.dll
0x6b7d0000 - 0x6b7d3000 	C:\Users\alexia\.openjfx\cache\17.0.6\api-ms-win-core-synch-l1-1-0.dll
0x6b7c0000 - 0x6b7c3000 	C:\Users\alexia\.openjfx\cache\17.0.6\api-ms-win-core-synch-l1-2-0.dll
0x6b7b0000 - 0x6b7b3000 	C:\Users\alexia\.openjfx\cache\17.0.6\api-ms-win-core-sysinfo-l1-1-0.dll
0x6b7a0000 - 0x6b7a3000 	C:\Users\alexia\.openjfx\cache\17.0.6\api-ms-win-core-timezone-l1-1-0.dll
0x6b790000 - 0x6b793000 	C:\Users\alexia\.openjfx\cache\17.0.6\api-ms-win-core-util-l1-1-0.dll
0x6b4e0000 - 0x6b4e3000 	C:\Users\alexia\.openjfx\cache\17.0.6\api-ms-win-crt-conio-l1-1-0.dll
0x69990000 - 0x69994000 	C:\Users\alexia\.openjfx\cache\17.0.6\api-ms-win-crt-convert-l1-1-0.dll
0x69980000 - 0x69983000 	C:\Users\alexia\.openjfx\cache\17.0.6\api-ms-win-crt-environment-l1-1-0.dll
0x69970000 - 0x69973000 	C:\Users\alexia\.openjfx\cache\17.0.6\api-ms-win-crt-filesystem-l1-1-0.dll
0x69960000 - 0x69963000 	C:\Users\alexia\.openjfx\cache\17.0.6\api-ms-win-crt-heap-l1-1-0.dll
0x69950000 - 0x69953000 	C:\Users\alexia\.openjfx\cache\17.0.6\api-ms-win-crt-locale-l1-1-0.dll
0x69940000 - 0x69945000 	C:\Users\alexia\.openjfx\cache\17.0.6\api-ms-win-crt-math-l1-1-0.dll
0x69930000 - 0x69935000 	C:\Users\alexia\.openjfx\cache\17.0.6\api-ms-win-crt-multibyte-l1-1-0.dll
0x69920000 - 0x69930000 	C:\Users\alexia\.openjfx\cache\17.0.6\api-ms-win-crt-private-l1-1-0.dll
0x69910000 - 0x69913000 	C:\Users\alexia\.openjfx\cache\17.0.6\api-ms-win-crt-process-l1-1-0.dll
0x698f0000 - 0x698f4000 	C:\Users\alexia\.openjfx\cache\17.0.6\api-ms-win-crt-runtime-l1-1-0.dll
0x698e0000 - 0x698e4000 	C:\Users\alexia\.openjfx\cache\17.0.6\api-ms-win-crt-stdio-l1-1-0.dll
0x698c0000 - 0x698c4000 	C:\Users\alexia\.openjfx\cache\17.0.6\api-ms-win-crt-string-l1-1-0.dll
0x698b0000 - 0x698b3000 	C:\Users\alexia\.openjfx\cache\17.0.6\api-ms-win-crt-time-l1-1-0.dll
0x698a0000 - 0x698a3000 	C:\Users\alexia\.openjfx\cache\17.0.6\api-ms-win-crt-utility-l1-1-0.dll
0x69770000 - 0x69893000 	C:\Users\alexia\.openjfx\cache\17.0.6\ucrtbase.dll
0x69750000 - 0x69764000 	C:\Users\alexia\.openjfx\cache\17.0.6\vcruntime140.dll
0x696e0000 - 0x6974d000 	C:\Users\alexia\.openjfx\cache\17.0.6\msvcp140.dll
0x696d0000 - 0x696d7000 	C:\Users\alexia\.openjfx\cache\17.0.6\msvcp140_1.dll
0x696a0000 - 0x696c9000 	C:\Users\alexia\.openjfx\cache\17.0.6\msvcp140_2.dll
0x69670000 - 0x69696000 	C:\Users\alexia\.openjfx\cache\17.0.6\prism_d3d.dll
0x694f0000 - 0x69661000 	C:\WINDOWS\system32\d3d9.dll
0x74530000 - 0x74554000 	C:\WINDOWS\SYSTEM32\dwmapi.dll
0x740e0000 - 0x7410e000 	C:\WINDOWS\SYSTEM32\dxcore.dll
0x73df0000 - 0x73e6f000 	C:\WINDOWS\system32\uxtheme.dll
0x69370000 - 0x694e9000 	C:\WINDOWS\System32\DriverStore\FileRepository\iigd_dch.inf_amd64_38b23bd92a6775fe\igdumdim32.dll
0x76560000 - 0x766b5000 	C:\WINDOWS\System32\ole32.dll
0x65890000 - 0x69368000 	C:\WINDOWS\System32\DriverStore\FileRepository\iigd_dch.inf_amd64_38b23bd92a6775fe\igd9dxva32.dll
0x75c40000 - 0x7607d000 	C:\WINDOWS\System32\SETUPAPI.dll
0x757b0000 - 0x757ed000 	C:\WINDOWS\SYSTEM32\cfgmgr32.dll
0x65590000 - 0x65888000 	C:\WINDOWS\System32\DriverStore\FileRepository\iigd_dch.inf_amd64_38b23bd92a6775fe\igdgmm32.dll
0x65550000 - 0x6558c000 	C:\WINDOWS\SYSTEM32\directxdatabasehelper.dll
0x65510000 - 0x65547000 	C:\Users\alexia\.openjfx\cache\17.0.6\glass.dll
0x758c0000 - 0x75971000 	C:\WINDOWS\System32\COMDLG32.dll
0x77450000 - 0x7754f000 	C:\WINDOWS\System32\MSCTF.dll
0x654f0000 - 0x6550e000 	C:\WINDOWS\System32\DriverStore\FileRepository\iigd_dch.inf_amd64_38b23bd92a6775fe\igdinfo32.dll
0x62740000 - 0x654ef000 	C:\WINDOWS\System32\DriverStore\FileRepository\iigd_dch.inf_amd64_38b23bd92a6775fe\igc32.dll
0x62720000 - 0x62731000 	C:\Users\alexia\.openjfx\cache\17.0.6\javafx_font.dll
0x62710000 - 0x6271b000 	C:\Program Files (x86)\Eclipse Adoptium\jdk-11.0.21.9-hotspot\bin\sunmscapi.dll
0x77610000 - 0x77713000 	C:\WINDOWS\System32\CRYPT32.dll
0x626e0000 - 0x62705000 	C:\WINDOWS\SYSTEM32\ncrypt.dll
0x626b0000 - 0x626d8000 	C:\WINDOWS\SYSTEM32\NTASN1.dll
0x62680000 - 0x626a4000 	C:\Program Files (x86)\Eclipse Adoptium\jdk-11.0.21.9-hotspot\bin\sunec.dll
0x6cc40000 - 0x6cc55000 	C:\WINDOWS\SYSTEM32\CRYPTSP.dll
0x6cc10000 - 0x6cc40000 	C:\WINDOWS\system32\rsaenh.dll
0x746b0000 - 0x746cf000 	C:\WINDOWS\SYSTEM32\USERENV.dll
0x748a0000 - 0x748ab000 	C:\WINDOWS\SYSTEM32\CRYPTBASE.dll
0x757f0000 - 0x75814000 	C:\WINDOWS\SYSTEM32\IPHLPAPI.DLL
0x76b10000 - 0x76b17000 	C:\WINDOWS\System32\NSI.dll
0x6f970000 - 0x6f986000 	C:\WINDOWS\SYSTEM32\dhcpcsvc6.DLL
0x6f950000 - 0x6f967000 	C:\WINDOWS\SYSTEM32\dhcpcsvc.DLL
0x6f890000 - 0x6f94d000 	C:\WINDOWS\SYSTEM32\DNSAPI.dll
0x62670000 - 0x62678000 	C:\Windows\System32\rasadhlp.dll

dbghelp: loaded successfully - version: 4.0.5 - missing functions: none
symbol engine: initialized successfully - sym options: 0x614 - pdb path: .;C:\Program Files (x86)\Eclipse Adoptium\jdk-11.0.21.9-hotspot\bin;C:\WINDOWS\SYSTEM32;C:\WINDOWS\WinSxS\x86_microsoft.windows.common-controls_6595b64144ccf1df_6.0.22621.3235_none_6ebcabb88802389e;C:\Program Files (x86)\Eclipse Adoptium\jdk-11.0.21.9-hotspot\bin\client;C:\Program Files\JetBrains\IntelliJ IDEA 2023.3.2\bin;C:\Users\alexia\.openjfx\cache\17.0.6;C:\WINDOWS\System32\DriverStore\FileRepository\iigd_dch.inf_amd64_38b23bd92a6775fe;C:\Program Files (x86)\Common Files\Microsoft Shared\Ink

VM Arguments:
jvm_args: -javaagent:C:\Program Files\JetBrains\IntelliJ IDEA 2023.3.2\lib\idea_rt.jar=56141:C:\Program Files\JetBrains\IntelliJ IDEA 2023.3.2\bin -Dfile.encoding=UTF-8 --module-path=C:\Users\alexia\Downloads\appJavaFx\target\classes;C:\Users\alexia\.m2\repository\com\gluonhq\attach\lifecycle\4.0.19\lifecycle-4.0.19.jar;C:\Users\alexia\.m2\repository\org\openjfx\javafx-graphics\17.0.6\javafx-graphics-17.0.6-win-x86.jar;C:\Users\alexia\.m2\repository\org\openjfx\javafx-base\17.0.6\javafx-base-17.0.6-win-x86.jar;C:\Users\alexia\.m2\repository\com\gluonhq\attach\display\4.0.19\display-4.0.19.jar;C:\Users\alexia\.m2\repository\com\gluonhq\charm-glisten\6.2.3\charm-glisten-6.2.3.jar;C:\Users\alexia\.m2\repository\org\openjfx\javafx-controls\17.0.6\javafx-controls-17.0.6-win-x86.jar;C:\Users\alexia\.m2\repository\com\gluonhq\attach\util\4.0.19\util-4.0.19.jar;C:\Users\alexia\.m2\repository\org\kordamp\bootstrapfx\bootstrapfx-core\0.4.0\bootstrapfx-core-0.4.0.jar;C:\Users\alexia\.m2\repository\org\openjfx\javafx-fxml\17.0.6\javafx-fxml-17.0.6-win-x86.jar -Djdk.module.main=com.alilopez.vererinaria 
java_command: com.alilopez.vererinaria/com.alilopez.application.App
java_class_path (initial): C:\Users\alexia\.m2\repository\org\openjfx\javafx-controls\17.0.6\javafx-controls-17.0.6.jar;C:\Users\alexia\.m2\repository\org\openjfx\javafx-graphics\17.0.6\javafx-graphics-17.0.6.jar;C:\Users\alexia\.m2\repository\org\openjfx\javafx-base\17.0.6\javafx-base-17.0.6.jar;C:\Users\alexia\.m2\repository\org\openjfx\javafx-fxml\17.0.6\javafx-fxml-17.0.6.jar
Launcher Type: SUN_STANDARD

[Global flags]
   size_t InitialHeapSize                          = 16777216                                  {product} {ergonomic}
   size_t MaxHeapSize                              = 268435456                                 {product} {ergonomic}
   size_t MaxNewSize                               = 89456640                                  {product} {ergonomic}
   size_t MinHeapDeltaBytes                        = 131072                                    {product} {ergonomic}
   size_t NewSize                                  = 5570560                                   {product} {ergonomic}
    uintx NonProfiledCodeHeapSize                  = 0                                      {pd product} {ergonomic}
   size_t OldSize                                  = 11206656                                  {product} {ergonomic}
    uintx ProfiledCodeHeapSize                     = 0                                      {pd product} {ergonomic}
     bool ThreadLocalHandshakes                    = false                                  {pd product} {ergonomic}
     bool UseLargePagesIndividualAllocation        = false                                  {pd product} {ergonomic}
     bool UseSerialGC                              = true                                      {product} {ergonomic}

Logging:
Log output configuration:
 #0: stdout all=warning uptime,level,tags
 #1: stderr all=off uptime,level,tags

Environment Variables:
PATH=C:\Program Files (x86)\Eclipse Adoptium\jdk-11.0.21.9-hotspot\bin;C:\WINDOWS\system32;C:\WINDOWS;C:\WINDOWS\System32\Wbem;C:\WINDOWS\System32\WindowsPowerShell\v1.0\;C:\WINDOWS\System32\OpenSSH\;C:\Program Files\Git\cmd;C:\Program Files (x86)\Git\cmd;C:\Users\alexia\AppData\Local\Microsoft\WindowsApps;C:\Users\alexia\AppData\Local\GitHubDesktop\bin;C:\Users\alexia\AppData\Local\Programs\Microsoft VS Code\bin;;C:\Program Files\JetBrains\IntelliJ IDEA 2023.3.2\bin;
USERNAME=alexia
OS=Windows_NT
PROCESSOR_IDENTIFIER=Intel64 Family 6 Model 140 Stepping 1, GenuineIntel
TMP=C:\Users\alexia\AppData\Local\Temp
TEMP=C:\Users\alexia\AppData\Local\Temp



---------------  S Y S T E M  ---------------

OS: Windows 11 , 64 bit Build 22621 (10.0.22621.3374)
OS uptime: 1 days 16:04 hours

CPU:total 4 (initial active 4) (2 cores per cpu, 2 threads per core) family 6 model 140 stepping 1 microcode 0x8a, cmov, cx8, fxsr, mmx, sse, sse2, sse3, ssse3, sse4.1, sse4.2, popcnt, avx, avx2, aes, clmul, erms, 3dnowpref, lzcnt, ht, tsc, tscinvbit, bmi1, bmi2, adx, evex, sha, fma

Memory: 4k page, system-wide physical 3875M (93M free)
TotalPageFile size 11225M (AvailPageFile size 1418M), user-mode portion of virtual address-space 2047M (1333M free)
current process WorkingSet (physical memory assigned to process): 40M, peak: 289M
current process commit charge ("private bytes"): 276M, peak: 276M

vm_info: OpenJDK Client VM (11.0.21+9) for windows-x86 JRE (11.0.21+9), built on Oct 17 2023 17:27:10 by "" with MS VC++ 15.9 (VS2017)

END.
