#
# A fatal error has been detected by the Java Runtime Environment:
#
#  EXCEPTION_ACCESS_VIOLATION (0xc0000005) at pc=0x6b1a6c62, pid=4780, tid=2764
#
# JRE version: OpenJDK Runtime Environment Temurin-11.0.21+9 (11.0.21+9) (build 11.0.21+9)
# Java VM: OpenJDK Client VM Temurin-11.0.21+9 (11.0.21+9, mixed mode, serial gc, windows-x86)
# Problematic frame:
# C  [glass.dll+0x16c62]
#
# No core dump will be written. Minidumps are not enabled by default on client versions of Windows
#
# If you would like to submit a bug report, please visit:
#   https://github.com/adoptium/adoptium-support/issues
# The crash happened outside the Java Virtual Machine in native code.
# See problematic frame for where to report the bug.
#

---------------  S U M M A R Y ------------

Command Line: -javaagent:C:\Program Files\JetBrains\IntelliJ IDEA 2023.3.2\lib\idea_rt.jar=54785:C:\Program Files\JetBrains\IntelliJ IDEA 2023.3.2\bin -Dfile.encoding=UTF-8 --module-path=C:\Users\alexia\.m2\repository\com\gluonhq\attach\display\4.0.19\display-4.0.19.jar;C:\Users\alexia\.m2\repository\org\openjfx\javafx-graphics\17.0.6\javafx-graphics-17.0.6-win-x86.jar;C:\Users\alexia\.m2\repository\org\openjfx\javafx-base\17.0.6\javafx-base-17.0.6-win-x86.jar;C:\Users\alexia\.m2\repository\com\gluonhq\charm-glisten\6.2.3\charm-glisten-6.2.3.jar;C:\Users\alexia\.m2\repository\com\gluonhq\attach\lifecycle\4.0.19\lifecycle-4.0.19.jar;C:\Users\alexia\Downloads\appJavaFx\target\classes;C:\Users\alexia\.m2\repository\org\kordamp\bootstrapfx\bootstrapfx-core\0.4.0\bootstrapfx-core-0.4.0.jar;C:\Users\alexia\.m2\repository\org\openjfx\javafx-controls\17.0.6\javafx-controls-17.0.6-win-x86.jar;C:\Users\alexia\.m2\repository\org\openjfx\javafx-fxml\17.0.6\javafx-fxml-17.0.6-win-x86.jar;C:\Users\alexia\.m2\repository\com\gluonhq\attach\util\4.0.19\util-4.0.19.jar -Djdk.module.main=com.alilopez.vererinaria com.alilopez.vererinaria/com.alilopez.application.App

Host: 11th Gen Intel(R) Core(TM) i3-1115G4 @ 3.00GHz, 4 cores, 3G,  Windows 11 , 64 bit Build 22621 (10.0.22621.3374)
Time: Sun Apr 14 22:34:42 2024 Hora estándar central (México) elapsed time: 99.679765 seconds (0d 0h 1m 39s)

---------------  T H R E A D  ---------------

Current thread (0x16269000):  JavaThread "JavaFX Application Thread" [_thread_in_native, id=2764, stack(0x168e0000,0x16930000)]

Stack: [0x168e0000,0x16930000],  sp=0x1692e37c,  free space=312k
Native frames: (J=compiled Java code, A=aot compiled Java code, j=interpreted, Vv=VM code, C=native code)
C  [glass.dll+0x16c62]

Java frames: (J=compiled Java code, j=interpreted, Vv=VM code)
j  com.sun.glass.ui.win.WinWindow._close(J)Z+0 javafx.graphics
j  com.sun.glass.ui.Window.close()V+63 javafx.graphics
j  com.sun.glass.ui.win.WinWindow.close()V+8 javafx.graphics
j  com.sun.glass.ui.Application.terminate()V+75 javafx.graphics
j  com.sun.javafx.tk.quantum.QuantumToolkit.lambda$exit$13()Ljava/lang/Object;+5 javafx.graphics
j  com.sun.javafx.tk.quantum.QuantumToolkit$$Lambda$486.get()Ljava/lang/Object;+0 javafx.graphics
j  com.sun.javafx.tk.quantum.QuantumToolkit.runWithRenderLock(Ljava/util/function/Supplier;)Ljava/lang/Object;+7 javafx.graphics
j  com.sun.javafx.tk.quantum.QuantumToolkit.exit()V+26 javafx.graphics
j  com.sun.javafx.application.PlatformImpl.lambda$tkExit$16()V+3 javafx.graphics
j  com.sun.javafx.application.PlatformImpl$$Lambda$485.run()V+0 javafx.graphics
j  com.sun.javafx.application.PlatformImpl.lambda$runAndWait$12(Ljava/lang/Runnable;Ljava/util/concurrent/CountDownLatch;)V+1 javafx.graphics
j  com.sun.javafx.application.PlatformImpl$$Lambda$86.run()V+8 javafx.graphics
j  com.sun.javafx.application.PlatformImpl.lambda$runLater$10(Ljava/lang/Runnable;)Ljava/lang/Void;+1 javafx.graphics
j  com.sun.javafx.application.PlatformImpl$$Lambda$89.run()Ljava/lang/Object;+4 javafx.graphics
v  ~StubRoutines::call_stub
J 1741  java.security.AccessController.doPrivileged(Ljava/security/PrivilegedAction;Ljava/security/AccessControlContext;)Ljava/lang/Object; java.base@11.0.21 (0 bytes) @ 0x038ed607 [0x038ed5a0+0x00000067]
j  com.sun.javafx.application.PlatformImpl.lambda$runLater$11(Ljava/lang/Runnable;Ljava/security/AccessControlContext;)V+7 javafx.graphics
j  com.sun.javafx.application.PlatformImpl$$Lambda$87.run()V+8 javafx.graphics
J 2242 c1 com.sun.glass.ui.InvokeLaterDispatcher$Future.run()V javafx.graphics (91 bytes) @ 0x0397c940 [0x0397c910+0x00000030]
v  ~StubRoutines::call_stub
j  com.sun.glass.ui.win.WinApplication._runLoop(Ljava/lang/Runnable;)V+0 javafx.graphics
j  com.sun.glass.ui.win.WinApplication.lambda$runLoop$3(ILjava/lang/Runnable;)V+8 javafx.graphics
j  com.sun.glass.ui.win.WinApplication$$Lambda$77.run()V+12 javafx.graphics
j  java.lang.Thread.run()V+11 java.base@11.0.21
v  ~StubRoutines::call_stub

siginfo: EXCEPTION_ACCESS_VIOLATION (0xc0000005), reading address 0x000000b8


Register to memory mapping:

EIP=0x6b1a6c62 glass.dll
EAX=0x0 is NULL
EBX=0x1692e5b0 is pointing into the stack for thread: 0x16269000
ECX=0x0 is NULL
EDX=0x0 is NULL
ESP=0x1692e37c is pointing into the stack for thread: 0x16269000
EBP=0x1692e3a8 is pointing into the stack for thread: 0x16269000
ESI=0x00000401 is an unknown value
EDI=0x0 is NULL


Registers:
EAX=0x00000000, EBX=0x1692e5b0, ECX=0x00000000, EDX=0x00000000
ESP=0x1692e37c, EBP=0x1692e3a8, ESI=0x00000401, EDI=0x00000000
EIP=0x6b1a6c62, EFLAGS=0x00010202

Top of Stack: (sp=0x1692e37c)
0x1692e37c:   1692e5b0 00000401 1692e5b0 6b198df8
0x1692e38c:   24f9b73c 16280ce0 008903a0 00000401
0x1692e39c:   1692e4dc 6b1b02b0 ffffffff 00000000
0x1692e3ac:   6b191755 00000401 1692e5b0 00000000
0x1692e3bc:   00000401 008903a0 1692e3f4 6b1916f0
0x1692e3cc:   76ac30b3 008903a0 00000401 1692e5b0
0x1692e3dc:   00000000 008903a0 dcbaabcd 6b1916f0
0x1692e3ec:   00000401 008903a0 1692e4ec 76ab3ef6 

Instructions: (pc=0x6b1a6c62)
0x6b1a6b62:   21 56 e8 47 42 00 00 ff 35 e8 03 1c 6b 8b f0 ff
0x6b1a6b72:   77 68 56 e8 96 de fe ff 56 e8 a0 41 00 00 83 c4
0x6b1a6b82:   10 5e c7 05 a4 03 1c 6b 00 00 00 00 5f c3 83 ec
0x6b1a6b92:   24 a1 ec e0 1b 6b 33 c4 89 44 24 20 8b 44 24 28
0x6b1a6ba2:   53 89 44 24 04 8b d9 8b 44 24 30 89 44 24 08 8b
0x6b1a6bb2:   44 24 38 55 89 44 24 10 8b 44 24 38 56 89 83 84
0x6b1a6bc2:   00 00 00 8b 44 24 0c 89 5c 24 18 bb 00 00 00 80
0x6b1a6bd2:   8b eb 8b f3 57 8b fb 85 c0 79 29 8d 44 24 20 50
0x6b1a6be2:   e8 29 aa fe ff 83 c4 04 85 c0 8b 44 24 10 74 14
0x6b1a6bf2:   8b 74 24 28 8b 5c 24 20 2b f3 8b 7c 24 2c 8b 6c
0x6b1a6c02:   24 24 2b fd 6a 00 50 ff 74 24 1c 68 d8 23 1b 6b
0x6b1a6c12:   57 56 8b 74 24 34 8b ce 55 53 ff 74 24 38 e8 db
0x6b1a6c22:   a7 fe ff 8b f8 8d 4e 14 57 e8 40 64 00 00 57 8d
0x6b1a6c32:   4e 14 e8 c7 64 00 00 8b 4c 24 30 8b c7 5f 5e 5d
0x6b1a6c42:   5b 33 cc e8 ae 7a 00 00 83 c4 24 c2 10 00 53 8b
0x6b1a6c52:   d9 56 57 ff 73 08 e8 93 a9 fe ff 8b f8 83 c4 04
0x6b1a6c62:   8b 87 b8 00 00 00 85 c0 75 03 8b 47 04 3b 05 a4
0x6b1a6c72:   03 1c 6b 75 29 e8 34 41 00 00 ff 35 e8 03 1c 6b
0x6b1a6c82:   8b f0 ff 77 68 56 e8 83 dd fe ff 56 e8 8d 40 00
0x6b1a6c92:   00 83 c4 10 c7 05 a4 03 1c 6b 00 00 00 00 8d 4f
0x6b1a6ca2:   14 e8 b8 69 00 00 8d 4f 14 e8 e0 69 00 00 ff 73
0x6b1a6cb2:   08 ff 15 f8 fe 1b 6b 85 c0 5f 0f 95 c0 5e 88 43
0x6b1a6cc2:   04 5b c3 cc cc cc cc cc cc cc cc cc cc cc 55 8b
0x6b1a6cd2:   ec 6a ff 68 f7 11 1b 6b 64 a1 00 00 00 00 50 83
0x6b1a6ce2:   ec 08 53 56 57 a1 ec e0 1b 6b 33 c5 50 8d 45 f4
0x6b1a6cf2:   64 a3 00 00 00 00 8b f9 ff 77 18 ff 15 60 ff 1b
0x6b1a6d02:   6b 85 c0 75 13 0f 57 c0 66 0f 13 45 ec 8b 55 f0
0x6b1a6d12:   8b 45 ec e9 a7 00 00 00 68 dc 00 00 00 e8 96 79
0x6b1a6d22:   00 00 83 c4 04 89 45 f0 c7 45 fc 00 00 00 00 85
0x6b1a6d32:   c0 74 19 ff 77 18 8b c8 6a 01 6a 00 6a 00 6a 00
0x6b1a6d42:   ff 77 10 e8 a6 f9 ff ff 8b d8 eb 02 33 db ff 77
0x6b1a6d52:   18 8b cb c7 45 fc ff ff ff ff 6a 00 68 00 00 10 


Stack slot to memory mapping:
stack at sp + 0 slots: 0x1692e5b0 is pointing into the stack for thread: 0x16269000
stack at sp + 1 slots: 0x00000401 is an unknown value
stack at sp + 2 slots: 0x1692e5b0 is pointing into the stack for thread: 0x16269000
stack at sp + 3 slots: 0x6b198df8 glass.dll
stack at sp + 4 slots: 0x24f9b73c points into unknown readable memory: 0xffffffff | ff ff ff ff
stack at sp + 5 slots: 0x16280ce0 points into unknown readable memory: 0x6b1b319c | 9c 31 1b 6b
stack at sp + 6 slots: 0x008903a0 is an unknown value
stack at sp + 7 slots: 0x00000401 is an unknown value


---------------  P R O C E S S  ---------------

Threads class SMR info:
_java_thread_list=0x1afb82f8, length=18, elements={
0x0355fc00, 0x03638800, 0x03615800, 0x03635400,
0x03637400, 0x15960c00, 0x15962000, 0x15965400,
0x0363e000, 0x15b20000, 0x16210400, 0x16261800,
0x16269000, 0x1aa7b800, 0x1aabd800, 0x1adc0000,
0x15accc00, 0x20685800
}

Java Threads: ( => current thread )
  0x0355fc00 JavaThread "main" [_thread_blocked, id=2164, stack(0x02cf0000,0x02d40000)]
  0x03638800 JavaThread "Reference Handler" daemon [_thread_blocked, id=10460, stack(0x05680000,0x056d0000)]
  0x03615800 JavaThread "Finalizer" daemon [_thread_blocked, id=7076, stack(0x05710000,0x05760000)]
  0x03635400 JavaThread "Signal Dispatcher" daemon [_thread_blocked, id=8380, stack(0x057a0000,0x057f0000)]
  0x03637400 JavaThread "Attach Listener" daemon [_thread_blocked, id=3604, stack(0x15b70000,0x15bc0000)]
  0x15960c00 JavaThread "Service Thread" daemon [_thread_blocked, id=15116, stack(0x15c00000,0x15c50000)]
  0x15962000 JavaThread "C1 CompilerThread0" daemon [_thread_blocked, id=6944, stack(0x15c90000,0x15ce0000)]
  0x15965400 JavaThread "Sweeper thread" daemon [_thread_blocked, id=2676, stack(0x15d20000,0x15d70000)]
  0x0363e000 JavaThread "Common-Cleaner" daemon [_thread_blocked, id=14828, stack(0x15db0000,0x15e00000)]
  0x15b20000 JavaThread "Monitor Ctrl-Break" daemon [_thread_in_native, id=15176, stack(0x15e40000,0x15e90000)]
  0x16210400 JavaThread "QuantumRenderer-0" daemon [_thread_blocked, id=4244, stack(0x16560000,0x165b0000)]
  0x16261800 JavaThread "InvokeLaterDispatcher" daemon [_thread_blocked, id=14156, stack(0x16790000,0x167e0000)]
=>0x16269000 JavaThread "JavaFX Application Thread" [_thread_in_native, id=2764, stack(0x168e0000,0x16930000)]
  0x1aa7b800 JavaThread "Thread-1" daemon [_thread_in_native, id=14788, stack(0x1bc80000,0x1bcd0000)]
  0x1aabd800 JavaThread "JavaFX-Launcher" [_thread_blocked, id=14456, stack(0x1bd10000,0x1bd60000)]
  0x1adc0000 JavaThread "Prism Font Disposer" daemon [_thread_blocked, id=13492, stack(0x1dce0000,0x1dd30000)]
  0x15accc00 JavaThread "Cleaner-0" daemon [_thread_blocked, id=10124, stack(0x1e1f0000,0x1e240000)]
  0x20685800 JavaThread "Keep-Alive-Timer" daemon [_thread_blocked, id=14728, stack(0x01260000,0x012b0000)]

Other Threads:
  0x03611000 VMThread "VM Thread" [stack: 0x034c0000,0x03510000] [id=8040]
  0x15b20c00 WatcherThread [stack: 0x15ed0000,0x15f20000] [id=7204]

Threads with active compile tasks:

VM state:not at safepoint (normal execution)

VM Mutex/Monitor currently owned by a thread: None

Heap:
 def new generation   total 70656K, used 41333K [0x05800000, 0x0a4a0000, 0x0ad50000)
  eden space 62848K,  65% used [0x05800000, 0x0805d620, 0x09560000)
  from space 7808K,   0% used [0x09560000, 0x09560000, 0x09d00000)
  to   space 7808K,   0% used [0x09d00000, 0x09d00000, 0x0a4a0000)
 tenured generation   total 156888K, used 94132K [0x0ad50000, 0x14686000, 0x15800000)
   the space 156888K,  59% used [0x0ad50000, 0x1093d2f0, 0x1093d400, 0x14686000)
 Metaspace       used 19041K, capacity 19338K, committed 19456K, reserved 19840K

Card table byte_map: [0x02f30000,0x02fc0000] _byte_map_base: 0x02f04000

Polling page: 0x01660000

Metaspace:

Usage:
   18.89 MB capacity,    18.60 MB ( 98%) used,   203.10 KB (  1%) free+waste,    93.44 KB ( <1%) overhead. 

Virtual space:
     19.38 MB reserved,      19.00 MB ( 98%) committed 

Chunk freelists:
117.50 KB

MaxMetaspaceSize: 4.00 GB
No class space
Initial GC threshold: 12.00 MB
Current GC threshold: 31.46 MB
CDS: off

CodeCache: size=32768Kb used=3977Kb max_used=3977Kb free=28790Kb
 bounds [0x03640000, 0x03a28000, 0x05640000]
 total_blobs=3220 nmethods=2776 adapters=375
 compilation: enabled
              stopped_count=0, restarted_count=0
 full_count=0

Compilation events (20 events):
Event: 99.621 Thread 0x15962000 2767             sun.nio.cs.UTF_8$Encoder::encodeLoop (28 bytes)
Event: 99.622 Thread 0x15962000 nmethod 2767 0x03a1fb08 code [0x03a1fc30, 0x03a1fd68]
Event: 99.622 Thread 0x15962000 2768             sun.nio.cs.StreamEncoder::implFlushBuffer (15 bytes)
Event: 99.622 Thread 0x15962000 nmethod 2768 0x03a1fe48 code [0x03a1ff60, 0x03a1fffc]
Event: 99.622 Thread 0x15962000 2769             sun.nio.cs.StreamEncoder::writeBytes (132 bytes)
Event: 99.622 Thread 0x15962000 nmethod 2769 0x03a20088 code [0x03a20220, 0x03a20560]
Event: 99.622 Thread 0x15962000 2770   !         java.io.PrintStream::write (69 bytes)
Event: 99.623 Thread 0x15962000 nmethod 2770 0x03a20788 code [0x03a208f0, 0x03a20c60]
Event: 99.623 Thread 0x15962000 2771  s          java.io.BufferedOutputStream::write (67 bytes)
Event: 99.623 Thread 0x15962000 nmethod 2771 0x03a20e88 code [0x03a20fd0, 0x03a21360]
Event: 99.623 Thread 0x15962000 2772   !         java.io.BufferedWriter::flushBuffer (53 bytes)
Event: 99.623 Thread 0x15962000 nmethod 2772 0x03a21488 code [0x03a215c0, 0x03a218c8]
Event: 99.623 Thread 0x15962000 2773             java.io.OutputStreamWriter::write (11 bytes)
Event: 99.623 Thread 0x15962000 nmethod 2773 0x03a21a48 code [0x03a21b60, 0x03a21c0c]
Event: 99.623 Thread 0x15962000 2774             java.io.OutputStreamWriter::flushBuffer (8 bytes)
Event: 99.623 Thread 0x15962000 nmethod 2774 0x03a21c88 code [0x03a21da0, 0x03a21e3c]
Event: 99.623 Thread 0x15962000 2775   !         sun.nio.cs.StreamEncoder::flushBuffer (42 bytes)
Event: 99.624 Thread 0x15962000 nmethod 2775 0x03a21ec8 code [0x03a22000, 0x03a222b8]
Event: 99.624 Thread 0x15962000 2776             sun.nio.cs.StreamEncoder::isOpen (13 bytes)
Event: 99.624 Thread 0x15962000 nmethod 2776 0x03a22488 code [0x03a22590, 0x03a22620]

GC Heap History (20 events):
Event: 8.599 GC heap before
{Heap before GC invocations=13 (full 1):
 def new generation   total 4992K, used 4637K [0x05800000, 0x05d60000, 0x0ad50000)
  eden space 4480K,  96% used [0x05800000, 0x05c3e098, 0x05c60000)
  from space 512K,  57% used [0x05ce0000, 0x05d29440, 0x05d60000)
  to   space 512K,   0% used [0x05c60000, 0x05c60000, 0x05ce0000)
 tenured generation   total 10944K, used 10011K [0x0ad50000, 0x0b800000, 0x15800000)
   the space 10944K,  91% used [0x0ad50000, 0x0b716e18, 0x0b717000, 0x0b800000)
 Metaspace       used 15079K, capacity 15269K, committed 15360K, reserved 15744K
}
Event: 8.613 GC heap after
{Heap after GC invocations=14 (full 2):
 def new generation   total 9792K, used 177K [0x05800000, 0x06290000, 0x0ad50000)
  eden space 8768K,   2% used [0x05800000, 0x0582c5d0, 0x06090000)
  from space 1024K,   0% used [0x06090000, 0x06090000, 0x06190000)
  to   space 1024K,   0% used [0x06190000, 0x06190000, 0x06290000)
 tenured generation   total 21492K, used 12892K [0x0ad50000, 0x0c24d000, 0x15800000)
   the space 21492K,  59% used [0x0ad50000, 0x0b9e73f8, 0x0b9e7400, 0x0c24d000)
 Metaspace       used 15079K, capacity 15269K, committed 15360K, reserved 15744K
}
Event: 12.714 GC heap before
{Heap before GC invocations=14 (full 2):
 def new generation   total 9792K, used 8753K [0x05800000, 0x06290000, 0x0ad50000)
  eden space 8768K,  99% used [0x05800000, 0x0608c530, 0x06090000)
  from space 1024K,   0% used [0x06090000, 0x06090000, 0x06190000)
  to   space 1024K,   0% used [0x06190000, 0x06190000, 0x06290000)
 tenured generation   total 21492K, used 12892K [0x0ad50000, 0x0c24d000, 0x15800000)
   the space 21492K,  59% used [0x0ad50000, 0x0b9e73f8, 0x0b9e7400, 0x0c24d000)
 Metaspace       used 15079K, capacity 15269K, committed 15360K, reserved 15744K
}
Event: 12.722 GC heap after
{Heap after GC invocations=15 (full 2):
 def new generation   total 9792K, used 882K [0x05800000, 0x06290000, 0x0ad50000)
  eden space 8768K,   0% used [0x05800000, 0x05800000, 0x06090000)
  from space 1024K,  86% used [0x06190000, 0x0626cb78, 0x06290000)
  to   space 1024K,   0% used [0x06090000, 0x06090000, 0x06190000)
 tenured generation   total 21492K, used 17808K [0x0ad50000, 0x0c24d000, 0x15800000)
   the space 21492K,  82% used [0x0ad50000, 0x0beb43a0, 0x0beb4400, 0x0c24d000)
 Metaspace       used 15079K, capacity 15269K, committed 15360K, reserved 15744K
}
Event: 18.367 GC heap before
{Heap before GC invocations=15 (full 2):
 def new generation   total 9792K, used 9442K [0x05800000, 0x06290000, 0x0ad50000)
  eden space 8768K,  97% used [0x05800000, 0x0605bf70, 0x06090000)
  from space 1024K,  86% used [0x06190000, 0x0626cb78, 0x06290000)
  to   space 1024K,   0% used [0x06090000, 0x06090000, 0x06190000)
 tenured generation   total 21492K, used 17808K [0x0ad50000, 0x0c24d000, 0x15800000)
   the space 21492K,  82% used [0x0ad50000, 0x0beb43a0, 0x0beb4400, 0x0c24d000)
 Metaspace       used 15079K, capacity 15269K, committed 15360K, reserved 15744K
}
Event: 18.389 GC heap after
{Heap after GC invocations=16 (full 3):
 def new generation   total 17664K, used 879K [0x05800000, 0x06b20000, 0x0ad50000)
  eden space 15744K,   5% used [0x05800000, 0x058dbf60, 0x06760000)
  from space 1920K,   0% used [0x06760000, 0x06760000, 0x06940000)
  to   space 1920K,   0% used [0x06940000, 0x06940000, 0x06b20000)
 tenured generation   total 39056K, used 23431K [0x0ad50000, 0x0d374000, 0x15800000)
   the space 39056K,  59% used [0x0ad50000, 0x0c431e18, 0x0c432000, 0x0d374000)
 Metaspace       used 14846K, capacity 14984K, committed 15360K, reserved 15744K
}
Event: 20.330 GC heap before
{Heap before GC invocations=16 (full 3):
 def new generation   total 17664K, used 15744K [0x05800000, 0x06b20000, 0x0ad50000)
  eden space 15744K, 100% used [0x05800000, 0x06760000, 0x06760000)
  from space 1920K,   0% used [0x06760000, 0x06760000, 0x06940000)
  to   space 1920K,   0% used [0x06940000, 0x06940000, 0x06b20000)
 tenured generation   total 39056K, used 23431K [0x0ad50000, 0x0d374000, 0x15800000)
   the space 39056K,  59% used [0x0ad50000, 0x0c431e18, 0x0c432000, 0x0d374000)
 Metaspace       used 16450K, capacity 16662K, committed 16768K, reserved 16768K
}
Event: 20.338 GC heap after
{Heap after GC invocations=17 (full 3):
 def new generation   total 17664K, used 1920K [0x05800000, 0x06b20000, 0x0ad50000)
  eden space 15744K,   0% used [0x05800000, 0x05800000, 0x06760000)
  from space 1920K, 100% used [0x06940000, 0x06b20000, 0x06b20000)
  to   space 1920K,   0% used [0x06760000, 0x06760000, 0x06940000)
 tenured generation   total 39056K, used 25110K [0x0ad50000, 0x0d374000, 0x15800000)
   the space 39056K,  64% used [0x0ad50000, 0x0c5d5bc0, 0x0c5d5c00, 0x0d374000)
 Metaspace       used 16450K, capacity 16662K, committed 16768K, reserved 16768K
}
Event: 26.649 GC heap before
{Heap before GC invocations=17 (full 3):
 def new generation   total 17664K, used 17664K [0x05800000, 0x06b20000, 0x0ad50000)
  eden space 15744K, 100% used [0x05800000, 0x06760000, 0x06760000)
  from space 1920K, 100% used [0x06940000, 0x06b20000, 0x06b20000)
  to   space 1920K,   0% used [0x06760000, 0x06760000, 0x06940000)
 tenured generation   total 39056K, used 25110K [0x0ad50000, 0x0d374000, 0x15800000)
   the space 39056K,  64% used [0x0ad50000, 0x0c5d5bc0, 0x0c5d5c00, 0x0d374000)
 Metaspace       used 17582K, capacity 17816K, committed 17920K, reserved 18816K
}
Event: 26.656 GC heap after
{Heap after GC invocations=18 (full 3):
 def new generation   total 17664K, used 1920K [0x05800000, 0x06b20000, 0x0ad50000)
  eden space 15744K,   0% used [0x05800000, 0x05800000, 0x06760000)
  from space 1920K, 100% used [0x06760000, 0x06940000, 0x06940000)
  to   space 1920K,   0% used [0x06940000, 0x06940000, 0x06b20000)
 tenured generation   total 39056K, used 31003K [0x0ad50000, 0x0d374000, 0x15800000)
   the space 39056K,  79% used [0x0ad50000, 0x0cb96d18, 0x0cb96e00, 0x0d374000)
 Metaspace       used 17582K, capacity 17816K, committed 17920K, reserved 18816K
}
Event: 27.375 GC heap before
{Heap before GC invocations=18 (full 3):
 def new generation   total 17664K, used 17240K [0x05800000, 0x06b20000, 0x0ad50000)
  eden space 15744K,  97% used [0x05800000, 0x066f6280, 0x06760000)
  from space 1920K, 100% used [0x06760000, 0x06940000, 0x06940000)
  to   space 1920K,   0% used [0x06940000, 0x06940000, 0x06b20000)
 tenured generation   total 39056K, used 31003K [0x0ad50000, 0x0d374000, 0x15800000)
   the space 39056K,  79% used [0x0ad50000, 0x0cb96d18, 0x0cb96e00, 0x0d374000)
 Metaspace       used 17582K, capacity 17816K, committed 17920K, reserved 18816K
}
Event: 27.408 GC heap after
{Heap after GC invocations=19 (full 4):
 def new generation   total 31296K, used 443K [0x05800000, 0x079f0000, 0x0ad50000)
  eden space 27840K,   1% used [0x05800000, 0x0586ee90, 0x07330000)
  from space 3456K,   0% used [0x07330000, 0x07330000, 0x07690000)
  to   space 3456K,   0% used [0x07690000, 0x07690000, 0x079f0000)
 tenured generation   total 69412K, used 41646K [0x0ad50000, 0x0f119000, 0x15800000)
   the space 69412K,  59% used [0x0ad50000, 0x0d5fbb68, 0x0d5fbc00, 0x0f119000)
 Metaspace       used 17548K, capacity 17774K, committed 17920K, reserved 18816K
}
Event: 29.430 GC heap before
{Heap before GC invocations=19 (full 4):
 def new generation   total 31296K, used 27840K [0x05800000, 0x079f0000, 0x0ad50000)
  eden space 27840K, 100% used [0x05800000, 0x07330000, 0x07330000)
  from space 3456K,   0% used [0x07330000, 0x07330000, 0x07690000)
  to   space 3456K,   0% used [0x07690000, 0x07690000, 0x079f0000)
 tenured generation   total 69412K, used 41646K [0x0ad50000, 0x0f119000, 0x15800000)
   the space 69412K,  59% used [0x0ad50000, 0x0d5fbb68, 0x0d5fbc00, 0x0f119000)
 Metaspace       used 17566K, capacity 17806K, committed 17920K, reserved 18816K
}
Event: 29.447 GC heap after
{Heap after GC invocations=20 (full 4):
 def new generation   total 31296K, used 3227K [0x05800000, 0x079f0000, 0x0ad50000)
  eden space 27840K,   0% used [0x05800000, 0x05800000, 0x07330000)
  from space 3456K,  93% used [0x07690000, 0x079b6e58, 0x079f0000)
  to   space 3456K,   0% used [0x07330000, 0x07330000, 0x07690000)
 tenured generation   total 69412K, used 58037K [0x0ad50000, 0x0f119000, 0x15800000)
   the space 69412K,  83% used [0x0ad50000, 0x0e5fd518, 0x0e5fd600, 0x0f119000)
 Metaspace       used 17566K, capacity 17806K, committed 17920K, reserved 18816K
}
Event: 63.225 GC heap before
{Heap before GC invocations=20 (full 4):
 def new generation   total 31296K, used 31067K [0x05800000, 0x079f0000, 0x0ad50000)
  eden space 27840K, 100% used [0x05800000, 0x07330000, 0x07330000)
  from space 3456K,  93% used [0x07690000, 0x079b6e58, 0x079f0000)
  to   space 3456K,   0% used [0x07330000, 0x07330000, 0x07690000)
 tenured generation   total 69412K, used 58037K [0x0ad50000, 0x0f119000, 0x15800000)
   the space 69412K,  83% used [0x0ad50000, 0x0e5fd518, 0x0e5fd600, 0x0f119000)
 Metaspace       used 18996K, capacity 19311K, committed 19328K, reserved 19840K
}
Event: 63.235 GC heap after
{Heap after GC invocations=21 (full 4):
 def new generation   total 31296K, used 3456K [0x05800000, 0x079f0000, 0x0ad50000)
  eden space 27840K,   0% used [0x05800000, 0x05800000, 0x07330000)
  from space 3456K, 100% used [0x07330000, 0x07690000, 0x07690000)
  to   space 3456K,   0% used [0x07690000, 0x07690000, 0x079f0000)
 tenured generation   total 69412K, used 63896K [0x0ad50000, 0x0f119000, 0x15800000)
   the space 69412K,  92% used [0x0ad50000, 0x0ebb63d0, 0x0ebb6400, 0x0f119000)
 Metaspace       used 18996K, capacity 19311K, committed 19328K, reserved 19840K
}
Event: 84.421 GC heap before
{Heap before GC invocations=21 (full 4):
 def new generation   total 31296K, used 15630K [0x05800000, 0x079f0000, 0x0ad50000)
  eden space 27840K,  43% used [0x05800000, 0x063e3930, 0x07330000)
  from space 3456K, 100% used [0x07330000, 0x07690000, 0x07690000)
  to   space 3456K,   0% used [0x07690000, 0x07690000, 0x079f0000)
 tenured generation   total 69412K, used 63896K [0x0ad50000, 0x0f119000, 0x15800000)
   the space 69412K,  92% used [0x0ad50000, 0x0ebb63d0, 0x0ebb6400, 0x0f119000)
 Metaspace       used 19001K, capacity 19313K, committed 19328K, reserved 19840K
}
Event: 84.429 GC heap after
{Heap after GC invocations=22 (full 4):
 def new generation   total 31296K, used 1775K [0x05800000, 0x079f0000, 0x0ad50000)
  eden space 27840K,   0% used [0x05800000, 0x05800000, 0x07330000)
  from space 3456K,  51% used [0x07690000, 0x0784bc00, 0x079f0000)
  to   space 3456K,   0% used [0x07330000, 0x07330000, 0x07690000)
 tenured generation   total 69412K, used 68668K [0x0ad50000, 0x0f119000, 0x15800000)
   the space 69412K,  98% used [0x0ad50000, 0x0f05f068, 0x0f05f200, 0x0f119000)
 Metaspace       used 19001K, capacity 19313K, committed 19328K, reserved 19840K
}
Event: 85.341 GC heap before
{Heap before GC invocations=22 (full 4):
 def new generation   total 31296K, used 27225K [0x05800000, 0x079f0000, 0x0ad50000)
  eden space 27840K,  91% used [0x05800000, 0x070dab20, 0x07330000)
  from space 3456K,  51% used [0x07690000, 0x0784bc00, 0x079f0000)
  to   space 3456K,   0% used [0x07330000, 0x07330000, 0x07690000)
 tenured generation   total 69412K, used 68668K [0x0ad50000, 0x0f119000, 0x15800000)
   the space 69412K,  98% used [0x0ad50000, 0x0f05f068, 0x0f05f200, 0x0f119000)
 Metaspace       used 19007K, capacity 19321K, committed 19328K, reserved 19840K
}
Event: 85.370 GC heap after
{Heap after GC invocations=23 (full 5):
 def new generation   total 70656K, used 930K [0x05800000, 0x0a4a0000, 0x0ad50000)
  eden space 62848K,   1% used [0x05800000, 0x058e8b80, 0x09560000)
  from space 7808K,   0% used [0x09560000, 0x09560000, 0x09d00000)
  to   space 7808K,   0% used [0x09d00000, 0x09d00000, 0x0a4a0000)
 tenured generation   total 156888K, used 94132K [0x0ad50000, 0x14686000, 0x15800000)
   the space 156888K,  59% used [0x0ad50000, 0x1093d2f0, 0x1093d400, 0x14686000)
 Metaspace       used 18874K, capacity 19156K, committed 19328K, reserved 19840K
}

Deoptimization events (8 events):
Event: 20.273 Thread 0x16269000 DEOPT PACKING pc=0x0376750f sp=0x1692dc70
Event: 20.273 Thread 0x16269000 DEOPT UNPACKING pc=0x0367c187 sp=0x1692db90 mode 3
Event: 20.276 Thread 0x16269000 DEOPT PACKING pc=0x038267b1 sp=0x1692ddf0
Event: 20.276 Thread 0x16269000 DEOPT UNPACKING pc=0x0367c187 sp=0x1692dd14 mode 3
Event: 20.345 Thread 0x16269000 DEOPT PACKING pc=0x0384b48c sp=0x1692da00
Event: 20.345 Thread 0x16269000 DEOPT UNPACKING pc=0x0367c187 sp=0x1692d8b0 mode 3
Event: 20.634 Thread 0x16210400 DEOPT PACKING pc=0x03878cfd sp=0x165aed30
Event: 20.634 Thread 0x16210400 DEOPT UNPACKING pc=0x0367c187 sp=0x165aec5c mode 3

Classes redefined (0 events):
No events

Internal exceptions (20 events):
Event: 30.241 Thread 0x16269000 Exception <a 'java/lang/ClassNotFoundException'{0x05e549a8}: com/sun/javafx/scene/control/skin/resources/controls_es> (0x05e549a8) thrown at [s\src\hotspot\share\prims\jni.cpp, line 638]
Event: 30.242 Thread 0x16269000 Exception <a 'java/lang/ClassNotFoundException'{0x05e61e10}: com/sun/javafx/scene/control/skin/resources/controls_es_MX> (0x05e61e10) thrown at [s\src\hotspot\share\prims\jni.cpp, line 638]
Event: 30.266 Thread 0x16269000 Exception <a 'java/lang/ClassNotFoundException'{0x05f9fda8}: com/sun/glass/ui/win/themes> (0x05f9fda8) thrown at [s\src\hotspot\share\prims\jni.cpp, line 638]
Event: 30.267 Thread 0x16269000 Exception <a 'java/lang/ClassNotFoundException'{0x05fa7d30}: com/sun/glass/ui/win/themes_es> (0x05fa7d30) thrown at [s\src\hotspot\share\prims\jni.cpp, line 638]
Event: 40.053 Thread 0x1ae15c00 Exception <a 'java/net/SocketTimeoutException'{0x0640ec60}: Read timed out> (0x0640ec60) thrown at [s\src\hotspot\share\prims\jni.cpp, line 638]
Event: 42.415 Thread 0x16269000 Exception <a 'java/lang/reflect/InvocationTargetException'{0x06e9d068}> (0x06e9d068) thrown at [s\src\hotspot\share\runtime\reflection.cpp, line 1245]
Event: 42.415 Thread 0x16269000 Exception <a 'java/lang/RuntimeException'{0x06e9e3d8}> (0x06e9e3d8) thrown at [s\src\hotspot\share\prims\jvm.cpp, line 1310]
Event: 47.415 Thread 0x20685000 Exception <a 'java/net/SocketTimeoutException'{0x06faeb30}: Read timed out> (0x06faeb30) thrown at [s\src\hotspot\share\prims\jni.cpp, line 638]
Event: 78.133 Thread 0x16269000 Exception <a 'java/lang/reflect/InvocationTargetException'{0x05ec7e60}> (0x05ec7e60) thrown at [s\src\hotspot\share\runtime\reflection.cpp, line 1245]
Event: 78.134 Thread 0x16269000 Exception <a 'java/lang/RuntimeException'{0x05ec91d0}> (0x05ec91d0) thrown at [s\src\hotspot\share\prims\jvm.cpp, line 1310]
Event: 92.644 Thread 0x16269000 Exception <a 'sun/nio/fs/WindowsException'{0x070229f8}> (0x070229f8) thrown at [s\src\hotspot\share\prims\jni.cpp, line 617]
Event: 94.437 Thread 0x20684800 Exception <a 'java/net/SocketTimeoutException'{0x070fcb18}: Read timed out> (0x070fcb18) thrown at [s\src\hotspot\share\prims\jni.cpp, line 638]
Event: 97.280 Thread 0x16269000 Exception <a 'java/lang/reflect/InvocationTargetException'{0x073aca38}> (0x073aca38) thrown at [s\src\hotspot\share\runtime\reflection.cpp, line 1245]
Event: 97.280 Thread 0x16269000 Exception <a 'java/lang/RuntimeException'{0x073adda8}> (0x073adda8) thrown at [s\src\hotspot\share\prims\jvm.cpp, line 1310]
Event: 98.518 Thread 0x16269000 Exception <a 'java/lang/reflect/InvocationTargetException'{0x078065a0}> (0x078065a0) thrown at [s\src\hotspot\share\runtime\reflection.cpp, line 1245]
Event: 98.518 Thread 0x16269000 Exception <a 'java/lang/RuntimeException'{0x07807910}> (0x07807910) thrown at [s\src\hotspot\share\prims\jvm.cpp, line 1310]
Event: 99.571 Thread 0x16269000 Exception <a 'java/lang/reflect/InvocationTargetException'{0x07c09a00}> (0x07c09a00) thrown at [s\src\hotspot\share\runtime\reflection.cpp, line 1245]
Event: 99.571 Thread 0x16269000 Exception <a 'java/lang/RuntimeException'{0x07c0ad70}> (0x07c0ad70) thrown at [s\src\hotspot\share\prims\jvm.cpp, line 1310]
Event: 99.618 Thread 0x16269000 Exception <a 'java/lang/IllegalArgumentException'{0x07c4b1b0}> (0x07c4b1b0) thrown at [s\src\hotspot\share\prims\jvm.cpp, line 1310]
Event: 99.631 Thread 0x16269000 Exception <a 'java/lang/IllegalArgumentException'{0x07f581c0}> (0x07f581c0) thrown at [s\src\hotspot\share\prims\jvm.cpp, line 1310]

Events (20 events):
Event: 95.312 Executing VM operation: RevokeBias
Event: 95.312 Executing VM operation: RevokeBias done
Event: 95.312 Thread 0x20686000 Thread exited: 0x20686000
Event: 97.183 Thread 0x20686400 Thread added: 0x20686400
Event: 97.184 Executing VM operation: RevokeBias
Event: 97.184 Executing VM operation: RevokeBias done
Event: 97.184 Thread 0x20686400 Thread exited: 0x20686400
Event: 97.278 Thread 0x20685800 Thread added: 0x20685800
Event: 97.704 Thread 0x20683c00 Thread added: 0x20683c00
Event: 97.704 Executing VM operation: RevokeBias
Event: 97.704 Executing VM operation: RevokeBias done
Event: 97.704 Thread 0x20683c00 Thread exited: 0x20683c00
Event: 98.877 Thread 0x20684000 Thread added: 0x20684000
Event: 98.877 Executing VM operation: RevokeBias
Event: 98.877 Executing VM operation: RevokeBias done
Event: 98.877 Thread 0x20684000 Thread exited: 0x20684000
Event: 99.578 loading class javafx/application/Application
Event: 99.578 loading class javafx/application/Application done
Event: 99.578 loading class javafx/application/Application
Event: 99.578 loading class javafx/application/Application done


Dynamic libraries:
0x000f0000 - 0x000fc000 	C:\Program Files (x86)\Eclipse Adoptium\jdk-11.0.21.9-hotspot\bin\java.exe
0x77500000 - 0x776b1000 	C:\WINDOWS\SYSTEM32\ntdll.dll
0x770f0000 - 0x771e0000 	C:\WINDOWS\System32\KERNEL32.DLL
0x75260000 - 0x754d5000 	C:\WINDOWS\System32\KERNELBASE.dll
0x746e0000 - 0x74786000 	C:\WINDOWS\SYSTEM32\apphelp.dll
0x755a0000 - 0x756b2000 	C:\WINDOWS\System32\ucrtbase.dll
0x746a0000 - 0x746b5000 	C:\Program Files (x86)\Eclipse Adoptium\jdk-11.0.21.9-hotspot\bin\jli.dll
0x746c0000 - 0x746d3000 	C:\Program Files (x86)\Eclipse Adoptium\jdk-11.0.21.9-hotspot\bin\VCRUNTIME140.dll
0x76a90000 - 0x76c39000 	C:\WINDOWS\System32\USER32.dll
0x6fa90000 - 0x6fcb8000 	C:\WINDOWS\WinSxS\x86_microsoft.windows.common-controls_6595b64144ccf1df_6.0.22621.3235_none_6ebcabb88802389e\COMCTL32.dll
0x76c40000 - 0x76c5a000 	C:\WINDOWS\System32\win32u.dll
0x75e10000 - 0x75ed4000 	C:\WINDOWS\System32\msvcrt.dll
0x75740000 - 0x75763000 	C:\WINDOWS\System32\GDI32.dll
0x76ea0000 - 0x76f82000 	C:\WINDOWS\System32\gdi32full.dll
0x756c0000 - 0x75739000 	C:\WINDOWS\System32\msvcp_win.dll
0x751c0000 - 0x751e5000 	C:\WINDOWS\System32\IMM32.DLL
0x74630000 - 0x7469f000 	C:\Program Files (x86)\Eclipse Adoptium\jdk-11.0.21.9-hotspot\bin\msvcp140.dll
0x73c70000 - 0x7414b000 	C:\Program Files (x86)\Eclipse Adoptium\jdk-11.0.21.9-hotspot\bin\client\jvm.dll
0x773b0000 - 0x7742f000 	C:\WINDOWS\System32\ADVAPI32.dll
0x771e0000 - 0x77265000 	C:\WINDOWS\System32\sechost.dll
0x762d0000 - 0x762ea000 	C:\WINDOWS\System32\bcrypt.dll
0x77030000 - 0x770ea000 	C:\WINDOWS\System32\RPCRT4.dll
0x76160000 - 0x76166000 	C:\WINDOWS\System32\PSAPI.DLL
0x74620000 - 0x74628000 	C:\WINDOWS\SYSTEM32\WSOCK32.dll
0x745e0000 - 0x74611000 	C:\WINDOWS\SYSTEM32\WINMM.dll
0x75540000 - 0x7559f000 	C:\WINDOWS\System32\WS2_32.dll
0x74530000 - 0x74538000 	C:\WINDOWS\SYSTEM32\VERSION.dll
0x74790000 - 0x747a3000 	C:\WINDOWS\SYSTEM32\kernel.appcore.dll
0x745d0000 - 0x745dd000 	C:\Program Files (x86)\Eclipse Adoptium\jdk-11.0.21.9-hotspot\bin\verify.dll
0x742f0000 - 0x744c6000 	C:\WINDOWS\SYSTEM32\DBGHELP.DLL
0x75ee0000 - 0x7615c000 	C:\WINDOWS\System32\combase.dll
0x76c60000 - 0x76cfc000 	C:\WINDOWS\System32\OLEAUT32.dll
0x745a0000 - 0x745c9000 	C:\WINDOWS\SYSTEM32\dbgcore.DLL
0x76fc0000 - 0x77022000 	C:\WINDOWS\System32\bcryptPrimitives.dll
0x74570000 - 0x74592000 	C:\Program Files (x86)\Eclipse Adoptium\jdk-11.0.21.9-hotspot\bin\java.dll
0x74560000 - 0x74569000 	C:\Program Files (x86)\Eclipse Adoptium\jdk-11.0.21.9-hotspot\bin\jimage.dll
0x74510000 - 0x7451d000 	C:\Program Files (x86)\Eclipse Adoptium\jdk-11.0.21.9-hotspot\bin\instrument.dll
0x74540000 - 0x74556000 	C:\Program Files (x86)\Eclipse Adoptium\jdk-11.0.21.9-hotspot\bin\zip.dll
0x75770000 - 0x75e09000 	C:\WINDOWS\System32\SHELL32.dll
0x748a0000 - 0x74f8f000 	C:\WINDOWS\SYSTEM32\windows.storage.dll
0x747d0000 - 0x74897000 	C:\WINDOWS\SYSTEM32\wintypes.dll
0x77270000 - 0x77331000 	C:\WINDOWS\System32\SHCORE.dll
0x76280000 - 0x762cb000 	C:\WINDOWS\System32\shlwapi.dll
0x744d0000 - 0x744e9000 	C:\WINDOWS\SYSTEM32\profapi.dll
0x744f0000 - 0x74504000 	C:\Program Files (x86)\Eclipse Adoptium\jdk-11.0.21.9-hotspot\bin\net.dll
0x75010000 - 0x750ec000 	C:\WINDOWS\SYSTEM32\WINHTTP.dll
0x74240000 - 0x74291000 	C:\WINDOWS\system32\mswsock.dll
0x74230000 - 0x7423f000 	C:\Program Files (x86)\Eclipse Adoptium\jdk-11.0.21.9-hotspot\bin\nio.dll
0x74210000 - 0x74226000 	C:\Program Files\JetBrains\IntelliJ IDEA 2023.3.2\bin\breakgen.dll
0x74200000 - 0x74203000 	C:\Users\alexia\.openjfx\cache\17.0.6\api-ms-win-core-console-l1-1-0.dll
0x741f0000 - 0x741f3000 	C:\Users\alexia\.openjfx\cache\17.0.6\api-ms-win-core-console-l1-2-0.dll
0x741d0000 - 0x741d3000 	C:\Users\alexia\.openjfx\cache\17.0.6\api-ms-win-core-datetime-l1-1-0.dll
0x741c0000 - 0x741c3000 	C:\Users\alexia\.openjfx\cache\17.0.6\api-ms-win-core-debug-l1-1-0.dll
0x741b0000 - 0x741b3000 	C:\Users\alexia\.openjfx\cache\17.0.6\api-ms-win-core-errorhandling-l1-1-0.dll
0x741a0000 - 0x741a4000 	C:\Users\alexia\.openjfx\cache\17.0.6\api-ms-win-core-file-l1-1-0.dll
0x74190000 - 0x74193000 	C:\Users\alexia\.openjfx\cache\17.0.6\api-ms-win-core-file-l1-2-0.dll
0x74180000 - 0x74183000 	C:\Users\alexia\.openjfx\cache\17.0.6\api-ms-win-core-file-l2-1-0.dll
0x74170000 - 0x74173000 	C:\Users\alexia\.openjfx\cache\17.0.6\api-ms-win-core-handle-l1-1-0.dll
0x73c60000 - 0x73c63000 	C:\Users\alexia\.openjfx\cache\17.0.6\api-ms-win-core-heap-l1-1-0.dll
0x73c50000 - 0x73c53000 	C:\Users\alexia\.openjfx\cache\17.0.6\api-ms-win-core-interlocked-l1-1-0.dll
0x73c40000 - 0x73c43000 	C:\Users\alexia\.openjfx\cache\17.0.6\api-ms-win-core-libraryloader-l1-1-0.dll
0x73c30000 - 0x73c33000 	C:\Users\alexia\.openjfx\cache\17.0.6\api-ms-win-core-localization-l1-2-0.dll
0x73c20000 - 0x73c23000 	C:\Users\alexia\.openjfx\cache\17.0.6\api-ms-win-core-memory-l1-1-0.dll
0x73c10000 - 0x73c13000 	C:\Users\alexia\.openjfx\cache\17.0.6\api-ms-win-core-namedpipe-l1-1-0.dll
0x73c00000 - 0x73c03000 	C:\Users\alexia\.openjfx\cache\17.0.6\api-ms-win-core-processenvironment-l1-1-0.dll
0x6f820000 - 0x6f823000 	C:\Users\alexia\.openjfx\cache\17.0.6\api-ms-win-core-processthreads-l1-1-0.dll
0x6f810000 - 0x6f813000 	C:\Users\alexia\.openjfx\cache\17.0.6\api-ms-win-core-processthreads-l1-1-1.dll
0x6f800000 - 0x6f803000 	C:\Users\alexia\.openjfx\cache\17.0.6\api-ms-win-core-profile-l1-1-0.dll
0x6f7e0000 - 0x6f7e3000 	C:\Users\alexia\.openjfx\cache\17.0.6\api-ms-win-core-rtlsupport-l1-1-0.dll
0x6f7c0000 - 0x6f7c3000 	C:\Users\alexia\.openjfx\cache\17.0.6\api-ms-win-core-string-l1-1-0.dll
0x6f7b0000 - 0x6f7b3000 	C:\Users\alexia\.openjfx\cache\17.0.6\api-ms-win-core-synch-l1-1-0.dll
0x6f7a0000 - 0x6f7a3000 	C:\Users\alexia\.openjfx\cache\17.0.6\api-ms-win-core-synch-l1-2-0.dll
0x6f790000 - 0x6f793000 	C:\Users\alexia\.openjfx\cache\17.0.6\api-ms-win-core-sysinfo-l1-1-0.dll
0x6f780000 - 0x6f783000 	C:\Users\alexia\.openjfx\cache\17.0.6\api-ms-win-core-timezone-l1-1-0.dll
0x6f770000 - 0x6f773000 	C:\Users\alexia\.openjfx\cache\17.0.6\api-ms-win-core-util-l1-1-0.dll
0x6f760000 - 0x6f763000 	C:\Users\alexia\.openjfx\cache\17.0.6\api-ms-win-crt-conio-l1-1-0.dll
0x6f750000 - 0x6f754000 	C:\Users\alexia\.openjfx\cache\17.0.6\api-ms-win-crt-convert-l1-1-0.dll
0x6f740000 - 0x6f743000 	C:\Users\alexia\.openjfx\cache\17.0.6\api-ms-win-crt-environment-l1-1-0.dll
0x6f730000 - 0x6f733000 	C:\Users\alexia\.openjfx\cache\17.0.6\api-ms-win-crt-filesystem-l1-1-0.dll
0x6f720000 - 0x6f723000 	C:\Users\alexia\.openjfx\cache\17.0.6\api-ms-win-crt-heap-l1-1-0.dll
0x6f710000 - 0x6f713000 	C:\Users\alexia\.openjfx\cache\17.0.6\api-ms-win-crt-locale-l1-1-0.dll
0x6f700000 - 0x6f705000 	C:\Users\alexia\.openjfx\cache\17.0.6\api-ms-win-crt-math-l1-1-0.dll
0x6f6f0000 - 0x6f6f5000 	C:\Users\alexia\.openjfx\cache\17.0.6\api-ms-win-crt-multibyte-l1-1-0.dll
0x6f6e0000 - 0x6f6f0000 	C:\Users\alexia\.openjfx\cache\17.0.6\api-ms-win-crt-private-l1-1-0.dll
0x6f6d0000 - 0x6f6d3000 	C:\Users\alexia\.openjfx\cache\17.0.6\api-ms-win-crt-process-l1-1-0.dll
0x6f6c0000 - 0x6f6c4000 	C:\Users\alexia\.openjfx\cache\17.0.6\api-ms-win-crt-runtime-l1-1-0.dll
0x6f6b0000 - 0x6f6b4000 	C:\Users\alexia\.openjfx\cache\17.0.6\api-ms-win-crt-stdio-l1-1-0.dll
0x6f6a0000 - 0x6f6a4000 	C:\Users\alexia\.openjfx\cache\17.0.6\api-ms-win-crt-string-l1-1-0.dll
0x6f690000 - 0x6f693000 	C:\Users\alexia\.openjfx\cache\17.0.6\api-ms-win-crt-time-l1-1-0.dll
0x6f660000 - 0x6f663000 	C:\Users\alexia\.openjfx\cache\17.0.6\api-ms-win-crt-utility-l1-1-0.dll
0x6f450000 - 0x6f573000 	C:\Users\alexia\.openjfx\cache\17.0.6\ucrtbase.dll
0x6f430000 - 0x6f444000 	C:\Users\alexia\.openjfx\cache\17.0.6\vcruntime140.dll
0x6f3c0000 - 0x6f42d000 	C:\Users\alexia\.openjfx\cache\17.0.6\msvcp140.dll
0x6f3b0000 - 0x6f3b7000 	C:\Users\alexia\.openjfx\cache\17.0.6\msvcp140_1.dll
0x6f380000 - 0x6f3a9000 	C:\Users\alexia\.openjfx\cache\17.0.6\msvcp140_2.dll
0x6f350000 - 0x6f376000 	C:\Users\alexia\.openjfx\cache\17.0.6\prism_d3d.dll
0x6f1d0000 - 0x6f341000 	C:\WINDOWS\system32\d3d9.dll
0x6f1a0000 - 0x6f1c4000 	C:\WINDOWS\SYSTEM32\dwmapi.dll
0x6f170000 - 0x6f19e000 	C:\WINDOWS\SYSTEM32\dxcore.dll
0x71da0000 - 0x71e1f000 	C:\WINDOWS\system32\uxtheme.dll
0x6eff0000 - 0x6f169000 	C:\WINDOWS\System32\DriverStore\FileRepository\iigd_dch.inf_amd64_38b23bd92a6775fe\igdumdim32.dll
0x76380000 - 0x764d5000 	C:\WINDOWS\System32\ole32.dll
0x6b510000 - 0x6efe8000 	C:\WINDOWS\System32\DriverStore\FileRepository\iigd_dch.inf_amd64_38b23bd92a6775fe\igd9dxva32.dll
0x764e0000 - 0x7691d000 	C:\WINDOWS\System32\SETUPAPI.dll
0x750f0000 - 0x7512d000 	C:\WINDOWS\SYSTEM32\cfgmgr32.dll
0x6b210000 - 0x6b508000 	C:\WINDOWS\System32\DriverStore\FileRepository\iigd_dch.inf_amd64_38b23bd92a6775fe\igdgmm32.dll
0x6b1d0000 - 0x6b20c000 	C:\WINDOWS\SYSTEM32\directxdatabasehelper.dll
0x6b190000 - 0x6b1c7000 	C:\Users\alexia\.openjfx\cache\17.0.6\glass.dll
0x77430000 - 0x774e1000 	C:\WINDOWS\System32\COMDLG32.dll
0x76d00000 - 0x76dff000 	C:\WINDOWS\System32\MSCTF.dll
0x6b170000 - 0x6b18e000 	C:\WINDOWS\System32\DriverStore\FileRepository\iigd_dch.inf_amd64_38b23bd92a6775fe\igdinfo32.dll
0x683c0000 - 0x6b16f000 	C:\WINDOWS\System32\DriverStore\FileRepository\iigd_dch.inf_amd64_38b23bd92a6775fe\igc32.dll
0x683a0000 - 0x683b1000 	C:\Users\alexia\.openjfx\cache\17.0.6\javafx_font.dll
0x68370000 - 0x68394000 	C:\Program Files (x86)\Eclipse Adoptium\jdk-11.0.21.9-hotspot\bin\sunec.dll
0x70240000 - 0x70255000 	C:\WINDOWS\SYSTEM32\CRYPTSP.dll
0x70210000 - 0x70240000 	C:\WINDOWS\system32\rsaenh.dll
0x74150000 - 0x7416f000 	C:\WINDOWS\SYSTEM32\USERENV.dll
0x741e0000 - 0x741eb000 	C:\WINDOWS\SYSTEM32\CRYPTBASE.dll
0x75130000 - 0x75154000 	C:\WINDOWS\SYSTEM32\IPHLPAPI.DLL
0x76fb0000 - 0x76fb7000 	C:\WINDOWS\System32\NSI.dll
0x6f670000 - 0x6f686000 	C:\WINDOWS\SYSTEM32\dhcpcsvc6.DLL
0x6f640000 - 0x6f657000 	C:\WINDOWS\SYSTEM32\dhcpcsvc.DLL
0x6f580000 - 0x6f63d000 	C:\WINDOWS\SYSTEM32\DNSAPI.dll
0x68360000 - 0x68368000 	C:\Windows\System32\rasadhlp.dll
0x68300000 - 0x6835d000 	C:\WINDOWS\System32\fwpuclnt.dll
0x682f0000 - 0x682fb000 	C:\Program Files (x86)\Eclipse Adoptium\jdk-11.0.21.9-hotspot\bin\sunmscapi.dll
0x76170000 - 0x76273000 	C:\WINDOWS\System32\CRYPT32.dll
0x682c0000 - 0x682e5000 	C:\WINDOWS\SYSTEM32\ncrypt.dll

dbghelp: loaded successfully - version: 4.0.5 - missing functions: none
symbol engine: initialized successfully - sym options: 0x614 - pdb path: .;C:\Program Files (x86)\Eclipse Adoptium\jdk-11.0.21.9-hotspot\bin;C:\WINDOWS\SYSTEM32;C:\WINDOWS\WinSxS\x86_microsoft.windows.common-controls_6595b64144ccf1df_6.0.22621.3235_none_6ebcabb88802389e;C:\Program Files (x86)\Eclipse Adoptium\jdk-11.0.21.9-hotspot\bin\client;C:\Program Files\JetBrains\IntelliJ IDEA 2023.3.2\bin;C:\Users\alexia\.openjfx\cache\17.0.6;C:\WINDOWS\System32\DriverStore\FileRepository\iigd_dch.inf_amd64_38b23bd92a6775fe;C:\Program Files (x86)\Common Files\Microsoft Shared\Ink

VM Arguments:
jvm_args: -javaagent:C:\Program Files\JetBrains\IntelliJ IDEA 2023.3.2\lib\idea_rt.jar=54785:C:\Program Files\JetBrains\IntelliJ IDEA 2023.3.2\bin -Dfile.encoding=UTF-8 --module-path=C:\Users\alexia\.m2\repository\com\gluonhq\attach\display\4.0.19\display-4.0.19.jar;C:\Users\alexia\.m2\repository\org\openjfx\javafx-graphics\17.0.6\javafx-graphics-17.0.6-win-x86.jar;C:\Users\alexia\.m2\repository\org\openjfx\javafx-base\17.0.6\javafx-base-17.0.6-win-x86.jar;C:\Users\alexia\.m2\repository\com\gluonhq\charm-glisten\6.2.3\charm-glisten-6.2.3.jar;C:\Users\alexia\.m2\repository\com\gluonhq\attach\lifecycle\4.0.19\lifecycle-4.0.19.jar;C:\Users\alexia\Downloads\appJavaFx\target\classes;C:\Users\alexia\.m2\repository\org\kordamp\bootstrapfx\bootstrapfx-core\0.4.0\bootstrapfx-core-0.4.0.jar;C:\Users\alexia\.m2\repository\org\openjfx\javafx-controls\17.0.6\javafx-controls-17.0.6-win-x86.jar;C:\Users\alexia\.m2\repository\org\openjfx\javafx-fxml\17.0.6\javafx-fxml-17.0.6-win-x86.jar;C:\Users\alexia\.m2\repository\com\gluonhq\attach\util\4.0.19\util-4.0.19.jar -Djdk.module.main=com.alilopez.vererinaria 
java_command: com.alilopez.vererinaria/com.alilopez.application.App
java_class_path (initial): C:\Users\alexia\.m2\repository\org\openjfx\javafx-controls\17.0.6\javafx-controls-17.0.6.jar;C:\Users\alexia\.m2\repository\org\openjfx\javafx-graphics\17.0.6\javafx-graphics-17.0.6.jar;C:\Users\alexia\.m2\repository\org\openjfx\javafx-base\17.0.6\javafx-base-17.0.6.jar;C:\Users\alexia\.m2\repository\org\openjfx\javafx-fxml\17.0.6\javafx-fxml-17.0.6.jar
Launcher Type: SUN_STANDARD

[Global flags]
   size_t InitialHeapSize                          = 16777216                                  {product} {ergonomic}
   size_t MaxHeapSize                              = 268435456                                 {product} {ergonomic}
   size_t MaxNewSize                               = 89456640                                  {product} {ergonomic}
   size_t MinHeapDeltaBytes                        = 131072                                    {product} {ergonomic}
   size_t NewSize                                  = 5570560                                   {product} {ergonomic}
    uintx NonProfiledCodeHeapSize                  = 0                                      {pd product} {ergonomic}
   size_t OldSize                                  = 11206656                                  {product} {ergonomic}
    uintx ProfiledCodeHeapSize                     = 0                                      {pd product} {ergonomic}
     bool ThreadLocalHandshakes                    = false                                  {pd product} {ergonomic}
     bool UseLargePagesIndividualAllocation        = false                                  {pd product} {ergonomic}
     bool UseSerialGC                              = true                                      {product} {ergonomic}

Logging:
Log output configuration:
 #0: stdout all=warning uptime,level,tags
 #1: stderr all=off uptime,level,tags

Environment Variables:
PATH=C:\Program Files (x86)\Eclipse Adoptium\jdk-11.0.21.9-hotspot\bin;C:\WINDOWS\system32;C:\WINDOWS;C:\WINDOWS\System32\Wbem;C:\WINDOWS\System32\WindowsPowerShell\v1.0\;C:\WINDOWS\System32\OpenSSH\;C:\Program Files\Git\cmd;C:\Program Files (x86)\Git\cmd;C:\Users\alexia\AppData\Local\Microsoft\WindowsApps;C:\Users\alexia\AppData\Local\GitHubDesktop\bin;C:\Users\alexia\AppData\Local\Programs\Microsoft VS Code\bin;;C:\Program Files\JetBrains\IntelliJ IDEA 2023.3.2\bin;
USERNAME=alexia
OS=Windows_NT
PROCESSOR_IDENTIFIER=Intel64 Family 6 Model 140 Stepping 1, GenuineIntel
TMP=C:\Users\alexia\AppData\Local\Temp
TEMP=C:\Users\alexia\AppData\Local\Temp



---------------  S Y S T E M  ---------------

OS: Windows 11 , 64 bit Build 22621 (10.0.22621.3374)
OS uptime: 0 days 12:42 hours

CPU:total 4 (initial active 4) (2 cores per cpu, 2 threads per core) family 6 model 140 stepping 1 microcode 0x8a, cmov, cx8, fxsr, mmx, sse, sse2, sse3, ssse3, sse4.1, sse4.2, popcnt, avx, avx2, aes, clmul, erms, 3dnowpref, lzcnt, ht, tsc, tscinvbit, bmi1, bmi2, adx, evex, sha, fma

Memory: 4k page, system-wide physical 3875M (325M free)
TotalPageFile size 11565M (AvailPageFile size 1718M), user-mode portion of virtual address-space 2047M (1269M free)
current process WorkingSet (physical memory assigned to process): 263M, peak: 293M
current process commit charge ("private bytes"): 383M, peak: 383M

vm_info: OpenJDK Client VM (11.0.21+9) for windows-x86 JRE (11.0.21+9), built on Oct 17 2023 17:27:10 by "" with MS VC++ 15.9 (VS2017)

END.
