#
# A fatal error has been detected by the Java Runtime Environment:
#
#  EXCEPTION_ACCESS_VIOLATION (0xc0000005) at pc=0x73726c62, pid=10788, tid=10404
#
# JRE version: OpenJDK Runtime Environment Temurin-11.0.21+9 (11.0.21+9) (build 11.0.21+9)
# Java VM: OpenJDK Client VM Temurin-11.0.21+9 (11.0.21+9, mixed mode, serial gc, windows-x86)
# Problematic frame:
# C  [glass.dll+0x16c62]
#
# No core dump will be written. Minidumps are not enabled by default on client versions of Windows
#
# If you would like to submit a bug report, please visit:
#   https://github.com/adoptium/adoptium-support/issues
# The crash happened outside the Java Virtual Machine in native code.
# See problematic frame for where to report the bug.
#

---------------  S U M M A R Y ------------

Command Line: -javaagent:C:\Program Files\JetBrains\IntelliJ IDEA 2023.3.2\lib\idea_rt.jar=59684:C:\Program Files\JetBrains\IntelliJ IDEA 2023.3.2\bin -Dfile.encoding=UTF-8 --module-path=C:\Users\alexia\.m2\repository\com\gluonhq\attach\lifecycle\4.0.19\lifecycle-4.0.19.jar;C:\Users\alexia\.m2\repository\org\kordamp\bootstrapfx\bootstrapfx-core\0.4.0\bootstrapfx-core-0.4.0.jar;C:\Users\alexia\.m2\repository\org\openjfx\javafx-fxml\17.0.6\javafx-fxml-17.0.6-win-x86.jar;C:\Users\alexia\.m2\repository\com\gluonhq\charm-glisten\6.2.3\charm-glisten-6.2.3.jar;C:\Users\alexia\.m2\repository\com\gluonhq\attach\display\4.0.19\display-4.0.19.jar;C:\Users\alexia\.m2\repository\com\gluonhq\attach\util\4.0.19\util-4.0.19.jar;C:\Users\alexia\.m2\repository\org\openjfx\javafx-graphics\17.0.6\javafx-graphics-17.0.6-win-x86.jar;C:\Users\alexia\Downloads\appJavaFx\target\classes;C:\Users\alexia\.m2\repository\org\openjfx\javafx-controls\17.0.6\javafx-controls-17.0.6-win-x86.jar;C:\Users\alexia\.m2\repository\org\openjfx\javafx-base\17.0.6\javafx-base-17.0.6-win-x86.jar -Djdk.module.main=com.alilopez.vererinaria com.alilopez.vererinaria/com.alilopez.application.App

Host: 11th Gen Intel(R) Core(TM) i3-1115G4 @ 3.00GHz, 4 cores, 3G,  Windows 11 , 64 bit Build 22621 (10.0.22621.3374)
Time: Sat Apr 13 18:07:50 2024 Hora estándar central (México) elapsed time: 115.618113 seconds (0d 0h 1m 55s)

---------------  T H R E A D  ---------------

Current thread (0x15f9dc00):  JavaThread "JavaFX Application Thread" [_thread_in_native, id=10404, stack(0x16600000,0x16650000)]

Stack: [0x16600000,0x16650000],  sp=0x1664e96c,  free space=314k
Native frames: (J=compiled Java code, A=aot compiled Java code, j=interpreted, Vv=VM code, C=native code)
C  [glass.dll+0x16c62]

Java frames: (J=compiled Java code, j=interpreted, Vv=VM code)
j  com.sun.glass.ui.win.WinWindow._close(J)Z+0 javafx.graphics
j  com.sun.glass.ui.Window.close()V+63 javafx.graphics
j  com.sun.glass.ui.win.WinWindow.close()V+8 javafx.graphics
j  com.sun.glass.ui.Application.terminate()V+75 javafx.graphics
j  com.sun.javafx.tk.quantum.QuantumToolkit.lambda$exit$13()Ljava/lang/Object;+5 javafx.graphics
j  com.sun.javafx.tk.quantum.QuantumToolkit$$Lambda$701.get()Ljava/lang/Object;+0 javafx.graphics
j  com.sun.javafx.tk.quantum.QuantumToolkit.runWithRenderLock(Ljava/util/function/Supplier;)Ljava/lang/Object;+7 javafx.graphics
j  com.sun.javafx.tk.quantum.QuantumToolkit.exit()V+26 javafx.graphics
j  com.sun.javafx.application.PlatformImpl.lambda$tkExit$16()V+3 javafx.graphics
j  com.sun.javafx.application.PlatformImpl$$Lambda$700.run()V+0 javafx.graphics
j  com.sun.javafx.application.PlatformImpl.lambda$runAndWait$12(Ljava/lang/Runnable;Ljava/util/concurrent/CountDownLatch;)V+1 javafx.graphics
j  com.sun.javafx.application.PlatformImpl$$Lambda$86.run()V+8 javafx.graphics
j  com.sun.javafx.application.PlatformImpl.lambda$runLater$10(Ljava/lang/Runnable;)Ljava/lang/Void;+1 javafx.graphics
j  com.sun.javafx.application.PlatformImpl$$Lambda$89.run()Ljava/lang/Object;+4 javafx.graphics
v  ~StubRoutines::call_stub
J 1630  java.security.AccessController.doPrivileged(Ljava/security/PrivilegedAction;Ljava/security/AccessControlContext;)Ljava/lang/Object; java.base@11.0.21 (0 bytes) @ 0x035c73c7 [0x035c7360+0x00000067]
j  com.sun.javafx.application.PlatformImpl.lambda$runLater$11(Ljava/lang/Runnable;Ljava/security/AccessControlContext;)V+7 javafx.graphics
j  com.sun.javafx.application.PlatformImpl$$Lambda$88.run()V+8 javafx.graphics
J 1973 c1 com.sun.glass.ui.InvokeLaterDispatcher$Future.run()V javafx.graphics (91 bytes) @ 0x03625040 [0x03625010+0x00000030]
v  ~StubRoutines::call_stub
j  com.sun.glass.ui.win.WinApplication._runLoop(Ljava/lang/Runnable;)V+0 javafx.graphics
j  com.sun.glass.ui.win.WinApplication.lambda$runLoop$3(ILjava/lang/Runnable;)V+8 javafx.graphics
j  com.sun.glass.ui.win.WinApplication$$Lambda$77.run()V+12 javafx.graphics
j  java.lang.Thread.run()V+11 java.base@11.0.21
v  ~StubRoutines::call_stub

siginfo: EXCEPTION_ACCESS_VIOLATION (0xc0000005), reading address 0x000000b8


Register to memory mapping:

EIP=0x73726c62 glass.dll
EAX=0x0 is NULL
EBX=0x1664eba0 is pointing into the stack for thread: 0x15f9dc00
ECX=0x0 is NULL
EDX=0x0 is NULL
ESP=0x1664e96c is pointing into the stack for thread: 0x15f9dc00
EBP=0x1664e998 is pointing into the stack for thread: 0x15f9dc00
ESI=0x00000401 is an unknown value
EDI=0x0 is NULL


Registers:
EAX=0x00000000, EBX=0x1664eba0, ECX=0x00000000, EDX=0x00000000
ESP=0x1664e96c, EBP=0x1664e998, ESI=0x00000401, EDI=0x00000000
EIP=0x73726c62, EFLAGS=0x00010206

Top of Stack: (sp=0x1664e96c)
0x1664e96c:   1664eba0 00000401 1664eba0 73718df8
0x1664e97c:   ffc1e96a 15f403d0 003a0304 00000401
0x1664e98c:   1664eacc 737302b0 ffffffff 00000000
0x1664e99c:   73711755 00000401 1664eba0 00000000
0x1664e9ac:   00000401 003a0304 1664e9e4 737116f0
0x1664e9bc:   75b230b3 003a0304 00000401 1664eba0
0x1664e9cc:   00000000 003a0304 dcbaabcd 737116f0
0x1664e9dc:   00000401 003a0304 1664eadc 75b13ef6 

Instructions: (pc=0x73726c62)
0x73726b62:   21 56 e8 47 42 00 00 ff 35 e8 03 74 73 8b f0 ff
0x73726b72:   77 68 56 e8 96 de fe ff 56 e8 a0 41 00 00 83 c4
0x73726b82:   10 5e c7 05 a4 03 74 73 00 00 00 00 5f c3 83 ec
0x73726b92:   24 a1 ec e0 73 73 33 c4 89 44 24 20 8b 44 24 28
0x73726ba2:   53 89 44 24 04 8b d9 8b 44 24 30 89 44 24 08 8b
0x73726bb2:   44 24 38 55 89 44 24 10 8b 44 24 38 56 89 83 84
0x73726bc2:   00 00 00 8b 44 24 0c 89 5c 24 18 bb 00 00 00 80
0x73726bd2:   8b eb 8b f3 57 8b fb 85 c0 79 29 8d 44 24 20 50
0x73726be2:   e8 29 aa fe ff 83 c4 04 85 c0 8b 44 24 10 74 14
0x73726bf2:   8b 74 24 28 8b 5c 24 20 2b f3 8b 7c 24 2c 8b 6c
0x73726c02:   24 24 2b fd 6a 00 50 ff 74 24 1c 68 d8 23 73 73
0x73726c12:   57 56 8b 74 24 34 8b ce 55 53 ff 74 24 38 e8 db
0x73726c22:   a7 fe ff 8b f8 8d 4e 14 57 e8 40 64 00 00 57 8d
0x73726c32:   4e 14 e8 c7 64 00 00 8b 4c 24 30 8b c7 5f 5e 5d
0x73726c42:   5b 33 cc e8 ae 7a 00 00 83 c4 24 c2 10 00 53 8b
0x73726c52:   d9 56 57 ff 73 08 e8 93 a9 fe ff 8b f8 83 c4 04
0x73726c62:   8b 87 b8 00 00 00 85 c0 75 03 8b 47 04 3b 05 a4
0x73726c72:   03 74 73 75 29 e8 34 41 00 00 ff 35 e8 03 74 73
0x73726c82:   8b f0 ff 77 68 56 e8 83 dd fe ff 56 e8 8d 40 00
0x73726c92:   00 83 c4 10 c7 05 a4 03 74 73 00 00 00 00 8d 4f
0x73726ca2:   14 e8 b8 69 00 00 8d 4f 14 e8 e0 69 00 00 ff 73
0x73726cb2:   08 ff 15 f8 fe 73 73 85 c0 5f 0f 95 c0 5e 88 43
0x73726cc2:   04 5b c3 cc cc cc cc cc cc cc cc cc cc cc 55 8b
0x73726cd2:   ec 6a ff 68 f7 11 73 73 64 a1 00 00 00 00 50 83
0x73726ce2:   ec 08 53 56 57 a1 ec e0 73 73 33 c5 50 8d 45 f4
0x73726cf2:   64 a3 00 00 00 00 8b f9 ff 77 18 ff 15 60 ff 73
0x73726d02:   73 85 c0 75 13 0f 57 c0 66 0f 13 45 ec 8b 55 f0
0x73726d12:   8b 45 ec e9 a7 00 00 00 68 dc 00 00 00 e8 96 79
0x73726d22:   00 00 83 c4 04 89 45 f0 c7 45 fc 00 00 00 00 85
0x73726d32:   c0 74 19 ff 77 18 8b c8 6a 01 6a 00 6a 00 6a 00
0x73726d42:   ff 77 10 e8 a6 f9 ff ff 8b d8 eb 02 33 db ff 77
0x73726d52:   18 8b cb c7 45 fc ff ff ff ff 6a 00 68 00 00 10 


Stack slot to memory mapping:
stack at sp + 0 slots: 0x1664eba0 is pointing into the stack for thread: 0x15f9dc00
stack at sp + 1 slots: 0x00000401 is an unknown value
stack at sp + 2 slots: 0x1664eba0 is pointing into the stack for thread: 0x15f9dc00
stack at sp + 3 slots: 0x73718df8 glass.dll
stack at sp + 4 slots: 0xffc1e96a is an unknown value
stack at sp + 5 slots: 0x15f403d0 points into unknown readable memory: 0x7373319c | 9c 31 73 73
stack at sp + 6 slots: 0x003a0304 is an unknown value
stack at sp + 7 slots: 0x00000401 is an unknown value


---------------  P R O C E S S  ---------------

Threads class SMR info:
_java_thread_list=0x15744748, length=17, elements={
0x0325e400, 0x03313400, 0x03328000, 0x155f1000,
0x03335400, 0x03336000, 0x03336c00, 0x0333a400,
0x1565fc00, 0x157b6800, 0x15f46c00, 0x15f9c400,
0x15f9dc00, 0x1a7fe400, 0x1a7ff000, 0x1aa1fc00,
0x1ac5e800
}

Java Threads: ( => current thread )
  0x0325e400 JavaThread "main" [_thread_blocked, id=16156, stack(0x029f0000,0x02a40000)]
  0x03313400 JavaThread "Reference Handler" daemon [_thread_blocked, id=9148, stack(0x05380000,0x053d0000)]
  0x03328000 JavaThread "Finalizer" daemon [_thread_blocked, id=16432, stack(0x15440000,0x15490000)]
  0x155f1000 JavaThread "Signal Dispatcher" daemon [_thread_blocked, id=13604, stack(0x15800000,0x15850000)]
  0x03335400 JavaThread "Attach Listener" daemon [_thread_blocked, id=2692, stack(0x15890000,0x158e0000)]
  0x03336000 JavaThread "Service Thread" daemon [_thread_blocked, id=15860, stack(0x15920000,0x15970000)]
  0x03336c00 JavaThread "C1 CompilerThread0" daemon [_thread_blocked, id=9904, stack(0x159b0000,0x15a00000)]
  0x0333a400 JavaThread "Sweeper thread" daemon [_thread_blocked, id=13608, stack(0x15a40000,0x15a90000)]
  0x1565fc00 JavaThread "Common-Cleaner" daemon [_thread_blocked, id=5504, stack(0x15ad0000,0x15b20000)]
  0x157b6800 JavaThread "Monitor Ctrl-Break" daemon [_thread_in_native, id=16088, stack(0x15b60000,0x15bb0000)]
  0x15f46c00 JavaThread "QuantumRenderer-0" daemon [_thread_blocked, id=5328, stack(0x16280000,0x162d0000)]
  0x15f9c400 JavaThread "InvokeLaterDispatcher" daemon [_thread_blocked, id=16332, stack(0x16470000,0x164c0000)]
=>0x15f9dc00 JavaThread "JavaFX Application Thread" [_thread_in_native, id=10404, stack(0x16600000,0x16650000)]
  0x1a7fe400 JavaThread "Thread-1" daemon [_thread_in_native, id=9392, stack(0x1b9a0000,0x1b9f0000)]
  0x1a7ff000 JavaThread "JavaFX-Launcher" [_thread_blocked, id=728, stack(0x1ba30000,0x1ba80000)]
  0x1aa1fc00 JavaThread "Prism Font Disposer" daemon [_thread_blocked, id=16664, stack(0x1d7e0000,0x1d830000)]
  0x1ac5e800 JavaThread "Cleaner-0" daemon [_thread_blocked, id=3576, stack(0x1dc80000,0x1dcd0000)]

Other Threads:
  0x03310400 VMThread "VM Thread" [stack: 0x031d0000,0x03220000] [id=2492]
  0x157b9400 WatcherThread [stack: 0x15bf0000,0x15c40000] [id=16516]

Threads with active compile tasks:

VM state:not at safepoint (normal execution)

VM Mutex/Monitor currently owned by a thread: None

Heap:
 def new generation   total 8448K, used 5115K [0x05400000, 0x05d20000, 0x0a950000)
  eden space 7552K,  59% used [0x05400000, 0x058655a0, 0x05b60000)
  from space 896K,  68% used [0x05c40000, 0x05cd96c0, 0x05d20000)
  to   space 896K,   0% used [0x05b60000, 0x05b60000, 0x05c40000)
 tenured generation   total 18664K, used 17007K [0x0a950000, 0x0bb8a000, 0x15400000)
   the space 18664K,  91% used [0x0a950000, 0x0b9ebe48, 0x0b9ec000, 0x0bb8a000)
 Metaspace       used 19901K, capacity 20323K, committed 20352K, reserved 20864K

Card table byte_map: [0x02c40000,0x02cd0000] _byte_map_base: 0x02c16000

Polling page: 0x01020000

Metaspace:

Usage:
   19.85 MB capacity,    19.43 MB ( 98%) used,   287.59 KB (  1%) free+waste,   134.26 KB ( <1%) overhead. 

Virtual space:
     20.38 MB reserved,      19.88 MB ( 98%) committed 

Chunk freelists:
0 bytes

MaxMetaspaceSize: 4.00 GB
No class space
Initial GC threshold: 12.00 MB
Current GC threshold: 26.46 MB
CDS: off

CodeCache: size=32768Kb used=3560Kb max_used=3560Kb free=29207Kb
 bounds [0x03340000, 0x036c0000, 0x05340000]
 total_blobs=2923 nmethods=2474 adapters=380
 compilation: enabled
              stopped_count=0, restarted_count=0
 full_count=0

Compilation events (20 events):
Event: 113.754 Thread 0x03336c00 2461             jdk.internal.math.FloatingDecimal$ASCIIToBinaryBuffer::doubleValue (1194 bytes)
Event: 113.758 Thread 0x03336c00 nmethod 2461 0x036b4bc8 code [0x036b4ed0, 0x036b5d20]
Event: 113.758 Thread 0x03336c00 2462             java.util.LinkedList::<init> (10 bytes)
Event: 113.758 Thread 0x03336c00 nmethod 2462 0x036b6848 code [0x036b6950, 0x036b69e0]
Event: 113.758 Thread 0x03336c00 2463             java.util.AbstractSequentialList::<init> (5 bytes)
Event: 113.758 Thread 0x03336c00 nmethod 2463 0x036b6a48 code [0x036b6b50, 0x036b6bd0]
Event: 113.758 Thread 0x03336c00 2464             com.sun.org.apache.xerces.internal.impl.XMLEntityScanner::scanContent (295 bytes)
Event: 113.759 Thread 0x03336c00 nmethod 2464 0x036b6c08 code [0x036b6d80, 0x036b714c]
Event: 113.759 Thread 0x03336c00 2465             javafx.beans.property.ReadOnlyObjectPropertyBase::fireValueChangedEvent (8 bytes)
Event: 113.759 Thread 0x03336c00 nmethod 2465 0x036b7448 code [0x036b7560, 0x036b75fc]
Event: 113.771 Thread 0x03336c00 2466             java.util.Map::computeIfAbsent (45 bytes)
Event: 113.771 Thread 0x03336c00 nmethod 2466 0x036b7688 code [0x036b77d0, 0x036b7960]
Event: 115.421 Thread 0x03336c00 2467             java.lang.Math::signum (23 bytes)
Event: 115.421 Thread 0x03336c00 nmethod 2467 0x036b7a48 code [0x036b7b50, 0x036b7c30]
Event: 115.421 Thread 0x03336c00 2468             java.lang.Math::copySign (19 bytes)
Event: 115.421 Thread 0x03336c00 nmethod 2468 0x036b7c88 code [0x036b7d90, 0x036b7e30]
Event: 115.488 Thread 0x03336c00 2470             jdk.internal.misc.Unsafe::getAndAddInt (27 bytes)
Event: 115.489 Thread 0x03336c00 nmethod 2470 0x036b7fc8 code [0x036b80d0, 0x036b8190]
Event: 115.534 Thread 0x03336c00 2474             sun.nio.cs.UTF_8$Encoder::encodeArrayLoop (489 bytes)
Event: 115.537 Thread 0x03336c00 nmethod 2474 0x036b85c8 code [0x036b8950, 0x036b9704]

GC Heap History (20 events):
Event: 25.264 GC heap before
{Heap before GC invocations=10 (full 1):
 def new generation   total 4992K, used 4991K [0x05400000, 0x05960000, 0x0a950000)
  eden space 4480K, 100% used [0x05400000, 0x05860000, 0x05860000)
  from space 512K,  99% used [0x058e0000, 0x0595fff8, 0x05960000)
  to   space 512K,   0% used [0x05860000, 0x05860000, 0x058e0000)
 tenured generation   total 10944K, used 6717K [0x0a950000, 0x0b400000, 0x15400000)
   the space 10944K,  61% used [0x0a950000, 0x0afdf6b0, 0x0afdf800, 0x0b400000)
 Metaspace       used 13783K, capacity 13966K, committed 14080K, reserved 14720K
}
Event: 25.270 GC heap after
{Heap after GC invocations=11 (full 1):
 def new generation   total 4992K, used 512K [0x05400000, 0x05960000, 0x0a950000)
  eden space 4480K,   0% used [0x05400000, 0x05400000, 0x05860000)
  from space 512K, 100% used [0x05860000, 0x058e0000, 0x058e0000)
  to   space 512K,   0% used [0x058e0000, 0x058e0000, 0x05960000)
 tenured generation   total 10944K, used 7377K [0x0a950000, 0x0b400000, 0x15400000)
   the space 10944K,  67% used [0x0a950000, 0x0b0844f8, 0x0b084600, 0x0b400000)
 Metaspace       used 13783K, capacity 13966K, committed 14080K, reserved 14720K
}
Event: 25.652 GC heap before
{Heap before GC invocations=11 (full 1):
 def new generation   total 4992K, used 4992K [0x05400000, 0x05960000, 0x0a950000)
  eden space 4480K, 100% used [0x05400000, 0x05860000, 0x05860000)
  from space 512K, 100% used [0x05860000, 0x058e0000, 0x058e0000)
  to   space 512K,   0% used [0x058e0000, 0x058e0000, 0x05960000)
 tenured generation   total 10944K, used 7377K [0x0a950000, 0x0b400000, 0x15400000)
   the space 10944K,  67% used [0x0a950000, 0x0b0844f8, 0x0b084600, 0x0b400000)
 Metaspace       used 14540K, capacity 14752K, committed 14848K, reserved 15744K
}
Event: 25.654 GC heap after
{Heap after GC invocations=12 (full 1):
 def new generation   total 4992K, used 245K [0x05400000, 0x05960000, 0x0a950000)
  eden space 4480K,   0% used [0x05400000, 0x05400000, 0x05860000)
  from space 512K,  48% used [0x058e0000, 0x0591d790, 0x05960000)
  to   space 512K,   0% used [0x05860000, 0x05860000, 0x058e0000)
 tenured generation   total 10944K, used 7837K [0x0a950000, 0x0b400000, 0x15400000)
   the space 10944K,  71% used [0x0a950000, 0x0b0f7498, 0x0b0f7600, 0x0b400000)
 Metaspace       used 14540K, capacity 14752K, committed 14848K, reserved 15744K
}
Event: 25.845 GC heap before
{Heap before GC invocations=12 (full 1):
 def new generation   total 4992K, used 4725K [0x05400000, 0x05960000, 0x0a950000)
  eden space 4480K, 100% used [0x05400000, 0x05860000, 0x05860000)
  from space 512K,  48% used [0x058e0000, 0x0591d790, 0x05960000)
  to   space 512K,   0% used [0x05860000, 0x05860000, 0x058e0000)
 tenured generation   total 10944K, used 7837K [0x0a950000, 0x0b400000, 0x15400000)
   the space 10944K,  71% used [0x0a950000, 0x0b0f7498, 0x0b0f7600, 0x0b400000)
 Metaspace       used 14981K, capacity 15210K, committed 15232K, reserved 15744K
}
Event: 25.847 GC heap after
{Heap after GC invocations=13 (full 1):
 def new generation   total 4992K, used 511K [0x05400000, 0x05960000, 0x0a950000)
  eden space 4480K,   0% used [0x05400000, 0x05400000, 0x05860000)
  from space 512K,  99% used [0x05860000, 0x058dfff8, 0x058e0000)
  to   space 512K,   0% used [0x058e0000, 0x058e0000, 0x05960000)
 tenured generation   total 10944K, used 8287K [0x0a950000, 0x0b400000, 0x15400000)
   the space 10944K,  75% used [0x0a950000, 0x0b167df8, 0x0b167e00, 0x0b400000)
 Metaspace       used 14981K, capacity 15210K, committed 15232K, reserved 15744K
}
Event: 26.062 GC heap before
{Heap before GC invocations=13 (full 1):
 def new generation   total 4992K, used 4991K [0x05400000, 0x05960000, 0x0a950000)
  eden space 4480K, 100% used [0x05400000, 0x05860000, 0x05860000)
  from space 512K,  99% used [0x05860000, 0x058dfff8, 0x058e0000)
  to   space 512K,   0% used [0x058e0000, 0x058e0000, 0x05960000)
 tenured generation   total 10944K, used 8287K [0x0a950000, 0x0b400000, 0x15400000)
   the space 10944K,  75% used [0x0a950000, 0x0b167df8, 0x0b167e00, 0x0b400000)
 Metaspace       used 15480K, capacity 15726K, committed 15744K, reserved 15744K
}
Event: 26.067 GC heap after
{Heap after GC invocations=14 (full 1):
 def new generation   total 4992K, used 512K [0x05400000, 0x05960000, 0x0a950000)
  eden space 4480K,   0% used [0x05400000, 0x05400000, 0x05860000)
  from space 512K, 100% used [0x058e0000, 0x05960000, 0x05960000)
  to   space 512K,   0% used [0x05860000, 0x05860000, 0x058e0000)
 tenured generation   total 10944K, used 9263K [0x0a950000, 0x0b400000, 0x15400000)
   the space 10944K,  84% used [0x0a950000, 0x0b25bd08, 0x0b25be00, 0x0b400000)
 Metaspace       used 15480K, capacity 15726K, committed 15744K, reserved 15744K
}
Event: 27.541 GC heap before
{Heap before GC invocations=14 (full 1):
 def new generation   total 4992K, used 4992K [0x05400000, 0x05960000, 0x0a950000)
  eden space 4480K, 100% used [0x05400000, 0x05860000, 0x05860000)
  from space 512K, 100% used [0x058e0000, 0x05960000, 0x05960000)
  to   space 512K,   0% used [0x05860000, 0x05860000, 0x058e0000)
 tenured generation   total 10944K, used 9263K [0x0a950000, 0x0b400000, 0x15400000)
   the space 10944K,  84% used [0x0a950000, 0x0b25bd08, 0x0b25be00, 0x0b400000)
 Metaspace       used 15992K, capacity 16246K, committed 16256K, reserved 16768K
}
Event: 27.566 GC heap after
{Heap after GC invocations=15 (full 2):
 def new generation   total 8448K, used 254K [0x05400000, 0x05d20000, 0x0a950000)
  eden space 7552K,   3% used [0x05400000, 0x0543f8d0, 0x05b60000)
  from space 896K,   0% used [0x05b60000, 0x05b60000, 0x05c40000)
  to   space 896K,   0% used [0x05c40000, 0x05c40000, 0x05d20000)
 tenured generation   total 18664K, used 11197K [0x0a950000, 0x0bb8a000, 0x15400000)
   the space 18664K,  59% used [0x0a950000, 0x0b43f538, 0x0b43f600, 0x0bb8a000)
 Metaspace       used 15820K, capacity 16036K, committed 16256K, reserved 16768K
}
Event: 31.119 GC heap before
{Heap before GC invocations=15 (full 2):
 def new generation   total 8448K, used 7390K [0x05400000, 0x05d20000, 0x0a950000)
  eden space 7552K,  97% used [0x05400000, 0x05b37a60, 0x05b60000)
  from space 896K,   0% used [0x05b60000, 0x05b60000, 0x05c40000)
  to   space 896K,   0% used [0x05c40000, 0x05c40000, 0x05d20000)
 tenured generation   total 18664K, used 11197K [0x0a950000, 0x0bb8a000, 0x15400000)
   the space 18664K,  59% used [0x0a950000, 0x0b43f538, 0x0b43f600, 0x0bb8a000)
 Metaspace       used 17519K, capacity 17759K, committed 17920K, reserved 18816K
}
Event: 31.131 GC heap after
{Heap after GC invocations=16 (full 2):
 def new generation   total 8448K, used 896K [0x05400000, 0x05d20000, 0x0a950000)
  eden space 7552K,   0% used [0x05400000, 0x05400000, 0x05b60000)
  from space 896K, 100% used [0x05c40000, 0x05d20000, 0x05d20000)
  to   space 896K,   0% used [0x05b60000, 0x05b60000, 0x05c40000)
 tenured generation   total 18664K, used 12651K [0x0a950000, 0x0bb8a000, 0x15400000)
   the space 18664K,  67% used [0x0a950000, 0x0b5aaf00, 0x0b5ab000, 0x0bb8a000)
 Metaspace       used 17519K, capacity 17759K, committed 17920K, reserved 18816K
}
Event: 31.593 GC heap before
{Heap before GC invocations=16 (full 2):
 def new generation   total 8448K, used 8448K [0x05400000, 0x05d20000, 0x0a950000)
  eden space 7552K, 100% used [0x05400000, 0x05b60000, 0x05b60000)
  from space 896K, 100% used [0x05c40000, 0x05d20000, 0x05d20000)
  to   space 896K,   0% used [0x05b60000, 0x05b60000, 0x05c40000)
 tenured generation   total 18664K, used 12651K [0x0a950000, 0x0bb8a000, 0x15400000)
   the space 18664K,  67% used [0x0a950000, 0x0b5aaf00, 0x0b5ab000, 0x0bb8a000)
 Metaspace       used 18100K, capacity 18360K, committed 18432K, reserved 18816K
}
Event: 31.596 GC heap after
{Heap after GC invocations=17 (full 2):
 def new generation   total 8448K, used 287K [0x05400000, 0x05d20000, 0x0a950000)
  eden space 7552K,   0% used [0x05400000, 0x05400000, 0x05b60000)
  from space 896K,  32% used [0x05b60000, 0x05ba7e90, 0x05c40000)
  to   space 896K,   0% used [0x05c40000, 0x05c40000, 0x05d20000)
 tenured generation   total 18664K, used 15936K [0x0a950000, 0x0bb8a000, 0x15400000)
   the space 18664K,  85% used [0x0a950000, 0x0b8e0170, 0x0b8e0200, 0x0bb8a000)
 Metaspace       used 18100K, capacity 18360K, committed 18432K, reserved 18816K
}
Event: 31.729 GC heap before
{Heap before GC invocations=17 (full 2):
 def new generation   total 8448K, used 7839K [0x05400000, 0x05d20000, 0x0a950000)
  eden space 7552K, 100% used [0x05400000, 0x05b60000, 0x05b60000)
  from space 896K,  32% used [0x05b60000, 0x05ba7e90, 0x05c40000)
  to   space 896K,   0% used [0x05c40000, 0x05c40000, 0x05d20000)
 tenured generation   total 18664K, used 15936K [0x0a950000, 0x0bb8a000, 0x15400000)
   the space 18664K,  85% used [0x0a950000, 0x0b8e0170, 0x0b8e0200, 0x0bb8a000)
 Metaspace       used 19104K, capacity 19494K, committed 19584K, reserved 19840K
}
Event: 31.732 GC heap after
{Heap after GC invocations=18 (full 2):
 def new generation   total 8448K, used 896K [0x05400000, 0x05d20000, 0x0a950000)
  eden space 7552K,   0% used [0x05400000, 0x05400000, 0x05b60000)
  from space 896K, 100% used [0x05c40000, 0x05d20000, 0x05d20000)
  to   space 896K,   0% used [0x05b60000, 0x05b60000, 0x05c40000)
 tenured generation   total 18664K, used 16137K [0x0a950000, 0x0bb8a000, 0x15400000)
   the space 18664K,  86% used [0x0a950000, 0x0b912738, 0x0b912800, 0x0bb8a000)
 Metaspace       used 19104K, capacity 19494K, committed 19584K, reserved 19840K
}
Event: 54.132 GC heap before
{Heap before GC invocations=18 (full 2):
 def new generation   total 8448K, used 8448K [0x05400000, 0x05d20000, 0x0a950000)
  eden space 7552K, 100% used [0x05400000, 0x05b60000, 0x05b60000)
  from space 896K, 100% used [0x05c40000, 0x05d20000, 0x05d20000)
  to   space 896K,   0% used [0x05b60000, 0x05b60000, 0x05c40000)
 tenured generation   total 18664K, used 16137K [0x0a950000, 0x0bb8a000, 0x15400000)
   the space 18664K,  86% used [0x0a950000, 0x0b912738, 0x0b912800, 0x0bb8a000)
 Metaspace       used 19693K, capacity 20102K, committed 20224K, reserved 20864K
}
Event: 54.139 GC heap after
{Heap after GC invocations=19 (full 2):
 def new generation   total 8448K, used 391K [0x05400000, 0x05d20000, 0x0a950000)
  eden space 7552K,   0% used [0x05400000, 0x05400000, 0x05b60000)
  from space 896K,  43% used [0x05b60000, 0x05bc1e78, 0x05c40000)
  to   space 896K,   0% used [0x05c40000, 0x05c40000, 0x05d20000)
 tenured generation   total 18664K, used 17007K [0x0a950000, 0x0bb8a000, 0x15400000)
   the space 18664K,  91% used [0x0a950000, 0x0b9ebe48, 0x0b9ec000, 0x0bb8a000)
 Metaspace       used 19693K, capacity 20102K, committed 20224K, reserved 20864K
}
Event: 82.509 GC heap before
{Heap before GC invocations=19 (full 2):
 def new generation   total 8448K, used 7943K [0x05400000, 0x05d20000, 0x0a950000)
  eden space 7552K, 100% used [0x05400000, 0x05b60000, 0x05b60000)
  from space 896K,  43% used [0x05b60000, 0x05bc1e78, 0x05c40000)
  to   space 896K,   0% used [0x05c40000, 0x05c40000, 0x05d20000)
 tenured generation   total 18664K, used 17007K [0x0a950000, 0x0bb8a000, 0x15400000)
   the space 18664K,  91% used [0x0a950000, 0x0b9ebe48, 0x0b9ec000, 0x0bb8a000)
 Metaspace       used 19861K, capacity 20283K, committed 20352K, reserved 20864K
}
Event: 82.515 GC heap after
{Heap after GC invocations=20 (full 2):
 def new generation   total 8448K, used 613K [0x05400000, 0x05d20000, 0x0a950000)
  eden space 7552K,   0% used [0x05400000, 0x05400000, 0x05b60000)
  from space 896K,  68% used [0x05c40000, 0x05cd96c0, 0x05d20000)
  to   space 896K,   0% used [0x05b60000, 0x05b60000, 0x05c40000)
 tenured generation   total 18664K, used 17007K [0x0a950000, 0x0bb8a000, 0x15400000)
   the space 18664K,  91% used [0x0a950000, 0x0b9ebe48, 0x0b9ec000, 0x0bb8a000)
 Metaspace       used 19861K, capacity 20283K, committed 20352K, reserved 20864K
}

Deoptimization events (10 events):
Event: 25.782 Thread 0x15f9dc00 DEOPT PACKING pc=0x03463dcf sp=0x1664e260
Event: 25.782 Thread 0x15f9dc00 DEOPT UNPACKING pc=0x0337c187 sp=0x1664e180 mode 3
Event: 25.787 Thread 0x15f9dc00 DEOPT PACKING pc=0x034d3eb1 sp=0x1664e3e0
Event: 25.787 Thread 0x15f9dc00 DEOPT UNPACKING pc=0x0337c187 sp=0x1664e304 mode 3
Event: 25.865 Thread 0x15f9dc00 DEOPT PACKING pc=0x034f358c sp=0x1664dff0
Event: 25.865 Thread 0x15f9dc00 DEOPT UNPACKING pc=0x0337c187 sp=0x1664dea0 mode 3
Event: 26.167 Thread 0x15f46c00 DEOPT PACKING pc=0x035169bd sp=0x162cee20
Event: 26.167 Thread 0x15f46c00 DEOPT UNPACKING pc=0x0337c187 sp=0x162ced4c mode 3
Event: 57.623 Thread 0x15f9dc00 DEOPT PACKING pc=0x0364c0b9 sp=0x1664cb20
Event: 57.623 Thread 0x15f9dc00 DEOPT UNPACKING pc=0x0337c187 sp=0x1664c9c4 mode 3

Classes redefined (0 events):
No events

Internal exceptions (20 events):
Event: 25.906 Thread 0x15f9dc00 Exception <a 'java/io/FileNotFoundException'{0x0561fe48}> (0x0561fe48) thrown at [s\src\hotspot\share\prims\jni.cpp, line 617]
Event: 25.933 Thread 0x15f9dc00 Exception <a 'java/io/FileNotFoundException'{0x05623e88}> (0x05623e88) thrown at [s\src\hotspot\share\prims\jni.cpp, line 617]
Event: 25.933 Thread 0x15f9dc00 Exception <a 'java/io/FileNotFoundException'{0x05624d18}> (0x05624d18) thrown at [s\src\hotspot\share\prims\jni.cpp, line 617]
Event: 27.539 Thread 0x15f9dc00 Exception <a 'java/lang/NoSuchMethodError'{0x0584c6f0}: 'long java.lang.invoke.DirectMethodHandle$Holder.invokeStaticInit(java.lang.Object, java.lang.Object, java.lang.Object)'> (0x0584c6f0) thrown at [s\src\hotspot\share\interpreter\linkResolver.cpp, line 773]
Event: 27.566 Thread 0x15f9dc00 Exception <a 'java/lang/NoSuchMethodError'{0x05442a60}: 'java.lang.Object java.lang.invoke.DirectMethodHandle$Holder.invokeStatic(java.lang.Object, java.lang.Object, long)'> (0x05442a60) thrown at [s\src\hotspot\share\interpreter\linkResolver.cpp, line 773]
Event: 27.567 Thread 0x15f9dc00 Exception <a 'java/lang/NoSuchMethodError'{0x054484b0}: 'java.lang.Object java.lang.invoke.Invokers$Holder.linkToTargetMethod(java.lang.Object, long, java.lang.Object)'> (0x054484b0) thrown at [s\src\hotspot\share\interpreter\linkResolver.cpp, line 773]
Event: 27.606 Thread 0x15f9dc00 Exception <a 'sun/nio/fs/WindowsException'{0x05457fd8}> (0x05457fd8) thrown at [s\src\hotspot\share\prims\jni.cpp, line 617]
Event: 31.563 Thread 0x15f9dc00 Exception <a 'java/lang/ClassNotFoundException'{0x0595d9e8}: com/sun/javafx/scene/control/skin/resources/controls> (0x0595d9e8) thrown at [s\src\hotspot\share\prims\jni.cpp, line 638]
Event: 31.563 Thread 0x15f9dc00 Exception <a 'java/lang/ClassNotFoundException'{0x0596b0d0}: com/sun/javafx/scene/control/skin/resources/controls_es> (0x0596b0d0) thrown at [s\src\hotspot\share\prims\jni.cpp, line 638]
Event: 31.564 Thread 0x15f9dc00 Exception <a 'java/lang/ClassNotFoundException'{0x05978538}: com/sun/javafx/scene/control/skin/resources/controls_es_MX> (0x05978538) thrown at [s\src\hotspot\share\prims\jni.cpp, line 638]
Event: 31.582 Thread 0x15f9dc00 Exception <a 'java/lang/ClassNotFoundException'{0x05ab61e0}: com/sun/glass/ui/win/themes> (0x05ab61e0) thrown at [s\src\hotspot\share\prims\jni.cpp, line 638]
Event: 31.583 Thread 0x15f9dc00 Exception <a 'java/lang/ClassNotFoundException'{0x05abe168}: com/sun/glass/ui/win/themes_es> (0x05abe168) thrown at [s\src\hotspot\share\prims\jni.cpp, line 638]
Event: 31.671 Thread 0x15f9dc00 Exception <a 'java/lang/NoSuchMethodError'{0x0581e2c0}: 'void java.lang.invoke.DirectMethodHandle$Holder.invokeSpecialIFC(java.lang.Object, java.lang.Object, java.lang.Object, java.lang.Object)'> (0x0581e2c0) thrown at [s\src\hotspot\share\interpreter\linkResolver.cpp, line 773]
Event: 41.499 Thread 0x1ab74c00 Exception <a 'java/net/SocketTimeoutException'{0x05814408}: Read timed out> (0x05814408) thrown at [s\src\hotspot\share\prims\jni.cpp, line 638]
Event: 57.623 Thread 0x15f9dc00 Implicit null exception at 0x0364be3f to 0x0364c0b4
Event: 63.676 Thread 0x15f46c00 Exception <a 'java/lang/NoSuchMethodError'{0x057641e0}: 'java.lang.Object java.lang.invoke.DirectMethodHandle$Holder.invokeStaticInit(java.lang.Object, int)'> (0x057641e0) thrown at [s\src\hotspot\share\interpreter\linkResolver.cpp, line 773]
Event: 113.753 Thread 0x15f9dc00 Exception <a 'java/net/ConnectException'{0x057302d8}: Connection timed out: connect> (0x057302d8) thrown at [s\src\hotspot\share\prims\jni.cpp, line 638]
Event: 115.489 Thread 0x15f9dc00 Exception <a 'java/lang/NoSuchMethodError'{0x0581ec10}: 'java.lang.Object java.lang.invoke.DirectMethodHandle$Holder.invokeStatic(java.lang.Object, java.lang.Object, java.lang.Object, int, int, int, int, int)'> (0x0581ec10) thrown at [s\src\hotspot\share\interpreter\linkResolver.cpp, line 773]
Event: 115.533 Thread 0x15f9dc00 Exception <a 'java/lang/IllegalArgumentException'{0x0582f9c8}> (0x0582f9c8) thrown at [s\src\hotspot\share\prims\jvm.cpp, line 1310]
Event: 115.562 Thread 0x15f9dc00 Exception <a 'java/lang/IllegalArgumentException'{0x0583d8b0}> (0x0583d8b0) thrown at [s\src\hotspot\share\prims\jvm.cpp, line 1310]

Events (20 events):
Event: 87.115 Executing VM operation: RevokeBias
Event: 87.115 Executing VM operation: RevokeBias done
Event: 113.806 Executing VM operation: RevokeBias
Event: 113.806 Executing VM operation: RevokeBias done
Event: 115.488 loading class com/sun/glass/ui/View
Event: 115.488 loading class com/sun/glass/ui/View done
Event: 115.488 loading class javafx/application/Application
Event: 115.488 loading class javafx/application/Application done
Event: 115.488 loading class javafx/application/Application
Event: 115.488 loading class javafx/application/Application done
Event: 115.489 loading class com/sun/javafx/tk/quantum/GlassViewEventHandler
Event: 115.489 loading class com/sun/javafx/tk/quantum/GlassViewEventHandler done
Event: 115.490 loading class com/sun/glass/ui/View
Event: 115.490 loading class com/sun/glass/ui/View done
Event: 115.490 loading class com/sun/javafx/tk/quantum/GlassViewEventHandler
Event: 115.490 loading class com/sun/javafx/tk/quantum/GlassViewEventHandler done
Event: 115.534 loading class java/lang/Throwable$WrappedPrintStream
Event: 115.534 loading class java/lang/Throwable$PrintStreamOrWriter
Event: 115.534 loading class java/lang/Throwable$PrintStreamOrWriter done
Event: 115.534 loading class java/lang/Throwable$WrappedPrintStream done


Dynamic libraries:
0x005a0000 - 0x005ac000 	C:\Program Files (x86)\Eclipse Adoptium\jdk-11.0.21.9-hotspot\bin\java.exe
0x77a80000 - 0x77c31000 	C:\WINDOWS\SYSTEM32\ntdll.dll
0x764a0000 - 0x76590000 	C:\WINDOWS\System32\KERNEL32.DLL
0x77720000 - 0x77995000 	C:\WINDOWS\System32\KERNELBASE.dll
0x74e70000 - 0x74f16000 	C:\WINDOWS\SYSTEM32\apphelp.dll
0x75dc0000 - 0x75ed2000 	C:\WINDOWS\System32\ucrtbase.dll
0x74de0000 - 0x74df3000 	C:\Program Files (x86)\Eclipse Adoptium\jdk-11.0.21.9-hotspot\bin\VCRUNTIME140.dll
0x74e00000 - 0x74e15000 	C:\Program Files (x86)\Eclipse Adoptium\jdk-11.0.21.9-hotspot\bin\jli.dll
0x75af0000 - 0x75c99000 	C:\WINDOWS\System32\USER32.dll
0x76590000 - 0x765aa000 	C:\WINDOWS\System32\win32u.dll
0x76370000 - 0x76393000 	C:\WINDOWS\System32\GDI32.dll
0x772e0000 - 0x773c2000 	C:\WINDOWS\System32\gdi32full.dll
0x75d40000 - 0x75db9000 	C:\WINDOWS\System32\msvcp_win.dll
0x74300000 - 0x74528000 	C:\WINDOWS\WinSxS\x86_microsoft.windows.common-controls_6595b64144ccf1df_6.0.22621.3235_none_6ebcabb88802389e\COMCTL32.dll
0x765b0000 - 0x76674000 	C:\WINDOWS\System32\msvcrt.dll
0x76b20000 - 0x76b45000 	C:\WINDOWS\System32\IMM32.DLL
0x74d70000 - 0x74ddf000 	C:\Program Files (x86)\Eclipse Adoptium\jdk-11.0.21.9-hotspot\bin\msvcp140.dll
0x73d90000 - 0x7426b000 	C:\Program Files (x86)\Eclipse Adoptium\jdk-11.0.21.9-hotspot\bin\client\jvm.dll
0x75fb0000 - 0x7602f000 	C:\WINDOWS\System32\ADVAPI32.dll
0x762b0000 - 0x76335000 	C:\WINDOWS\System32\sechost.dll
0x76b50000 - 0x76b6a000 	C:\WINDOWS\System32\bcrypt.dll
0x77430000 - 0x774ea000 	C:\WINDOWS\System32\RPCRT4.dll
0x774f0000 - 0x774f6000 	C:\WINDOWS\System32\PSAPI.DLL
0x74e60000 - 0x74e68000 	C:\WINDOWS\SYSTEM32\WSOCK32.dll
0x74e20000 - 0x74e51000 	C:\WINDOWS\SYSTEM32\WINMM.dll
0x76ac0000 - 0x76b1f000 	C:\WINDOWS\System32\WS2_32.dll
0x74ce0000 - 0x74ce8000 	C:\WINDOWS\SYSTEM32\VERSION.dll
0x74b20000 - 0x74b33000 	C:\WINDOWS\SYSTEM32\kernel.appcore.dll
0x74d60000 - 0x74d6d000 	C:\Program Files (x86)\Eclipse Adoptium\jdk-11.0.21.9-hotspot\bin\verify.dll
0x74570000 - 0x74746000 	C:\WINDOWS\SYSTEM32\DBGHELP.DLL
0x75870000 - 0x75aec000 	C:\WINDOWS\System32\combase.dll
0x757c0000 - 0x7585c000 	C:\WINDOWS\System32\OLEAUT32.dll
0x74d30000 - 0x74d59000 	C:\WINDOWS\SYSTEM32\dbgcore.DLL
0x77270000 - 0x772d2000 	C:\WINDOWS\System32\bcryptPrimitives.dll
0x74a90000 - 0x74ab2000 	C:\Program Files (x86)\Eclipse Adoptium\jdk-11.0.21.9-hotspot\bin\java.dll
0x74d20000 - 0x74d29000 	C:\Program Files (x86)\Eclipse Adoptium\jdk-11.0.21.9-hotspot\bin\jimage.dll
0x74cf0000 - 0x74cfd000 	C:\Program Files (x86)\Eclipse Adoptium\jdk-11.0.21.9-hotspot\bin\instrument.dll
0x74c80000 - 0x74c96000 	C:\Program Files (x86)\Eclipse Adoptium\jdk-11.0.21.9-hotspot\bin\zip.dll
0x76b70000 - 0x77209000 	C:\WINDOWS\System32\SHELL32.dll
0x74ff0000 - 0x756df000 	C:\WINDOWS\SYSTEM32\windows.storage.dll
0x74f20000 - 0x74fe7000 	C:\WINDOWS\SYSTEM32\wintypes.dll
0x75ee0000 - 0x75fa1000 	C:\WINDOWS\System32\SHCORE.dll
0x75770000 - 0x757bb000 	C:\WINDOWS\System32\shlwapi.dll
0x74c60000 - 0x74c79000 	C:\WINDOWS\SYSTEM32\profapi.dll
0x74a70000 - 0x74a84000 	C:\Program Files (x86)\Eclipse Adoptium\jdk-11.0.21.9-hotspot\bin\net.dll
0x747f0000 - 0x748cc000 	C:\WINDOWS\SYSTEM32\WINHTTP.dll
0x749b0000 - 0x74a01000 	C:\WINDOWS\system32\mswsock.dll
0x74d10000 - 0x74d1f000 	C:\Program Files (x86)\Eclipse Adoptium\jdk-11.0.21.9-hotspot\bin\nio.dll
0x74990000 - 0x749a6000 	C:\Program Files\JetBrains\IntelliJ IDEA 2023.3.2\bin\breakgen.dll
0x74b50000 - 0x74b53000 	C:\Users\alexia\.openjfx\cache\17.0.6\api-ms-win-core-console-l1-1-0.dll
0x74a60000 - 0x74a63000 	C:\Users\alexia\.openjfx\cache\17.0.6\api-ms-win-core-console-l1-2-0.dll
0x74980000 - 0x74983000 	C:\Users\alexia\.openjfx\cache\17.0.6\api-ms-win-core-datetime-l1-1-0.dll
0x74970000 - 0x74973000 	C:\Users\alexia\.openjfx\cache\17.0.6\api-ms-win-core-debug-l1-1-0.dll
0x74960000 - 0x74963000 	C:\Users\alexia\.openjfx\cache\17.0.6\api-ms-win-core-errorhandling-l1-1-0.dll
0x74940000 - 0x74944000 	C:\Users\alexia\.openjfx\cache\17.0.6\api-ms-win-core-file-l1-1-0.dll
0x74560000 - 0x74563000 	C:\Users\alexia\.openjfx\cache\17.0.6\api-ms-win-core-file-l1-2-0.dll
0x74550000 - 0x74553000 	C:\Users\alexia\.openjfx\cache\17.0.6\api-ms-win-core-file-l2-1-0.dll
0x742f0000 - 0x742f3000 	C:\Users\alexia\.openjfx\cache\17.0.6\api-ms-win-core-handle-l1-1-0.dll
0x73d80000 - 0x73d83000 	C:\Users\alexia\.openjfx\cache\17.0.6\api-ms-win-core-heap-l1-1-0.dll
0x73d70000 - 0x73d73000 	C:\Users\alexia\.openjfx\cache\17.0.6\api-ms-win-core-interlocked-l1-1-0.dll
0x73d60000 - 0x73d63000 	C:\Users\alexia\.openjfx\cache\17.0.6\api-ms-win-core-libraryloader-l1-1-0.dll
0x73d50000 - 0x73d53000 	C:\Users\alexia\.openjfx\cache\17.0.6\api-ms-win-core-localization-l1-2-0.dll
0x73d40000 - 0x73d43000 	C:\Users\alexia\.openjfx\cache\17.0.6\api-ms-win-core-memory-l1-1-0.dll
0x73d30000 - 0x73d33000 	C:\Users\alexia\.openjfx\cache\17.0.6\api-ms-win-core-namedpipe-l1-1-0.dll
0x73d20000 - 0x73d23000 	C:\Users\alexia\.openjfx\cache\17.0.6\api-ms-win-core-processenvironment-l1-1-0.dll
0x73d10000 - 0x73d13000 	C:\Users\alexia\.openjfx\cache\17.0.6\api-ms-win-core-processthreads-l1-1-0.dll
0x73d00000 - 0x73d03000 	C:\Users\alexia\.openjfx\cache\17.0.6\api-ms-win-core-processthreads-l1-1-1.dll
0x73cf0000 - 0x73cf3000 	C:\Users\alexia\.openjfx\cache\17.0.6\api-ms-win-core-profile-l1-1-0.dll
0x73ce0000 - 0x73ce3000 	C:\Users\alexia\.openjfx\cache\17.0.6\api-ms-win-core-rtlsupport-l1-1-0.dll
0x73cd0000 - 0x73cd3000 	C:\Users\alexia\.openjfx\cache\17.0.6\api-ms-win-core-string-l1-1-0.dll
0x73cc0000 - 0x73cc3000 	C:\Users\alexia\.openjfx\cache\17.0.6\api-ms-win-core-synch-l1-1-0.dll
0x73cb0000 - 0x73cb3000 	C:\Users\alexia\.openjfx\cache\17.0.6\api-ms-win-core-synch-l1-2-0.dll
0x73ca0000 - 0x73ca3000 	C:\Users\alexia\.openjfx\cache\17.0.6\api-ms-win-core-sysinfo-l1-1-0.dll
0x73c90000 - 0x73c93000 	C:\Users\alexia\.openjfx\cache\17.0.6\api-ms-win-core-timezone-l1-1-0.dll
0x73c80000 - 0x73c83000 	C:\Users\alexia\.openjfx\cache\17.0.6\api-ms-win-core-util-l1-1-0.dll
0x73c70000 - 0x73c73000 	C:\Users\alexia\.openjfx\cache\17.0.6\api-ms-win-crt-conio-l1-1-0.dll
0x73c60000 - 0x73c64000 	C:\Users\alexia\.openjfx\cache\17.0.6\api-ms-win-crt-convert-l1-1-0.dll
0x73c50000 - 0x73c53000 	C:\Users\alexia\.openjfx\cache\17.0.6\api-ms-win-crt-environment-l1-1-0.dll
0x73c40000 - 0x73c43000 	C:\Users\alexia\.openjfx\cache\17.0.6\api-ms-win-crt-filesystem-l1-1-0.dll
0x73c30000 - 0x73c33000 	C:\Users\alexia\.openjfx\cache\17.0.6\api-ms-win-crt-heap-l1-1-0.dll
0x73c20000 - 0x73c23000 	C:\Users\alexia\.openjfx\cache\17.0.6\api-ms-win-crt-locale-l1-1-0.dll
0x73c10000 - 0x73c15000 	C:\Users\alexia\.openjfx\cache\17.0.6\api-ms-win-crt-math-l1-1-0.dll
0x73c00000 - 0x73c05000 	C:\Users\alexia\.openjfx\cache\17.0.6\api-ms-win-crt-multibyte-l1-1-0.dll
0x73bf0000 - 0x73c00000 	C:\Users\alexia\.openjfx\cache\17.0.6\api-ms-win-crt-private-l1-1-0.dll
0x73bd0000 - 0x73bd3000 	C:\Users\alexia\.openjfx\cache\17.0.6\api-ms-win-crt-process-l1-1-0.dll
0x73bc0000 - 0x73bc4000 	C:\Users\alexia\.openjfx\cache\17.0.6\api-ms-win-crt-runtime-l1-1-0.dll
0x73bb0000 - 0x73bb4000 	C:\Users\alexia\.openjfx\cache\17.0.6\api-ms-win-crt-stdio-l1-1-0.dll
0x73b90000 - 0x73b94000 	C:\Users\alexia\.openjfx\cache\17.0.6\api-ms-win-crt-string-l1-1-0.dll
0x73b80000 - 0x73b83000 	C:\Users\alexia\.openjfx\cache\17.0.6\api-ms-win-crt-time-l1-1-0.dll
0x73b70000 - 0x73b73000 	C:\Users\alexia\.openjfx\cache\17.0.6\api-ms-win-crt-utility-l1-1-0.dll
0x73a40000 - 0x73b63000 	C:\Users\alexia\.openjfx\cache\17.0.6\ucrtbase.dll
0x73a20000 - 0x73a34000 	C:\Users\alexia\.openjfx\cache\17.0.6\vcruntime140.dll
0x739b0000 - 0x73a1d000 	C:\Users\alexia\.openjfx\cache\17.0.6\msvcp140.dll
0x739a0000 - 0x739a7000 	C:\Users\alexia\.openjfx\cache\17.0.6\msvcp140_1.dll
0x73970000 - 0x73999000 	C:\Users\alexia\.openjfx\cache\17.0.6\msvcp140_2.dll
0x73940000 - 0x73966000 	C:\Users\alexia\.openjfx\cache\17.0.6\prism_d3d.dll
0x737c0000 - 0x73931000 	C:\WINDOWS\system32\d3d9.dll
0x735b0000 - 0x735d4000 	C:\WINDOWS\SYSTEM32\dwmapi.dll
0x73790000 - 0x737be000 	C:\WINDOWS\SYSTEM32\dxcore.dll
0x74270000 - 0x742ef000 	C:\WINDOWS\system32\uxtheme.dll
0x6eba0000 - 0x6ed19000 	C:\WINDOWS\System32\DriverStore\FileRepository\iigd_dch.inf_amd64_38b23bd92a6775fe\igdumdim32.dll
0x77500000 - 0x77655000 	C:\WINDOWS\System32\ole32.dll
0x6aa00000 - 0x6e4d8000 	C:\WINDOWS\System32\DriverStore\FileRepository\iigd_dch.inf_amd64_38b23bd92a6775fe\igd9dxva32.dll
0x76680000 - 0x76abd000 	C:\WINDOWS\System32\SETUPAPI.dll
0x748d0000 - 0x7490d000 	C:\WINDOWS\SYSTEM32\cfgmgr32.dll
0x6e8a0000 - 0x6eb98000 	C:\WINDOWS\System32\DriverStore\FileRepository\iigd_dch.inf_amd64_38b23bd92a6775fe\igdgmm32.dll
0x73750000 - 0x7378c000 	C:\WINDOWS\SYSTEM32\directxdatabasehelper.dll
0x73710000 - 0x73747000 	C:\Users\alexia\.openjfx\cache\17.0.6\glass.dll
0x77660000 - 0x77711000 	C:\WINDOWS\System32\COMDLG32.dll
0x763a0000 - 0x7649f000 	C:\WINDOWS\System32\MSCTF.dll
0x736f0000 - 0x7370e000 	C:\WINDOWS\System32\DriverStore\FileRepository\iigd_dch.inf_amd64_38b23bd92a6775fe\igdinfo32.dll
0x67c50000 - 0x6a9ff000 	C:\WINDOWS\System32\DriverStore\FileRepository\iigd_dch.inf_amd64_38b23bd92a6775fe\igc32.dll
0x6f9c0000 - 0x6f9d1000 	C:\Users\alexia\.openjfx\cache\17.0.6\javafx_font.dll
0x736e0000 - 0x736eb000 	C:\Program Files (x86)\Eclipse Adoptium\jdk-11.0.21.9-hotspot\bin\sunmscapi.dll
0x761a0000 - 0x762a3000 	C:\WINDOWS\System32\CRYPT32.dll
0x6e870000 - 0x6e895000 	C:\WINDOWS\SYSTEM32\ncrypt.dll
0x6e840000 - 0x6e868000 	C:\WINDOWS\SYSTEM32\NTASN1.dll
0x6e810000 - 0x6e834000 	C:\Program Files (x86)\Eclipse Adoptium\jdk-11.0.21.9-hotspot\bin\sunec.dll
0x734c0000 - 0x734d5000 	C:\WINDOWS\SYSTEM32\CRYPTSP.dll
0x73490000 - 0x734c0000 	C:\WINDOWS\system32\rsaenh.dll
0x74530000 - 0x7454f000 	C:\WINDOWS\SYSTEM32\USERENV.dll
0x74950000 - 0x7495b000 	C:\WINDOWS\SYSTEM32\CRYPTBASE.dll
0x74910000 - 0x74934000 	C:\WINDOWS\SYSTEM32\IPHLPAPI.DLL
0x76340000 - 0x76347000 	C:\WINDOWS\System32\NSI.dll
0x74c40000 - 0x74c56000 	C:\WINDOWS\SYSTEM32\dhcpcsvc6.DLL
0x74c20000 - 0x74c37000 	C:\WINDOWS\SYSTEM32\dhcpcsvc.DLL
0x74b60000 - 0x74c1d000 	C:\WINDOWS\SYSTEM32\DNSAPI.dll
0x73380000 - 0x73388000 	C:\Windows\System32\rasadhlp.dll

dbghelp: loaded successfully - version: 4.0.5 - missing functions: none
symbol engine: initialized successfully - sym options: 0x614 - pdb path: .;C:\Program Files (x86)\Eclipse Adoptium\jdk-11.0.21.9-hotspot\bin;C:\WINDOWS\SYSTEM32;C:\WINDOWS\WinSxS\x86_microsoft.windows.common-controls_6595b64144ccf1df_6.0.22621.3235_none_6ebcabb88802389e;C:\Program Files (x86)\Eclipse Adoptium\jdk-11.0.21.9-hotspot\bin\client;C:\Program Files\JetBrains\IntelliJ IDEA 2023.3.2\bin;C:\Users\alexia\.openjfx\cache\17.0.6;C:\WINDOWS\System32\DriverStore\FileRepository\iigd_dch.inf_amd64_38b23bd92a6775fe;C:\Program Files (x86)\Common Files\Microsoft Shared\Ink

VM Arguments:
jvm_args: -javaagent:C:\Program Files\JetBrains\IntelliJ IDEA 2023.3.2\lib\idea_rt.jar=59684:C:\Program Files\JetBrains\IntelliJ IDEA 2023.3.2\bin -Dfile.encoding=UTF-8 --module-path=C:\Users\alexia\.m2\repository\com\gluonhq\attach\lifecycle\4.0.19\lifecycle-4.0.19.jar;C:\Users\alexia\.m2\repository\org\kordamp\bootstrapfx\bootstrapfx-core\0.4.0\bootstrapfx-core-0.4.0.jar;C:\Users\alexia\.m2\repository\org\openjfx\javafx-fxml\17.0.6\javafx-fxml-17.0.6-win-x86.jar;C:\Users\alexia\.m2\repository\com\gluonhq\charm-glisten\6.2.3\charm-glisten-6.2.3.jar;C:\Users\alexia\.m2\repository\com\gluonhq\attach\display\4.0.19\display-4.0.19.jar;C:\Users\alexia\.m2\repository\com\gluonhq\attach\util\4.0.19\util-4.0.19.jar;C:\Users\alexia\.m2\repository\org\openjfx\javafx-graphics\17.0.6\javafx-graphics-17.0.6-win-x86.jar;C:\Users\alexia\Downloads\appJavaFx\target\classes;C:\Users\alexia\.m2\repository\org\openjfx\javafx-controls\17.0.6\javafx-controls-17.0.6-win-x86.jar;C:\Users\alexia\.m2\repository\org\openjfx\javafx-base\17.0.6\javafx-base-17.0.6-win-x86.jar -Djdk.module.main=com.alilopez.vererinaria 
java_command: com.alilopez.vererinaria/com.alilopez.application.App
java_class_path (initial): C:\Users\alexia\.m2\repository\org\openjfx\javafx-controls\17.0.6\javafx-controls-17.0.6.jar;C:\Users\alexia\.m2\repository\org\openjfx\javafx-graphics\17.0.6\javafx-graphics-17.0.6.jar;C:\Users\alexia\.m2\repository\org\openjfx\javafx-base\17.0.6\javafx-base-17.0.6.jar;C:\Users\alexia\.m2\repository\org\openjfx\javafx-fxml\17.0.6\javafx-fxml-17.0.6.jar
Launcher Type: SUN_STANDARD

[Global flags]
   size_t InitialHeapSize                          = 16777216                                  {product} {ergonomic}
   size_t MaxHeapSize                              = 268435456                                 {product} {ergonomic}
   size_t MaxNewSize                               = 89456640                                  {product} {ergonomic}
   size_t MinHeapDeltaBytes                        = 131072                                    {product} {ergonomic}
   size_t NewSize                                  = 5570560                                   {product} {ergonomic}
    uintx NonProfiledCodeHeapSize                  = 0                                      {pd product} {ergonomic}
   size_t OldSize                                  = 11206656                                  {product} {ergonomic}
    uintx ProfiledCodeHeapSize                     = 0                                      {pd product} {ergonomic}
     bool ThreadLocalHandshakes                    = false                                  {pd product} {ergonomic}
     bool UseLargePagesIndividualAllocation        = false                                  {pd product} {ergonomic}
     bool UseSerialGC                              = true                                      {product} {ergonomic}

Logging:
Log output configuration:
 #0: stdout all=warning uptime,level,tags
 #1: stderr all=off uptime,level,tags

Environment Variables:
PATH=C:\Program Files (x86)\Eclipse Adoptium\jdk-11.0.21.9-hotspot\bin;C:\WINDOWS\system32;C:\WINDOWS;C:\WINDOWS\System32\Wbem;C:\WINDOWS\System32\WindowsPowerShell\v1.0\;C:\WINDOWS\System32\OpenSSH\;C:\Program Files\Git\cmd;C:\Program Files (x86)\Git\cmd;C:\Users\alexia\AppData\Local\Microsoft\WindowsApps;C:\Users\alexia\AppData\Local\GitHubDesktop\bin;C:\Users\alexia\AppData\Local\Programs\Microsoft VS Code\bin;;C:\Program Files\JetBrains\IntelliJ IDEA 2023.3.2\bin;
USERNAME=alexia
OS=Windows_NT
PROCESSOR_IDENTIFIER=Intel64 Family 6 Model 140 Stepping 1, GenuineIntel
TMP=C:\Users\alexia\AppData\Local\Temp
TEMP=C:\Users\alexia\AppData\Local\Temp



---------------  S Y S T E M  ---------------

OS: Windows 11 , 64 bit Build 22621 (10.0.22621.3374)
OS uptime: 0 days 7:39 hours

CPU:total 4 (initial active 4) (2 cores per cpu, 2 threads per core) family 6 model 140 stepping 1 microcode 0x8a, cmov, cx8, fxsr, mmx, sse, sse2, sse3, ssse3, sse4.1, sse4.2, popcnt, avx, avx2, aes, clmul, erms, 3dnowpref, lzcnt, ht, tsc, tscinvbit, bmi1, bmi2, adx, evex, sha, fma

Memory: 4k page, system-wide physical 3875M (515M free)
TotalPageFile size 13721M (AvailPageFile size 2445M), user-mode portion of virtual address-space 2047M (1333M free)
current process WorkingSet (physical memory assigned to process): 112M, peak: 118M
current process commit charge ("private bytes"): 105M, peak: 108M

vm_info: OpenJDK Client VM (11.0.21+9) for windows-x86 JRE (11.0.21+9), built on Oct 17 2023 17:27:10 by "" with MS VC++ 15.9 (VS2017)

END.
