#
# A fatal error has been detected by the Java Runtime Environment:
#
#  EXCEPTION_ACCESS_VIOLATION (0xc0000005) at pc=0x65526c62, pid=6844, tid=17196
#
# JRE version: OpenJDK Runtime Environment Temurin-11.0.21+9 (11.0.21+9) (build 11.0.21+9)
# Java VM: OpenJDK Client VM Temurin-11.0.21+9 (11.0.21+9, mixed mode, serial gc, windows-x86)
# Problematic frame:
# C  [glass.dll+0x16c62]
#
# No core dump will be written. Minidumps are not enabled by default on client versions of Windows
#
# If you would like to submit a bug report, please visit:
#   https://github.com/adoptium/adoptium-support/issues
# The crash happened outside the Java Virtual Machine in native code.
# See problematic frame for where to report the bug.
#

---------------  S U M M A R Y ------------

Command Line: -javaagent:C:\Program Files\JetBrains\IntelliJ IDEA 2023.3.2\lib\idea_rt.jar=56298:C:\Program Files\JetBrains\IntelliJ IDEA 2023.3.2\bin -Dfile.encoding=UTF-8 --module-path=C:\Users\alexia\Downloads\appJavaFx\target\classes;C:\Users\alexia\.m2\repository\com\gluonhq\attach\lifecycle\4.0.19\lifecycle-4.0.19.jar;C:\Users\alexia\.m2\repository\org\openjfx\javafx-graphics\17.0.6\javafx-graphics-17.0.6-win-x86.jar;C:\Users\alexia\.m2\repository\org\openjfx\javafx-base\17.0.6\javafx-base-17.0.6-win-x86.jar;C:\Users\alexia\.m2\repository\com\gluonhq\attach\display\4.0.19\display-4.0.19.jar;C:\Users\alexia\.m2\repository\com\gluonhq\charm-glisten\6.2.3\charm-glisten-6.2.3.jar;C:\Users\alexia\.m2\repository\org\openjfx\javafx-controls\17.0.6\javafx-controls-17.0.6-win-x86.jar;C:\Users\alexia\.m2\repository\com\gluonhq\attach\util\4.0.19\util-4.0.19.jar;C:\Users\alexia\.m2\repository\org\kordamp\bootstrapfx\bootstrapfx-core\0.4.0\bootstrapfx-core-0.4.0.jar;C:\Users\alexia\.m2\repository\org\openjfx\javafx-fxml\17.0.6\javafx-fxml-17.0.6-win-x86.jar -Djdk.module.main=com.alilopez.vererinaria com.alilopez.vererinaria/com.alilopez.application.App

Host: 11th Gen Intel(R) Core(TM) i3-1115G4 @ 3.00GHz, 4 cores, 3G,  Windows 11 , 64 bit Build 22621 (10.0.22621.3374)
Time: Tue Apr  9 05:26:24 2024 Hora estándar central (México) elapsed time: 90.443925 seconds (0d 0h 1m 30s)

---------------  T H R E A D  ---------------

Current thread (0x158be400):  JavaThread "JavaFX Application Thread" [_thread_in_native, id=17196, stack(0x16020000,0x16070000)]

Stack: [0x16020000,0x16070000],  sp=0x1606e4dc,  free space=313k
Native frames: (J=compiled Java code, A=aot compiled Java code, j=interpreted, Vv=VM code, C=native code)
C  [glass.dll+0x16c62]

Java frames: (J=compiled Java code, j=interpreted, Vv=VM code)
j  com.sun.glass.ui.win.WinWindow._close(J)Z+0 javafx.graphics
j  com.sun.glass.ui.Window.close()V+63 javafx.graphics
j  com.sun.glass.ui.win.WinWindow.close()V+8 javafx.graphics
j  com.sun.glass.ui.Application.terminate()V+75 javafx.graphics
j  com.sun.javafx.tk.quantum.QuantumToolkit.lambda$exit$13()Ljava/lang/Object;+5 javafx.graphics
j  com.sun.javafx.tk.quantum.QuantumToolkit$$Lambda$483.get()Ljava/lang/Object;+0 javafx.graphics
j  com.sun.javafx.tk.quantum.QuantumToolkit.runWithRenderLock(Ljava/util/function/Supplier;)Ljava/lang/Object;+7 javafx.graphics
j  com.sun.javafx.tk.quantum.QuantumToolkit.exit()V+26 javafx.graphics
j  com.sun.javafx.application.PlatformImpl.lambda$tkExit$16()V+3 javafx.graphics
j  com.sun.javafx.application.PlatformImpl$$Lambda$482.run()V+0 javafx.graphics
j  com.sun.javafx.application.PlatformImpl.lambda$runAndWait$12(Ljava/lang/Runnable;Ljava/util/concurrent/CountDownLatch;)V+1 javafx.graphics
j  com.sun.javafx.application.PlatformImpl$$Lambda$86.run()V+8 javafx.graphics
j  com.sun.javafx.application.PlatformImpl.lambda$runLater$10(Ljava/lang/Runnable;)Ljava/lang/Void;+1 javafx.graphics
j  com.sun.javafx.application.PlatformImpl$$Lambda$89.run()Ljava/lang/Object;+4 javafx.graphics
v  ~StubRoutines::call_stub
J 1795  java.security.AccessController.doPrivileged(Ljava/security/PrivilegedAction;Ljava/security/AccessControlContext;)Ljava/lang/Object; java.base@11.0.21 (0 bytes) @ 0x030d2247 [0x030d21e0+0x00000067]
j  com.sun.javafx.application.PlatformImpl.lambda$runLater$11(Ljava/lang/Runnable;Ljava/security/AccessControlContext;)V+7 javafx.graphics
j  com.sun.javafx.application.PlatformImpl$$Lambda$88.run()V+8 javafx.graphics
J 2180 c1 com.sun.glass.ui.InvokeLaterDispatcher$Future.run()V javafx.graphics (91 bytes) @ 0x0313d180 [0x0313d150+0x00000030]
v  ~StubRoutines::call_stub
j  com.sun.glass.ui.win.WinApplication._runLoop(Ljava/lang/Runnable;)V+0 javafx.graphics
j  com.sun.glass.ui.win.WinApplication.lambda$runLoop$3(ILjava/lang/Runnable;)V+8 javafx.graphics
j  com.sun.glass.ui.win.WinApplication$$Lambda$77.run()V+12 javafx.graphics
j  java.lang.Thread.run()V+11 java.base@11.0.21
v  ~StubRoutines::call_stub

siginfo: EXCEPTION_ACCESS_VIOLATION (0xc0000005), reading address 0x000000b8


Register to memory mapping:

EIP=0x65526c62 glass.dll
EAX=0x0 is NULL
EBX=0x1606e710 is pointing into the stack for thread: 0x158be400
ECX=0x0 is NULL
EDX=0x0 is NULL
ESP=0x1606e4dc is pointing into the stack for thread: 0x158be400
EBP=0x1606e508 is pointing into the stack for thread: 0x158be400
ESI=0x00000401 is an unknown value
EDI=0x0 is NULL


Registers:
EAX=0x00000000, EBX=0x1606e710, ECX=0x00000000, EDX=0x00000000
ESP=0x1606e4dc, EBP=0x1606e508, ESI=0x00000401, EDI=0x00000000
EIP=0x65526c62, EFLAGS=0x00010202

Top of Stack: (sp=0x1606e4dc)
0x1606e4dc:   1606e710 00000401 1606e710 65518df8
0x1606e4ec:   1c36ce2b 158acfb0 0067011e 00000401
0x1606e4fc:   1606e63c 655302b0 ffffffff 00000000
0x1606e50c:   65511755 00000401 1606e710 00000000
0x1606e51c:   00000401 0067011e 1606e554 655116f0
0x1606e52c:   777b3083 0067011e 00000401 1606e710
0x1606e53c:   00000000 0067011e dcbaabcd 655116f0
0x1606e54c:   00000401 0067011e 1606e64c 777a3ec6 

Instructions: (pc=0x65526c62)
0x65526b62:   21 56 e8 47 42 00 00 ff 35 e8 03 54 65 8b f0 ff
0x65526b72:   77 68 56 e8 96 de fe ff 56 e8 a0 41 00 00 83 c4
0x65526b82:   10 5e c7 05 a4 03 54 65 00 00 00 00 5f c3 83 ec
0x65526b92:   24 a1 ec e0 53 65 33 c4 89 44 24 20 8b 44 24 28
0x65526ba2:   53 89 44 24 04 8b d9 8b 44 24 30 89 44 24 08 8b
0x65526bb2:   44 24 38 55 89 44 24 10 8b 44 24 38 56 89 83 84
0x65526bc2:   00 00 00 8b 44 24 0c 89 5c 24 18 bb 00 00 00 80
0x65526bd2:   8b eb 8b f3 57 8b fb 85 c0 79 29 8d 44 24 20 50
0x65526be2:   e8 29 aa fe ff 83 c4 04 85 c0 8b 44 24 10 74 14
0x65526bf2:   8b 74 24 28 8b 5c 24 20 2b f3 8b 7c 24 2c 8b 6c
0x65526c02:   24 24 2b fd 6a 00 50 ff 74 24 1c 68 d8 23 53 65
0x65526c12:   57 56 8b 74 24 34 8b ce 55 53 ff 74 24 38 e8 db
0x65526c22:   a7 fe ff 8b f8 8d 4e 14 57 e8 40 64 00 00 57 8d
0x65526c32:   4e 14 e8 c7 64 00 00 8b 4c 24 30 8b c7 5f 5e 5d
0x65526c42:   5b 33 cc e8 ae 7a 00 00 83 c4 24 c2 10 00 53 8b
0x65526c52:   d9 56 57 ff 73 08 e8 93 a9 fe ff 8b f8 83 c4 04
0x65526c62:   8b 87 b8 00 00 00 85 c0 75 03 8b 47 04 3b 05 a4
0x65526c72:   03 54 65 75 29 e8 34 41 00 00 ff 35 e8 03 54 65
0x65526c82:   8b f0 ff 77 68 56 e8 83 dd fe ff 56 e8 8d 40 00
0x65526c92:   00 83 c4 10 c7 05 a4 03 54 65 00 00 00 00 8d 4f
0x65526ca2:   14 e8 b8 69 00 00 8d 4f 14 e8 e0 69 00 00 ff 73
0x65526cb2:   08 ff 15 f8 fe 53 65 85 c0 5f 0f 95 c0 5e 88 43
0x65526cc2:   04 5b c3 cc cc cc cc cc cc cc cc cc cc cc 55 8b
0x65526cd2:   ec 6a ff 68 f7 11 53 65 64 a1 00 00 00 00 50 83
0x65526ce2:   ec 08 53 56 57 a1 ec e0 53 65 33 c5 50 8d 45 f4
0x65526cf2:   64 a3 00 00 00 00 8b f9 ff 77 18 ff 15 60 ff 53
0x65526d02:   65 85 c0 75 13 0f 57 c0 66 0f 13 45 ec 8b 55 f0
0x65526d12:   8b 45 ec e9 a7 00 00 00 68 dc 00 00 00 e8 96 79
0x65526d22:   00 00 83 c4 04 89 45 f0 c7 45 fc 00 00 00 00 85
0x65526d32:   c0 74 19 ff 77 18 8b c8 6a 01 6a 00 6a 00 6a 00
0x65526d42:   ff 77 10 e8 a6 f9 ff ff 8b d8 eb 02 33 db ff 77
0x65526d52:   18 8b cb c7 45 fc ff ff ff ff 6a 00 68 00 00 10 


Stack slot to memory mapping:
stack at sp + 0 slots: 0x1606e710 is pointing into the stack for thread: 0x158be400
stack at sp + 1 slots: 0x00000401 is an unknown value
stack at sp + 2 slots: 0x1606e710 is pointing into the stack for thread: 0x158be400
stack at sp + 3 slots: 0x65518df8 glass.dll
stack at sp + 4 slots: 0x1c36ce2b points into unknown readable memory: 00
stack at sp + 5 slots: 0x158acfb0 points into unknown readable memory: 0x6553319c | 9c 31 53 65
stack at sp + 6 slots: 0x0067011e is an unknown value
stack at sp + 7 slots: 0x00000401 is an unknown value


---------------  P R O C E S S  ---------------

Threads class SMR info:
_java_thread_list=0x1fde2f40, length=17, elements={
0x02d2ec00, 0x02e08800, 0x02de7800, 0x02e04400,
0x02e07800, 0x15030000, 0x15031400, 0x15037400,
0x02e0e000, 0x151fc800, 0x15837400, 0x15892c00,
0x158be400, 0x1a1ef000, 0x1a19f000, 0x1a4eec00,
0x1a6bdc00
}

Java Threads: ( => current thread )
  0x02d2ec00 JavaThread "main" [_thread_blocked, id=10064, stack(0x00c50000,0x00ca0000)]
  0x02e08800 JavaThread "Reference Handler" daemon [_thread_blocked, id=16564, stack(0x02ca0000,0x02cf0000)]
  0x02de7800 JavaThread "Finalizer" daemon [_thread_blocked, id=2520, stack(0x04e50000,0x04ea0000)]
  0x02e04400 JavaThread "Signal Dispatcher" daemon [_thread_blocked, id=14848, stack(0x15240000,0x15290000)]
  0x02e07800 JavaThread "Attach Listener" daemon [_thread_blocked, id=8656, stack(0x152d0000,0x15320000)]
  0x15030000 JavaThread "Service Thread" daemon [_thread_blocked, id=15636, stack(0x15360000,0x153b0000)]
  0x15031400 JavaThread "C1 CompilerThread0" daemon [_thread_blocked, id=6716, stack(0x153f0000,0x15440000)]
  0x15037400 JavaThread "Sweeper thread" daemon [_thread_blocked, id=11436, stack(0x15480000,0x154d0000)]
  0x02e0e000 JavaThread "Common-Cleaner" daemon [_thread_blocked, id=16208, stack(0x15510000,0x15560000)]
  0x151fc800 JavaThread "Monitor Ctrl-Break" daemon [_thread_in_native, id=17392, stack(0x159a0000,0x159f0000)]
  0x15837400 JavaThread "QuantumRenderer-0" daemon [_thread_blocked, id=15712, stack(0x15cc0000,0x15d10000)]
  0x15892c00 JavaThread "InvokeLaterDispatcher" daemon [_thread_blocked, id=13844, stack(0x15e90000,0x15ee0000)]
=>0x158be400 JavaThread "JavaFX Application Thread" [_thread_in_native, id=17196, stack(0x16020000,0x16070000)]
  0x1a1ef000 JavaThread "Thread-1" daemon [_thread_in_native, id=8440, stack(0x1b3b0000,0x1b400000)]
  0x1a19f000 JavaThread "JavaFX-Launcher" [_thread_blocked, id=3048, stack(0x1b440000,0x1b490000)]
  0x1a4eec00 JavaThread "Prism Font Disposer" daemon [_thread_blocked, id=16516, stack(0x1d380000,0x1d3d0000)]
  0x1a6bdc00 JavaThread "Cleaner-0" daemon [_thread_blocked, id=8244, stack(0x1da20000,0x1da70000)]

Other Threads:
  0x02de1000 VMThread "VM Thread" [stack: 0x02c10000,0x02c60000] [id=9060]
  0x151fd400 WatcherThread [stack: 0x15a30000,0x15a80000] [id=14860]

Threads with active compile tasks:

VM state:not at safepoint (normal execution)

VM Mutex/Monitor currently owned by a thread: None

Heap:
 def new generation   total 32640K, used 31561K [0x05000000, 0x07360000, 0x0a550000)
  eden space 29056K,  96% used [0x05000000, 0x06b52768, 0x06c60000)
  from space 3584K, 100% used [0x06c60000, 0x06fe0000, 0x06fe0000)
  to   space 3584K,   0% used [0x06fe0000, 0x06fe0000, 0x07360000)
 tenured generation   total 72336K, used 71232K [0x0a550000, 0x0ebf4000, 0x15000000)
   the space 72336K,  98% used [0x0a550000, 0x0eae0328, 0x0eae0400, 0x0ebf4000)
 Metaspace       used 18777K, capacity 19087K, committed 19200K, reserved 19840K

Card table byte_map: [0x02680000,0x02710000] _byte_map_base: 0x02658000

Polling page: 0x00ca0000

Metaspace:

Usage:
   18.64 MB capacity,    18.34 MB ( 98%) used,   207.32 KB (  1%) free+waste,   101.80 KB ( <1%) overhead. 

Virtual space:
     19.38 MB reserved,      18.75 MB ( 97%) committed 

Chunk freelists:
17.00 KB

MaxMetaspaceSize: 4.00 GB
No class space
Initial GC threshold: 12.00 MB
Current GC threshold: 29.38 MB
CDS: off

CodeCache: size=32768Kb used=3831Kb max_used=3831Kb free=28936Kb
 bounds [0x02e10000, 0x031d0000, 0x04e10000]
 total_blobs=3105 nmethods=2664 adapters=371
 compilation: enabled
              stopped_count=0, restarted_count=0
 full_count=0

Compilation events (20 events):
Event: 88.626 Thread 0x15031400 2655             com.sun.javafx.geom.transform.GeneralTransform3D::ortho (189 bytes)
Event: 88.627 Thread 0x15031400 nmethod 2655 0x031ca948 code [0x031caac0, 0x031cacec]
Event: 89.329 Thread 0x15031400 2656             javafx.scene.Scene$TargetWrapper::set (11 bytes)
Event: 89.329 Thread 0x15031400 nmethod 2656 0x031cae08 code [0x031caf10, 0x031cafb0]
Event: 89.452 Thread 0x15031400 2657             javafx.scene.Parent::getOrderedChildren (36 bytes)
Event: 89.453 Thread 0x15031400 nmethod 2657 0x031cb008 code [0x031cb140, 0x031cb254]
Event: 89.453 Thread 0x15031400 2658             javafx.scene.input.MouseEvent::getButton (5 bytes)
Event: 89.453 Thread 0x15031400 nmethod 2658 0x031cb308 code [0x031cb410, 0x031cb490]
Event: 89.590 Thread 0x15031400 2659             javafx.scene.Scene$TargetWrapper::getCursor (61 bytes)
Event: 89.593 Thread 0x15031400 nmethod 2659 0x031cb4c8 code [0x031cb640, 0x031cb930]
Event: 89.995 Thread 0x15031400 2660             javafx.css.Size::pixels (14 bytes)
Event: 89.995 Thread 0x15031400 nmethod 2660 0x031cbd48 code [0x031cbe60, 0x031cbefc]
Event: 90.233 Thread 0x15031400 2661             java.lang.invoke.LambdaFormBuffer::clearDuplicatesAndNulls (268 bytes)
Event: 90.234 Thread 0x15031400 nmethod 2661 0x031cc4c8 code [0x031cc630, 0x031cca10]
Event: 90.299 Thread 0x15031400 2662             com.sun.javafx.css.BitSet::retainAll (318 bytes)
Event: 90.300 Thread 0x15031400 nmethod 2662 0x031ccdc8 code [0x031ccf40, 0x031cd530]
Event: 90.300 Thread 0x15031400 2663             javafx.css.Size::pixels (7 bytes)
Event: 90.300 Thread 0x15031400 nmethod 2663 0x031cd908 code [0x031cda30, 0x031cdadc]
Event: 90.411 Thread 0x15031400 2664             java.util.HashMap::clear (50 bytes)
Event: 90.411 Thread 0x15031400 nmethod 2664 0x031cdb48 code [0x031cdc50, 0x031cdd20]

GC Heap History (20 events):
Event: 2.229 GC heap before
{Heap before GC invocations=11 (full 1):
 def new generation   total 4992K, used 4991K [0x05000000, 0x05560000, 0x0a550000)
  eden space 4480K, 100% used [0x05000000, 0x05460000, 0x05460000)
  from space 512K,  99% used [0x054e0000, 0x0555fff8, 0x05560000)
  to   space 512K,   0% used [0x05460000, 0x05460000, 0x054e0000)
 tenured generation   total 10944K, used 6555K [0x0a550000, 0x0b000000, 0x15000000)
   the space 10944K,  59% used [0x0a550000, 0x0abb6e00, 0x0abb6e00, 0x0b000000)
 Metaspace       used 14964K, capacity 15170K, committed 15232K, reserved 15744K
}
Event: 2.232 GC heap after
{Heap after GC invocations=12 (full 1):
 def new generation   total 4992K, used 512K [0x05000000, 0x05560000, 0x0a550000)
  eden space 4480K,   0% used [0x05000000, 0x05000000, 0x05460000)
  from space 512K, 100% used [0x05460000, 0x054e0000, 0x054e0000)
  to   space 512K,   0% used [0x054e0000, 0x054e0000, 0x05560000)
 tenured generation   total 10944K, used 7457K [0x0a550000, 0x0b000000, 0x15000000)
   the space 10944K,  68% used [0x0a550000, 0x0ac98608, 0x0ac98800, 0x0b000000)
 Metaspace       used 14964K, capacity 15170K, committed 15232K, reserved 15744K
}
Event: 2.680 GC heap before
{Heap before GC invocations=12 (full 1):
 def new generation   total 4992K, used 4943K [0x05000000, 0x05560000, 0x0a550000)
  eden space 4480K,  98% used [0x05000000, 0x05453f18, 0x05460000)
  from space 512K, 100% used [0x05460000, 0x054e0000, 0x054e0000)
  to   space 512K,   0% used [0x054e0000, 0x054e0000, 0x05560000)
 tenured generation   total 10944K, used 7457K [0x0a550000, 0x0b000000, 0x15000000)
   the space 10944K,  68% used [0x0a550000, 0x0ac98608, 0x0ac98800, 0x0b000000)
 Metaspace       used 15078K, capacity 15269K, committed 15360K, reserved 15744K
}
Event: 2.683 GC heap after
{Heap after GC invocations=13 (full 1):
 def new generation   total 4992K, used 72K [0x05000000, 0x05560000, 0x0a550000)
  eden space 4480K,   0% used [0x05000000, 0x05000000, 0x05460000)
  from space 512K,  14% used [0x054e0000, 0x054f2390, 0x05560000)
  to   space 512K,   0% used [0x05460000, 0x05460000, 0x054e0000)
 tenured generation   total 10944K, used 10034K [0x0a550000, 0x0b000000, 0x15000000)
   the space 10944K,  91% used [0x0a550000, 0x0af1cb50, 0x0af1cc00, 0x0b000000)
 Metaspace       used 15078K, capacity 15269K, committed 15360K, reserved 15744K
}
Event: 2.904 GC heap before
{Heap before GC invocations=13 (full 1):
 def new generation   total 4992K, used 4454K [0x05000000, 0x05560000, 0x0a550000)
  eden space 4480K,  97% used [0x05000000, 0x054474c0, 0x05460000)
  from space 512K,  14% used [0x054e0000, 0x054f2390, 0x05560000)
  to   space 512K,   0% used [0x05460000, 0x05460000, 0x054e0000)
 tenured generation   total 10944K, used 10034K [0x0a550000, 0x0b000000, 0x15000000)
   the space 10944K,  91% used [0x0a550000, 0x0af1cb50, 0x0af1cc00, 0x0b000000)
 Metaspace       used 15078K, capacity 15269K, committed 15360K, reserved 15744K
}
Event: 2.925 GC heap after
{Heap after GC invocations=14 (full 2):
 def new generation   total 9792K, used 0K [0x05000000, 0x05a90000, 0x0a550000)
  eden space 8768K,   0% used [0x05000000, 0x05000000, 0x05890000)
  from space 1024K,   0% used [0x05890000, 0x05890000, 0x05990000)
  to   space 1024K,   0% used [0x05990000, 0x05990000, 0x05a90000)
 tenured generation   total 21516K, used 12908K [0x0a550000, 0x0ba53000, 0x15000000)
   the space 21516K,  59% used [0x0a550000, 0x0b1eb3a8, 0x0b1eb400, 0x0ba53000)
 Metaspace       used 15078K, capacity 15269K, committed 15360K, reserved 15744K
}
Event: 3.323 GC heap before
{Heap before GC invocations=14 (full 2):
 def new generation   total 9792K, used 8768K [0x05000000, 0x05a90000, 0x0a550000)
  eden space 8768K, 100% used [0x05000000, 0x05890000, 0x05890000)
  from space 1024K,   0% used [0x05890000, 0x05890000, 0x05990000)
  to   space 1024K,   0% used [0x05990000, 0x05990000, 0x05a90000)
 tenured generation   total 21516K, used 12908K [0x0a550000, 0x0ba53000, 0x15000000)
   the space 21516K,  59% used [0x0a550000, 0x0b1eb3a8, 0x0b1eb400, 0x0ba53000)
 Metaspace       used 15078K, capacity 15269K, committed 15360K, reserved 15744K
}
Event: 3.328 GC heap after
{Heap after GC invocations=15 (full 2):
 def new generation   total 9792K, used 905K [0x05000000, 0x05a90000, 0x0a550000)
  eden space 8768K,   0% used [0x05000000, 0x05000000, 0x05890000)
  from space 1024K,  88% used [0x05990000, 0x05a72448, 0x05a90000)
  to   space 1024K,   0% used [0x05890000, 0x05890000, 0x05990000)
 tenured generation   total 21516K, used 17824K [0x0a550000, 0x0ba53000, 0x15000000)
   the space 21516K,  82% used [0x0a550000, 0x0b6b8350, 0x0b6b8400, 0x0ba53000)
 Metaspace       used 15078K, capacity 15269K, committed 15360K, reserved 15744K
}
Event: 3.916 GC heap before
{Heap before GC invocations=15 (full 2):
 def new generation   total 9792K, used 9237K [0x05000000, 0x05a90000, 0x0a550000)
  eden space 8768K,  95% used [0x05000000, 0x058231f0, 0x05890000)
  from space 1024K,  88% used [0x05990000, 0x05a72448, 0x05a90000)
  to   space 1024K,   0% used [0x05890000, 0x05890000, 0x05990000)
 tenured generation   total 21516K, used 17824K [0x0a550000, 0x0ba53000, 0x15000000)
   the space 21516K,  82% used [0x0a550000, 0x0b6b8350, 0x0b6b8400, 0x0ba53000)
 Metaspace       used 15078K, capacity 15269K, committed 15360K, reserved 15744K
}
Event: 3.936 GC heap after
{Heap after GC invocations=16 (full 3):
 def new generation   total 17792K, used 735K [0x05000000, 0x06340000, 0x0a550000)
  eden space 15872K,   4% used [0x05000000, 0x050b7ce0, 0x05f80000)
  from space 1920K,   0% used [0x05f80000, 0x05f80000, 0x06160000)
  to   space 1920K,   0% used [0x06160000, 0x06160000, 0x06340000)
 tenured generation   total 39372K, used 23622K [0x0a550000, 0x0cbc3000, 0x15000000)
   the space 39372K,  59% used [0x0a550000, 0x0bc61bb8, 0x0bc61c00, 0x0cbc3000)
 Metaspace       used 15078K, capacity 15269K, committed 15360K, reserved 15744K
}
Event: 4.762 GC heap before
{Heap before GC invocations=16 (full 3):
 def new generation   total 17792K, used 15872K [0x05000000, 0x06340000, 0x0a550000)
  eden space 15872K, 100% used [0x05000000, 0x05f80000, 0x05f80000)
  from space 1920K,   0% used [0x05f80000, 0x05f80000, 0x06160000)
  to   space 1920K,   0% used [0x06160000, 0x06160000, 0x06340000)
 tenured generation   total 39372K, used 23622K [0x0a550000, 0x0cbc3000, 0x15000000)
   the space 39372K,  59% used [0x0a550000, 0x0bc61bb8, 0x0bc61c00, 0x0cbc3000)
 Metaspace       used 16769K, capacity 17003K, committed 17024K, reserved 17792K
}
Event: 4.770 GC heap after
{Heap after GC invocations=17 (full 3):
 def new generation   total 17792K, used 1920K [0x05000000, 0x06340000, 0x0a550000)
  eden space 15872K,   0% used [0x05000000, 0x05000000, 0x05f80000)
  from space 1920K, 100% used [0x06160000, 0x06340000, 0x06340000)
  to   space 1920K,   0% used [0x05f80000, 0x05f80000, 0x06160000)
 tenured generation   total 39372K, used 25385K [0x0a550000, 0x0cbc3000, 0x15000000)
   the space 39372K,  64% used [0x0a550000, 0x0be1a638, 0x0be1a800, 0x0cbc3000)
 Metaspace       used 16769K, capacity 17003K, committed 17024K, reserved 17792K
}
Event: 10.557 GC heap before
{Heap before GC invocations=17 (full 3):
 def new generation   total 17792K, used 17792K [0x05000000, 0x06340000, 0x0a550000)
  eden space 15872K, 100% used [0x05000000, 0x05f80000, 0x05f80000)
  from space 1920K, 100% used [0x06160000, 0x06340000, 0x06340000)
  to   space 1920K,   0% used [0x05f80000, 0x05f80000, 0x06160000)
 tenured generation   total 39372K, used 25385K [0x0a550000, 0x0cbc3000, 0x15000000)
   the space 39372K,  64% used [0x0a550000, 0x0be1a638, 0x0be1a800, 0x0cbc3000)
 Metaspace       used 17731K, capacity 17994K, committed 18048K, reserved 18816K
}
Event: 10.565 GC heap after
{Heap after GC invocations=18 (full 3):
 def new generation   total 17792K, used 1920K [0x05000000, 0x06340000, 0x0a550000)
  eden space 15872K,   0% used [0x05000000, 0x05000000, 0x05f80000)
  from space 1920K, 100% used [0x05f80000, 0x06160000, 0x06160000)
  to   space 1920K,   0% used [0x06160000, 0x06160000, 0x06340000)
 tenured generation   total 39372K, used 32362K [0x0a550000, 0x0cbc3000, 0x15000000)
   the space 39372K,  82% used [0x0a550000, 0x0c4ea9b8, 0x0c4eaa00, 0x0cbc3000)
 Metaspace       used 17731K, capacity 17994K, committed 18048K, reserved 18816K
}
Event: 10.883 GC heap before
{Heap before GC invocations=18 (full 3):
 def new generation   total 17792K, used 17792K [0x05000000, 0x06340000, 0x0a550000)
  eden space 15872K, 100% used [0x05000000, 0x05f80000, 0x05f80000)
  from space 1920K, 100% used [0x05f80000, 0x06160000, 0x06160000)
  to   space 1920K,   0% used [0x06160000, 0x06160000, 0x06340000)
 tenured generation   total 39372K, used 32362K [0x0a550000, 0x0cbc3000, 0x15000000)
   the space 39372K,  82% used [0x0a550000, 0x0c4ea9b8, 0x0c4eaa00, 0x0cbc3000)
 Metaspace       used 17731K, capacity 17994K, committed 18048K, reserved 18816K
}
Event: 10.922 GC heap after
{Heap after GC invocations=19 (full 4):
 def new generation   total 32640K, used 443K [0x05000000, 0x07360000, 0x0a550000)
  eden space 29056K,   1% used [0x05000000, 0x0506eeb0, 0x06c60000)
  from space 3584K,   0% used [0x06c60000, 0x06c60000, 0x06fe0000)
  to   space 3584K,   0% used [0x06fe0000, 0x06fe0000, 0x07360000)
 tenured generation   total 72336K, used 43401K [0x0a550000, 0x0ebf4000, 0x15000000)
   the space 72336K,  59% used [0x0a550000, 0x0cfb2620, 0x0cfb2800, 0x0ebf4000)
 Metaspace       used 17578K, capacity 17806K, committed 18048K, reserved 18816K
}
Event: 11.165 GC heap before
{Heap before GC invocations=19 (full 4):
 def new generation   total 32640K, used 28816K [0x05000000, 0x07360000, 0x0a550000)
  eden space 29056K,  99% used [0x05000000, 0x06c24050, 0x06c60000)
  from space 3584K,   0% used [0x06c60000, 0x06c60000, 0x06fe0000)
  to   space 3584K,   0% used [0x06fe0000, 0x06fe0000, 0x07360000)
 tenured generation   total 72336K, used 43401K [0x0a550000, 0x0ebf4000, 0x15000000)
   the space 72336K,  59% used [0x0a550000, 0x0cfb2620, 0x0cfb2800, 0x0ebf4000)
 Metaspace       used 17578K, capacity 17806K, committed 18048K, reserved 18816K
}
Event: 11.180 GC heap after
{Heap after GC invocations=20 (full 4):
 def new generation   total 32640K, used 3257K [0x05000000, 0x07360000, 0x0a550000)
  eden space 29056K,   0% used [0x05000000, 0x05000000, 0x06c60000)
  from space 3584K,  90% used [0x06fe0000, 0x0730e480, 0x07360000)
  to   space 3584K,   0% used [0x06c60000, 0x06c60000, 0x06fe0000)
 tenured generation   total 72336K, used 60677K [0x0a550000, 0x0ebf4000, 0x15000000)
   the space 72336K,  83% used [0x0a550000, 0x0e0917b0, 0x0e091800, 0x0ebf4000)
 Metaspace       used 17578K, capacity 17806K, committed 18048K, reserved 18816K
}
Event: 36.752 GC heap before
{Heap before GC invocations=20 (full 4):
 def new generation   total 32640K, used 32040K [0x05000000, 0x07360000, 0x0a550000)
  eden space 29056K,  99% used [0x05000000, 0x06c1bca8, 0x06c60000)
  from space 3584K,  90% used [0x06fe0000, 0x0730e480, 0x07360000)
  to   space 3584K,   0% used [0x06c60000, 0x06c60000, 0x06fe0000)
 tenured generation   total 72336K, used 60677K [0x0a550000, 0x0ebf4000, 0x15000000)
   the space 72336K,  83% used [0x0a550000, 0x0e0917b0, 0x0e091800, 0x0ebf4000)
 Metaspace       used 18520K, capacity 18813K, committed 18816K, reserved 18816K
}
Event: 36.761 GC heap after
{Heap after GC invocations=21 (full 4):
 def new generation   total 32640K, used 3584K [0x05000000, 0x07360000, 0x0a550000)
  eden space 29056K,   0% used [0x05000000, 0x05000000, 0x06c60000)
  from space 3584K, 100% used [0x06c60000, 0x06fe0000, 0x06fe0000)
  to   space 3584K,   0% used [0x06fe0000, 0x06fe0000, 0x07360000)
 tenured generation   total 72336K, used 71232K [0x0a550000, 0x0ebf4000, 0x15000000)
   the space 72336K,  98% used [0x0a550000, 0x0eae0328, 0x0eae0400, 0x0ebf4000)
 Metaspace       used 18520K, capacity 18813K, committed 18816K, reserved 18816K
}

Deoptimization events (8 events):
Event: 4.674 Thread 0x158be400 DEOPT PACKING pc=0x02f3750f sp=0x1606ddd0
Event: 4.674 Thread 0x158be400 DEOPT UNPACKING pc=0x02e4c187 sp=0x1606dcf0 mode 3
Event: 4.680 Thread 0x158be400 DEOPT PACKING pc=0x02ff4031 sp=0x1606df50
Event: 4.680 Thread 0x158be400 DEOPT UNPACKING pc=0x02e4c187 sp=0x1606de74 mode 3
Event: 4.748 Thread 0x158be400 DEOPT PACKING pc=0x0301cc4c sp=0x1606db60
Event: 4.748 Thread 0x158be400 DEOPT UNPACKING pc=0x02e4c187 sp=0x1606da10 mode 3
Event: 5.005 Thread 0x15837400 DEOPT PACKING pc=0x0304a77d sp=0x15d0ec20
Event: 5.005 Thread 0x15837400 DEOPT UNPACKING pc=0x02e4c187 sp=0x15d0eb4c mode 3

Classes redefined (0 events):
No events

Internal exceptions (20 events):
Event: 33.841 Thread 0x158be400 Exception <a 'java/lang/reflect/InvocationTargetException'{0x05d77178}> (0x05d77178) thrown at [s\src\hotspot\share\runtime\reflection.cpp, line 1245]
Event: 33.841 Thread 0x158be400 Exception <a 'java/lang/RuntimeException'{0x05d782c8}> (0x05d782c8) thrown at [s\src\hotspot\share\prims\jvm.cpp, line 1310]
Event: 33.959 Thread 0x158be400 Exception <a 'java/lang/reflect/InvocationTargetException'{0x05da0de8}> (0x05da0de8) thrown at [s\src\hotspot\share\runtime\reflection.cpp, line 1245]
Event: 33.959 Thread 0x158be400 Exception <a 'java/lang/RuntimeException'{0x05da1f38}> (0x05da1f38) thrown at [s\src\hotspot\share\prims\jvm.cpp, line 1310]
Event: 34.038 Thread 0x158be400 Exception <a 'java/lang/reflect/InvocationTargetException'{0x05dc9a18}> (0x05dc9a18) thrown at [s\src\hotspot\share\runtime\reflection.cpp, line 1245]
Event: 34.038 Thread 0x158be400 Exception <a 'java/lang/RuntimeException'{0x05dcab68}> (0x05dcab68) thrown at [s\src\hotspot\share\prims\jvm.cpp, line 1310]
Event: 34.162 Thread 0x158be400 Exception <a 'java/lang/reflect/InvocationTargetException'{0x05df32f8}> (0x05df32f8) thrown at [s\src\hotspot\share\runtime\reflection.cpp, line 1245]
Event: 34.162 Thread 0x158be400 Exception <a 'java/lang/RuntimeException'{0x05df4448}> (0x05df4448) thrown at [s\src\hotspot\share\prims\jvm.cpp, line 1310]
Event: 34.243 Thread 0x158be400 Exception <a 'java/lang/reflect/InvocationTargetException'{0x05e1ede0}> (0x05e1ede0) thrown at [s\src\hotspot\share\runtime\reflection.cpp, line 1245]
Event: 34.243 Thread 0x158be400 Exception <a 'java/lang/RuntimeException'{0x05e1ff30}> (0x05e1ff30) thrown at [s\src\hotspot\share\prims\jvm.cpp, line 1310]
Event: 34.351 Thread 0x158be400 Exception <a 'java/lang/RuntimeException'{0x05e493a0}> (0x05e493a0) thrown at [s\src\hotspot\share\prims\jvm.cpp, line 1310]
Event: 34.439 Thread 0x158be400 Exception <a 'java/lang/RuntimeException'{0x05e71e18}> (0x05e71e18) thrown at [s\src\hotspot\share\prims\jvm.cpp, line 1310]
Event: 34.541 Thread 0x158be400 Exception <a 'java/lang/RuntimeException'{0x05e9ab88}> (0x05e9ab88) thrown at [s\src\hotspot\share\prims\jvm.cpp, line 1310]
Event: 34.650 Thread 0x158be400 Exception <a 'java/lang/RuntimeException'{0x05ec3cf8}> (0x05ec3cf8) thrown at [s\src\hotspot\share\prims\jvm.cpp, line 1310]
Event: 34.730 Thread 0x158be400 Exception <a 'java/lang/RuntimeException'{0x05eec668}> (0x05eec668) thrown at [s\src\hotspot\share\prims\jvm.cpp, line 1310]
Event: 35.011 Thread 0x158be400 Exception <a 'java/lang/RuntimeException'{0x05f195c8}> (0x05f195c8) thrown at [s\src\hotspot\share\prims\jvm.cpp, line 1310]
Event: 41.991 Thread 0x1a407c00 Exception <a 'java/net/SocketTimeoutException'{0x06092d90}: Read timed out> (0x06092d90) thrown at [s\src\hotspot\share\prims\jni.cpp, line 638]
Event: 90.067 Thread 0x15837400 Exception <a 'java/lang/NoSuchMethodError'{0x06a3daa8}: 'java.lang.Object java.lang.invoke.DirectMethodHandle$Holder.invokeStaticInit(java.lang.Object, int)'> (0x06a3daa8) thrown at [s\src\hotspot\share\interpreter\linkResolver.cpp, line 773]
Event: 90.391 Thread 0x158be400 Exception <a 'java/lang/IllegalArgumentException'{0x06ad6920}> (0x06ad6920) thrown at [s\src\hotspot\share\prims\jvm.cpp, line 1310]
Event: 90.407 Thread 0x158be400 Exception <a 'java/lang/IllegalArgumentException'{0x06ae3bd8}> (0x06ae3bd8) thrown at [s\src\hotspot\share\prims\jvm.cpp, line 1310]

Events (20 events):
Event: 90.031 loading class javafx/application/Application
Event: 90.031 loading class javafx/application/Application done
Event: 90.048 loading class com/sun/scenario/effect/FilterContext
Event: 90.048 loading class com/sun/scenario/effect/FilterContext done
Event: 90.049 loading class com/sun/scenario/effect/impl/Renderer
Event: 90.049 loading class com/sun/scenario/effect/impl/Renderer done
Event: 90.049 loading class com/sun/scenario/effect/FilterContext
Event: 90.049 loading class com/sun/scenario/effect/FilterContext done
Event: 90.387 loading class com/sun/javafx/tk/quantum/GlassScene
Event: 90.387 loading class com/sun/javafx/tk/quantum/GlassScene done
Event: 90.387 loading class com/sun/javafx/tk/quantum/WindowStage
Event: 90.387 loading class com/sun/javafx/tk/quantum/WindowStage done
Event: 90.387 loading class com/sun/prism/GraphicsResource
Event: 90.387 loading class com/sun/prism/GraphicsResource done
Event: 90.387 loading class com/sun/prism/GraphicsResource
Event: 90.387 loading class com/sun/prism/GraphicsResource done
Event: 90.388 loading class com/sun/javafx/tk/quantum/ViewScene
Event: 90.388 loading class com/sun/javafx/tk/quantum/ViewScene done
Event: 90.390 loading class com/sun/javafx/tk/quantum/WindowStage
Event: 90.390 loading class com/sun/javafx/tk/quantum/WindowStage done


Dynamic libraries:
0x00290000 - 0x0029c000 	C:\Program Files (x86)\Eclipse Adoptium\jdk-11.0.21.9-hotspot\bin\java.exe
0x77bc0000 - 0x77d71000 	C:\WINDOWS\SYSTEM32\ntdll.dll
0x768e0000 - 0x769d0000 	C:\WINDOWS\System32\KERNEL32.DLL
0x761f0000 - 0x76464000 	C:\WINDOWS\System32\KERNELBASE.dll
0x748b0000 - 0x74956000 	C:\WINDOWS\SYSTEM32\apphelp.dll
0x75980000 - 0x75a92000 	C:\WINDOWS\System32\ucrtbase.dll
0x74e30000 - 0x74e45000 	C:\Program Files (x86)\Eclipse Adoptium\jdk-11.0.21.9-hotspot\bin\jli.dll
0x77780000 - 0x77929000 	C:\WINDOWS\System32\USER32.dll
0x769d0000 - 0x769ea000 	C:\WINDOWS\System32\win32u.dll
0x74e10000 - 0x74e23000 	C:\Program Files (x86)\Eclipse Adoptium\jdk-11.0.21.9-hotspot\bin\VCRUNTIME140.dll
0x767a0000 - 0x767c3000 	C:\WINDOWS\System32\GDI32.dll
0x769f0000 - 0x76ad2000 	C:\WINDOWS\System32\gdi32full.dll
0x6fd50000 - 0x6ff78000 	C:\WINDOWS\WinSxS\x86_microsoft.windows.common-controls_6595b64144ccf1df_6.0.22621.3235_none_6ebcabb88802389e\COMCTL32.dll
0x76720000 - 0x76799000 	C:\WINDOWS\System32\msvcp_win.dll
0x75b70000 - 0x75c34000 	C:\WINDOWS\System32\msvcrt.dll
0x76ae0000 - 0x76b05000 	C:\WINDOWS\System32\IMM32.DLL
0x74da0000 - 0x74e0f000 	C:\Program Files (x86)\Eclipse Adoptium\jdk-11.0.21.9-hotspot\bin\msvcp140.dll
0x6aaf0000 - 0x6afcb000 	C:\Program Files (x86)\Eclipse Adoptium\jdk-11.0.21.9-hotspot\bin\client\jvm.dll
0x764e0000 - 0x7655f000 	C:\WINDOWS\System32\ADVAPI32.dll
0x75830000 - 0x758b5000 	C:\WINDOWS\System32\sechost.dll
0x76470000 - 0x7648a000 	C:\WINDOWS\System32\bcrypt.dll
0x77550000 - 0x7760a000 	C:\WINDOWS\System32\RPCRT4.dll
0x76c20000 - 0x76c26000 	C:\WINDOWS\System32\PSAPI.DLL
0x74d90000 - 0x74d98000 	C:\WINDOWS\SYSTEM32\WSOCK32.dll
0x76bc0000 - 0x76c1f000 	C:\WINDOWS\System32\WS2_32.dll
0x74650000 - 0x74681000 	C:\WINDOWS\SYSTEM32\WINMM.dll
0x74bf0000 - 0x74bf8000 	C:\WINDOWS\SYSTEM32\VERSION.dll
0x74e50000 - 0x74e63000 	C:\WINDOWS\SYSTEM32\kernel.appcore.dll
0x74d80000 - 0x74d8d000 	C:\Program Files (x86)\Eclipse Adoptium\jdk-11.0.21.9-hotspot\bin\verify.dll
0x6bb70000 - 0x6bd46000 	C:\WINDOWS\SYSTEM32\DBGHELP.DLL
0x77930000 - 0x77bac000 	C:\WINDOWS\System32\combase.dll
0x76b20000 - 0x76bbc000 	C:\WINDOWS\System32\OLEAUT32.dll
0x74d50000 - 0x74d79000 	C:\WINDOWS\SYSTEM32\dbgcore.DLL
0x76870000 - 0x768d2000 	C:\WINDOWS\System32\bcryptPrimitives.dll
0x74d20000 - 0x74d42000 	C:\Program Files (x86)\Eclipse Adoptium\jdk-11.0.21.9-hotspot\bin\java.dll
0x74d10000 - 0x74d19000 	C:\Program Files (x86)\Eclipse Adoptium\jdk-11.0.21.9-hotspot\bin\jimage.dll
0x74bc0000 - 0x74bcd000 	C:\Program Files (x86)\Eclipse Adoptium\jdk-11.0.21.9-hotspot\bin\instrument.dll
0x74cf0000 - 0x74d06000 	C:\Program Files (x86)\Eclipse Adoptium\jdk-11.0.21.9-hotspot\bin\zip.dll
0x76d00000 - 0x77399000 	C:\WINDOWS\System32\SHELL32.dll
0x74f60000 - 0x7564f000 	C:\WINDOWS\SYSTEM32\windows.storage.dll
0x74e90000 - 0x74f57000 	C:\WINDOWS\SYSTEM32\wintypes.dll
0x76c30000 - 0x76cf1000 	C:\WINDOWS\System32\SHCORE.dll
0x76490000 - 0x764db000 	C:\WINDOWS\System32\shlwapi.dll
0x74b90000 - 0x74ba9000 	C:\WINDOWS\SYSTEM32\profapi.dll
0x74cd0000 - 0x74ce4000 	C:\Program Files (x86)\Eclipse Adoptium\jdk-11.0.21.9-hotspot\bin\net.dll
0x756d0000 - 0x757ac000 	C:\WINDOWS\SYSTEM32\WINHTTP.dll
0x74c70000 - 0x74cc1000 	C:\WINDOWS\system32\mswsock.dll
0x74c60000 - 0x74c6f000 	C:\Program Files (x86)\Eclipse Adoptium\jdk-11.0.21.9-hotspot\bin\nio.dll
0x74b70000 - 0x74b86000 	C:\Program Files\JetBrains\IntelliJ IDEA 2023.3.2\bin\breakgen.dll
0x74bb0000 - 0x74bb3000 	C:\Users\alexia\.openjfx\cache\17.0.6\api-ms-win-core-console-l1-1-0.dll
0x74b60000 - 0x74b63000 	C:\Users\alexia\.openjfx\cache\17.0.6\api-ms-win-core-console-l1-2-0.dll
0x74b50000 - 0x74b53000 	C:\Users\alexia\.openjfx\cache\17.0.6\api-ms-win-core-datetime-l1-1-0.dll
0x74b40000 - 0x74b43000 	C:\Users\alexia\.openjfx\cache\17.0.6\api-ms-win-core-debug-l1-1-0.dll
0x74b30000 - 0x74b33000 	C:\Users\alexia\.openjfx\cache\17.0.6\api-ms-win-core-errorhandling-l1-1-0.dll
0x74b20000 - 0x74b24000 	C:\Users\alexia\.openjfx\cache\17.0.6\api-ms-win-core-file-l1-1-0.dll
0x74b10000 - 0x74b13000 	C:\Users\alexia\.openjfx\cache\17.0.6\api-ms-win-core-file-l1-2-0.dll
0x74b00000 - 0x74b03000 	C:\Users\alexia\.openjfx\cache\17.0.6\api-ms-win-core-file-l2-1-0.dll
0x74a20000 - 0x74a23000 	C:\Users\alexia\.openjfx\cache\17.0.6\api-ms-win-core-handle-l1-1-0.dll
0x74a10000 - 0x74a13000 	C:\Users\alexia\.openjfx\cache\17.0.6\api-ms-win-core-heap-l1-1-0.dll
0x74a00000 - 0x74a03000 	C:\Users\alexia\.openjfx\cache\17.0.6\api-ms-win-core-interlocked-l1-1-0.dll
0x749f0000 - 0x749f3000 	C:\Users\alexia\.openjfx\cache\17.0.6\api-ms-win-core-libraryloader-l1-1-0.dll
0x749e0000 - 0x749e3000 	C:\Users\alexia\.openjfx\cache\17.0.6\api-ms-win-core-localization-l1-2-0.dll
0x74890000 - 0x74893000 	C:\Users\alexia\.openjfx\cache\17.0.6\api-ms-win-core-memory-l1-1-0.dll
0x6c320000 - 0x6c323000 	C:\Users\alexia\.openjfx\cache\17.0.6\api-ms-win-core-namedpipe-l1-1-0.dll
0x6bb60000 - 0x6bb63000 	C:\Users\alexia\.openjfx\cache\17.0.6\api-ms-win-core-processenvironment-l1-1-0.dll
0x6b820000 - 0x6b823000 	C:\Users\alexia\.openjfx\cache\17.0.6\api-ms-win-core-processthreads-l1-1-0.dll
0x6b810000 - 0x6b813000 	C:\Users\alexia\.openjfx\cache\17.0.6\api-ms-win-core-processthreads-l1-1-1.dll
0x6b800000 - 0x6b803000 	C:\Users\alexia\.openjfx\cache\17.0.6\api-ms-win-core-profile-l1-1-0.dll
0x6b7e0000 - 0x6b7e3000 	C:\Users\alexia\.openjfx\cache\17.0.6\api-ms-win-core-rtlsupport-l1-1-0.dll
0x6b7c0000 - 0x6b7c3000 	C:\Users\alexia\.openjfx\cache\17.0.6\api-ms-win-core-string-l1-1-0.dll
0x6b7b0000 - 0x6b7b3000 	C:\Users\alexia\.openjfx\cache\17.0.6\api-ms-win-core-synch-l1-1-0.dll
0x6b7a0000 - 0x6b7a3000 	C:\Users\alexia\.openjfx\cache\17.0.6\api-ms-win-core-synch-l1-2-0.dll
0x6b790000 - 0x6b793000 	C:\Users\alexia\.openjfx\cache\17.0.6\api-ms-win-core-sysinfo-l1-1-0.dll
0x6b4e0000 - 0x6b4e3000 	C:\Users\alexia\.openjfx\cache\17.0.6\api-ms-win-core-timezone-l1-1-0.dll
0x69990000 - 0x69993000 	C:\Users\alexia\.openjfx\cache\17.0.6\api-ms-win-core-util-l1-1-0.dll
0x69980000 - 0x69983000 	C:\Users\alexia\.openjfx\cache\17.0.6\api-ms-win-crt-conio-l1-1-0.dll
0x69970000 - 0x69974000 	C:\Users\alexia\.openjfx\cache\17.0.6\api-ms-win-crt-convert-l1-1-0.dll
0x69960000 - 0x69963000 	C:\Users\alexia\.openjfx\cache\17.0.6\api-ms-win-crt-environment-l1-1-0.dll
0x69950000 - 0x69953000 	C:\Users\alexia\.openjfx\cache\17.0.6\api-ms-win-crt-filesystem-l1-1-0.dll
0x69940000 - 0x69943000 	C:\Users\alexia\.openjfx\cache\17.0.6\api-ms-win-crt-heap-l1-1-0.dll
0x69930000 - 0x69933000 	C:\Users\alexia\.openjfx\cache\17.0.6\api-ms-win-crt-locale-l1-1-0.dll
0x69920000 - 0x69925000 	C:\Users\alexia\.openjfx\cache\17.0.6\api-ms-win-crt-math-l1-1-0.dll
0x69910000 - 0x69915000 	C:\Users\alexia\.openjfx\cache\17.0.6\api-ms-win-crt-multibyte-l1-1-0.dll
0x69900000 - 0x69910000 	C:\Users\alexia\.openjfx\cache\17.0.6\api-ms-win-crt-private-l1-1-0.dll
0x698f0000 - 0x698f3000 	C:\Users\alexia\.openjfx\cache\17.0.6\api-ms-win-crt-process-l1-1-0.dll
0x698e0000 - 0x698e4000 	C:\Users\alexia\.openjfx\cache\17.0.6\api-ms-win-crt-runtime-l1-1-0.dll
0x698d0000 - 0x698d4000 	C:\Users\alexia\.openjfx\cache\17.0.6\api-ms-win-crt-stdio-l1-1-0.dll
0x698c0000 - 0x698c4000 	C:\Users\alexia\.openjfx\cache\17.0.6\api-ms-win-crt-string-l1-1-0.dll
0x698b0000 - 0x698b3000 	C:\Users\alexia\.openjfx\cache\17.0.6\api-ms-win-crt-time-l1-1-0.dll
0x698a0000 - 0x698a3000 	C:\Users\alexia\.openjfx\cache\17.0.6\api-ms-win-crt-utility-l1-1-0.dll
0x69770000 - 0x69893000 	C:\Users\alexia\.openjfx\cache\17.0.6\ucrtbase.dll
0x69750000 - 0x69764000 	C:\Users\alexia\.openjfx\cache\17.0.6\vcruntime140.dll
0x696e0000 - 0x6974d000 	C:\Users\alexia\.openjfx\cache\17.0.6\msvcp140.dll
0x696d0000 - 0x696d7000 	C:\Users\alexia\.openjfx\cache\17.0.6\msvcp140_1.dll
0x696a0000 - 0x696c9000 	C:\Users\alexia\.openjfx\cache\17.0.6\msvcp140_2.dll
0x69670000 - 0x69696000 	C:\Users\alexia\.openjfx\cache\17.0.6\prism_d3d.dll
0x694f0000 - 0x69661000 	C:\WINDOWS\system32\d3d9.dll
0x74530000 - 0x74554000 	C:\WINDOWS\SYSTEM32\dwmapi.dll
0x740e0000 - 0x7410e000 	C:\WINDOWS\SYSTEM32\dxcore.dll
0x73df0000 - 0x73e6f000 	C:\WINDOWS\system32\uxtheme.dll
0x69370000 - 0x694e9000 	C:\WINDOWS\System32\DriverStore\FileRepository\iigd_dch.inf_amd64_38b23bd92a6775fe\igdumdim32.dll
0x76560000 - 0x766b5000 	C:\WINDOWS\System32\ole32.dll
0x65890000 - 0x69368000 	C:\WINDOWS\System32\DriverStore\FileRepository\iigd_dch.inf_amd64_38b23bd92a6775fe\igd9dxva32.dll
0x75c40000 - 0x7607d000 	C:\WINDOWS\System32\SETUPAPI.dll
0x757b0000 - 0x757ed000 	C:\WINDOWS\SYSTEM32\cfgmgr32.dll
0x65590000 - 0x65888000 	C:\WINDOWS\System32\DriverStore\FileRepository\iigd_dch.inf_amd64_38b23bd92a6775fe\igdgmm32.dll
0x65550000 - 0x6558c000 	C:\WINDOWS\SYSTEM32\directxdatabasehelper.dll
0x65510000 - 0x65547000 	C:\Users\alexia\.openjfx\cache\17.0.6\glass.dll
0x758c0000 - 0x75971000 	C:\WINDOWS\System32\COMDLG32.dll
0x77450000 - 0x7754f000 	C:\WINDOWS\System32\MSCTF.dll
0x654f0000 - 0x6550e000 	C:\WINDOWS\System32\DriverStore\FileRepository\iigd_dch.inf_amd64_38b23bd92a6775fe\igdinfo32.dll
0x62740000 - 0x654ef000 	C:\WINDOWS\System32\DriverStore\FileRepository\iigd_dch.inf_amd64_38b23bd92a6775fe\igc32.dll
0x62720000 - 0x62731000 	C:\Users\alexia\.openjfx\cache\17.0.6\javafx_font.dll
0x626f0000 - 0x62714000 	C:\Program Files (x86)\Eclipse Adoptium\jdk-11.0.21.9-hotspot\bin\sunec.dll
0x6cc40000 - 0x6cc55000 	C:\WINDOWS\SYSTEM32\CRYPTSP.dll
0x6cc10000 - 0x6cc40000 	C:\WINDOWS\system32\rsaenh.dll
0x746b0000 - 0x746cf000 	C:\WINDOWS\SYSTEM32\USERENV.dll
0x748a0000 - 0x748ab000 	C:\WINDOWS\SYSTEM32\CRYPTBASE.dll
0x757f0000 - 0x75814000 	C:\WINDOWS\SYSTEM32\IPHLPAPI.DLL
0x76b10000 - 0x76b17000 	C:\WINDOWS\System32\NSI.dll
0x6f970000 - 0x6f986000 	C:\WINDOWS\SYSTEM32\dhcpcsvc6.DLL
0x6f950000 - 0x6f967000 	C:\WINDOWS\SYSTEM32\dhcpcsvc.DLL
0x6f890000 - 0x6f94d000 	C:\WINDOWS\SYSTEM32\DNSAPI.dll
0x626e0000 - 0x626e8000 	C:\Windows\System32\rasadhlp.dll
0x62680000 - 0x626dd000 	C:\WINDOWS\System32\fwpuclnt.dll
0x62670000 - 0x6267b000 	C:\Program Files (x86)\Eclipse Adoptium\jdk-11.0.21.9-hotspot\bin\sunmscapi.dll
0x77610000 - 0x77713000 	C:\WINDOWS\System32\CRYPT32.dll
0x62640000 - 0x62665000 	C:\WINDOWS\SYSTEM32\ncrypt.dll

dbghelp: loaded successfully - version: 4.0.5 - missing functions: none
symbol engine: initialized successfully - sym options: 0x614 - pdb path: .;C:\Program Files (x86)\Eclipse Adoptium\jdk-11.0.21.9-hotspot\bin;C:\WINDOWS\SYSTEM32;C:\WINDOWS\WinSxS\x86_microsoft.windows.common-controls_6595b64144ccf1df_6.0.22621.3235_none_6ebcabb88802389e;C:\Program Files (x86)\Eclipse Adoptium\jdk-11.0.21.9-hotspot\bin\client;C:\Program Files\JetBrains\IntelliJ IDEA 2023.3.2\bin;C:\Users\alexia\.openjfx\cache\17.0.6;C:\WINDOWS\System32\DriverStore\FileRepository\iigd_dch.inf_amd64_38b23bd92a6775fe;C:\Program Files (x86)\Common Files\Microsoft Shared\Ink

VM Arguments:
jvm_args: -javaagent:C:\Program Files\JetBrains\IntelliJ IDEA 2023.3.2\lib\idea_rt.jar=56298:C:\Program Files\JetBrains\IntelliJ IDEA 2023.3.2\bin -Dfile.encoding=UTF-8 --module-path=C:\Users\alexia\Downloads\appJavaFx\target\classes;C:\Users\alexia\.m2\repository\com\gluonhq\attach\lifecycle\4.0.19\lifecycle-4.0.19.jar;C:\Users\alexia\.m2\repository\org\openjfx\javafx-graphics\17.0.6\javafx-graphics-17.0.6-win-x86.jar;C:\Users\alexia\.m2\repository\org\openjfx\javafx-base\17.0.6\javafx-base-17.0.6-win-x86.jar;C:\Users\alexia\.m2\repository\com\gluonhq\attach\display\4.0.19\display-4.0.19.jar;C:\Users\alexia\.m2\repository\com\gluonhq\charm-glisten\6.2.3\charm-glisten-6.2.3.jar;C:\Users\alexia\.m2\repository\org\openjfx\javafx-controls\17.0.6\javafx-controls-17.0.6-win-x86.jar;C:\Users\alexia\.m2\repository\com\gluonhq\attach\util\4.0.19\util-4.0.19.jar;C:\Users\alexia\.m2\repository\org\kordamp\bootstrapfx\bootstrapfx-core\0.4.0\bootstrapfx-core-0.4.0.jar;C:\Users\alexia\.m2\repository\org\openjfx\javafx-fxml\17.0.6\javafx-fxml-17.0.6-win-x86.jar -Djdk.module.main=com.alilopez.vererinaria 
java_command: com.alilopez.vererinaria/com.alilopez.application.App
java_class_path (initial): C:\Users\alexia\.m2\repository\org\openjfx\javafx-controls\17.0.6\javafx-controls-17.0.6.jar;C:\Users\alexia\.m2\repository\org\openjfx\javafx-graphics\17.0.6\javafx-graphics-17.0.6.jar;C:\Users\alexia\.m2\repository\org\openjfx\javafx-base\17.0.6\javafx-base-17.0.6.jar;C:\Users\alexia\.m2\repository\org\openjfx\javafx-fxml\17.0.6\javafx-fxml-17.0.6.jar
Launcher Type: SUN_STANDARD

[Global flags]
   size_t InitialHeapSize                          = 16777216                                  {product} {ergonomic}
   size_t MaxHeapSize                              = 268435456                                 {product} {ergonomic}
   size_t MaxNewSize                               = 89456640                                  {product} {ergonomic}
   size_t MinHeapDeltaBytes                        = 131072                                    {product} {ergonomic}
   size_t NewSize                                  = 5570560                                   {product} {ergonomic}
    uintx NonProfiledCodeHeapSize                  = 0                                      {pd product} {ergonomic}
   size_t OldSize                                  = 11206656                                  {product} {ergonomic}
    uintx ProfiledCodeHeapSize                     = 0                                      {pd product} {ergonomic}
     bool ThreadLocalHandshakes                    = false                                  {pd product} {ergonomic}
     bool UseLargePagesIndividualAllocation        = false                                  {pd product} {ergonomic}
     bool UseSerialGC                              = true                                      {product} {ergonomic}

Logging:
Log output configuration:
 #0: stdout all=warning uptime,level,tags
 #1: stderr all=off uptime,level,tags

Environment Variables:
PATH=C:\Program Files (x86)\Eclipse Adoptium\jdk-11.0.21.9-hotspot\bin;C:\WINDOWS\system32;C:\WINDOWS;C:\WINDOWS\System32\Wbem;C:\WINDOWS\System32\WindowsPowerShell\v1.0\;C:\WINDOWS\System32\OpenSSH\;C:\Program Files\Git\cmd;C:\Program Files (x86)\Git\cmd;C:\Users\alexia\AppData\Local\Microsoft\WindowsApps;C:\Users\alexia\AppData\Local\GitHubDesktop\bin;C:\Users\alexia\AppData\Local\Programs\Microsoft VS Code\bin;;C:\Program Files\JetBrains\IntelliJ IDEA 2023.3.2\bin;
USERNAME=alexia
OS=Windows_NT
PROCESSOR_IDENTIFIER=Intel64 Family 6 Model 140 Stepping 1, GenuineIntel
TMP=C:\Users\alexia\AppData\Local\Temp
TEMP=C:\Users\alexia\AppData\Local\Temp



---------------  S Y S T E M  ---------------

OS: Windows 11 , 64 bit Build 22621 (10.0.22621.3374)
OS uptime: 1 days 16:27 hours

CPU:total 4 (initial active 4) (2 cores per cpu, 2 threads per core) family 6 model 140 stepping 1 microcode 0x8a, cmov, cx8, fxsr, mmx, sse, sse2, sse3, ssse3, sse4.1, sse4.2, popcnt, avx, avx2, aes, clmul, erms, 3dnowpref, lzcnt, ht, tsc, tscinvbit, bmi1, bmi2, adx, evex, sha, fma

Memory: 4k page, system-wide physical 3875M (189M free)
TotalPageFile size 12267M (AvailPageFile size 2201M), user-mode portion of virtual address-space 2047M (1334M free)
current process WorkingSet (physical memory assigned to process): 101M, peak: 213M
current process commit charge ("private bytes"): 191M, peak: 195M

vm_info: OpenJDK Client VM (11.0.21+9) for windows-x86 JRE (11.0.21+9), built on Oct 17 2023 17:27:10 by "" with MS VC++ 15.9 (VS2017)

END.
