#
# A fatal error has been detected by the Java Runtime Environment:
#
#  EXCEPTION_ACCESS_VIOLATION (0xc0000005) at pc=0x6b1a6c62, pid=8188, tid=16048
#
# JRE version: OpenJDK Runtime Environment Temurin-11.0.21+9 (11.0.21+9) (build 11.0.21+9)
# Java VM: OpenJDK Client VM Temurin-11.0.21+9 (11.0.21+9, mixed mode, serial gc, windows-x86)
# Problematic frame:
# C  [glass.dll+0x16c62]
#
# No core dump will be written. Minidumps are not enabled by default on client versions of Windows
#
# If you would like to submit a bug report, please visit:
#   https://github.com/adoptium/adoptium-support/issues
# The crash happened outside the Java Virtual Machine in native code.
# See problematic frame for where to report the bug.
#

---------------  S U M M A R Y ------------

Command Line: -javaagent:C:\Program Files\JetBrains\IntelliJ IDEA 2023.3.2\lib\idea_rt.jar=57514:C:\Program Files\JetBrains\IntelliJ IDEA 2023.3.2\bin -Dfile.encoding=UTF-8 --module-path=C:\Users\alexia\.m2\repository\com\gluonhq\charm-glisten\6.2.3\charm-glisten-6.2.3.jar;C:\Users\alexia\.m2\repository\com\gluonhq\attach\lifecycle\4.0.19\lifecycle-4.0.19.jar;C:\Users\alexia\.m2\repository\org\openjfx\javafx-fxml\17.0.6\javafx-fxml-17.0.6-win-x86.jar;C:\Users\alexia\.m2\repository\com\gluonhq\attach\util\4.0.19\util-4.0.19.jar;C:\Users\alexia\.m2\repository\org\openjfx\javafx-controls\17.0.6\javafx-controls-17.0.6-win-x86.jar;C:\Users\alexia\Downloads\appJavaFx\target\classes;C:\Users\alexia\.m2\repository\com\gluonhq\attach\display\4.0.19\display-4.0.19.jar;C:\Users\alexia\.m2\repository\org\openjfx\javafx-graphics\17.0.6\javafx-graphics-17.0.6-win-x86.jar;C:\Users\alexia\.m2\repository\org\openjfx\javafx-base\17.0.6\javafx-base-17.0.6-win-x86.jar;C:\Users\alexia\.m2\repository\org\kordamp\bootstrapfx\bootstrapfx-core\0.4.0\bootstrapfx-core-0.4.0.jar -Djdk.module.main=com.alilopez.vererinaria com.alilopez.vererinaria/com.alilopez.application.App

Host: 11th Gen Intel(R) Core(TM) i3-1115G4 @ 3.00GHz, 4 cores, 3G,  Windows 11 , 64 bit Build 22621 (10.0.22621.3374)
Time: Mon Apr 15 02:27:19 2024 Hora estándar central (México) elapsed time: 141.899214 seconds (0d 0h 2m 21s)

---------------  T H R E A D  ---------------

Current thread (0x15e3b800):  JavaThread "JavaFX Application Thread" [_thread_in_native, id=16048, stack(0x16590000,0x165e0000)]

Stack: [0x16590000,0x165e0000],  sp=0x165de7ac,  free space=313k
Native frames: (J=compiled Java code, A=aot compiled Java code, j=interpreted, Vv=VM code, C=native code)
C  [glass.dll+0x16c62]

Java frames: (J=compiled Java code, j=interpreted, Vv=VM code)
j  com.sun.glass.ui.win.WinWindow._close(J)Z+0 javafx.graphics
j  com.sun.glass.ui.Window.close()V+63 javafx.graphics
j  com.sun.glass.ui.win.WinWindow.close()V+8 javafx.graphics
j  com.sun.glass.ui.Application.terminate()V+75 javafx.graphics
j  com.sun.javafx.tk.quantum.QuantumToolkit.lambda$exit$13()Ljava/lang/Object;+5 javafx.graphics
j  com.sun.javafx.tk.quantum.QuantumToolkit$$Lambda$486.get()Ljava/lang/Object;+0 javafx.graphics
j  com.sun.javafx.tk.quantum.QuantumToolkit.runWithRenderLock(Ljava/util/function/Supplier;)Ljava/lang/Object;+7 javafx.graphics
j  com.sun.javafx.tk.quantum.QuantumToolkit.exit()V+26 javafx.graphics
j  com.sun.javafx.application.PlatformImpl.lambda$tkExit$16()V+3 javafx.graphics
j  com.sun.javafx.application.PlatformImpl$$Lambda$485.run()V+0 javafx.graphics
j  com.sun.javafx.application.PlatformImpl.lambda$runAndWait$12(Ljava/lang/Runnable;Ljava/util/concurrent/CountDownLatch;)V+1 javafx.graphics
j  com.sun.javafx.application.PlatformImpl$$Lambda$86.run()V+8 javafx.graphics
j  com.sun.javafx.application.PlatformImpl.lambda$runLater$10(Ljava/lang/Runnable;)Ljava/lang/Void;+1 javafx.graphics
j  com.sun.javafx.application.PlatformImpl$$Lambda$89.run()Ljava/lang/Object;+4 javafx.graphics
v  ~StubRoutines::call_stub
J 1506  java.security.AccessController.doPrivileged(Ljava/security/PrivilegedAction;Ljava/security/AccessControlContext;)Ljava/lang/Object; java.base@11.0.21 (0 bytes) @ 0x0350fc87 [0x0350fc20+0x00000067]
j  com.sun.javafx.application.PlatformImpl.lambda$runLater$11(Ljava/lang/Runnable;Ljava/security/AccessControlContext;)V+7 javafx.graphics
j  com.sun.javafx.application.PlatformImpl$$Lambda$88.run()V+8 javafx.graphics
J 2188 c1 com.sun.glass.ui.InvokeLaterDispatcher$Future.run()V javafx.graphics (91 bytes) @ 0x035f9a80 [0x035f9a50+0x00000030]
v  ~StubRoutines::call_stub
j  com.sun.glass.ui.win.WinApplication._runLoop(Ljava/lang/Runnable;)V+0 javafx.graphics
j  com.sun.glass.ui.win.WinApplication.lambda$runLoop$3(ILjava/lang/Runnable;)V+8 javafx.graphics
j  com.sun.glass.ui.win.WinApplication$$Lambda$77.run()V+12 javafx.graphics
j  java.lang.Thread.run()V+11 java.base@11.0.21
v  ~StubRoutines::call_stub

siginfo: EXCEPTION_ACCESS_VIOLATION (0xc0000005), reading address 0x000000b8


Register to memory mapping:

EIP=0x6b1a6c62 glass.dll
EAX=0x0 is NULL
EBX=0x165de9e0 is pointing into the stack for thread: 0x15e3b800
ECX=0x0 is NULL
EDX=0x0 is NULL
ESP=0x165de7ac is pointing into the stack for thread: 0x15e3b800
EBP=0x165de7d8 is pointing into the stack for thread: 0x15e3b800
ESI=0x00000401 is an unknown value
EDI=0x0 is NULL


Registers:
EAX=0x00000000, EBX=0x165de9e0, ECX=0x00000000, EDX=0x00000000
ESP=0x165de7ac, EBP=0x165de7d8, ESI=0x00000401, EDI=0x00000000
EIP=0x6b1a6c62, EFLAGS=0x00010206

Top of Stack: (sp=0x165de7ac)
0x165de7ac:   165de9e0 00000401 165de9e0 6b198df8
0x165de7bc:   1873e01b 15e2bd48 0098066e 00000401
0x165de7cc:   165de90c 6b1b02b0 ffffffff 00000000
0x165de7dc:   6b191755 00000401 165de9e0 00000000
0x165de7ec:   00000401 0098066e 165de824 6b1916f0
0x165de7fc:   76ac30b3 0098066e 00000401 165de9e0
0x165de80c:   00000000 0098066e dcbaabcd 6b1916f0
0x165de81c:   00000401 0098066e 165de91c 76ab3ef6 

Instructions: (pc=0x6b1a6c62)
0x6b1a6b62:   21 56 e8 47 42 00 00 ff 35 e8 03 1c 6b 8b f0 ff
0x6b1a6b72:   77 68 56 e8 96 de fe ff 56 e8 a0 41 00 00 83 c4
0x6b1a6b82:   10 5e c7 05 a4 03 1c 6b 00 00 00 00 5f c3 83 ec
0x6b1a6b92:   24 a1 ec e0 1b 6b 33 c4 89 44 24 20 8b 44 24 28
0x6b1a6ba2:   53 89 44 24 04 8b d9 8b 44 24 30 89 44 24 08 8b
0x6b1a6bb2:   44 24 38 55 89 44 24 10 8b 44 24 38 56 89 83 84
0x6b1a6bc2:   00 00 00 8b 44 24 0c 89 5c 24 18 bb 00 00 00 80
0x6b1a6bd2:   8b eb 8b f3 57 8b fb 85 c0 79 29 8d 44 24 20 50
0x6b1a6be2:   e8 29 aa fe ff 83 c4 04 85 c0 8b 44 24 10 74 14
0x6b1a6bf2:   8b 74 24 28 8b 5c 24 20 2b f3 8b 7c 24 2c 8b 6c
0x6b1a6c02:   24 24 2b fd 6a 00 50 ff 74 24 1c 68 d8 23 1b 6b
0x6b1a6c12:   57 56 8b 74 24 34 8b ce 55 53 ff 74 24 38 e8 db
0x6b1a6c22:   a7 fe ff 8b f8 8d 4e 14 57 e8 40 64 00 00 57 8d
0x6b1a6c32:   4e 14 e8 c7 64 00 00 8b 4c 24 30 8b c7 5f 5e 5d
0x6b1a6c42:   5b 33 cc e8 ae 7a 00 00 83 c4 24 c2 10 00 53 8b
0x6b1a6c52:   d9 56 57 ff 73 08 e8 93 a9 fe ff 8b f8 83 c4 04
0x6b1a6c62:   8b 87 b8 00 00 00 85 c0 75 03 8b 47 04 3b 05 a4
0x6b1a6c72:   03 1c 6b 75 29 e8 34 41 00 00 ff 35 e8 03 1c 6b
0x6b1a6c82:   8b f0 ff 77 68 56 e8 83 dd fe ff 56 e8 8d 40 00
0x6b1a6c92:   00 83 c4 10 c7 05 a4 03 1c 6b 00 00 00 00 8d 4f
0x6b1a6ca2:   14 e8 b8 69 00 00 8d 4f 14 e8 e0 69 00 00 ff 73
0x6b1a6cb2:   08 ff 15 f8 fe 1b 6b 85 c0 5f 0f 95 c0 5e 88 43
0x6b1a6cc2:   04 5b c3 cc cc cc cc cc cc cc cc cc cc cc 55 8b
0x6b1a6cd2:   ec 6a ff 68 f7 11 1b 6b 64 a1 00 00 00 00 50 83
0x6b1a6ce2:   ec 08 53 56 57 a1 ec e0 1b 6b 33 c5 50 8d 45 f4
0x6b1a6cf2:   64 a3 00 00 00 00 8b f9 ff 77 18 ff 15 60 ff 1b
0x6b1a6d02:   6b 85 c0 75 13 0f 57 c0 66 0f 13 45 ec 8b 55 f0
0x6b1a6d12:   8b 45 ec e9 a7 00 00 00 68 dc 00 00 00 e8 96 79
0x6b1a6d22:   00 00 83 c4 04 89 45 f0 c7 45 fc 00 00 00 00 85
0x6b1a6d32:   c0 74 19 ff 77 18 8b c8 6a 01 6a 00 6a 00 6a 00
0x6b1a6d42:   ff 77 10 e8 a6 f9 ff ff 8b d8 eb 02 33 db ff 77
0x6b1a6d52:   18 8b cb c7 45 fc ff ff ff ff 6a 00 68 00 00 10 


Stack slot to memory mapping:
stack at sp + 0 slots: 0x165de9e0 is pointing into the stack for thread: 0x15e3b800
stack at sp + 1 slots: 0x00000401 is an unknown value
stack at sp + 2 slots: 0x165de9e0 is pointing into the stack for thread: 0x15e3b800
stack at sp + 3 slots: 0x6b198df8 glass.dll
stack at sp + 4 slots: 0x1873e01b is an unknown value
stack at sp + 5 slots: 0x15e2bd48 points into unknown readable memory: 0x6b1b319c | 9c 31 1b 6b
stack at sp + 6 slots: 0x0098066e is an unknown value
stack at sp + 7 slots: 0x00000401 is an unknown value


---------------  P R O C E S S  ---------------

Threads class SMR info:
_java_thread_list=0x1ae0cf98, length=17, elements={
0x031dec00, 0x032b4800, 0x032a7800, 0x15570000,
0x032b6000, 0x032b7400, 0x032b8800, 0x15540400,
0x155dfc00, 0x15737000, 0x15db8400, 0x15e0e800,
0x15e3b800, 0x1a7a8c00, 0x1a7b0c00, 0x1a96e400,
0x1abc4400
}

Java Threads: ( => current thread )
  0x031dec00 JavaThread "main" [_thread_blocked, id=16688, stack(0x02970000,0x029c0000)]
  0x032b4800 JavaThread "Reference Handler" daemon [_thread_blocked, id=17316, stack(0x05300000,0x05350000)]
  0x032a7800 JavaThread "Finalizer" daemon [_thread_blocked, id=9504, stack(0x05390000,0x053e0000)]
  0x15570000 JavaThread "Signal Dispatcher" daemon [_thread_blocked, id=4392, stack(0x15780000,0x157d0000)]
  0x032b6000 JavaThread "Attach Listener" daemon [_thread_blocked, id=14920, stack(0x15810000,0x15860000)]
  0x032b7400 JavaThread "Service Thread" daemon [_thread_blocked, id=15476, stack(0x158a0000,0x158f0000)]
  0x032b8800 JavaThread "C1 CompilerThread0" daemon [_thread_blocked, id=15148, stack(0x15930000,0x15980000)]
  0x15540400 JavaThread "Sweeper thread" daemon [_thread_blocked, id=15080, stack(0x159c0000,0x15a10000)]
  0x155dfc00 JavaThread "Common-Cleaner" daemon [_thread_blocked, id=8220, stack(0x15a50000,0x15aa0000)]
  0x15737000 JavaThread "Monitor Ctrl-Break" daemon [_thread_in_native, id=17212, stack(0x15ef0000,0x15f40000)]
  0x15db8400 JavaThread "QuantumRenderer-0" daemon [_thread_blocked, id=16264, stack(0x16210000,0x16260000)]
  0x15e0e800 JavaThread "InvokeLaterDispatcher" daemon [_thread_blocked, id=10744, stack(0x16440000,0x16490000)]
=>0x15e3b800 JavaThread "JavaFX Application Thread" [_thread_in_native, id=16048, stack(0x16590000,0x165e0000)]
  0x1a7a8c00 JavaThread "JavaFX-Launcher" [_thread_blocked, id=13712, stack(0x1b9c0000,0x1ba10000)]
  0x1a7b0c00 JavaThread "Thread-2" daemon [_thread_in_native, id=8492, stack(0x1b930000,0x1b980000)]
  0x1a96e400 JavaThread "Prism Font Disposer" daemon [_thread_blocked, id=7184, stack(0x1d770000,0x1d7c0000)]
  0x1abc4400 JavaThread "Cleaner-0" daemon [_thread_blocked, id=16280, stack(0x1dd10000,0x1dd60000)]

Other Threads:
  0x0328fc00 VMThread "VM Thread" [stack: 0x03160000,0x031b0000] [id=17012]
  0x15ab2400 WatcherThread [stack: 0x15f80000,0x15fd0000] [id=15884]

Threads with active compile tasks:

VM state:not at safepoint (normal execution)

VM Mutex/Monitor currently owned by a thread: None

Heap:
 def new generation   total 41792K, used 23601K [0x05400000, 0x08150000, 0x0a950000)
  eden space 37184K,  63% used [0x05400000, 0x06b0c768, 0x07850000)
  from space 4608K,   0% used [0x07850000, 0x07850000, 0x07cd0000)
  to   space 4608K,   0% used [0x07cd0000, 0x07cd0000, 0x08150000)
 tenured generation   total 92652K, used 52783K [0x0a950000, 0x103cb000, 0x15400000)
   the space 92652K,  56% used [0x0a950000, 0x0dcdbd48, 0x0dcdbe00, 0x103cb000)
 Metaspace       used 19044K, capacity 19304K, committed 19456K, reserved 19840K

Card table byte_map: [0x02bd0000,0x02c60000] _byte_map_base: 0x02ba6000

Polling page: 0x02b30000

Metaspace:

Usage:
   18.85 MB capacity,    18.60 MB ( 99%) used,   167.34 KB ( <1%) free+waste,    93.01 KB ( <1%) overhead. 

Virtual space:
     19.38 MB reserved,      19.00 MB ( 98%) committed 

Chunk freelists:
55.50 KB

MaxMetaspaceSize: 4.00 GB
No class space
Initial GC threshold: 12.00 MB
Current GC threshold: 31.67 MB
CDS: off

CodeCache: size=32768Kb used=3608Kb max_used=3608Kb free=29159Kb
 bounds [0x032c0000, 0x03648000, 0x052c0000]
 total_blobs=2929 nmethods=2485 adapters=375
 compilation: enabled
              stopped_count=0, restarted_count=0
 full_count=0

Compilation events (20 events):
Event: 140.762 Thread 0x032b8800 2476             com.sun.javafx.geom.transform.Identity::transform (24 bytes)
Event: 140.762 Thread 0x032b8800 nmethod 2476 0x036439c8 code [0x03643ae0, 0x03643c0c]
Event: 140.762 Thread 0x032b8800 2477             java.lang.Math::abs (14 bytes)
Event: 140.762 Thread 0x032b8800 nmethod 2477 0x03643c88 code [0x03643d90, 0x03643e20]
Event: 140.762 Thread 0x032b8800 2478             com.sun.prism.impl.VertexBuffer::setPerVertexColor (63 bytes)
Event: 140.762 Thread 0x032b8800 nmethod 2478 0x03643e88 code [0x03643fe0, 0x03644150]
Event: 140.762 Thread 0x032b8800 2479             com.sun.prism.impl.BaseGraphics::setCompositeMode (6 bytes)
Event: 140.762 Thread 0x032b8800 nmethod 2479 0x036441c8 code [0x036442d0, 0x03644360]
Event: 140.823 Thread 0x032b8800 2480   !         java.util.Vector$1::nextElement (62 bytes)
Event: 140.823 Thread 0x032b8800 nmethod 2480 0x036443c8 code [0x03644500, 0x036447fc]
Event: 140.916 Thread 0x032b8800 2481             javafx.scene.Node$$Lambda$325/0x1fca8228::dispatchEvent (10 bytes)
Event: 140.916 Thread 0x032b8800 nmethod 2481 0x036449c8 code [0x03644b00, 0x03644c48]
Event: 141.127 Thread 0x032b8800 2482             com.sun.javafx.geom.Order1::XforT (17 bytes)
Event: 141.127 Thread 0x032b8800 nmethod 2482 0x03644d48 code [0x03644e50, 0x03644ee0]
Event: 141.307 Thread 0x032b8800 2483             javafx.scene.Node::sceneToLocal (21 bytes)
Event: 141.308 Thread 0x032b8800 nmethod 2483 0x03644f48 code [0x036450f0, 0x036453ec]
Event: 141.308 Thread 0x032b8800 2484             javafx.scene.Node::parentToLocal (15 bytes)
Event: 141.308 Thread 0x032b8800 nmethod 2484 0x03645688 code [0x036457b0, 0x03645878]
Event: 141.669 Thread 0x032b8800 2485             com.sun.javafx.geom.Arc2D::getBounds (312 bytes)
Event: 141.669 Thread 0x032b8800 nmethod 2485 0x03645908 code [0x03645b30, 0x03645ffc]

GC Heap History (20 events):
Event: 23.793 GC heap before
{Heap before GC invocations=13 (full 1):
 def new generation   total 4992K, used 4991K [0x05400000, 0x05960000, 0x0a950000)
  eden space 4480K,  99% used [0x05400000, 0x0585fde8, 0x05860000)
  from space 512K, 100% used [0x05860000, 0x058e0000, 0x058e0000)
  to   space 512K,   0% used [0x058e0000, 0x058e0000, 0x05960000)
 tenured generation   total 10944K, used 8224K [0x0a950000, 0x0b400000, 0x15400000)
   the space 10944K,  75% used [0x0a950000, 0x0b1580c8, 0x0b158200, 0x0b400000)
 Metaspace       used 15475K, capacity 15727K, committed 15744K, reserved 15744K
}
Event: 23.797 GC heap after
{Heap after GC invocations=14 (full 1):
 def new generation   total 4992K, used 512K [0x05400000, 0x05960000, 0x0a950000)
  eden space 4480K,   0% used [0x05400000, 0x05400000, 0x05860000)
  from space 512K, 100% used [0x058e0000, 0x05960000, 0x05960000)
  to   space 512K,   0% used [0x05860000, 0x05860000, 0x058e0000)
 tenured generation   total 10944K, used 9199K [0x0a950000, 0x0b400000, 0x15400000)
   the space 10944K,  84% used [0x0a950000, 0x0b24bfa0, 0x0b24c000, 0x0b400000)
 Metaspace       used 15475K, capacity 15727K, committed 15744K, reserved 15744K
}
Event: 46.902 GC heap before
{Heap before GC invocations=14 (full 1):
 def new generation   total 4992K, used 4992K [0x05400000, 0x05960000, 0x0a950000)
  eden space 4480K, 100% used [0x05400000, 0x05860000, 0x05860000)
  from space 512K, 100% used [0x058e0000, 0x05960000, 0x05960000)
  to   space 512K,   0% used [0x05860000, 0x05860000, 0x058e0000)
 tenured generation   total 10944K, used 9199K [0x0a950000, 0x0b400000, 0x15400000)
   the space 10944K,  84% used [0x0a950000, 0x0b24bfa0, 0x0b24c000, 0x0b400000)
 Metaspace       used 15988K, capacity 16249K, committed 16256K, reserved 16768K
}
Event: 46.920 GC heap after
{Heap after GC invocations=15 (full 2):
 def new generation   total 8064K, used 0K [0x05400000, 0x05cb0000, 0x0a950000)
  eden space 7232K,   0% used [0x05400000, 0x05400000, 0x05b10000)
  from space 832K,   0% used [0x05b10000, 0x05b10000, 0x05be0000)
  to   space 832K,   0% used [0x05be0000, 0x05be0000, 0x05cb0000)
 tenured generation   total 17696K, used 10616K [0x0a950000, 0x0ba98000, 0x15400000)
   the space 17696K,  59% used [0x0a950000, 0x0b3ae118, 0x0b3ae200, 0x0ba98000)
 Metaspace       used 15729K, capacity 15931K, committed 16256K, reserved 16768K
}
Event: 68.108 GC heap before
{Heap before GC invocations=15 (full 2):
 def new generation   total 8064K, used 7232K [0x05400000, 0x05cb0000, 0x0a950000)
  eden space 7232K, 100% used [0x05400000, 0x05b10000, 0x05b10000)
  from space 832K,   0% used [0x05b10000, 0x05b10000, 0x05be0000)
  to   space 832K,   0% used [0x05be0000, 0x05be0000, 0x05cb0000)
 tenured generation   total 17696K, used 10616K [0x0a950000, 0x0ba98000, 0x15400000)
   the space 17696K,  59% used [0x0a950000, 0x0b3ae118, 0x0b3ae200, 0x0ba98000)
 Metaspace       used 16632K, capacity 16896K, committed 17024K, reserved 17792K
}
Event: 68.111 GC heap after
{Heap after GC invocations=16 (full 2):
 def new generation   total 8064K, used 832K [0x05400000, 0x05cb0000, 0x0a950000)
  eden space 7232K,   0% used [0x05400000, 0x05400000, 0x05b10000)
  from space 832K, 100% used [0x05be0000, 0x05cb0000, 0x05cb0000)
  to   space 832K,   0% used [0x05b10000, 0x05b10000, 0x05be0000)
 tenured generation   total 17696K, used 10676K [0x0a950000, 0x0ba98000, 0x15400000)
   the space 17696K,  60% used [0x0a950000, 0x0b3bd140, 0x0b3bd200, 0x0ba98000)
 Metaspace       used 16632K, capacity 16896K, committed 17024K, reserved 17792K
}
Event: 76.782 GC heap before
{Heap before GC invocations=16 (full 2):
 def new generation   total 8064K, used 7991K [0x05400000, 0x05cb0000, 0x0a950000)
  eden space 7232K,  98% used [0x05400000, 0x05afde18, 0x05b10000)
  from space 832K, 100% used [0x05be0000, 0x05cb0000, 0x05cb0000)
  to   space 832K,   0% used [0x05b10000, 0x05b10000, 0x05be0000)
 tenured generation   total 17696K, used 10676K [0x0a950000, 0x0ba98000, 0x15400000)
   the space 17696K,  60% used [0x0a950000, 0x0b3bd140, 0x0b3bd200, 0x0ba98000)
 Metaspace       used 17340K, capacity 17614K, committed 17664K, reserved 17792K
}
Event: 76.789 GC heap after
{Heap after GC invocations=17 (full 2):
 def new generation   total 8064K, used 832K [0x05400000, 0x05cb0000, 0x0a950000)
  eden space 7232K,   0% used [0x05400000, 0x05400000, 0x05b10000)
  from space 832K, 100% used [0x05b10000, 0x05be0000, 0x05be0000)
  to   space 832K,   0% used [0x05be0000, 0x05be0000, 0x05cb0000)
 tenured generation   total 17696K, used 11717K [0x0a950000, 0x0ba98000, 0x15400000)
   the space 17696K,  66% used [0x0a950000, 0x0b4c1578, 0x0b4c1600, 0x0ba98000)
 Metaspace       used 17340K, capacity 17614K, committed 17664K, reserved 17792K
}
Event: 77.981 GC heap before
{Heap before GC invocations=17 (full 2):
 def new generation   total 8064K, used 7990K [0x05400000, 0x05cb0000, 0x0a950000)
  eden space 7232K,  98% used [0x05400000, 0x05afd840, 0x05b10000)
  from space 832K, 100% used [0x05b10000, 0x05be0000, 0x05be0000)
  to   space 832K,   0% used [0x05be0000, 0x05be0000, 0x05cb0000)
 tenured generation   total 17696K, used 11717K [0x0a950000, 0x0ba98000, 0x15400000)
   the space 17696K,  66% used [0x0a950000, 0x0b4c1578, 0x0b4c1600, 0x0ba98000)
 Metaspace       used 18819K, capacity 19108K, committed 19200K, reserved 19840K
}
Event: 77.987 GC heap after
{Heap after GC invocations=18 (full 2):
 def new generation   total 8064K, used 686K [0x05400000, 0x05cb0000, 0x0a950000)
  eden space 7232K,   0% used [0x05400000, 0x05400000, 0x05b10000)
  from space 832K,  82% used [0x05be0000, 0x05c8ba78, 0x05cb0000)
  to   space 832K,   0% used [0x05b10000, 0x05b10000, 0x05be0000)
 tenured generation   total 17696K, used 14846K [0x0a950000, 0x0ba98000, 0x15400000)
   the space 17696K,  83% used [0x0a950000, 0x0b7cf9c8, 0x0b7cfa00, 0x0ba98000)
 Metaspace       used 18819K, capacity 19108K, committed 19200K, reserved 19840K
}
Event: 78.236 GC heap before
{Heap before GC invocations=18 (full 2):
 def new generation   total 8064K, used 1757K [0x05400000, 0x05cb0000, 0x0a950000)
  eden space 7232K,  14% used [0x05400000, 0x0550bbf0, 0x05b10000)
  from space 832K,  82% used [0x05be0000, 0x05c8ba78, 0x05cb0000)
  to   space 832K,   0% used [0x05b10000, 0x05b10000, 0x05be0000)
 tenured generation   total 17696K, used 14846K [0x0a950000, 0x0ba98000, 0x15400000)
   the space 17696K,  83% used [0x0a950000, 0x0b7cf9c8, 0x0b7cfa00, 0x0ba98000)
 Metaspace       used 18828K, capacity 19143K, committed 19200K, reserved 19840K
}
Event: 78.260 GC heap after
{Heap after GC invocations=19 (full 3):
 def new generation   total 11776K, used 0K [0x05400000, 0x060c0000, 0x0a950000)
  eden space 10496K,   0% used [0x05400000, 0x05400000, 0x05e40000)
  from space 1280K,   0% used [0x05e40000, 0x05e40000, 0x05f80000)
  to   space 1280K,   0% used [0x05f80000, 0x05f80000, 0x060c0000)
 tenured generation   total 25988K, used 15592K [0x0a950000, 0x0c2b1000, 0x15400000)
   the space 25988K,  59% used [0x0a950000, 0x0b88a0b0, 0x0b88a200, 0x0c2b1000)
 Metaspace       used 18765K, capacity 19066K, committed 19200K, reserved 19840K
}
Event: 79.006 GC heap before
{Heap before GC invocations=19 (full 3):
 def new generation   total 11776K, used 10189K [0x05400000, 0x060c0000, 0x0a950000)
  eden space 10496K,  97% used [0x05400000, 0x05df34f8, 0x05e40000)
  from space 1280K,   0% used [0x05e40000, 0x05e40000, 0x05f80000)
  to   space 1280K,   0% used [0x05f80000, 0x05f80000, 0x060c0000)
 tenured generation   total 49768K, used 39371K [0x0a950000, 0x0d9ea000, 0x15400000)
   the space 49768K,  79% used [0x0a950000, 0x0cfc2f80, 0x0cfc3000, 0x0d9ea000)
 Metaspace       used 18891K, capacity 19165K, committed 19328K, reserved 19840K
}
Event: 79.014 GC heap after
{Heap after GC invocations=20 (full 3):
 def new generation   total 11776K, used 1040K [0x05400000, 0x060c0000, 0x0a950000)
  eden space 10496K,   0% used [0x05400000, 0x05400000, 0x05e40000)
  from space 1280K,  81% used [0x05f80000, 0x060843a8, 0x060c0000)
  to   space 1280K,   0% used [0x05e40000, 0x05e40000, 0x05f80000)
 tenured generation   total 49768K, used 47391K [0x0a950000, 0x0d9ea000, 0x15400000)
   the space 49768K,  95% used [0x0a950000, 0x0d797fb0, 0x0d798000, 0x0d9ea000)
 Metaspace       used 18891K, capacity 19165K, committed 19328K, reserved 19840K
}
Event: 79.182 GC heap before
{Heap before GC invocations=20 (full 3):
 def new generation   total 11776K, used 11536K [0x05400000, 0x060c0000, 0x0a950000)
  eden space 10496K, 100% used [0x05400000, 0x05e40000, 0x05e40000)
  from space 1280K,  81% used [0x05f80000, 0x060843a8, 0x060c0000)
  to   space 1280K,   0% used [0x05e40000, 0x05e40000, 0x05f80000)
 tenured generation   total 49768K, used 47391K [0x0a950000, 0x0d9ea000, 0x15400000)
   the space 49768K,  95% used [0x0a950000, 0x0d797fb0, 0x0d798000, 0x0d9ea000)
 Metaspace       used 18917K, capacity 19199K, committed 19328K, reserved 19840K
}
Event: 79.212 GC heap after
{Heap after GC invocations=21 (full 4):
 def new generation   total 41792K, used 400K [0x05400000, 0x08150000, 0x0a950000)
  eden space 37184K,   1% used [0x05400000, 0x054641b0, 0x07850000)
  from space 4608K,   0% used [0x07850000, 0x07850000, 0x07cd0000)
  to   space 4608K,   0% used [0x07cd0000, 0x07cd0000, 0x08150000)
 tenured generation   total 92652K, used 55591K [0x0a950000, 0x103cb000, 0x15400000)
   the space 92652K,  59% used [0x0a950000, 0x0df99c80, 0x0df99e00, 0x103cb000)
 Metaspace       used 18917K, capacity 19199K, committed 19328K, reserved 19840K
}
Event: 91.265 GC heap before
{Heap before GC invocations=21 (full 4):
 def new generation   total 41792K, used 16999K [0x05400000, 0x08150000, 0x0a950000)
  eden space 37184K,  45% used [0x05400000, 0x06499f40, 0x07850000)
  from space 4608K,   0% used [0x07850000, 0x07850000, 0x07cd0000)
  to   space 4608K,   0% used [0x07cd0000, 0x07cd0000, 0x08150000)
 tenured generation   total 92652K, used 55591K [0x0a950000, 0x103cb000, 0x15400000)
   the space 92652K,  59% used [0x0a950000, 0x0df99c80, 0x0df99e00, 0x103cb000)
 Metaspace       used 19028K, capacity 19294K, committed 19456K, reserved 19840K
}
Event: 91.272 GC heap after
{Heap after GC invocations=22 (full 4):
 def new generation   total 41792K, used 4246K [0x05400000, 0x08150000, 0x0a950000)
  eden space 37184K,   0% used [0x05400000, 0x05400000, 0x07850000)
  from space 4608K,  92% used [0x07cd0000, 0x080f5988, 0x08150000)
  to   space 4608K,   0% used [0x07850000, 0x07850000, 0x07cd0000)
 tenured generation   total 92652K, used 57964K [0x0a950000, 0x103cb000, 0x15400000)
   the space 92652K,  62% used [0x0a950000, 0x0e1eb0c0, 0x0e1eb200, 0x103cb000)
 Metaspace       used 19028K, capacity 19294K, committed 19456K, reserved 19840K
}
Event: 91.885 GC heap before
{Heap before GC invocations=22 (full 4):
 def new generation   total 41792K, used 41089K [0x05400000, 0x08150000, 0x0a950000)
  eden space 37184K,  99% used [0x05400000, 0x077faa78, 0x07850000)
  from space 4608K,  92% used [0x07cd0000, 0x080f5988, 0x08150000)
  to   space 4608K,   0% used [0x07850000, 0x07850000, 0x07cd0000)
 tenured generation   total 92652K, used 57964K [0x0a950000, 0x103cb000, 0x15400000)
   the space 92652K,  62% used [0x0a950000, 0x0e1eb0c0, 0x0e1eb200, 0x103cb000)
 Metaspace       used 19028K, capacity 19294K, committed 19456K, reserved 19840K
}
Event: 91.932 GC heap after
{Heap after GC invocations=23 (full 5):
 def new generation   total 41792K, used 0K [0x05400000, 0x08150000, 0x0a950000)
  eden space 37184K,   0% used [0x05400000, 0x05400000, 0x07850000)
  from space 4608K,   0% used [0x07850000, 0x07850000, 0x07cd0000)
  to   space 4608K,   0% used [0x07cd0000, 0x07cd0000, 0x08150000)
 tenured generation   total 92652K, used 52783K [0x0a950000, 0x103cb000, 0x15400000)
   the space 92652K,  56% used [0x0a950000, 0x0dcdbd48, 0x0dcdbe00, 0x103cb000)
 Metaspace       used 19010K, capacity 19273K, committed 19456K, reserved 19840K
}

Deoptimization events (8 events):
Event: 23.586 Thread 0x15e3b800 DEOPT PACKING pc=0x033e72cf sp=0x165de0a0
Event: 23.586 Thread 0x15e3b800 DEOPT UNPACKING pc=0x032fc187 sp=0x165ddfc0 mode 3
Event: 23.590 Thread 0x15e3b800 DEOPT PACKING pc=0x0345d431 sp=0x165de220
Event: 23.590 Thread 0x15e3b800 DEOPT UNPACKING pc=0x032fc187 sp=0x165de144 mode 3
Event: 23.659 Thread 0x15e3b800 DEOPT PACKING pc=0x0348748c sp=0x165dde30
Event: 23.659 Thread 0x15e3b800 DEOPT UNPACKING pc=0x032fc187 sp=0x165ddce0 mode 3
Event: 23.950 Thread 0x15db8400 DEOPT PACKING pc=0x034aea3d sp=0x1625ee00
Event: 23.950 Thread 0x15db8400 DEOPT UNPACKING pc=0x032fc187 sp=0x1625ed2c mode 3

Classes redefined (0 events):
No events

Internal exceptions (20 events):
Event: 46.921 Thread 0x15e3b800 Exception <a 'java/lang/NoSuchMethodError'{0x05400140}: 'java.lang.Object java.lang.invoke.DirectMethodHandle$Holder.invokeStatic(java.lang.Object, java.lang.Object, long)'> (0x05400140) thrown at [s\src\hotspot\share\interpreter\linkResolver.cpp, line 773]
Event: 46.921 Thread 0x15e3b800 Exception <a 'java/lang/NoSuchMethodError'{0x05405c20}: 'java.lang.Object java.lang.invoke.Invokers$Holder.linkToTargetMethod(java.lang.Object, long, java.lang.Object)'> (0x05405c20) thrown at [s\src\hotspot\share\interpreter\linkResolver.cpp, line 773]
Event: 46.954 Thread 0x15e3b800 Exception <a 'sun/nio/fs/WindowsException'{0x054a64c0}> (0x054a64c0) thrown at [s\src\hotspot\share\prims\jni.cpp, line 617]
Event: 68.024 Thread 0x15e3b800 Exception <a 'java/net/ConnectException'{0x055b6950}: Connection timed out: connect> (0x055b6950) thrown at [s\src\hotspot\share\prims\jni.cpp, line 638]
Event: 68.055 Thread 0x15e3b800 Exception <a 'java/lang/ClassNotFoundException'{0x05742d58}: com/sun/javafx/scene/control/skin/resources/controls> (0x05742d58) thrown at [s\src\hotspot\share\prims\jni.cpp, line 638]
Event: 68.056 Thread 0x15e3b800 Exception <a 'java/lang/ClassNotFoundException'{0x057504a8}: com/sun/javafx/scene/control/skin/resources/controls_es> (0x057504a8) thrown at [s\src\hotspot\share\prims\jni.cpp, line 638]
Event: 68.057 Thread 0x15e3b800 Exception <a 'java/lang/ClassNotFoundException'{0x0575d8f8}: com/sun/javafx/scene/control/skin/resources/controls_es_MX> (0x0575d8f8) thrown at [s\src\hotspot\share\prims\jni.cpp, line 638]
Event: 68.077 Thread 0x15e3b800 Exception <a 'java/lang/ClassNotFoundException'{0x0589b048}: com/sun/glass/ui/win/themes> (0x0589b048) thrown at [s\src\hotspot\share\prims\jni.cpp, line 638]
Event: 68.078 Thread 0x15e3b800 Exception <a 'java/lang/ClassNotFoundException'{0x058a2fd0}: com/sun/glass/ui/win/themes_es> (0x058a2fd0) thrown at [s\src\hotspot\share\prims\jni.cpp, line 638]
Event: 80.461 Thread 0x15e3b800 Exception <a 'sun/nio/fs/WindowsException'{0x058a4438}> (0x058a4438) thrown at [s\src\hotspot\share\prims\jni.cpp, line 617]
Event: 87.993 Thread 0x1ab20000 Exception <a 'java/net/SocketTimeoutException'{0x05e53420}: Read timed out> (0x05e53420) thrown at [s\src\hotspot\share\prims\jni.cpp, line 638]
Event: 93.402 Thread 0x15e3b800 Exception <a 'java/lang/IllegalArgumentException'{0x05e9c408}: argument type mismatch> (0x05e9c408) thrown at [s\src\hotspot\share\runtime\reflection.cpp, line 1216]
Event: 93.402 Thread 0x15e3b800 Exception <a 'java/lang/IllegalArgumentException'{0x05e9c408}> (0x05e9c408) thrown at [s\src\hotspot\share\prims\jvm.cpp, line 1310]
Event: 101.039 Thread 0x1ac9b400 Exception <a 'java/net/SocketTimeoutException'{0x05f66140}: Read timed out> (0x05f66140) thrown at [s\src\hotspot\share\prims\jni.cpp, line 638]
Event: 130.917 Thread 0x15e3b800 Exception <a 'sun/nio/fs/WindowsException'{0x063549a0}> (0x063549a0) thrown at [s\src\hotspot\share\prims\jni.cpp, line 617]
Event: 136.317 Thread 0x1ac9e000 Exception <a 'java/net/SocketTimeoutException'{0x06762370}: Read timed out> (0x06762370) thrown at [s\src\hotspot\share\prims\jni.cpp, line 638]
Event: 141.738 Thread 0x15e3b800 Exception <a 'java/lang/IllegalArgumentException'{0x069673a8}> (0x069673a8) thrown at [s\src\hotspot\share\prims\jvm.cpp, line 1310]
Event: 141.754 Thread 0x15e3b800 Exception <a 'java/lang/IllegalArgumentException'{0x0699f998}> (0x0699f998) thrown at [s\src\hotspot\share\prims\jvm.cpp, line 1310]
Event: 141.780 Thread 0x15e3b800 Exception <a 'java/lang/IllegalArgumentException'{0x069ab358}> (0x069ab358) thrown at [s\src\hotspot\share\prims\jvm.cpp, line 1310]
Event: 141.807 Thread 0x15e3b800 Exception <a 'java/lang/IllegalArgumentException'{0x06a60038}> (0x06a60038) thrown at [s\src\hotspot\share\prims\jvm.cpp, line 1310]

Events (20 events):
Event: 136.316 Executing VM operation: RevokeBias done
Event: 136.316 Executing VM operation: RevokeBias
Event: 136.316 Executing VM operation: RevokeBias done
Event: 136.316 Executing VM operation: RevokeBias
Event: 136.317 Executing VM operation: RevokeBias done
Event: 136.317 Executing VM operation: RevokeBias
Event: 136.318 Executing VM operation: RevokeBias done
Event: 136.318 Executing VM operation: RevokeBias
Event: 136.318 Executing VM operation: RevokeBias done
Event: 136.318 Executing VM operation: RevokeBias
Event: 136.318 Executing VM operation: RevokeBias done
Event: 136.318 Thread 0x1ac9e000 Thread exited: 0x1ac9e000
Event: 136.362 Loaded shared library C:\Users\alexia\.openjfx\cache\17.0.6\prism_d3d.dll
Event: 136.365 Loaded shared library C:\Users\alexia\.openjfx\cache\17.0.6\prism_d3d.dll
Event: 139.963 Executing VM operation: RevokeBias
Event: 139.963 Executing VM operation: RevokeBias done
Event: 141.661 loading class javafx/application/Application
Event: 141.661 loading class javafx/application/Application done
Event: 141.663 loading class javafx/application/Application
Event: 141.663 loading class javafx/application/Application done


Dynamic libraries:
0x000f0000 - 0x000fc000 	C:\Program Files (x86)\Eclipse Adoptium\jdk-11.0.21.9-hotspot\bin\java.exe
0x77500000 - 0x776b1000 	C:\WINDOWS\SYSTEM32\ntdll.dll
0x770f0000 - 0x771e0000 	C:\WINDOWS\System32\KERNEL32.DLL
0x75260000 - 0x754d5000 	C:\WINDOWS\System32\KERNELBASE.dll
0x746e0000 - 0x74786000 	C:\WINDOWS\SYSTEM32\apphelp.dll
0x755a0000 - 0x756b2000 	C:\WINDOWS\System32\ucrtbase.dll
0x746a0000 - 0x746b3000 	C:\Program Files (x86)\Eclipse Adoptium\jdk-11.0.21.9-hotspot\bin\VCRUNTIME140.dll
0x746c0000 - 0x746d5000 	C:\Program Files (x86)\Eclipse Adoptium\jdk-11.0.21.9-hotspot\bin\jli.dll
0x76a90000 - 0x76c39000 	C:\WINDOWS\System32\USER32.dll
0x76c40000 - 0x76c5a000 	C:\WINDOWS\System32\win32u.dll
0x6fa90000 - 0x6fcb8000 	C:\WINDOWS\WinSxS\x86_microsoft.windows.common-controls_6595b64144ccf1df_6.0.22621.3235_none_6ebcabb88802389e\COMCTL32.dll
0x75740000 - 0x75763000 	C:\WINDOWS\System32\GDI32.dll
0x75e10000 - 0x75ed4000 	C:\WINDOWS\System32\msvcrt.dll
0x76ea0000 - 0x76f82000 	C:\WINDOWS\System32\gdi32full.dll
0x756c0000 - 0x75739000 	C:\WINDOWS\System32\msvcp_win.dll
0x751c0000 - 0x751e5000 	C:\WINDOWS\System32\IMM32.DLL
0x74630000 - 0x7469f000 	C:\Program Files (x86)\Eclipse Adoptium\jdk-11.0.21.9-hotspot\bin\msvcp140.dll
0x73c70000 - 0x7414b000 	C:\Program Files (x86)\Eclipse Adoptium\jdk-11.0.21.9-hotspot\bin\client\jvm.dll
0x773b0000 - 0x7742f000 	C:\WINDOWS\System32\ADVAPI32.dll
0x771e0000 - 0x77265000 	C:\WINDOWS\System32\sechost.dll
0x762d0000 - 0x762ea000 	C:\WINDOWS\System32\bcrypt.dll
0x77030000 - 0x770ea000 	C:\WINDOWS\System32\RPCRT4.dll
0x76160000 - 0x76166000 	C:\WINDOWS\System32\PSAPI.DLL
0x745f0000 - 0x74621000 	C:\WINDOWS\SYSTEM32\WINMM.dll
0x745e0000 - 0x745e8000 	C:\WINDOWS\SYSTEM32\WSOCK32.dll
0x74530000 - 0x74538000 	C:\WINDOWS\SYSTEM32\VERSION.dll
0x75540000 - 0x7559f000 	C:\WINDOWS\System32\WS2_32.dll
0x74790000 - 0x747a3000 	C:\WINDOWS\SYSTEM32\kernel.appcore.dll
0x745d0000 - 0x745dd000 	C:\Program Files (x86)\Eclipse Adoptium\jdk-11.0.21.9-hotspot\bin\verify.dll
0x742f0000 - 0x744c6000 	C:\WINDOWS\SYSTEM32\DBGHELP.DLL
0x75ee0000 - 0x7615c000 	C:\WINDOWS\System32\combase.dll
0x76c60000 - 0x76cfc000 	C:\WINDOWS\System32\OLEAUT32.dll
0x745a0000 - 0x745c9000 	C:\WINDOWS\SYSTEM32\dbgcore.DLL
0x76fc0000 - 0x77022000 	C:\WINDOWS\System32\bcryptPrimitives.dll
0x74570000 - 0x74592000 	C:\Program Files (x86)\Eclipse Adoptium\jdk-11.0.21.9-hotspot\bin\java.dll
0x74560000 - 0x74569000 	C:\Program Files (x86)\Eclipse Adoptium\jdk-11.0.21.9-hotspot\bin\jimage.dll
0x74230000 - 0x7423d000 	C:\Program Files (x86)\Eclipse Adoptium\jdk-11.0.21.9-hotspot\bin\instrument.dll
0x74540000 - 0x74556000 	C:\Program Files (x86)\Eclipse Adoptium\jdk-11.0.21.9-hotspot\bin\zip.dll
0x75770000 - 0x75e09000 	C:\WINDOWS\System32\SHELL32.dll
0x748a0000 - 0x74f8f000 	C:\WINDOWS\SYSTEM32\windows.storage.dll
0x747d0000 - 0x74897000 	C:\WINDOWS\SYSTEM32\wintypes.dll
0x77270000 - 0x77331000 	C:\WINDOWS\System32\SHCORE.dll
0x76280000 - 0x762cb000 	C:\WINDOWS\System32\shlwapi.dll
0x744d0000 - 0x744e9000 	C:\WINDOWS\SYSTEM32\profapi.dll
0x74500000 - 0x74514000 	C:\Program Files (x86)\Eclipse Adoptium\jdk-11.0.21.9-hotspot\bin\net.dll
0x75010000 - 0x750ec000 	C:\WINDOWS\SYSTEM32\WINHTTP.dll
0x74240000 - 0x74291000 	C:\WINDOWS\system32\mswsock.dll
0x744f0000 - 0x744ff000 	C:\Program Files (x86)\Eclipse Adoptium\jdk-11.0.21.9-hotspot\bin\nio.dll
0x741a0000 - 0x741b6000 	C:\Program Files\JetBrains\IntelliJ IDEA 2023.3.2\bin\breakgen.dll
0x74190000 - 0x74193000 	C:\Users\alexia\.openjfx\cache\17.0.6\api-ms-win-core-console-l1-1-0.dll
0x74180000 - 0x74183000 	C:\Users\alexia\.openjfx\cache\17.0.6\api-ms-win-core-console-l1-2-0.dll
0x74170000 - 0x74173000 	C:\Users\alexia\.openjfx\cache\17.0.6\api-ms-win-core-datetime-l1-1-0.dll
0x73c60000 - 0x73c63000 	C:\Users\alexia\.openjfx\cache\17.0.6\api-ms-win-core-debug-l1-1-0.dll
0x73c50000 - 0x73c53000 	C:\Users\alexia\.openjfx\cache\17.0.6\api-ms-win-core-errorhandling-l1-1-0.dll
0x73c40000 - 0x73c44000 	C:\Users\alexia\.openjfx\cache\17.0.6\api-ms-win-core-file-l1-1-0.dll
0x73c30000 - 0x73c33000 	C:\Users\alexia\.openjfx\cache\17.0.6\api-ms-win-core-file-l1-2-0.dll
0x73c20000 - 0x73c23000 	C:\Users\alexia\.openjfx\cache\17.0.6\api-ms-win-core-file-l2-1-0.dll
0x73c10000 - 0x73c13000 	C:\Users\alexia\.openjfx\cache\17.0.6\api-ms-win-core-handle-l1-1-0.dll
0x73c00000 - 0x73c03000 	C:\Users\alexia\.openjfx\cache\17.0.6\api-ms-win-core-heap-l1-1-0.dll
0x6f760000 - 0x6f763000 	C:\Users\alexia\.openjfx\cache\17.0.6\api-ms-win-core-interlocked-l1-1-0.dll
0x6f750000 - 0x6f753000 	C:\Users\alexia\.openjfx\cache\17.0.6\api-ms-win-core-libraryloader-l1-1-0.dll
0x6f740000 - 0x6f743000 	C:\Users\alexia\.openjfx\cache\17.0.6\api-ms-win-core-localization-l1-2-0.dll
0x6f730000 - 0x6f733000 	C:\Users\alexia\.openjfx\cache\17.0.6\api-ms-win-core-memory-l1-1-0.dll
0x6f720000 - 0x6f723000 	C:\Users\alexia\.openjfx\cache\17.0.6\api-ms-win-core-namedpipe-l1-1-0.dll
0x6f710000 - 0x6f713000 	C:\Users\alexia\.openjfx\cache\17.0.6\api-ms-win-core-processenvironment-l1-1-0.dll
0x6f700000 - 0x6f703000 	C:\Users\alexia\.openjfx\cache\17.0.6\api-ms-win-core-processthreads-l1-1-0.dll
0x6f6f0000 - 0x6f6f3000 	C:\Users\alexia\.openjfx\cache\17.0.6\api-ms-win-core-processthreads-l1-1-1.dll
0x6f6e0000 - 0x6f6e3000 	C:\Users\alexia\.openjfx\cache\17.0.6\api-ms-win-core-profile-l1-1-0.dll
0x6f6d0000 - 0x6f6d3000 	C:\Users\alexia\.openjfx\cache\17.0.6\api-ms-win-core-rtlsupport-l1-1-0.dll
0x6f6c0000 - 0x6f6c3000 	C:\Users\alexia\.openjfx\cache\17.0.6\api-ms-win-core-string-l1-1-0.dll
0x6f6b0000 - 0x6f6b3000 	C:\Users\alexia\.openjfx\cache\17.0.6\api-ms-win-core-synch-l1-1-0.dll
0x6f6a0000 - 0x6f6a3000 	C:\Users\alexia\.openjfx\cache\17.0.6\api-ms-win-core-synch-l1-2-0.dll
0x6f690000 - 0x6f693000 	C:\Users\alexia\.openjfx\cache\17.0.6\api-ms-win-core-sysinfo-l1-1-0.dll
0x6f680000 - 0x6f683000 	C:\Users\alexia\.openjfx\cache\17.0.6\api-ms-win-core-timezone-l1-1-0.dll
0x6f670000 - 0x6f673000 	C:\Users\alexia\.openjfx\cache\17.0.6\api-ms-win-core-util-l1-1-0.dll
0x6f660000 - 0x6f663000 	C:\Users\alexia\.openjfx\cache\17.0.6\api-ms-win-crt-conio-l1-1-0.dll
0x6f650000 - 0x6f654000 	C:\Users\alexia\.openjfx\cache\17.0.6\api-ms-win-crt-convert-l1-1-0.dll
0x6f640000 - 0x6f643000 	C:\Users\alexia\.openjfx\cache\17.0.6\api-ms-win-crt-environment-l1-1-0.dll
0x6f630000 - 0x6f633000 	C:\Users\alexia\.openjfx\cache\17.0.6\api-ms-win-crt-filesystem-l1-1-0.dll
0x6f620000 - 0x6f623000 	C:\Users\alexia\.openjfx\cache\17.0.6\api-ms-win-crt-heap-l1-1-0.dll
0x6f610000 - 0x6f613000 	C:\Users\alexia\.openjfx\cache\17.0.6\api-ms-win-crt-locale-l1-1-0.dll
0x6f600000 - 0x6f605000 	C:\Users\alexia\.openjfx\cache\17.0.6\api-ms-win-crt-math-l1-1-0.dll
0x6f5f0000 - 0x6f5f5000 	C:\Users\alexia\.openjfx\cache\17.0.6\api-ms-win-crt-multibyte-l1-1-0.dll
0x6f5e0000 - 0x6f5f0000 	C:\Users\alexia\.openjfx\cache\17.0.6\api-ms-win-crt-private-l1-1-0.dll
0x6f5d0000 - 0x6f5d3000 	C:\Users\alexia\.openjfx\cache\17.0.6\api-ms-win-crt-process-l1-1-0.dll
0x6f5c0000 - 0x6f5c4000 	C:\Users\alexia\.openjfx\cache\17.0.6\api-ms-win-crt-runtime-l1-1-0.dll
0x6f5b0000 - 0x6f5b4000 	C:\Users\alexia\.openjfx\cache\17.0.6\api-ms-win-crt-stdio-l1-1-0.dll
0x6f5a0000 - 0x6f5a4000 	C:\Users\alexia\.openjfx\cache\17.0.6\api-ms-win-crt-string-l1-1-0.dll
0x6f590000 - 0x6f593000 	C:\Users\alexia\.openjfx\cache\17.0.6\api-ms-win-crt-time-l1-1-0.dll
0x6f580000 - 0x6f583000 	C:\Users\alexia\.openjfx\cache\17.0.6\api-ms-win-crt-utility-l1-1-0.dll
0x6f450000 - 0x6f573000 	C:\Users\alexia\.openjfx\cache\17.0.6\ucrtbase.dll
0x6f430000 - 0x6f444000 	C:\Users\alexia\.openjfx\cache\17.0.6\vcruntime140.dll
0x6f3c0000 - 0x6f42d000 	C:\Users\alexia\.openjfx\cache\17.0.6\msvcp140.dll
0x6f3b0000 - 0x6f3b7000 	C:\Users\alexia\.openjfx\cache\17.0.6\msvcp140_1.dll
0x6f380000 - 0x6f3a9000 	C:\Users\alexia\.openjfx\cache\17.0.6\msvcp140_2.dll
0x6f350000 - 0x6f376000 	C:\Users\alexia\.openjfx\cache\17.0.6\prism_d3d.dll
0x6f1d0000 - 0x6f341000 	C:\WINDOWS\system32\d3d9.dll
0x6f1a0000 - 0x6f1c4000 	C:\WINDOWS\SYSTEM32\dwmapi.dll
0x6f170000 - 0x6f19e000 	C:\WINDOWS\SYSTEM32\dxcore.dll
0x71da0000 - 0x71e1f000 	C:\WINDOWS\system32\uxtheme.dll
0x6eff0000 - 0x6f169000 	C:\WINDOWS\System32\DriverStore\FileRepository\iigd_dch.inf_amd64_38b23bd92a6775fe\igdumdim32.dll
0x76380000 - 0x764d5000 	C:\WINDOWS\System32\ole32.dll
0x6b510000 - 0x6efe8000 	C:\WINDOWS\System32\DriverStore\FileRepository\iigd_dch.inf_amd64_38b23bd92a6775fe\igd9dxva32.dll
0x764e0000 - 0x7691d000 	C:\WINDOWS\System32\SETUPAPI.dll
0x750f0000 - 0x7512d000 	C:\WINDOWS\SYSTEM32\cfgmgr32.dll
0x6b210000 - 0x6b508000 	C:\WINDOWS\System32\DriverStore\FileRepository\iigd_dch.inf_amd64_38b23bd92a6775fe\igdgmm32.dll
0x6b1d0000 - 0x6b20c000 	C:\WINDOWS\SYSTEM32\directxdatabasehelper.dll
0x6b190000 - 0x6b1c7000 	C:\Users\alexia\.openjfx\cache\17.0.6\glass.dll
0x77430000 - 0x774e1000 	C:\WINDOWS\System32\COMDLG32.dll
0x76d00000 - 0x76dff000 	C:\WINDOWS\System32\MSCTF.dll
0x6b170000 - 0x6b18e000 	C:\WINDOWS\System32\DriverStore\FileRepository\iigd_dch.inf_amd64_38b23bd92a6775fe\igdinfo32.dll
0x683c0000 - 0x6b16f000 	C:\WINDOWS\System32\DriverStore\FileRepository\iigd_dch.inf_amd64_38b23bd92a6775fe\igc32.dll
0x683a0000 - 0x683b1000 	C:\Users\alexia\.openjfx\cache\17.0.6\javafx_font.dll
0x68390000 - 0x6839b000 	C:\Program Files (x86)\Eclipse Adoptium\jdk-11.0.21.9-hotspot\bin\sunmscapi.dll
0x76170000 - 0x76273000 	C:\WINDOWS\System32\CRYPT32.dll
0x68360000 - 0x68385000 	C:\WINDOWS\SYSTEM32\ncrypt.dll
0x68330000 - 0x68358000 	C:\WINDOWS\SYSTEM32\NTASN1.dll
0x68300000 - 0x68324000 	C:\Program Files (x86)\Eclipse Adoptium\jdk-11.0.21.9-hotspot\bin\sunec.dll
0x70240000 - 0x70255000 	C:\WINDOWS\SYSTEM32\CRYPTSP.dll
0x70210000 - 0x70240000 	C:\WINDOWS\system32\rsaenh.dll
0x74150000 - 0x7416f000 	C:\WINDOWS\SYSTEM32\USERENV.dll
0x741e0000 - 0x741eb000 	C:\WINDOWS\SYSTEM32\CRYPTBASE.dll
0x75130000 - 0x75154000 	C:\WINDOWS\SYSTEM32\IPHLPAPI.DLL
0x76fb0000 - 0x76fb7000 	C:\WINDOWS\System32\NSI.dll
0x741f0000 - 0x74206000 	C:\WINDOWS\SYSTEM32\dhcpcsvc6.DLL
0x741c0000 - 0x741d7000 	C:\WINDOWS\SYSTEM32\dhcpcsvc.DLL
0x6f770000 - 0x6f82d000 	C:\WINDOWS\SYSTEM32\DNSAPI.dll
0x682f0000 - 0x682f8000 	C:\Windows\System32\rasadhlp.dll

dbghelp: loaded successfully - version: 4.0.5 - missing functions: none
symbol engine: initialized successfully - sym options: 0x614 - pdb path: .;C:\Program Files (x86)\Eclipse Adoptium\jdk-11.0.21.9-hotspot\bin;C:\WINDOWS\SYSTEM32;C:\WINDOWS\WinSxS\x86_microsoft.windows.common-controls_6595b64144ccf1df_6.0.22621.3235_none_6ebcabb88802389e;C:\Program Files (x86)\Eclipse Adoptium\jdk-11.0.21.9-hotspot\bin\client;C:\Program Files\JetBrains\IntelliJ IDEA 2023.3.2\bin;C:\Users\alexia\.openjfx\cache\17.0.6;C:\WINDOWS\System32\DriverStore\FileRepository\iigd_dch.inf_amd64_38b23bd92a6775fe;C:\Program Files (x86)\Common Files\Microsoft Shared\Ink

VM Arguments:
jvm_args: -javaagent:C:\Program Files\JetBrains\IntelliJ IDEA 2023.3.2\lib\idea_rt.jar=57514:C:\Program Files\JetBrains\IntelliJ IDEA 2023.3.2\bin -Dfile.encoding=UTF-8 --module-path=C:\Users\alexia\.m2\repository\com\gluonhq\charm-glisten\6.2.3\charm-glisten-6.2.3.jar;C:\Users\alexia\.m2\repository\com\gluonhq\attach\lifecycle\4.0.19\lifecycle-4.0.19.jar;C:\Users\alexia\.m2\repository\org\openjfx\javafx-fxml\17.0.6\javafx-fxml-17.0.6-win-x86.jar;C:\Users\alexia\.m2\repository\com\gluonhq\attach\util\4.0.19\util-4.0.19.jar;C:\Users\alexia\.m2\repository\org\openjfx\javafx-controls\17.0.6\javafx-controls-17.0.6-win-x86.jar;C:\Users\alexia\Downloads\appJavaFx\target\classes;C:\Users\alexia\.m2\repository\com\gluonhq\attach\display\4.0.19\display-4.0.19.jar;C:\Users\alexia\.m2\repository\org\openjfx\javafx-graphics\17.0.6\javafx-graphics-17.0.6-win-x86.jar;C:\Users\alexia\.m2\repository\org\openjfx\javafx-base\17.0.6\javafx-base-17.0.6-win-x86.jar;C:\Users\alexia\.m2\repository\org\kordamp\bootstrapfx\bootstrapfx-core\0.4.0\bootstrapfx-core-0.4.0.jar -Djdk.module.main=com.alilopez.vererinaria 
java_command: com.alilopez.vererinaria/com.alilopez.application.App
java_class_path (initial): C:\Users\alexia\.m2\repository\org\openjfx\javafx-controls\17.0.6\javafx-controls-17.0.6.jar;C:\Users\alexia\.m2\repository\org\openjfx\javafx-graphics\17.0.6\javafx-graphics-17.0.6.jar;C:\Users\alexia\.m2\repository\org\openjfx\javafx-base\17.0.6\javafx-base-17.0.6.jar;C:\Users\alexia\.m2\repository\org\openjfx\javafx-fxml\17.0.6\javafx-fxml-17.0.6.jar
Launcher Type: SUN_STANDARD

[Global flags]
   size_t InitialHeapSize                          = 16777216                                  {product} {ergonomic}
   size_t MaxHeapSize                              = 268435456                                 {product} {ergonomic}
   size_t MaxNewSize                               = 89456640                                  {product} {ergonomic}
   size_t MinHeapDeltaBytes                        = 131072                                    {product} {ergonomic}
   size_t NewSize                                  = 5570560                                   {product} {ergonomic}
    uintx NonProfiledCodeHeapSize                  = 0                                      {pd product} {ergonomic}
   size_t OldSize                                  = 11206656                                  {product} {ergonomic}
    uintx ProfiledCodeHeapSize                     = 0                                      {pd product} {ergonomic}
     bool ThreadLocalHandshakes                    = false                                  {pd product} {ergonomic}
     bool UseLargePagesIndividualAllocation        = false                                  {pd product} {ergonomic}
     bool UseSerialGC                              = true                                      {product} {ergonomic}

Logging:
Log output configuration:
 #0: stdout all=warning uptime,level,tags
 #1: stderr all=off uptime,level,tags

Environment Variables:
PATH=C:\Program Files (x86)\Eclipse Adoptium\jdk-11.0.21.9-hotspot\bin;C:\WINDOWS\system32;C:\WINDOWS;C:\WINDOWS\System32\Wbem;C:\WINDOWS\System32\WindowsPowerShell\v1.0\;C:\WINDOWS\System32\OpenSSH\;C:\Program Files\Git\cmd;C:\Program Files (x86)\Git\cmd;C:\Users\alexia\AppData\Local\Microsoft\WindowsApps;C:\Users\alexia\AppData\Local\GitHubDesktop\bin;C:\Users\alexia\AppData\Local\Programs\Microsoft VS Code\bin;;C:\Program Files\JetBrains\IntelliJ IDEA 2023.3.2\bin;
USERNAME=alexia
OS=Windows_NT
PROCESSOR_IDENTIFIER=Intel64 Family 6 Model 140 Stepping 1, GenuineIntel
TMP=C:\Users\alexia\AppData\Local\Temp
TEMP=C:\Users\alexia\AppData\Local\Temp



---------------  S Y S T E M  ---------------

OS: Windows 11 , 64 bit Build 22621 (10.0.22621.3374)
OS uptime: 0 days 16:34 hours

CPU:total 4 (initial active 4) (2 cores per cpu, 2 threads per core) family 6 model 140 stepping 1 microcode 0x8a, cmov, cx8, fxsr, mmx, sse, sse2, sse3, ssse3, sse4.1, sse4.2, popcnt, avx, avx2, aes, clmul, erms, 3dnowpref, lzcnt, ht, tsc, tscinvbit, bmi1, bmi2, adx, evex, sha, fma

Memory: 4k page, system-wide physical 3875M (553M free)
TotalPageFile size 11643M (AvailPageFile size 1875M), user-mode portion of virtual address-space 2047M (1279M free)
current process WorkingSet (physical memory assigned to process): 73M, peak: 285M
current process commit charge ("private bytes"): 275M, peak: 297M

vm_info: OpenJDK Client VM (11.0.21+9) for windows-x86 JRE (11.0.21+9), built on Oct 17 2023 17:27:10 by "" with MS VC++ 15.9 (VS2017)

END.
