#
# A fatal error has been detected by the Java Runtime Environment:
#
#  EXCEPTION_ACCESS_VIOLATION (0xc0000005) at pc=0x73726c62, pid=3592, tid=8920
#
# JRE version: OpenJDK Runtime Environment Temurin-11.0.21+9 (11.0.21+9) (build 11.0.21+9)
# Java VM: OpenJDK Client VM Temurin-11.0.21+9 (11.0.21+9, mixed mode, serial gc, windows-x86)
# Problematic frame:
# C  [glass.dll+0x16c62]
#
# No core dump will be written. Minidumps are not enabled by default on client versions of Windows
#
# If you would like to submit a bug report, please visit:
#   https://github.com/adoptium/adoptium-support/issues
# The crash happened outside the Java Virtual Machine in native code.
# See problematic frame for where to report the bug.
#

---------------  S U M M A R Y ------------

Command Line: -javaagent:C:\Program Files\JetBrains\IntelliJ IDEA 2023.3.2\lib\idea_rt.jar=59931:C:\Program Files\JetBrains\IntelliJ IDEA 2023.3.2\bin -Dfile.encoding=UTF-8 --module-path=C:\Users\alexia\.m2\repository\com\gluonhq\attach\lifecycle\4.0.19\lifecycle-4.0.19.jar;C:\Users\alexia\.m2\repository\org\kordamp\bootstrapfx\bootstrapfx-core\0.4.0\bootstrapfx-core-0.4.0.jar;C:\Users\alexia\.m2\repository\org\openjfx\javafx-fxml\17.0.6\javafx-fxml-17.0.6-win-x86.jar;C:\Users\alexia\.m2\repository\com\gluonhq\charm-glisten\6.2.3\charm-glisten-6.2.3.jar;C:\Users\alexia\.m2\repository\com\gluonhq\attach\display\4.0.19\display-4.0.19.jar;C:\Users\alexia\.m2\repository\com\gluonhq\attach\util\4.0.19\util-4.0.19.jar;C:\Users\alexia\.m2\repository\org\openjfx\javafx-graphics\17.0.6\javafx-graphics-17.0.6-win-x86.jar;C:\Users\alexia\Downloads\appJavaFx\target\classes;C:\Users\alexia\.m2\repository\org\openjfx\javafx-controls\17.0.6\javafx-controls-17.0.6-win-x86.jar;C:\Users\alexia\.m2\repository\org\openjfx\javafx-base\17.0.6\javafx-base-17.0.6-win-x86.jar -Djdk.module.main=com.alilopez.vererinaria com.alilopez.vererinaria/com.alilopez.application.App

Host: 11th Gen Intel(R) Core(TM) i3-1115G4 @ 3.00GHz, 4 cores, 3G,  Windows 11 , 64 bit Build 22621 (10.0.22621.3374)
Time: Sat Apr 13 18:31:18 2024 Hora estándar central (México) elapsed time: 23.555907 seconds (0d 0h 0m 23s)

---------------  T H R E A D  ---------------

Current thread (0x159d6c00):  JavaThread "JavaFX Application Thread" [_thread_in_native, id=8920, stack(0x16120000,0x16170000)]

Stack: [0x16120000,0x16170000],  sp=0x1616e60c,  free space=313k
Native frames: (J=compiled Java code, A=aot compiled Java code, j=interpreted, Vv=VM code, C=native code)
C  [glass.dll+0x16c62]

Java frames: (J=compiled Java code, j=interpreted, Vv=VM code)
j  com.sun.glass.ui.win.WinWindow._close(J)Z+0 javafx.graphics
j  com.sun.glass.ui.Window.close()V+63 javafx.graphics
j  com.sun.glass.ui.win.WinWindow.close()V+8 javafx.graphics
j  com.sun.glass.ui.Application.terminate()V+75 javafx.graphics
j  com.sun.javafx.tk.quantum.QuantumToolkit.lambda$exit$13()Ljava/lang/Object;+5 javafx.graphics
j  com.sun.javafx.tk.quantum.QuantumToolkit$$Lambda$666.get()Ljava/lang/Object;+0 javafx.graphics
j  com.sun.javafx.tk.quantum.QuantumToolkit.runWithRenderLock(Ljava/util/function/Supplier;)Ljava/lang/Object;+7 javafx.graphics
j  com.sun.javafx.tk.quantum.QuantumToolkit.exit()V+26 javafx.graphics
j  com.sun.javafx.application.PlatformImpl.lambda$tkExit$16()V+3 javafx.graphics
j  com.sun.javafx.application.PlatformImpl$$Lambda$665.run()V+0 javafx.graphics
j  com.sun.javafx.application.PlatformImpl.lambda$runAndWait$12(Ljava/lang/Runnable;Ljava/util/concurrent/CountDownLatch;)V+1 javafx.graphics
j  com.sun.javafx.application.PlatformImpl$$Lambda$86.run()V+8 javafx.graphics
j  com.sun.javafx.application.PlatformImpl.lambda$runLater$10(Ljava/lang/Runnable;)Ljava/lang/Void;+1 javafx.graphics
j  com.sun.javafx.application.PlatformImpl$$Lambda$89.run()Ljava/lang/Object;+4 javafx.graphics
v  ~StubRoutines::call_stub
J 1801  java.security.AccessController.doPrivileged(Ljava/security/PrivilegedAction;Ljava/security/AccessControlContext;)Ljava/lang/Object; java.base@11.0.21 (0 bytes) @ 0x0310e287 [0x0310e220+0x00000067]
j  com.sun.javafx.application.PlatformImpl.lambda$runLater$11(Ljava/lang/Runnable;Ljava/security/AccessControlContext;)V+7 javafx.graphics
j  com.sun.javafx.application.PlatformImpl$$Lambda$87.run()V+8 javafx.graphics
j  com.sun.glass.ui.InvokeLaterDispatcher$Future.run()V+4 javafx.graphics
v  ~StubRoutines::call_stub
j  com.sun.glass.ui.win.WinApplication._runLoop(Ljava/lang/Runnable;)V+0 javafx.graphics
j  com.sun.glass.ui.win.WinApplication.lambda$runLoop$3(ILjava/lang/Runnable;)V+8 javafx.graphics
j  com.sun.glass.ui.win.WinApplication$$Lambda$77.run()V+12 javafx.graphics
j  java.lang.Thread.run()V+11 java.base@11.0.21
v  ~StubRoutines::call_stub

siginfo: EXCEPTION_ACCESS_VIOLATION (0xc0000005), reading address 0x000000b8


Register to memory mapping:

EIP=0x73726c62 glass.dll
EAX=0x0 is NULL
EBX=0x1616e840 is pointing into the stack for thread: 0x159d6c00
ECX=0x0 is NULL
EDX=0x0 is NULL
ESP=0x1616e60c is pointing into the stack for thread: 0x159d6c00
EBP=0x1616e638 is pointing into the stack for thread: 0x159d6c00
ESI=0x00000401 is an unknown value
EDI=0x0 is NULL


Registers:
EAX=0x00000000, EBX=0x1616e840, ECX=0x00000000, EDX=0x00000000
ESP=0x1616e60c, EBP=0x1616e638, ESI=0x00000401, EDI=0x00000000
EIP=0x73726c62, EFLAGS=0x00010206

Top of Stack: (sp=0x1616e60c)
0x1616e60c:   1616e840 00000401 1616e840 73718df8
0x1616e61c:   d3059421 1596c468 00630308 00000401
0x1616e62c:   1616e76c 737302b0 ffffffff 00000000
0x1616e63c:   73711755 00000401 1616e840 00000000
0x1616e64c:   00000401 00630308 1616e684 737116f0
0x1616e65c:   75b230b3 00630308 00000401 1616e840
0x1616e66c:   00000000 00630308 dcbaabcd 737116f0
0x1616e67c:   00000401 00630308 1616e77c 75b13ef6 

Instructions: (pc=0x73726c62)
0x73726b62:   21 56 e8 47 42 00 00 ff 35 e8 03 74 73 8b f0 ff
0x73726b72:   77 68 56 e8 96 de fe ff 56 e8 a0 41 00 00 83 c4
0x73726b82:   10 5e c7 05 a4 03 74 73 00 00 00 00 5f c3 83 ec
0x73726b92:   24 a1 ec e0 73 73 33 c4 89 44 24 20 8b 44 24 28
0x73726ba2:   53 89 44 24 04 8b d9 8b 44 24 30 89 44 24 08 8b
0x73726bb2:   44 24 38 55 89 44 24 10 8b 44 24 38 56 89 83 84
0x73726bc2:   00 00 00 8b 44 24 0c 89 5c 24 18 bb 00 00 00 80
0x73726bd2:   8b eb 8b f3 57 8b fb 85 c0 79 29 8d 44 24 20 50
0x73726be2:   e8 29 aa fe ff 83 c4 04 85 c0 8b 44 24 10 74 14
0x73726bf2:   8b 74 24 28 8b 5c 24 20 2b f3 8b 7c 24 2c 8b 6c
0x73726c02:   24 24 2b fd 6a 00 50 ff 74 24 1c 68 d8 23 73 73
0x73726c12:   57 56 8b 74 24 34 8b ce 55 53 ff 74 24 38 e8 db
0x73726c22:   a7 fe ff 8b f8 8d 4e 14 57 e8 40 64 00 00 57 8d
0x73726c32:   4e 14 e8 c7 64 00 00 8b 4c 24 30 8b c7 5f 5e 5d
0x73726c42:   5b 33 cc e8 ae 7a 00 00 83 c4 24 c2 10 00 53 8b
0x73726c52:   d9 56 57 ff 73 08 e8 93 a9 fe ff 8b f8 83 c4 04
0x73726c62:   8b 87 b8 00 00 00 85 c0 75 03 8b 47 04 3b 05 a4
0x73726c72:   03 74 73 75 29 e8 34 41 00 00 ff 35 e8 03 74 73
0x73726c82:   8b f0 ff 77 68 56 e8 83 dd fe ff 56 e8 8d 40 00
0x73726c92:   00 83 c4 10 c7 05 a4 03 74 73 00 00 00 00 8d 4f
0x73726ca2:   14 e8 b8 69 00 00 8d 4f 14 e8 e0 69 00 00 ff 73
0x73726cb2:   08 ff 15 f8 fe 73 73 85 c0 5f 0f 95 c0 5e 88 43
0x73726cc2:   04 5b c3 cc cc cc cc cc cc cc cc cc cc cc 55 8b
0x73726cd2:   ec 6a ff 68 f7 11 73 73 64 a1 00 00 00 00 50 83
0x73726ce2:   ec 08 53 56 57 a1 ec e0 73 73 33 c5 50 8d 45 f4
0x73726cf2:   64 a3 00 00 00 00 8b f9 ff 77 18 ff 15 60 ff 73
0x73726d02:   73 85 c0 75 13 0f 57 c0 66 0f 13 45 ec 8b 55 f0
0x73726d12:   8b 45 ec e9 a7 00 00 00 68 dc 00 00 00 e8 96 79
0x73726d22:   00 00 83 c4 04 89 45 f0 c7 45 fc 00 00 00 00 85
0x73726d32:   c0 74 19 ff 77 18 8b c8 6a 01 6a 00 6a 00 6a 00
0x73726d42:   ff 77 10 e8 a6 f9 ff ff 8b d8 eb 02 33 db ff 77
0x73726d52:   18 8b cb c7 45 fc ff ff ff ff 6a 00 68 00 00 10 


Stack slot to memory mapping:
stack at sp + 0 slots: 0x1616e840 is pointing into the stack for thread: 0x159d6c00
stack at sp + 1 slots: 0x00000401 is an unknown value
stack at sp + 2 slots: 0x1616e840 is pointing into the stack for thread: 0x159d6c00
stack at sp + 3 slots: 0x73718df8 glass.dll
stack at sp + 4 slots: 0xd3059421 is an unknown value
stack at sp + 5 slots: 0x1596c468 points into unknown readable memory: 0x7373319c | 9c 31 73 73
stack at sp + 6 slots: 0x00630308 points into unknown readable memory: 0x00000000 | 00 00 00 00
stack at sp + 7 slots: 0x00000401 is an unknown value


---------------  P R O C E S S  ---------------

Threads class SMR info:
_java_thread_list=0x1fe1ce80, length=18, elements={
0x02d6f400, 0x02e48800, 0x02e27400, 0x02e43000,
0x02e46400, 0x1515f800, 0x15164000, 0x15169400,
0x02e4ec00, 0x15327400, 0x1595d400, 0x159d5800,
0x159d6c00, 0x1a2d5400, 0x1a314000, 0x1a5ee800,
0x1a794800, 0x1a998000
}

Java Threads: ( => current thread )
  0x02d6f400 JavaThread "main" [_thread_blocked, id=6376, stack(0x02500000,0x02550000)]
  0x02e48800 JavaThread "Reference Handler" daemon [_thread_blocked, id=15404, stack(0x04e90000,0x04ee0000)]
  0x02e27400 JavaThread "Finalizer" daemon [_thread_blocked, id=13408, stack(0x04f20000,0x04f70000)]
  0x02e43000 JavaThread "Signal Dispatcher" daemon [_thread_blocked, id=17120, stack(0x15330000,0x15380000)]
  0x02e46400 JavaThread "Attach Listener" daemon [_thread_blocked, id=15888, stack(0x153c0000,0x15410000)]
  0x1515f800 JavaThread "Service Thread" daemon [_thread_blocked, id=15840, stack(0x15450000,0x154a0000)]
  0x15164000 JavaThread "C1 CompilerThread0" daemon [_thread_blocked, id=16320, stack(0x154e0000,0x15530000)]
  0x15169400 JavaThread "Sweeper thread" daemon [_thread_blocked, id=13412, stack(0x15570000,0x155c0000)]
  0x02e4ec00 JavaThread "Common-Cleaner" daemon [_thread_blocked, id=6332, stack(0x15600000,0x15650000)]
  0x15327400 JavaThread "Monitor Ctrl-Break" daemon [_thread_in_native, id=15772, stack(0x15a90000,0x15ae0000)]
  0x1595d400 JavaThread "QuantumRenderer-0" daemon [_thread_blocked, id=16088, stack(0x15db0000,0x15e00000)]
  0x159d5800 JavaThread "InvokeLaterDispatcher" daemon [_thread_blocked, id=8484, stack(0x15f90000,0x15fe0000)]
=>0x159d6c00 JavaThread "JavaFX Application Thread" [_thread_in_native, id=8920, stack(0x16120000,0x16170000)]
  0x1a2d5400 JavaThread "Thread-1" daemon [_thread_in_native, id=4680, stack(0x1b4c0000,0x1b510000)]
  0x1a314000 JavaThread "JavaFX-Launcher" [_thread_blocked, id=16988, stack(0x1b550000,0x1b5a0000)]
  0x1a5ee800 JavaThread "Prism Font Disposer" daemon [_thread_blocked, id=15400, stack(0x1d490000,0x1d4e0000)]
  0x1a794800 JavaThread "Cleaner-0" daemon [_thread_blocked, id=8156, stack(0x1db30000,0x1db80000)]
  0x1a998000 JavaThread "Keep-Alive-Timer" daemon [_thread_blocked, id=13020, stack(0x1bde0000,0x1be30000)]

Other Threads:
  0x02e21000 VMThread "VM Thread" [stack: 0x02cf0000,0x02d40000] [id=10112]
  0x15328800 WatcherThread [stack: 0x15b20000,0x15b70000] [id=15376]

Threads with active compile tasks:

VM state:not at safepoint (normal execution)

VM Mutex/Monitor currently owned by a thread: None

Heap:
 def new generation   total 31872K, used 13462K [0x05000000, 0x07290000, 0x0a550000)
  eden space 28352K,  47% used [0x05000000, 0x05d258a8, 0x06bb0000)
  from space 3520K,   0% used [0x06bb0000, 0x06bb0000, 0x06f20000)
  to   space 3520K,   0% used [0x06f20000, 0x06f20000, 0x07290000)
 tenured generation   total 70684K, used 42410K [0x0a550000, 0x0ea57000, 0x15000000)
   the space 70684K,  59% used [0x0a550000, 0x0ceba8d8, 0x0cebaa00, 0x0ea57000)
 Metaspace       used 19604K, capacity 20007K, committed 20352K, reserved 20864K

Card table byte_map: [0x02760000,0x027f0000] _byte_map_base: 0x02738000

Polling page: 0x026c0000

Metaspace:

Usage:
   19.54 MB capacity,    19.15 MB ( 98%) used,   278.27 KB (  1%) free+waste,   124.61 KB ( <1%) overhead. 

Virtual space:
     20.38 MB reserved,      19.88 MB ( 98%) committed 

Chunk freelists:
248.50 KB

MaxMetaspaceSize: 4.00 GB
No class space
Initial GC threshold: 12.00 MB
Current GC threshold: 32.92 MB
CDS: off

CodeCache: size=32768Kb used=3327Kb max_used=3327Kb free=29440Kb
 bounds [0x02e50000, 0x03190000, 0x04e50000]
 total_blobs=2661 nmethods=2214 adapters=378
 compilation: enabled
              stopped_count=0, restarted_count=0
 full_count=0

Compilation events (20 events):
Event: 23.359 Thread 0x15164000 2204             java.lang.Class::privateGetDeclaredConstructors (79 bytes)
Event: 23.360 Thread 0x15164000 nmethod 2204 0x0318e208 code [0x0318e340, 0x0318e544]
Event: 23.370 Thread 0x15164000 2205             com.sun.javafx.geom.transform.BaseTransform::getMxt (2 bytes)
Event: 23.370 Thread 0x15164000 nmethod 2205 0x0318e688 code [0x0318e790, 0x0318e810]
Event: 23.370 Thread 0x15164000 2206             com.sun.javafx.geom.transform.BaseTransform::getMyt (2 bytes)
Event: 23.370 Thread 0x15164000 nmethod 2206 0x0318e848 code [0x0318e950, 0x0318e9d0]
Event: 23.376 Thread 0x15164000 2207             com.sun.javafx.geom.transform.BaseTransform::getMxz (2 bytes)
Event: 23.376 Thread 0x15164000 nmethod 2207 0x0318ea08 code [0x0318eb10, 0x0318eb90]
Event: 23.376 Thread 0x15164000 2208             com.sun.javafx.geom.transform.BaseTransform::getMyz (2 bytes)
Event: 23.376 Thread 0x15164000 nmethod 2208 0x0318ebc8 code [0x0318ecd0, 0x0318ed50]
Event: 23.376 Thread 0x15164000 2209             com.sun.javafx.geom.transform.BaseTransform::getMzx (2 bytes)
Event: 23.376 Thread 0x15164000 nmethod 2209 0x0318ed88 code [0x0318ee90, 0x0318ef10]
Event: 23.376 Thread 0x15164000 2210             com.sun.javafx.geom.transform.BaseTransform::getMzy (2 bytes)
Event: 23.376 Thread 0x15164000 nmethod 2210 0x0318ef48 code [0x0318f050, 0x0318f0d0]
Event: 23.376 Thread 0x15164000 2211             com.sun.javafx.geom.transform.BaseTransform::getMzz (2 bytes)
Event: 23.376 Thread 0x15164000 nmethod 2211 0x0318f108 code [0x0318f220, 0x0318f2a0]
Event: 23.515 Thread 0x15164000 2213             java.lang.String::getChars (54 bytes)
Event: 23.515 Thread 0x15164000 nmethod 2213 0x0318f5c8 code [0x0318f710, 0x0318f890]
Event: 23.515 Thread 0x15164000 2214             java.lang.StringLatin1::getChars (12 bytes)
Event: 23.516 Thread 0x15164000 nmethod 2214 0x0318f9c8 code [0x0318fae0, 0x0318fbd0]

GC Heap History (20 events):
Event: 2.671 GC heap before
{Heap before GC invocations=9 (full 1):
 def new generation   total 4992K, used 4480K [0x05000000, 0x05560000, 0x0a550000)
  eden space 4480K, 100% used [0x05000000, 0x05460000, 0x05460000)
  from space 512K,   0% used [0x05460000, 0x05460000, 0x054e0000)
  to   space 512K,   0% used [0x054e0000, 0x054e0000, 0x05560000)
 tenured generation   total 10944K, used 6106K [0x0a550000, 0x0b000000, 0x15000000)
   the space 10944K,  55% used [0x0a550000, 0x0ab469c8, 0x0ab46a00, 0x0b000000)
 Metaspace       used 12886K, capacity 13096K, committed 13184K, reserved 13696K
}
Event: 2.673 GC heap after
{Heap after GC invocations=10 (full 1):
 def new generation   total 4992K, used 512K [0x05000000, 0x05560000, 0x0a550000)
  eden space 4480K,   0% used [0x05000000, 0x05000000, 0x05460000)
  from space 512K, 100% used [0x054e0000, 0x05560000, 0x05560000)
  to   space 512K,   0% used [0x05460000, 0x05460000, 0x054e0000)
 tenured generation   total 10944K, used 6596K [0x0a550000, 0x0b000000, 0x15000000)
   the space 10944K,  60% used [0x0a550000, 0x0abc1198, 0x0abc1200, 0x0b000000)
 Metaspace       used 12886K, capacity 13096K, committed 13184K, reserved 13696K
}
Event: 3.410 GC heap before
{Heap before GC invocations=10 (full 1):
 def new generation   total 4992K, used 4992K [0x05000000, 0x05560000, 0x0a550000)
  eden space 4480K, 100% used [0x05000000, 0x05460000, 0x05460000)
  from space 512K, 100% used [0x054e0000, 0x05560000, 0x05560000)
  to   space 512K,   0% used [0x05460000, 0x05460000, 0x054e0000)
 tenured generation   total 10944K, used 6596K [0x0a550000, 0x0b000000, 0x15000000)
   the space 10944K,  60% used [0x0a550000, 0x0abc1198, 0x0abc1200, 0x0b000000)
 Metaspace       used 14964K, capacity 15170K, committed 15232K, reserved 15744K
}
Event: 3.414 GC heap after
{Heap after GC invocations=11 (full 1):
 def new generation   total 4992K, used 512K [0x05000000, 0x05560000, 0x0a550000)
  eden space 4480K,   0% used [0x05000000, 0x05000000, 0x05460000)
  from space 512K, 100% used [0x05460000, 0x054e0000, 0x054e0000)
  to   space 512K,   0% used [0x054e0000, 0x054e0000, 0x05560000)
 tenured generation   total 10944K, used 7470K [0x0a550000, 0x0b000000, 0x15000000)
   the space 10944K,  68% used [0x0a550000, 0x0ac9b818, 0x0ac9ba00, 0x0b000000)
 Metaspace       used 14964K, capacity 15170K, committed 15232K, reserved 15744K
}
Event: 3.948 GC heap before
{Heap before GC invocations=11 (full 1):
 def new generation   total 4992K, used 4939K [0x05000000, 0x05560000, 0x0a550000)
  eden space 4480K,  98% used [0x05000000, 0x05452c40, 0x05460000)
  from space 512K, 100% used [0x05460000, 0x054e0000, 0x054e0000)
  to   space 512K,   0% used [0x054e0000, 0x054e0000, 0x05560000)
 tenured generation   total 10944K, used 7470K [0x0a550000, 0x0b000000, 0x15000000)
   the space 10944K,  68% used [0x0a550000, 0x0ac9b818, 0x0ac9ba00, 0x0b000000)
 Metaspace       used 15079K, capacity 15269K, committed 15360K, reserved 15744K
}
Event: 3.950 GC heap after
{Heap after GC invocations=12 (full 1):
 def new generation   total 4992K, used 72K [0x05000000, 0x05560000, 0x0a550000)
  eden space 4480K,   0% used [0x05000000, 0x05000000, 0x05460000)
  from space 512K,  14% used [0x054e0000, 0x054f2390, 0x05560000)
  to   space 512K,   0% used [0x05460000, 0x05460000, 0x054e0000)
 tenured generation   total 10944K, used 10038K [0x0a550000, 0x0b000000, 0x15000000)
   the space 10944K,  91% used [0x0a550000, 0x0af1d990, 0x0af1da00, 0x0b000000)
 Metaspace       used 15079K, capacity 15269K, committed 15360K, reserved 15744K
}
Event: 4.260 GC heap before
{Heap before GC invocations=12 (full 1):
 def new generation   total 4992K, used 4453K [0x05000000, 0x05560000, 0x0a550000)
  eden space 4480K,  97% used [0x05000000, 0x05447228, 0x05460000)
  from space 512K,  14% used [0x054e0000, 0x054f2390, 0x05560000)
  to   space 512K,   0% used [0x05460000, 0x05460000, 0x054e0000)
 tenured generation   total 10944K, used 10038K [0x0a550000, 0x0b000000, 0x15000000)
   the space 10944K,  91% used [0x0a550000, 0x0af1d990, 0x0af1da00, 0x0b000000)
 Metaspace       used 15079K, capacity 15269K, committed 15360K, reserved 15744K
}
Event: 4.273 GC heap after
{Heap after GC invocations=13 (full 2):
 def new generation   total 9792K, used 0K [0x05000000, 0x05a90000, 0x0a550000)
  eden space 8768K,   0% used [0x05000000, 0x05000000, 0x05890000)
  from space 1024K,   0% used [0x05890000, 0x05890000, 0x05990000)
  to   space 1024K,   0% used [0x05990000, 0x05990000, 0x05a90000)
 tenured generation   total 21524K, used 12912K [0x0a550000, 0x0ba55000, 0x15000000)
   the space 21524K,  59% used [0x0a550000, 0x0b1ec1e8, 0x0b1ec200, 0x0ba55000)
 Metaspace       used 15079K, capacity 15269K, committed 15360K, reserved 15744K
}
Event: 4.683 GC heap before
{Heap before GC invocations=13 (full 2):
 def new generation   total 9792K, used 8756K [0x05000000, 0x05a90000, 0x0a550000)
  eden space 8768K,  99% used [0x05000000, 0x0588d3d8, 0x05890000)
  from space 1024K,   0% used [0x05890000, 0x05890000, 0x05990000)
  to   space 1024K,   0% used [0x05990000, 0x05990000, 0x05a90000)
 tenured generation   total 21524K, used 12912K [0x0a550000, 0x0ba55000, 0x15000000)
   the space 21524K,  59% used [0x0a550000, 0x0b1ec1e8, 0x0b1ec200, 0x0ba55000)
 Metaspace       used 15079K, capacity 15269K, committed 15360K, reserved 15744K
}
Event: 4.686 GC heap after
{Heap after GC invocations=14 (full 2):
 def new generation   total 9792K, used 881K [0x05000000, 0x05a90000, 0x0a550000)
  eden space 8768K,   0% used [0x05000000, 0x05000000, 0x05890000)
  from space 1024K,  86% used [0x05990000, 0x05a6c418, 0x05a90000)
  to   space 1024K,   0% used [0x05890000, 0x05890000, 0x05990000)
 tenured generation   total 21524K, used 17828K [0x0a550000, 0x0ba55000, 0x15000000)
   the space 21524K,  82% used [0x0a550000, 0x0b6b9190, 0x0b6b9200, 0x0ba55000)
 Metaspace       used 15079K, capacity 15269K, committed 15360K, reserved 15744K
}
Event: 5.235 GC heap before
{Heap before GC invocations=14 (full 2):
 def new generation   total 9792K, used 9202K [0x05000000, 0x05a90000, 0x0a550000)
  eden space 8768K,  94% used [0x05000000, 0x05820608, 0x05890000)
  from space 1024K,  86% used [0x05990000, 0x05a6c418, 0x05a90000)
  to   space 1024K,   0% used [0x05890000, 0x05890000, 0x05990000)
 tenured generation   total 21524K, used 17828K [0x0a550000, 0x0ba55000, 0x15000000)
   the space 21524K,  82% used [0x0a550000, 0x0b6b9190, 0x0b6b9200, 0x0ba55000)
 Metaspace       used 15079K, capacity 15269K, committed 15360K, reserved 15744K
}
Event: 5.252 GC heap after
{Heap after GC invocations=15 (full 3):
 def new generation   total 17792K, used 735K [0x05000000, 0x06340000, 0x0a550000)
  eden space 15872K,   4% used [0x05000000, 0x050b7ce0, 0x05f80000)
  from space 1920K,   0% used [0x05f80000, 0x05f80000, 0x06160000)
  to   space 1920K,   0% used [0x06160000, 0x06160000, 0x06340000)
 tenured generation   total 39380K, used 23626K [0x0a550000, 0x0cbc5000, 0x15000000)
   the space 39380K,  59% used [0x0a550000, 0x0bc629f8, 0x0bc62a00, 0x0cbc5000)
 Metaspace       used 15071K, capacity 15259K, committed 15360K, reserved 15744K
}
Event: 9.048 GC heap before
{Heap before GC invocations=15 (full 3):
 def new generation   total 17792K, used 15872K [0x05000000, 0x06340000, 0x0a550000)
  eden space 15872K, 100% used [0x05000000, 0x05f80000, 0x05f80000)
  from space 1920K,   0% used [0x05f80000, 0x05f80000, 0x06160000)
  to   space 1920K,   0% used [0x06160000, 0x06160000, 0x06340000)
 tenured generation   total 39380K, used 23626K [0x0a550000, 0x0cbc5000, 0x15000000)
   the space 39380K,  59% used [0x0a550000, 0x0bc629f8, 0x0bc62a00, 0x0cbc5000)
 Metaspace       used 16762K, capacity 16994K, committed 17024K, reserved 17792K
}
Event: 9.054 GC heap after
{Heap after GC invocations=16 (full 3):
 def new generation   total 17792K, used 1919K [0x05000000, 0x06340000, 0x0a550000)
  eden space 15872K,   0% used [0x05000000, 0x05000000, 0x05f80000)
  from space 1920K,  99% used [0x06160000, 0x0633fff8, 0x06340000)
  to   space 1920K,   0% used [0x05f80000, 0x05f80000, 0x06160000)
 tenured generation   total 39380K, used 25389K [0x0a550000, 0x0cbc5000, 0x15000000)
   the space 39380K,  64% used [0x0a550000, 0x0be1b460, 0x0be1b600, 0x0cbc5000)
 Metaspace       used 16762K, capacity 16994K, committed 17024K, reserved 17792K
}
Event: 13.033 GC heap before
{Heap before GC invocations=16 (full 3):
 def new generation   total 17792K, used 17785K [0x05000000, 0x06340000, 0x0a550000)
  eden space 15872K,  99% used [0x05000000, 0x05f7e690, 0x05f80000)
  from space 1920K,  99% used [0x06160000, 0x0633fff8, 0x06340000)
  to   space 1920K,   0% used [0x05f80000, 0x05f80000, 0x06160000)
 tenured generation   total 39380K, used 25389K [0x0a550000, 0x0cbc5000, 0x15000000)
   the space 39380K,  64% used [0x0a550000, 0x0be1b460, 0x0be1b600, 0x0cbc5000)
 Metaspace       used 17925K, capacity 18195K, committed 18304K, reserved 18816K
}
Event: 13.039 GC heap after
{Heap after GC invocations=17 (full 3):
 def new generation   total 17792K, used 1920K [0x05000000, 0x06340000, 0x0a550000)
  eden space 15872K,   0% used [0x05000000, 0x05000000, 0x05f80000)
  from space 1920K, 100% used [0x05f80000, 0x06160000, 0x06160000)
  to   space 1920K,   0% used [0x06160000, 0x06160000, 0x06340000)
 tenured generation   total 39380K, used 30566K [0x0a550000, 0x0cbc5000, 0x15000000)
   the space 39380K,  77% used [0x0a550000, 0x0c329ae0, 0x0c329c00, 0x0cbc5000)
 Metaspace       used 17925K, capacity 18195K, committed 18304K, reserved 18816K
}
Event: 21.428 GC heap before
{Heap before GC invocations=17 (full 3):
 def new generation   total 17792K, used 17593K [0x05000000, 0x06340000, 0x0a550000)
  eden space 15872K,  98% used [0x05000000, 0x05f4e798, 0x05f80000)
  from space 1920K, 100% used [0x05f80000, 0x06160000, 0x06160000)
  to   space 1920K,   0% used [0x06160000, 0x06160000, 0x06340000)
 tenured generation   total 39380K, used 30566K [0x0a550000, 0x0cbc5000, 0x15000000)
   the space 39380K,  77% used [0x0a550000, 0x0c329ae0, 0x0c329c00, 0x0cbc5000)
 Metaspace       used 19634K, capacity 20099K, committed 20224K, reserved 20864K
}
Event: 21.433 GC heap after
{Heap after GC invocations=18 (full 3):
 def new generation   total 17792K, used 1920K [0x05000000, 0x06340000, 0x0a550000)
  eden space 15872K,   0% used [0x05000000, 0x05000000, 0x05f80000)
  from space 1920K, 100% used [0x06160000, 0x06340000, 0x06340000)
  to   space 1920K,   0% used [0x05f80000, 0x05f80000, 0x06160000)
 tenured generation   total 39380K, used 32767K [0x0a550000, 0x0cbc5000, 0x15000000)
   the space 39380K,  83% used [0x0a550000, 0x0c54fe70, 0x0c550000, 0x0cbc5000)
 Metaspace       used 19634K, capacity 20099K, committed 20224K, reserved 20864K
}
Event: 22.163 GC heap before
{Heap before GC invocations=18 (full 3):
 def new generation   total 17792K, used 17141K [0x05000000, 0x06340000, 0x0a550000)
  eden space 15872K,  95% used [0x05000000, 0x05edd560, 0x05f80000)
  from space 1920K, 100% used [0x06160000, 0x06340000, 0x06340000)
  to   space 1920K,   0% used [0x05f80000, 0x05f80000, 0x06160000)
 tenured generation   total 39380K, used 32767K [0x0a550000, 0x0cbc5000, 0x15000000)
   the space 39380K,  83% used [0x0a550000, 0x0c54fe70, 0x0c550000, 0x0cbc5000)
 Metaspace       used 19634K, capacity 20099K, committed 20224K, reserved 20864K
}
Event: 22.201 GC heap after
{Heap after GC invocations=19 (full 4):
 def new generation   total 31872K, used 0K [0x05000000, 0x07290000, 0x0a550000)
  eden space 28352K,   0% used [0x05000000, 0x05000000, 0x06bb0000)
  from space 3520K,   0% used [0x06bb0000, 0x06bb0000, 0x06f20000)
  to   space 3520K,   0% used [0x06f20000, 0x06f20000, 0x07290000)
 tenured generation   total 70684K, used 42410K [0x0a550000, 0x0ea57000, 0x15000000)
   the space 70684K,  59% used [0x0a550000, 0x0ceba8d8, 0x0cebaa00, 0x0ea57000)
 Metaspace       used 19371K, capacity 19776K, committed 20224K, reserved 20864K
}

Deoptimization events (8 events):
Event: 8.969 Thread 0x159d6c00 DEOPT PACKING pc=0x02f772cf sp=0x1616def0
Event: 8.969 Thread 0x159d6c00 DEOPT UNPACKING pc=0x02e8c187 sp=0x1616de10 mode 3
Event: 8.973 Thread 0x159d6c00 DEOPT PACKING pc=0x03034231 sp=0x1616e070
Event: 8.973 Thread 0x159d6c00 DEOPT UNPACKING pc=0x02e8c187 sp=0x1616df94 mode 3
Event: 9.033 Thread 0x159d6c00 DEOPT PACKING pc=0x03058f8c sp=0x1616dc80
Event: 9.033 Thread 0x159d6c00 DEOPT UNPACKING pc=0x02e8c187 sp=0x1616db30 mode 3
Event: 9.302 Thread 0x1595d400 DEOPT PACKING pc=0x03085efd sp=0x15dfee30
Event: 9.302 Thread 0x1595d400 DEOPT UNPACKING pc=0x02e8c187 sp=0x15dfed5c mode 3

Classes redefined (0 events):
No events

Internal exceptions (20 events):
Event: 8.973 Thread 0x159d6c00 Implicit null exception at 0x03032f4c to 0x0303422c
Event: 8.997 Thread 0x159d6c00 Exception <a 'java/lang/NoSuchMethodError'{0x05cbff18}: 'void java.lang.invoke.DirectMethodHandle$Holder.invokeSpecial(java.lang.Object, java.lang.Object, java.lang.Object, java.lang.Object, java.lang.Object, java.lang.Object)'> (0x05cbff18) thrown at [s\src\hotspot\share\interpreter\linkResolver.cpp, line 773]
Event: 9.015 Thread 0x159d6c00 Exception <a 'java/lang/NoSuchMethodError'{0x05db7528}: 'java.lang.Object java.lang.invoke.DirectMethodHandle$Holder.invokeInterface(java.lang.Object, java.lang.Object, java.lang.Object)'> (0x05db7528) thrown at [s\src\hotspot\share\interpreter\linkResolver.cpp, line 773]
Event: 9.015 Thread 0x159d6c00 Exception <a 'java/lang/IncompatibleClassChangeError'{0x05dba2e8}: Found class java.lang.Object, but interface was expected> (0x05dba2e8) thrown at [s\src\hotspot\share\interpreter\linkResolver.cpp, line 839]
Event: 9.072 Thread 0x159d6c00 Exception <a 'java/io/FileNotFoundException'{0x05090be8}> (0x05090be8) thrown at [s\src\hotspot\share\prims\jni.cpp, line 617]
Event: 9.072 Thread 0x159d6c00 Exception <a 'java/io/FileNotFoundException'{0x05092d78}> (0x05092d78) thrown at [s\src\hotspot\share\prims\jni.cpp, line 617]
Event: 9.074 Thread 0x159d6c00 Exception <a 'java/io/FileNotFoundException'{0x05096db8}> (0x05096db8) thrown at [s\src\hotspot\share\prims\jni.cpp, line 617]
Event: 9.074 Thread 0x159d6c00 Exception <a 'java/io/FileNotFoundException'{0x05097c48}> (0x05097c48) thrown at [s\src\hotspot\share\prims\jni.cpp, line 617]
Event: 9.139 Thread 0x159d6c00 Exception <a 'java/lang/NoSuchMethodError'{0x052ed520}: 'long java.lang.invoke.DirectMethodHandle$Holder.invokeStaticInit(java.lang.Object, java.lang.Object, java.lang.Object)'> (0x052ed520) thrown at [s\src\hotspot\share\interpreter\linkResolver.cpp, line 773]
Event: 9.141 Thread 0x159d6c00 Exception <a 'java/lang/NoSuchMethodError'{0x05303da8}: 'java.lang.Object java.lang.invoke.DirectMethodHandle$Holder.invokeStatic(java.lang.Object, java.lang.Object, long)'> (0x05303da8) thrown at [s\src\hotspot\share\interpreter\linkResolver.cpp, line 773]
Event: 9.141 Thread 0x159d6c00 Exception <a 'java/lang/NoSuchMethodError'{0x053097f8}: 'java.lang.Object java.lang.invoke.Invokers$Holder.linkToTargetMethod(java.lang.Object, long, java.lang.Object)'> (0x053097f8) thrown at [s\src\hotspot\share\interpreter\linkResolver.cpp, line 773]
Event: 13.053 Thread 0x159d6c00 Exception <a 'java/lang/ClassNotFoundException'{0x050a5798}: com/sun/javafx/scene/control/skin/resources/controls> (0x050a5798) thrown at [s\src\hotspot\share\prims\jni.cpp, line 638]
Event: 13.054 Thread 0x159d6c00 Exception <a 'java/lang/ClassNotFoundException'{0x050b2e80}: com/sun/javafx/scene/control/skin/resources/controls_es> (0x050b2e80) thrown at [s\src\hotspot\share\prims\jni.cpp, line 638]
Event: 13.055 Thread 0x159d6c00 Exception <a 'java/lang/ClassNotFoundException'{0x050c02d0}: com/sun/javafx/scene/control/skin/resources/controls_es_MX> (0x050c02d0) thrown at [s\src\hotspot\share\prims\jni.cpp, line 638]
Event: 13.154 Thread 0x159d6c00 Exception <a 'java/lang/NoSuchMethodError'{0x056b44d0}: 'void java.lang.invoke.DirectMethodHandle$Holder.invokeSpecialIFC(java.lang.Object, java.lang.Object, java.lang.Object, java.lang.Object)'> (0x056b44d0) thrown at [s\src\hotspot\share\interpreter\linkResolver.cpp, line 773]
Event: 15.284 Thread 0x1a4eac00 Exception <a 'java/net/SocketTimeoutException'{0x05bf3c88}: Read timed out> (0x05bf3c88) thrown at [s\src\hotspot\share\prims\jni.cpp, line 638]
Event: 20.289 Thread 0x1a4eac00 Exception <a 'java/net/SocketTimeoutException'{0x05bf5188}: Read timed out> (0x05bf5188) thrown at [s\src\hotspot\share\prims\jni.cpp, line 638]
Event: 23.335 Thread 0x1595d400 Exception <a 'java/lang/NoSuchMethodError'{0x05c56988}: 'java.lang.Object java.lang.invoke.DirectMethodHandle$Holder.invokeStaticInit(java.lang.Object, int)'> (0x05c56988) thrown at [s\src\hotspot\share\interpreter\linkResolver.cpp, line 773]
Event: 23.481 Thread 0x159d6c00 Exception <a 'java/lang/IllegalArgumentException'{0x05b59f90}> (0x05b59f90) thrown at [s\src\hotspot\share\prims\jvm.cpp, line 1310]
Event: 23.514 Thread 0x159d6c00 Exception <a 'java/lang/IllegalArgumentException'{0x05b675d8}> (0x05b675d8) thrown at [s\src\hotspot\share\prims\jvm.cpp, line 1310]

Events (20 events):
Event: 23.396 loading class javafx/application/Application done
Event: 23.396 loading class javafx/application/Application
Event: 23.396 loading class javafx/application/Application done
Event: 23.402 Loaded shared library C:\Users\alexia\.openjfx\cache\17.0.6\prism_d3d.dll
Event: 23.478 loading class com/sun/javafx/tk/quantum/GlassScene
Event: 23.478 loading class com/sun/javafx/tk/quantum/GlassScene done
Event: 23.479 loading class com/sun/javafx/tk/quantum/WindowStage
Event: 23.479 loading class com/sun/javafx/tk/quantum/WindowStage done
Event: 23.479 loading class com/sun/prism/GraphicsResource
Event: 23.479 loading class com/sun/prism/GraphicsResource done
Event: 23.479 loading class com/sun/prism/GraphicsResource
Event: 23.479 loading class com/sun/prism/GraphicsResource done
Event: 23.479 loading class com/sun/javafx/tk/quantum/ViewScene
Event: 23.479 loading class com/sun/javafx/tk/quantum/ViewScene done
Event: 23.481 loading class com/sun/javafx/tk/quantum/WindowStage
Event: 23.481 loading class com/sun/javafx/tk/quantum/WindowStage done
Event: 23.481 loading class java/lang/Throwable$WrappedPrintStream
Event: 23.482 loading class java/lang/Throwable$PrintStreamOrWriter
Event: 23.482 loading class java/lang/Throwable$PrintStreamOrWriter done
Event: 23.482 loading class java/lang/Throwable$WrappedPrintStream done


Dynamic libraries:
0x005a0000 - 0x005ac000 	C:\Program Files (x86)\Eclipse Adoptium\jdk-11.0.21.9-hotspot\bin\java.exe
0x77a80000 - 0x77c31000 	C:\WINDOWS\SYSTEM32\ntdll.dll
0x764a0000 - 0x76590000 	C:\WINDOWS\System32\KERNEL32.DLL
0x77720000 - 0x77995000 	C:\WINDOWS\System32\KERNELBASE.dll
0x74e70000 - 0x74f16000 	C:\WINDOWS\SYSTEM32\apphelp.dll
0x75dc0000 - 0x75ed2000 	C:\WINDOWS\System32\ucrtbase.dll
0x74de0000 - 0x74df3000 	C:\Program Files (x86)\Eclipse Adoptium\jdk-11.0.21.9-hotspot\bin\VCRUNTIME140.dll
0x74e00000 - 0x74e15000 	C:\Program Files (x86)\Eclipse Adoptium\jdk-11.0.21.9-hotspot\bin\jli.dll
0x75af0000 - 0x75c99000 	C:\WINDOWS\System32\USER32.dll
0x74300000 - 0x74528000 	C:\WINDOWS\WinSxS\x86_microsoft.windows.common-controls_6595b64144ccf1df_6.0.22621.3235_none_6ebcabb88802389e\COMCTL32.dll
0x765b0000 - 0x76674000 	C:\WINDOWS\System32\msvcrt.dll
0x76590000 - 0x765aa000 	C:\WINDOWS\System32\win32u.dll
0x76370000 - 0x76393000 	C:\WINDOWS\System32\GDI32.dll
0x772e0000 - 0x773c2000 	C:\WINDOWS\System32\gdi32full.dll
0x75d40000 - 0x75db9000 	C:\WINDOWS\System32\msvcp_win.dll
0x76b20000 - 0x76b45000 	C:\WINDOWS\System32\IMM32.DLL
0x74d70000 - 0x74ddf000 	C:\Program Files (x86)\Eclipse Adoptium\jdk-11.0.21.9-hotspot\bin\msvcp140.dll
0x73d90000 - 0x7426b000 	C:\Program Files (x86)\Eclipse Adoptium\jdk-11.0.21.9-hotspot\bin\client\jvm.dll
0x75fb0000 - 0x7602f000 	C:\WINDOWS\System32\ADVAPI32.dll
0x762b0000 - 0x76335000 	C:\WINDOWS\System32\sechost.dll
0x76b50000 - 0x76b6a000 	C:\WINDOWS\System32\bcrypt.dll
0x77430000 - 0x774ea000 	C:\WINDOWS\System32\RPCRT4.dll
0x774f0000 - 0x774f6000 	C:\WINDOWS\System32\PSAPI.DLL
0x74e60000 - 0x74e68000 	C:\WINDOWS\SYSTEM32\WSOCK32.dll
0x76ac0000 - 0x76b1f000 	C:\WINDOWS\System32\WS2_32.dll
0x74e20000 - 0x74e51000 	C:\WINDOWS\SYSTEM32\WINMM.dll
0x74ce0000 - 0x74ce8000 	C:\WINDOWS\SYSTEM32\VERSION.dll
0x74b20000 - 0x74b33000 	C:\WINDOWS\SYSTEM32\kernel.appcore.dll
0x74d60000 - 0x74d6d000 	C:\Program Files (x86)\Eclipse Adoptium\jdk-11.0.21.9-hotspot\bin\verify.dll
0x74570000 - 0x74746000 	C:\WINDOWS\SYSTEM32\DBGHELP.DLL
0x75870000 - 0x75aec000 	C:\WINDOWS\System32\combase.dll
0x757c0000 - 0x7585c000 	C:\WINDOWS\System32\OLEAUT32.dll
0x74d30000 - 0x74d59000 	C:\WINDOWS\SYSTEM32\dbgcore.DLL
0x77270000 - 0x772d2000 	C:\WINDOWS\System32\bcryptPrimitives.dll
0x74a90000 - 0x74ab2000 	C:\Program Files (x86)\Eclipse Adoptium\jdk-11.0.21.9-hotspot\bin\java.dll
0x74d20000 - 0x74d29000 	C:\Program Files (x86)\Eclipse Adoptium\jdk-11.0.21.9-hotspot\bin\jimage.dll
0x74d10000 - 0x74d1d000 	C:\Program Files (x86)\Eclipse Adoptium\jdk-11.0.21.9-hotspot\bin\instrument.dll
0x74c80000 - 0x74c96000 	C:\Program Files (x86)\Eclipse Adoptium\jdk-11.0.21.9-hotspot\bin\zip.dll
0x76b70000 - 0x77209000 	C:\WINDOWS\System32\SHELL32.dll
0x74ff0000 - 0x756df000 	C:\WINDOWS\SYSTEM32\windows.storage.dll
0x74f20000 - 0x74fe7000 	C:\WINDOWS\SYSTEM32\wintypes.dll
0x75ee0000 - 0x75fa1000 	C:\WINDOWS\System32\SHCORE.dll
0x75770000 - 0x757bb000 	C:\WINDOWS\System32\shlwapi.dll
0x74c60000 - 0x74c79000 	C:\WINDOWS\SYSTEM32\profapi.dll
0x74a70000 - 0x74a84000 	C:\Program Files (x86)\Eclipse Adoptium\jdk-11.0.21.9-hotspot\bin\net.dll
0x747f0000 - 0x748cc000 	C:\WINDOWS\SYSTEM32\WINHTTP.dll
0x749b0000 - 0x74a01000 	C:\WINDOWS\system32\mswsock.dll
0x74cf0000 - 0x74cff000 	C:\Program Files (x86)\Eclipse Adoptium\jdk-11.0.21.9-hotspot\bin\nio.dll
0x74990000 - 0x749a6000 	C:\Program Files\JetBrains\IntelliJ IDEA 2023.3.2\bin\breakgen.dll
0x74b50000 - 0x74b53000 	C:\Users\alexia\.openjfx\cache\17.0.6\api-ms-win-core-console-l1-1-0.dll
0x74980000 - 0x74983000 	C:\Users\alexia\.openjfx\cache\17.0.6\api-ms-win-core-console-l1-2-0.dll
0x74970000 - 0x74973000 	C:\Users\alexia\.openjfx\cache\17.0.6\api-ms-win-core-datetime-l1-1-0.dll
0x74940000 - 0x74943000 	C:\Users\alexia\.openjfx\cache\17.0.6\api-ms-win-core-debug-l1-1-0.dll
0x74560000 - 0x74563000 	C:\Users\alexia\.openjfx\cache\17.0.6\api-ms-win-core-errorhandling-l1-1-0.dll
0x74550000 - 0x74554000 	C:\Users\alexia\.openjfx\cache\17.0.6\api-ms-win-core-file-l1-1-0.dll
0x742f0000 - 0x742f3000 	C:\Users\alexia\.openjfx\cache\17.0.6\api-ms-win-core-file-l1-2-0.dll
0x73d80000 - 0x73d83000 	C:\Users\alexia\.openjfx\cache\17.0.6\api-ms-win-core-file-l2-1-0.dll
0x73d70000 - 0x73d73000 	C:\Users\alexia\.openjfx\cache\17.0.6\api-ms-win-core-handle-l1-1-0.dll
0x73d60000 - 0x73d63000 	C:\Users\alexia\.openjfx\cache\17.0.6\api-ms-win-core-heap-l1-1-0.dll
0x73d50000 - 0x73d53000 	C:\Users\alexia\.openjfx\cache\17.0.6\api-ms-win-core-interlocked-l1-1-0.dll
0x73d40000 - 0x73d43000 	C:\Users\alexia\.openjfx\cache\17.0.6\api-ms-win-core-libraryloader-l1-1-0.dll
0x73d30000 - 0x73d33000 	C:\Users\alexia\.openjfx\cache\17.0.6\api-ms-win-core-localization-l1-2-0.dll
0x73d20000 - 0x73d23000 	C:\Users\alexia\.openjfx\cache\17.0.6\api-ms-win-core-memory-l1-1-0.dll
0x73d10000 - 0x73d13000 	C:\Users\alexia\.openjfx\cache\17.0.6\api-ms-win-core-namedpipe-l1-1-0.dll
0x73d00000 - 0x73d03000 	C:\Users\alexia\.openjfx\cache\17.0.6\api-ms-win-core-processenvironment-l1-1-0.dll
0x73cf0000 - 0x73cf3000 	C:\Users\alexia\.openjfx\cache\17.0.6\api-ms-win-core-processthreads-l1-1-0.dll
0x73ce0000 - 0x73ce3000 	C:\Users\alexia\.openjfx\cache\17.0.6\api-ms-win-core-processthreads-l1-1-1.dll
0x73cd0000 - 0x73cd3000 	C:\Users\alexia\.openjfx\cache\17.0.6\api-ms-win-core-profile-l1-1-0.dll
0x73cc0000 - 0x73cc3000 	C:\Users\alexia\.openjfx\cache\17.0.6\api-ms-win-core-rtlsupport-l1-1-0.dll
0x73cb0000 - 0x73cb3000 	C:\Users\alexia\.openjfx\cache\17.0.6\api-ms-win-core-string-l1-1-0.dll
0x73ca0000 - 0x73ca3000 	C:\Users\alexia\.openjfx\cache\17.0.6\api-ms-win-core-synch-l1-1-0.dll
0x73c90000 - 0x73c93000 	C:\Users\alexia\.openjfx\cache\17.0.6\api-ms-win-core-synch-l1-2-0.dll
0x73c80000 - 0x73c83000 	C:\Users\alexia\.openjfx\cache\17.0.6\api-ms-win-core-sysinfo-l1-1-0.dll
0x73c70000 - 0x73c73000 	C:\Users\alexia\.openjfx\cache\17.0.6\api-ms-win-core-timezone-l1-1-0.dll
0x73c60000 - 0x73c63000 	C:\Users\alexia\.openjfx\cache\17.0.6\api-ms-win-core-util-l1-1-0.dll
0x73c50000 - 0x73c53000 	C:\Users\alexia\.openjfx\cache\17.0.6\api-ms-win-crt-conio-l1-1-0.dll
0x73c40000 - 0x73c44000 	C:\Users\alexia\.openjfx\cache\17.0.6\api-ms-win-crt-convert-l1-1-0.dll
0x73c30000 - 0x73c33000 	C:\Users\alexia\.openjfx\cache\17.0.6\api-ms-win-crt-environment-l1-1-0.dll
0x73c20000 - 0x73c23000 	C:\Users\alexia\.openjfx\cache\17.0.6\api-ms-win-crt-filesystem-l1-1-0.dll
0x73c10000 - 0x73c13000 	C:\Users\alexia\.openjfx\cache\17.0.6\api-ms-win-crt-heap-l1-1-0.dll
0x73c00000 - 0x73c03000 	C:\Users\alexia\.openjfx\cache\17.0.6\api-ms-win-crt-locale-l1-1-0.dll
0x73bf0000 - 0x73bf5000 	C:\Users\alexia\.openjfx\cache\17.0.6\api-ms-win-crt-math-l1-1-0.dll
0x73be0000 - 0x73be5000 	C:\Users\alexia\.openjfx\cache\17.0.6\api-ms-win-crt-multibyte-l1-1-0.dll
0x73bd0000 - 0x73be0000 	C:\Users\alexia\.openjfx\cache\17.0.6\api-ms-win-crt-private-l1-1-0.dll
0x73bc0000 - 0x73bc3000 	C:\Users\alexia\.openjfx\cache\17.0.6\api-ms-win-crt-process-l1-1-0.dll
0x73bb0000 - 0x73bb4000 	C:\Users\alexia\.openjfx\cache\17.0.6\api-ms-win-crt-runtime-l1-1-0.dll
0x73ba0000 - 0x73ba4000 	C:\Users\alexia\.openjfx\cache\17.0.6\api-ms-win-crt-stdio-l1-1-0.dll
0x73b90000 - 0x73b94000 	C:\Users\alexia\.openjfx\cache\17.0.6\api-ms-win-crt-string-l1-1-0.dll
0x73b80000 - 0x73b83000 	C:\Users\alexia\.openjfx\cache\17.0.6\api-ms-win-crt-time-l1-1-0.dll
0x73b70000 - 0x73b73000 	C:\Users\alexia\.openjfx\cache\17.0.6\api-ms-win-crt-utility-l1-1-0.dll
0x73a40000 - 0x73b63000 	C:\Users\alexia\.openjfx\cache\17.0.6\ucrtbase.dll
0x73a20000 - 0x73a34000 	C:\Users\alexia\.openjfx\cache\17.0.6\vcruntime140.dll
0x739b0000 - 0x73a1d000 	C:\Users\alexia\.openjfx\cache\17.0.6\msvcp140.dll
0x739a0000 - 0x739a7000 	C:\Users\alexia\.openjfx\cache\17.0.6\msvcp140_1.dll
0x73970000 - 0x73999000 	C:\Users\alexia\.openjfx\cache\17.0.6\msvcp140_2.dll
0x73940000 - 0x73966000 	C:\Users\alexia\.openjfx\cache\17.0.6\prism_d3d.dll
0x737c0000 - 0x73931000 	C:\WINDOWS\system32\d3d9.dll
0x735b0000 - 0x735d4000 	C:\WINDOWS\SYSTEM32\dwmapi.dll
0x73790000 - 0x737be000 	C:\WINDOWS\SYSTEM32\dxcore.dll
0x74270000 - 0x742ef000 	C:\WINDOWS\system32\uxtheme.dll
0x6eba0000 - 0x6ed19000 	C:\WINDOWS\System32\DriverStore\FileRepository\iigd_dch.inf_amd64_38b23bd92a6775fe\igdumdim32.dll
0x77500000 - 0x77655000 	C:\WINDOWS\System32\ole32.dll
0x6aa00000 - 0x6e4d8000 	C:\WINDOWS\System32\DriverStore\FileRepository\iigd_dch.inf_amd64_38b23bd92a6775fe\igd9dxva32.dll
0x76680000 - 0x76abd000 	C:\WINDOWS\System32\SETUPAPI.dll
0x748d0000 - 0x7490d000 	C:\WINDOWS\SYSTEM32\cfgmgr32.dll
0x6e8a0000 - 0x6eb98000 	C:\WINDOWS\System32\DriverStore\FileRepository\iigd_dch.inf_amd64_38b23bd92a6775fe\igdgmm32.dll
0x73750000 - 0x7378c000 	C:\WINDOWS\SYSTEM32\directxdatabasehelper.dll
0x73710000 - 0x73747000 	C:\Users\alexia\.openjfx\cache\17.0.6\glass.dll
0x77660000 - 0x77711000 	C:\WINDOWS\System32\COMDLG32.dll
0x763a0000 - 0x7649f000 	C:\WINDOWS\System32\MSCTF.dll
0x736f0000 - 0x7370e000 	C:\WINDOWS\System32\DriverStore\FileRepository\iigd_dch.inf_amd64_38b23bd92a6775fe\igdinfo32.dll
0x67c50000 - 0x6a9ff000 	C:\WINDOWS\System32\DriverStore\FileRepository\iigd_dch.inf_amd64_38b23bd92a6775fe\igc32.dll
0x6f9c0000 - 0x6f9d1000 	C:\Users\alexia\.openjfx\cache\17.0.6\javafx_font.dll
0x736e0000 - 0x736eb000 	C:\Program Files (x86)\Eclipse Adoptium\jdk-11.0.21.9-hotspot\bin\sunmscapi.dll
0x761a0000 - 0x762a3000 	C:\WINDOWS\System32\CRYPT32.dll
0x6e870000 - 0x6e895000 	C:\WINDOWS\SYSTEM32\ncrypt.dll
0x6e840000 - 0x6e868000 	C:\WINDOWS\SYSTEM32\NTASN1.dll
0x6e810000 - 0x6e834000 	C:\Program Files (x86)\Eclipse Adoptium\jdk-11.0.21.9-hotspot\bin\sunec.dll
0x734c0000 - 0x734d5000 	C:\WINDOWS\SYSTEM32\CRYPTSP.dll
0x73490000 - 0x734c0000 	C:\WINDOWS\system32\rsaenh.dll
0x74530000 - 0x7454f000 	C:\WINDOWS\SYSTEM32\USERENV.dll
0x74950000 - 0x7495b000 	C:\WINDOWS\SYSTEM32\CRYPTBASE.dll
0x74910000 - 0x74934000 	C:\WINDOWS\SYSTEM32\IPHLPAPI.DLL
0x76340000 - 0x76347000 	C:\WINDOWS\System32\NSI.dll
0x74c40000 - 0x74c56000 	C:\WINDOWS\SYSTEM32\dhcpcsvc6.DLL
0x74c20000 - 0x74c37000 	C:\WINDOWS\SYSTEM32\dhcpcsvc.DLL
0x74b60000 - 0x74c1d000 	C:\WINDOWS\SYSTEM32\DNSAPI.dll
0x73380000 - 0x73388000 	C:\Windows\System32\rasadhlp.dll

dbghelp: loaded successfully - version: 4.0.5 - missing functions: none
symbol engine: initialized successfully - sym options: 0x614 - pdb path: .;C:\Program Files (x86)\Eclipse Adoptium\jdk-11.0.21.9-hotspot\bin;C:\WINDOWS\SYSTEM32;C:\WINDOWS\WinSxS\x86_microsoft.windows.common-controls_6595b64144ccf1df_6.0.22621.3235_none_6ebcabb88802389e;C:\Program Files (x86)\Eclipse Adoptium\jdk-11.0.21.9-hotspot\bin\client;C:\Program Files\JetBrains\IntelliJ IDEA 2023.3.2\bin;C:\Users\alexia\.openjfx\cache\17.0.6;C:\WINDOWS\System32\DriverStore\FileRepository\iigd_dch.inf_amd64_38b23bd92a6775fe;C:\Program Files (x86)\Common Files\Microsoft Shared\Ink

VM Arguments:
jvm_args: -javaagent:C:\Program Files\JetBrains\IntelliJ IDEA 2023.3.2\lib\idea_rt.jar=59931:C:\Program Files\JetBrains\IntelliJ IDEA 2023.3.2\bin -Dfile.encoding=UTF-8 --module-path=C:\Users\alexia\.m2\repository\com\gluonhq\attach\lifecycle\4.0.19\lifecycle-4.0.19.jar;C:\Users\alexia\.m2\repository\org\kordamp\bootstrapfx\bootstrapfx-core\0.4.0\bootstrapfx-core-0.4.0.jar;C:\Users\alexia\.m2\repository\org\openjfx\javafx-fxml\17.0.6\javafx-fxml-17.0.6-win-x86.jar;C:\Users\alexia\.m2\repository\com\gluonhq\charm-glisten\6.2.3\charm-glisten-6.2.3.jar;C:\Users\alexia\.m2\repository\com\gluonhq\attach\display\4.0.19\display-4.0.19.jar;C:\Users\alexia\.m2\repository\com\gluonhq\attach\util\4.0.19\util-4.0.19.jar;C:\Users\alexia\.m2\repository\org\openjfx\javafx-graphics\17.0.6\javafx-graphics-17.0.6-win-x86.jar;C:\Users\alexia\Downloads\appJavaFx\target\classes;C:\Users\alexia\.m2\repository\org\openjfx\javafx-controls\17.0.6\javafx-controls-17.0.6-win-x86.jar;C:\Users\alexia\.m2\repository\org\openjfx\javafx-base\17.0.6\javafx-base-17.0.6-win-x86.jar -Djdk.module.main=com.alilopez.vererinaria 
java_command: com.alilopez.vererinaria/com.alilopez.application.App
java_class_path (initial): C:\Users\alexia\.m2\repository\org\openjfx\javafx-controls\17.0.6\javafx-controls-17.0.6.jar;C:\Users\alexia\.m2\repository\org\openjfx\javafx-graphics\17.0.6\javafx-graphics-17.0.6.jar;C:\Users\alexia\.m2\repository\org\openjfx\javafx-base\17.0.6\javafx-base-17.0.6.jar;C:\Users\alexia\.m2\repository\org\openjfx\javafx-fxml\17.0.6\javafx-fxml-17.0.6.jar
Launcher Type: SUN_STANDARD

[Global flags]
   size_t InitialHeapSize                          = 16777216                                  {product} {ergonomic}
   size_t MaxHeapSize                              = 268435456                                 {product} {ergonomic}
   size_t MaxNewSize                               = 89456640                                  {product} {ergonomic}
   size_t MinHeapDeltaBytes                        = 131072                                    {product} {ergonomic}
   size_t NewSize                                  = 5570560                                   {product} {ergonomic}
    uintx NonProfiledCodeHeapSize                  = 0                                      {pd product} {ergonomic}
   size_t OldSize                                  = 11206656                                  {product} {ergonomic}
    uintx ProfiledCodeHeapSize                     = 0                                      {pd product} {ergonomic}
     bool ThreadLocalHandshakes                    = false                                  {pd product} {ergonomic}
     bool UseLargePagesIndividualAllocation        = false                                  {pd product} {ergonomic}
     bool UseSerialGC                              = true                                      {product} {ergonomic}

Logging:
Log output configuration:
 #0: stdout all=warning uptime,level,tags
 #1: stderr all=off uptime,level,tags

Environment Variables:
PATH=C:\Program Files (x86)\Eclipse Adoptium\jdk-11.0.21.9-hotspot\bin;C:\WINDOWS\system32;C:\WINDOWS;C:\WINDOWS\System32\Wbem;C:\WINDOWS\System32\WindowsPowerShell\v1.0\;C:\WINDOWS\System32\OpenSSH\;C:\Program Files\Git\cmd;C:\Program Files (x86)\Git\cmd;C:\Users\alexia\AppData\Local\Microsoft\WindowsApps;C:\Users\alexia\AppData\Local\GitHubDesktop\bin;C:\Users\alexia\AppData\Local\Programs\Microsoft VS Code\bin;;C:\Program Files\JetBrains\IntelliJ IDEA 2023.3.2\bin;
USERNAME=alexia
OS=Windows_NT
PROCESSOR_IDENTIFIER=Intel64 Family 6 Model 140 Stepping 1, GenuineIntel
TMP=C:\Users\alexia\AppData\Local\Temp
TEMP=C:\Users\alexia\AppData\Local\Temp



---------------  S Y S T E M  ---------------

OS: Windows 11 , 64 bit Build 22621 (10.0.22621.3374)
OS uptime: 0 days 8:03 hours

CPU:total 4 (initial active 4) (2 cores per cpu, 2 threads per core) family 6 model 140 stepping 1 microcode 0x8a, cmov, cx8, fxsr, mmx, sse, sse2, sse3, ssse3, sse4.1, sse4.2, popcnt, avx, avx2, aes, clmul, erms, 3dnowpref, lzcnt, ht, tsc, tscinvbit, bmi1, bmi2, adx, evex, sha, fma

Memory: 4k page, system-wide physical 3875M (252M free)
TotalPageFile size 13721M (AvailPageFile size 2182M), user-mode portion of virtual address-space 2047M (1330M free)
current process WorkingSet (physical memory assigned to process): 169M, peak: 175M
current process commit charge ("private bytes"): 192M, peak: 192M

vm_info: OpenJDK Client VM (11.0.21+9) for windows-x86 JRE (11.0.21+9), built on Oct 17 2023 17:27:10 by "" with MS VC++ 15.9 (VS2017)

END.
