#
# A fatal error has been detected by the Java Runtime Environment:
#
#  EXCEPTION_ACCESS_VIOLATION (0xc0000005) at pc=0x65536c62, pid=11388, tid=16376
#
# JRE version: OpenJDK Runtime Environment Temurin-11.0.21+9 (11.0.21+9) (build 11.0.21+9)
# Java VM: OpenJDK Client VM Temurin-11.0.21+9 (11.0.21+9, mixed mode, serial gc, windows-x86)
# Problematic frame:
# C  [glass.dll+0x16c62]
#
# No core dump will be written. Minidumps are not enabled by default on client versions of Windows
#
# If you would like to submit a bug report, please visit:
#   https://github.com/adoptium/adoptium-support/issues
# The crash happened outside the Java Virtual Machine in native code.
# See problematic frame for where to report the bug.
#

---------------  S U M M A R Y ------------

Command Line: -javaagent:C:\Program Files\JetBrains\IntelliJ IDEA 2023.3.2\lib\idea_rt.jar=54497:C:\Program Files\JetBrains\IntelliJ IDEA 2023.3.2\bin -Dfile.encoding=UTF-8 --module-path=C:\Users\alexia\.m2\repository\com\gluonhq\attach\lifecycle\4.0.19\lifecycle-4.0.19.jar;C:\Users\alexia\Downloads\appJavaFx\target\classes;C:\Users\alexia\.m2\repository\org\openjfx\javafx-graphics\17.0.6\javafx-graphics-17.0.6-win-x86.jar;C:\Users\alexia\.m2\repository\com\gluonhq\attach\util\4.0.19\util-4.0.19.jar;C:\Users\alexia\.m2\repository\org\openjfx\javafx-controls\17.0.6\javafx-controls-17.0.6-win-x86.jar;C:\Users\alexia\.m2\repository\org\openjfx\javafx-base\17.0.6\javafx-base-17.0.6-win-x86.jar;C:\Users\alexia\.m2\repository\com\gluonhq\charm-glisten\6.2.3\charm-glisten-6.2.3.jar;C:\Users\alexia\.m2\repository\org\kordamp\bootstrapfx\bootstrapfx-core\0.4.0\bootstrapfx-core-0.4.0.jar;C:\Users\alexia\.m2\repository\com\gluonhq\attach\display\4.0.19\display-4.0.19.jar;C:\Users\alexia\.m2\repository\org\openjfx\javafx-fxml\17.0.6\javafx-fxml-17.0.6-win-x86.jar -Djdk.module.main=com.alilopez.vererinaria com.alilopez.vererinaria/com.alilopez.application.App

Host: 11th Gen Intel(R) Core(TM) i3-1115G4 @ 3.00GHz, 4 cores, 3G,  Windows 11 , 64 bit Build 22621 (10.0.22621.3374)
Time: Mon Apr  8 18:41:12 2024 Hora estándar central (México) elapsed time: 77.414727 seconds (0d 0h 1m 17s)

---------------  T H R E A D  ---------------

Current thread (0x15aaf000):  JavaThread "JavaFX Application Thread" [_thread_in_native, id=16376, stack(0x16200000,0x16250000)]

Stack: [0x16200000,0x16250000],  sp=0x1624e69c,  free space=313k
Native frames: (J=compiled Java code, A=aot compiled Java code, j=interpreted, Vv=VM code, C=native code)
C  [glass.dll+0x16c62]

Java frames: (J=compiled Java code, j=interpreted, Vv=VM code)
j  com.sun.glass.ui.win.WinWindow._close(J)Z+0 javafx.graphics
j  com.sun.glass.ui.Window.close()V+63 javafx.graphics
j  com.sun.glass.ui.win.WinWindow.close()V+8 javafx.graphics
j  com.sun.glass.ui.Application.terminate()V+75 javafx.graphics
j  com.sun.javafx.tk.quantum.QuantumToolkit.lambda$exit$13()Ljava/lang/Object;+5 javafx.graphics
j  com.sun.javafx.tk.quantum.QuantumToolkit$$Lambda$475.get()Ljava/lang/Object;+0 javafx.graphics
j  com.sun.javafx.tk.quantum.QuantumToolkit.runWithRenderLock(Ljava/util/function/Supplier;)Ljava/lang/Object;+7 javafx.graphics
j  com.sun.javafx.tk.quantum.QuantumToolkit.exit()V+26 javafx.graphics
j  com.sun.javafx.application.PlatformImpl.lambda$tkExit$16()V+3 javafx.graphics
j  com.sun.javafx.application.PlatformImpl$$Lambda$468.run()V+0 javafx.graphics
j  com.sun.javafx.application.PlatformImpl.lambda$runAndWait$12(Ljava/lang/Runnable;Ljava/util/concurrent/CountDownLatch;)V+1 javafx.graphics
j  com.sun.javafx.application.PlatformImpl$$Lambda$87.run()V+8 javafx.graphics
j  com.sun.javafx.application.PlatformImpl.lambda$runLater$10(Ljava/lang/Runnable;)Ljava/lang/Void;+1 javafx.graphics
j  com.sun.javafx.application.PlatformImpl$$Lambda$89.run()Ljava/lang/Object;+4 javafx.graphics
v  ~StubRoutines::call_stub
J 1570  java.security.AccessController.doPrivileged(Ljava/security/PrivilegedAction;Ljava/security/AccessControlContext;)Ljava/lang/Object; java.base@11.0.21 (0 bytes) @ 0x032440c7 [0x03244060+0x00000067]
j  com.sun.javafx.application.PlatformImpl.lambda$runLater$11(Ljava/lang/Runnable;Ljava/security/AccessControlContext;)V+7 javafx.graphics
j  com.sun.javafx.application.PlatformImpl$$Lambda$88.run()V+8 javafx.graphics
J 1889 c1 com.sun.glass.ui.InvokeLaterDispatcher$Future.run()V javafx.graphics (91 bytes) @ 0x032a8a40 [0x032a8a10+0x00000030]
v  ~StubRoutines::call_stub
j  com.sun.glass.ui.win.WinApplication._runLoop(Ljava/lang/Runnable;)V+0 javafx.graphics
j  com.sun.glass.ui.win.WinApplication.lambda$runLoop$3(ILjava/lang/Runnable;)V+8 javafx.graphics
j  com.sun.glass.ui.win.WinApplication$$Lambda$77.run()V+12 javafx.graphics
j  java.lang.Thread.run()V+11 java.base@11.0.21
v  ~StubRoutines::call_stub

siginfo: EXCEPTION_ACCESS_VIOLATION (0xc0000005), reading address 0x000000b8


Register to memory mapping:

EIP=0x65536c62 glass.dll
EAX=0x0 is NULL
EBX=0x1624e8d0 is pointing into the stack for thread: 0x15aaf000
ECX=0x0 is NULL
EDX=0x0 is NULL
ESP=0x1624e69c is pointing into the stack for thread: 0x15aaf000
EBP=0x1624e6c8 is pointing into the stack for thread: 0x15aaf000
ESI=0x00000401 is an unknown value
EDI=0x0 is NULL


Registers:
EAX=0x00000000, EBX=0x1624e8d0, ECX=0x00000000, EDX=0x00000000
ESP=0x1624e69c, EBP=0x1624e6c8, ESI=0x00000401, EDI=0x00000000
EIP=0x65536c62, EFLAGS=0x00010206

Top of Stack: (sp=0x1624e69c)
0x1624e69c:   1624e8d0 00000401 1624e8d0 65528df8
0x1624e6ac:   8cc6f7c7 15a98dd8 00800382 00000401
0x1624e6bc:   1624e7fc 655402b0 ffffffff 00000000
0x1624e6cc:   65521755 00000401 1624e8d0 00000000
0x1624e6dc:   00000401 00800382 1624e714 655216f0
0x1624e6ec:   777b3083 00800382 00000401 1624e8d0
0x1624e6fc:   00000000 00800382 dcbaabcd 655216f0
0x1624e70c:   00000401 00800382 1624e80c 777a3ec6 

Instructions: (pc=0x65536c62)
0x65536b62:   21 56 e8 47 42 00 00 ff 35 e8 03 55 65 8b f0 ff
0x65536b72:   77 68 56 e8 96 de fe ff 56 e8 a0 41 00 00 83 c4
0x65536b82:   10 5e c7 05 a4 03 55 65 00 00 00 00 5f c3 83 ec
0x65536b92:   24 a1 ec e0 54 65 33 c4 89 44 24 20 8b 44 24 28
0x65536ba2:   53 89 44 24 04 8b d9 8b 44 24 30 89 44 24 08 8b
0x65536bb2:   44 24 38 55 89 44 24 10 8b 44 24 38 56 89 83 84
0x65536bc2:   00 00 00 8b 44 24 0c 89 5c 24 18 bb 00 00 00 80
0x65536bd2:   8b eb 8b f3 57 8b fb 85 c0 79 29 8d 44 24 20 50
0x65536be2:   e8 29 aa fe ff 83 c4 04 85 c0 8b 44 24 10 74 14
0x65536bf2:   8b 74 24 28 8b 5c 24 20 2b f3 8b 7c 24 2c 8b 6c
0x65536c02:   24 24 2b fd 6a 00 50 ff 74 24 1c 68 d8 23 54 65
0x65536c12:   57 56 8b 74 24 34 8b ce 55 53 ff 74 24 38 e8 db
0x65536c22:   a7 fe ff 8b f8 8d 4e 14 57 e8 40 64 00 00 57 8d
0x65536c32:   4e 14 e8 c7 64 00 00 8b 4c 24 30 8b c7 5f 5e 5d
0x65536c42:   5b 33 cc e8 ae 7a 00 00 83 c4 24 c2 10 00 53 8b
0x65536c52:   d9 56 57 ff 73 08 e8 93 a9 fe ff 8b f8 83 c4 04
0x65536c62:   8b 87 b8 00 00 00 85 c0 75 03 8b 47 04 3b 05 a4
0x65536c72:   03 55 65 75 29 e8 34 41 00 00 ff 35 e8 03 55 65
0x65536c82:   8b f0 ff 77 68 56 e8 83 dd fe ff 56 e8 8d 40 00
0x65536c92:   00 83 c4 10 c7 05 a4 03 55 65 00 00 00 00 8d 4f
0x65536ca2:   14 e8 b8 69 00 00 8d 4f 14 e8 e0 69 00 00 ff 73
0x65536cb2:   08 ff 15 f8 fe 54 65 85 c0 5f 0f 95 c0 5e 88 43
0x65536cc2:   04 5b c3 cc cc cc cc cc cc cc cc cc cc cc 55 8b
0x65536cd2:   ec 6a ff 68 f7 11 54 65 64 a1 00 00 00 00 50 83
0x65536ce2:   ec 08 53 56 57 a1 ec e0 54 65 33 c5 50 8d 45 f4
0x65536cf2:   64 a3 00 00 00 00 8b f9 ff 77 18 ff 15 60 ff 54
0x65536d02:   65 85 c0 75 13 0f 57 c0 66 0f 13 45 ec 8b 55 f0
0x65536d12:   8b 45 ec e9 a7 00 00 00 68 dc 00 00 00 e8 96 79
0x65536d22:   00 00 83 c4 04 89 45 f0 c7 45 fc 00 00 00 00 85
0x65536d32:   c0 74 19 ff 77 18 8b c8 6a 01 6a 00 6a 00 6a 00
0x65536d42:   ff 77 10 e8 a6 f9 ff ff 8b d8 eb 02 33 db ff 77
0x65536d52:   18 8b cb c7 45 fc ff ff ff ff 6a 00 68 00 00 10 


Stack slot to memory mapping:
stack at sp + 0 slots: 0x1624e8d0 is pointing into the stack for thread: 0x15aaf000
stack at sp + 1 slots: 0x00000401 is an unknown value
stack at sp + 2 slots: 0x1624e8d0 is pointing into the stack for thread: 0x15aaf000
stack at sp + 3 slots: 0x65528df8 glass.dll
stack at sp + 4 slots: 0x8cc6f7c7 is an unknown value
stack at sp + 5 slots: 0x15a98dd8 points into unknown readable memory: 0x6554319c | 9c 31 54 65
stack at sp + 6 slots: 0x00800382 is an unknown value
stack at sp + 7 slots: 0x00000401 is an unknown value


---------------  P R O C E S S  ---------------

Threads class SMR info:
_java_thread_list=0x157590e8, length=17, elements={
0x02efec00, 0x02fb3400, 0x02fca000, 0x151f1000,
0x02fd5400, 0x02fd6000, 0x02fd7400, 0x151c0400,
0x1525f000, 0x153b7000, 0x15a31000, 0x15a9b000,
0x15aaf000, 0x1a443800, 0x1a3e6400, 0x1a5d9800,
0x1a8ab400
}

Java Threads: ( => current thread )
  0x02efec00 JavaThread "main" [_thread_blocked, id=8328, stack(0x00e40000,0x00e90000)]
  0x02fb3400 JavaThread "Reference Handler" daemon [_thread_blocked, id=10212, stack(0x02e70000,0x02ec0000)]
  0x02fca000 JavaThread "Finalizer" daemon [_thread_blocked, id=12356, stack(0x15040000,0x15090000)]
  0x151f1000 JavaThread "Signal Dispatcher" daemon [_thread_blocked, id=3400, stack(0x15400000,0x15450000)]
  0x02fd5400 JavaThread "Attach Listener" daemon [_thread_blocked, id=5956, stack(0x15490000,0x154e0000)]
  0x02fd6000 JavaThread "Service Thread" daemon [_thread_blocked, id=16196, stack(0x15520000,0x15570000)]
  0x02fd7400 JavaThread "C1 CompilerThread0" daemon [_thread_blocked, id=16140, stack(0x155b0000,0x15600000)]
  0x151c0400 JavaThread "Sweeper thread" daemon [_thread_blocked, id=16316, stack(0x15640000,0x15690000)]
  0x1525f000 JavaThread "Common-Cleaner" daemon [_thread_blocked, id=13884, stack(0x156d0000,0x15720000)]
  0x153b7000 JavaThread "Monitor Ctrl-Break" daemon [_thread_in_native, id=6136, stack(0x15b60000,0x15bb0000)]
  0x15a31000 JavaThread "QuantumRenderer-0" daemon [_thread_blocked, id=6476, stack(0x15e80000,0x15ed0000)]
  0x15a9b000 JavaThread "InvokeLaterDispatcher" daemon [_thread_blocked, id=9320, stack(0x16070000,0x160c0000)]
=>0x15aaf000 JavaThread "JavaFX Application Thread" [_thread_in_native, id=16376, stack(0x16200000,0x16250000)]
  0x1a443800 JavaThread "Thread-1" daemon [_thread_in_native, id=9548, stack(0x1b5a0000,0x1b5f0000)]
  0x1a3e6400 JavaThread "JavaFX-Launcher" [_thread_blocked, id=13508, stack(0x1b630000,0x1b680000)]
  0x1a5d9800 JavaThread "Prism Font Disposer" daemon [_thread_blocked, id=12612, stack(0x1d570000,0x1d5c0000)]
  0x1a8ab400 JavaThread "Cleaner-0" daemon [_thread_blocked, id=16264, stack(0x1fb10000,0x1fb60000)]

Other Threads:
  0x02fb0400 VMThread "VM Thread" [stack: 0x02de0000,0x02e30000] [id=3160]
  0x153b8400 WatcherThread [stack: 0x15bf0000,0x15c40000] [id=2900]

Threads with active compile tasks:

VM state:not at safepoint (normal execution)

VM Mutex/Monitor currently owned by a thread: None

Heap:
 def new generation   total 54144K, used 30856K [0x05000000, 0x08ab0000, 0x0a550000)
  eden space 48192K,  64% used [0x05000000, 0x06e220b0, 0x07f10000)
  from space 5952K,   0% used [0x07f10000, 0x07f10000, 0x084e0000)
  to   space 5952K,   0% used [0x084e0000, 0x084e0000, 0x08ab0000)
 tenured generation   total 120148K, used 72087K [0x0a550000, 0x11aa5000, 0x15000000)
   the space 120148K,  59% used [0x0a550000, 0x0ebb5ca0, 0x0ebb5e00, 0x11aa5000)
 Metaspace       used 18667K, capacity 18942K, committed 18944K, reserved 19840K

Card table byte_map: [0x02850000,0x028e0000] _byte_map_base: 0x02828000

Polling page: 0x00c90000

Metaspace:

Usage:
   18.50 MB capacity,    18.23 MB ( 99%) used,   180.04 KB ( <1%) free+waste,    94.96 KB ( <1%) overhead. 

Virtual space:
     19.38 MB reserved,      18.50 MB ( 95%) committed 

Chunk freelists:
0 bytes

MaxMetaspaceSize: 4.00 GB
No class space
Initial GC threshold: 12.00 MB
Current GC threshold: 30.63 MB
CDS: off

CodeCache: size=32768Kb used=3854Kb max_used=3854Kb free=28913Kb
 bounds [0x02fe0000, 0x033a8000, 0x04fe0000]
 total_blobs=3104 nmethods=2664 adapters=371
 compilation: enabled
              stopped_count=0, restarted_count=0
 full_count=0

Compilation events (20 events):
Event: 74.059 Thread 0x02fd7400 2655   !         java.lang.Throwable::printStackTrace (177 bytes)
Event: 74.061 Thread 0x02fd7400 nmethod 2655 0x0339dc08 code [0x0339de10, 0x0339e530]
Event: 74.063 Thread 0x02fd7400 2656             javafx.scene.Node::processCSS (103 bytes)
Event: 74.063 Thread 0x02fd7400 nmethod 2656 0x0339ec88 code [0x0339ee00, 0x0339f018]
Event: 74.353 Thread 0x02fd7400 2657             com.sun.org.apache.xerces.internal.impl.XMLEntityScanner::scanName (329 bytes)
Event: 74.353 Thread 0x02fd7400 nmethod 2657 0x0339f208 code [0x0339f3c0, 0x0339f83c]
Event: 74.354 Thread 0x02fd7400 2658             com.sun.org.apache.xerces.internal.impl.XMLEntityScanner::checkLimit (253 bytes)
Event: 74.356 Thread 0x02fd7400 nmethod 2658 0x0339fc88 code [0x0339ff20, 0x033a0ddc]
Event: 74.356 Thread 0x02fd7400 2659             java.lang.module.ModuleDescriptor::isOpen (5 bytes)
Event: 74.356 Thread 0x02fd7400 nmethod 2659 0x033a1bc8 code [0x033a1cd0, 0x033a1d50]
Event: 74.356 Thread 0x02fd7400 2660             com.sun.javafx.binding.ExpressionHelperBase::<init> (5 bytes)
Event: 74.356 Thread 0x02fd7400 nmethod 2660 0x033a1d88 code [0x033a1e90, 0x033a1f10]
Event: 74.356 Thread 0x02fd7400 2661             java.util.LinkedList$ListItr::next (56 bytes)
Event: 74.356 Thread 0x02fd7400 nmethod 2661 0x033a1f48 code [0x033a2080, 0x033a2278]
Event: 74.356 Thread 0x02fd7400 2662             java.util.LinkedList$ListItr::checkForComodification (23 bytes)
Event: 74.356 Thread 0x02fd7400 nmethod 2662 0x033a23c8 code [0x033a24e0, 0x033a25ec]
Event: 74.362 Thread 0x02fd7400 2663             com.sun.javafx.font.CompositeStrike::getStrikeSlot (165 bytes)
Event: 74.363 Thread 0x02fd7400 nmethod 2663 0x033a26c8 code [0x033a2880, 0x033a2d8c]
Event: 76.210 Thread 0x02fd7400 2664             java.lang.Module::implIsExportedOrOpen (92 bytes)
Event: 76.211 Thread 0x02fd7400 nmethod 2664 0x033a3788 code [0x033a38d0, 0x033a3ac0]

GC Heap History (20 events):
Event: 3.402 GC heap before
{Heap before GC invocations=11 (full 1):
 def new generation   total 4992K, used 4974K [0x05000000, 0x05560000, 0x0a550000)
  eden space 4480K,  99% used [0x05000000, 0x0545bb18, 0x05460000)
  from space 512K,  99% used [0x054e0000, 0x0555fff8, 0x05560000)
  to   space 512K,   0% used [0x05460000, 0x05460000, 0x054e0000)
 tenured generation   total 10944K, used 6598K [0x0a550000, 0x0b000000, 0x15000000)
   the space 10944K,  60% used [0x0a550000, 0x0abc1ad8, 0x0abc1c00, 0x0b000000)
 Metaspace       used 14960K, capacity 15170K, committed 15232K, reserved 15744K
}
Event: 3.406 GC heap after
{Heap after GC invocations=12 (full 1):
 def new generation   total 4992K, used 512K [0x05000000, 0x05560000, 0x0a550000)
  eden space 4480K,   0% used [0x05000000, 0x05000000, 0x05460000)
  from space 512K, 100% used [0x05460000, 0x054e0000, 0x054e0000)
  to   space 512K,   0% used [0x054e0000, 0x054e0000, 0x05560000)
 tenured generation   total 10944K, used 7505K [0x0a550000, 0x0b000000, 0x15000000)
   the space 10944K,  68% used [0x0a550000, 0x0aca4748, 0x0aca4800, 0x0b000000)
 Metaspace       used 14960K, capacity 15170K, committed 15232K, reserved 15744K
}
Event: 3.921 GC heap before
{Heap before GC invocations=12 (full 1):
 def new generation   total 4992K, used 4992K [0x05000000, 0x05560000, 0x0a550000)
  eden space 4480K, 100% used [0x05000000, 0x05460000, 0x05460000)
  from space 512K, 100% used [0x05460000, 0x054e0000, 0x054e0000)
  to   space 512K,   0% used [0x054e0000, 0x054e0000, 0x05560000)
 tenured generation   total 10944K, used 7505K [0x0a550000, 0x0b000000, 0x15000000)
   the space 10944K,  68% used [0x0a550000, 0x0aca4748, 0x0aca4800, 0x0b000000)
 Metaspace       used 15075K, capacity 15269K, committed 15360K, reserved 15744K
}
Event: 3.926 GC heap after
{Heap after GC invocations=13 (full 1):
 def new generation   total 4992K, used 293K [0x05000000, 0x05560000, 0x0a550000)
  eden space 4480K,   0% used [0x05000000, 0x05000000, 0x05460000)
  from space 512K,  57% used [0x054e0000, 0x05529440, 0x05560000)
  to   space 512K,   0% used [0x05460000, 0x05460000, 0x054e0000)
 tenured generation   total 10944K, used 10041K [0x0a550000, 0x0b000000, 0x15000000)
   the space 10944K,  91% used [0x0a550000, 0x0af1e5a8, 0x0af1e600, 0x0b000000)
 Metaspace       used 15075K, capacity 15269K, committed 15360K, reserved 15744K
}
Event: 4.212 GC heap before
{Heap before GC invocations=13 (full 1):
 def new generation   total 4992K, used 4633K [0x05000000, 0x05560000, 0x0a550000)
  eden space 4480K,  96% used [0x05000000, 0x0543d0c8, 0x05460000)
  from space 512K,  57% used [0x054e0000, 0x05529440, 0x05560000)
  to   space 512K,   0% used [0x05460000, 0x05460000, 0x054e0000)
 tenured generation   total 10944K, used 10041K [0x0a550000, 0x0b000000, 0x15000000)
   the space 10944K,  91% used [0x0a550000, 0x0af1e5a8, 0x0af1e600, 0x0b000000)
 Metaspace       used 15075K, capacity 15269K, committed 15360K, reserved 15744K
}
Event: 4.228 GC heap after
{Heap after GC invocations=14 (full 2):
 def new generation   total 9792K, used 177K [0x05000000, 0x05a90000, 0x0a550000)
  eden space 8768K,   2% used [0x05000000, 0x0502c5d0, 0x05890000)
  from space 1024K,   0% used [0x05890000, 0x05890000, 0x05990000)
  to   space 1024K,   0% used [0x05990000, 0x05990000, 0x05a90000)
 tenured generation   total 21540K, used 12922K [0x0a550000, 0x0ba59000, 0x15000000)
   the space 21540K,  59% used [0x0a550000, 0x0b1eeb88, 0x0b1eec00, 0x0ba59000)
 Metaspace       used 15075K, capacity 15269K, committed 15360K, reserved 15744K
}
Event: 4.672 GC heap before
{Heap before GC invocations=14 (full 2):
 def new generation   total 9792K, used 8758K [0x05000000, 0x05a90000, 0x0a550000)
  eden space 8768K,  99% used [0x05000000, 0x0588daf8, 0x05890000)
  from space 1024K,   0% used [0x05890000, 0x05890000, 0x05990000)
  to   space 1024K,   0% used [0x05990000, 0x05990000, 0x05a90000)
 tenured generation   total 21540K, used 12922K [0x0a550000, 0x0ba59000, 0x15000000)
   the space 21540K,  59% used [0x0a550000, 0x0b1eeb88, 0x0b1eec00, 0x0ba59000)
 Metaspace       used 15075K, capacity 15269K, committed 15360K, reserved 15744K
}
Event: 4.678 GC heap after
{Heap after GC invocations=15 (full 2):
 def new generation   total 9792K, used 882K [0x05000000, 0x05a90000, 0x0a550000)
  eden space 8768K,   0% used [0x05000000, 0x05000000, 0x05890000)
  from space 1024K,  86% used [0x05990000, 0x05a6cb78, 0x05a90000)
  to   space 1024K,   0% used [0x05890000, 0x05890000, 0x05990000)
 tenured generation   total 21540K, used 17838K [0x0a550000, 0x0ba59000, 0x15000000)
   the space 21540K,  82% used [0x0a550000, 0x0b6bbb30, 0x0b6bbc00, 0x0ba59000)
 Metaspace       used 15075K, capacity 15269K, committed 15360K, reserved 15744K
}
Event: 4.945 GC heap before
{Heap before GC invocations=15 (full 2):
 def new generation   total 9792K, used 9650K [0x05000000, 0x05a90000, 0x0a550000)
  eden space 8768K,  99% used [0x05000000, 0x0588fe78, 0x05890000)
  from space 1024K,  86% used [0x05990000, 0x05a6cb78, 0x05a90000)
  to   space 1024K,   0% used [0x05890000, 0x05890000, 0x05990000)
 tenured generation   total 21540K, used 17838K [0x0a550000, 0x0ba59000, 0x15000000)
   the space 21540K,  82% used [0x0a550000, 0x0b6bbb30, 0x0b6bbc00, 0x0ba59000)
 Metaspace       used 15075K, capacity 15269K, committed 15360K, reserved 15744K
}
Event: 4.963 GC heap after
{Heap after GC invocations=16 (full 3):
 def new generation   total 18240K, used 703K [0x05000000, 0x063c0000, 0x0a550000)
  eden space 16256K,   4% used [0x05000000, 0x050afd20, 0x05fe0000)
  from space 1984K,   0% used [0x05fe0000, 0x05fe0000, 0x061d0000)
  to   space 1984K,   0% used [0x061d0000, 0x061d0000, 0x063c0000)
 tenured generation   total 40332K, used 24197K [0x0a550000, 0x0ccb3000, 0x15000000)
   the space 40332K,  59% used [0x0a550000, 0x0bcf1430, 0x0bcf1600, 0x0ccb3000)
 Metaspace       used 15024K, capacity 15206K, committed 15360K, reserved 15744K
}
Event: 6.228 GC heap before
{Heap before GC invocations=16 (full 3):
 def new generation   total 18240K, used 16251K [0x05000000, 0x063c0000, 0x0a550000)
  eden space 16256K,  99% used [0x05000000, 0x05fded78, 0x05fe0000)
  from space 1984K,   0% used [0x05fe0000, 0x05fe0000, 0x061d0000)
  to   space 1984K,   0% used [0x061d0000, 0x061d0000, 0x063c0000)
 tenured generation   total 40332K, used 24197K [0x0a550000, 0x0ccb3000, 0x15000000)
   the space 40332K,  59% used [0x0a550000, 0x0bcf1430, 0x0bcf1600, 0x0ccb3000)
 Metaspace       used 16743K, capacity 16975K, committed 17024K, reserved 17792K
}
Event: 6.239 GC heap after
{Heap after GC invocations=17 (full 3):
 def new generation   total 18240K, used 1984K [0x05000000, 0x063c0000, 0x0a550000)
  eden space 16256K,   0% used [0x05000000, 0x05000000, 0x05fe0000)
  from space 1984K, 100% used [0x061d0000, 0x063c0000, 0x063c0000)
  to   space 1984K,   0% used [0x05fe0000, 0x05fe0000, 0x061d0000)
 tenured generation   total 40332K, used 25822K [0x0a550000, 0x0ccb3000, 0x15000000)
   the space 40332K,  64% used [0x0a550000, 0x0be878d0, 0x0be87a00, 0x0ccb3000)
 Metaspace       used 16743K, capacity 16975K, committed 17024K, reserved 17792K
}
Event: 37.496 GC heap before
{Heap before GC invocations=17 (full 3):
 def new generation   total 18240K, used 18240K [0x05000000, 0x063c0000, 0x0a550000)
  eden space 16256K, 100% used [0x05000000, 0x05fe0000, 0x05fe0000)
  from space 1984K, 100% used [0x061d0000, 0x063c0000, 0x063c0000)
  to   space 1984K,   0% used [0x05fe0000, 0x05fe0000, 0x061d0000)
 tenured generation   total 40332K, used 25822K [0x0a550000, 0x0ccb3000, 0x15000000)
   the space 40332K,  64% used [0x0a550000, 0x0be878d0, 0x0be87a00, 0x0ccb3000)
 Metaspace       used 17763K, capacity 18029K, committed 18048K, reserved 18816K
}
Event: 37.509 GC heap after
{Heap after GC invocations=18 (full 3):
 def new generation   total 18240K, used 1984K [0x05000000, 0x063c0000, 0x0a550000)
  eden space 16256K,   0% used [0x05000000, 0x05000000, 0x05fe0000)
  from space 1984K, 100% used [0x05fe0000, 0x061d0000, 0x061d0000)
  to   space 1984K,   0% used [0x061d0000, 0x061d0000, 0x063c0000)
 tenured generation   total 40332K, used 30911K [0x0a550000, 0x0ccb3000, 0x15000000)
   the space 40332K,  76% used [0x0a550000, 0x0c37fca8, 0x0c37fe00, 0x0ccb3000)
 Metaspace       used 17763K, capacity 18029K, committed 18048K, reserved 18816K
}
Event: 38.306 GC heap before
{Heap before GC invocations=18 (full 3):
 def new generation   total 18240K, used 18233K [0x05000000, 0x063c0000, 0x0a550000)
  eden space 16256K,  99% used [0x05000000, 0x05fde628, 0x05fe0000)
  from space 1984K, 100% used [0x05fe0000, 0x061d0000, 0x061d0000)
  to   space 1984K,   0% used [0x061d0000, 0x061d0000, 0x063c0000)
 tenured generation   total 40332K, used 30911K [0x0a550000, 0x0ccb3000, 0x15000000)
   the space 40332K,  76% used [0x0a550000, 0x0c37fca8, 0x0c37fe00, 0x0ccb3000)
 Metaspace       used 17763K, capacity 18029K, committed 18048K, reserved 18816K
}
Event: 38.358 GC heap after
{Heap after GC invocations=19 (full 4):
 def new generation   total 31680K, used 0K [0x05000000, 0x07260000, 0x0a550000)
  eden space 28160K,   0% used [0x05000000, 0x05000000, 0x06b80000)
  from space 3520K,   0% used [0x06b80000, 0x06b80000, 0x06ef0000)
  to   space 3520K,   0% used [0x06ef0000, 0x06ef0000, 0x07260000)
 tenured generation   total 70256K, used 42153K [0x0a550000, 0x0e9ec000, 0x15000000)
   the space 70256K,  59% used [0x0a550000, 0x0ce7a5b8, 0x0ce7a600, 0x0e9ec000)
 Metaspace       used 17526K, capacity 17739K, committed 18048K, reserved 18816K
}
Event: 39.333 GC heap before
{Heap before GC invocations=19 (full 4):
 def new generation   total 31680K, used 27949K [0x05000000, 0x07260000, 0x0a550000)
  eden space 28160K,  99% used [0x05000000, 0x06b4b678, 0x06b80000)
  from space 3520K,   0% used [0x06b80000, 0x06b80000, 0x06ef0000)
  to   space 3520K,   0% used [0x06ef0000, 0x06ef0000, 0x07260000)
 tenured generation   total 70256K, used 42153K [0x0a550000, 0x0e9ec000, 0x15000000)
   the space 70256K,  59% used [0x0a550000, 0x0ce7a5b8, 0x0ce7a600, 0x0e9ec000)
 Metaspace       used 17526K, capacity 17739K, committed 18048K, reserved 18816K
}
Event: 39.352 GC heap after
{Heap after GC invocations=20 (full 4):
 def new generation   total 31680K, used 3272K [0x05000000, 0x07260000, 0x0a550000)
  eden space 28160K,   0% used [0x05000000, 0x05000000, 0x06b80000)
  from space 3520K,  92% used [0x06ef0000, 0x07222208, 0x07260000)
  to   space 3520K,   0% used [0x06b80000, 0x06b80000, 0x06ef0000)
 tenured generation   total 70256K, used 58543K [0x0a550000, 0x0e9ec000, 0x15000000)
   the space 70256K,  83% used [0x0a550000, 0x0de7bf68, 0x0de7c000, 0x0e9ec000)
 Metaspace       used 17526K, capacity 17739K, committed 18048K, reserved 18816K
}
Event: 44.798 GC heap before
{Heap before GC invocations=20 (full 4):
 def new generation   total 31680K, used 30960K [0x05000000, 0x07260000, 0x0a550000)
  eden space 28160K,  98% used [0x05000000, 0x06b09e48, 0x06b80000)
  from space 3520K,  92% used [0x06ef0000, 0x07222208, 0x07260000)
  to   space 3520K,   0% used [0x06b80000, 0x06b80000, 0x06ef0000)
 tenured generation   total 70256K, used 58543K [0x0a550000, 0x0e9ec000, 0x15000000)
   the space 70256K,  83% used [0x0a550000, 0x0de7bf68, 0x0de7c000, 0x0e9ec000)
 Metaspace       used 18378K, capacity 18662K, committed 18816K, reserved 18816K
}
Event: 44.841 GC heap after
{Heap after GC invocations=21 (full 5):
 def new generation   total 54144K, used 3475K [0x05000000, 0x08ab0000, 0x0a550000)
  eden space 48192K,   7% used [0x05000000, 0x05364d28, 0x07f10000)
  from space 5952K,   0% used [0x07f10000, 0x07f10000, 0x084e0000)
  to   space 5952K,   0% used [0x084e0000, 0x084e0000, 0x08ab0000)
 tenured generation   total 120148K, used 72087K [0x0a550000, 0x11aa5000, 0x15000000)
   the space 120148K,  59% used [0x0a550000, 0x0ebb5ca0, 0x0ebb5e00, 0x11aa5000)
 Metaspace       used 18378K, capacity 18662K, committed 18816K, reserved 18816K
}

Deoptimization events (8 events):
Event: 6.076 Thread 0x15aaf000 DEOPT PACKING pc=0x031077cf sp=0x1624df90
Event: 6.076 Thread 0x15aaf000 DEOPT UNPACKING pc=0x0301c187 sp=0x1624deb0 mode 3
Event: 6.081 Thread 0x15aaf000 DEOPT PACKING pc=0x031c41f1 sp=0x1624e110
Event: 6.081 Thread 0x15aaf000 DEOPT UNPACKING pc=0x0301c187 sp=0x1624e034 mode 3
Event: 6.147 Thread 0x15aaf000 DEOPT PACKING pc=0x031e9f8c sp=0x1624dd20
Event: 6.147 Thread 0x15aaf000 DEOPT UNPACKING pc=0x0301c187 sp=0x1624dbd0 mode 3
Event: 7.099 Thread 0x15a31000 DEOPT PACKING pc=0x032176bd sp=0x15ecee90
Event: 7.099 Thread 0x15a31000 DEOPT UNPACKING pc=0x0301c187 sp=0x15ecedbc mode 3

Classes redefined (0 events):
No events

Internal exceptions (20 events):
Event: 73.367 Thread 0x15aaf000 Exception <a 'java/lang/RuntimeException'{0x067c4cc8}> (0x067c4cc8) thrown at [s\src\hotspot\share\prims\jvm.cpp, line 1310]
Event: 73.490 Thread 0x15aaf000 Exception <a 'java/lang/reflect/InvocationTargetException'{0x06823368}> (0x06823368) thrown at [s\src\hotspot\share\runtime\reflection.cpp, line 1245]
Event: 73.490 Thread 0x15aaf000 Exception <a 'java/lang/RuntimeException'{0x068248f8}> (0x068248f8) thrown at [s\src\hotspot\share\prims\jvm.cpp, line 1310]
Event: 73.577 Thread 0x15aaf000 Exception <a 'java/lang/reflect/InvocationTargetException'{0x068812c0}> (0x068812c0) thrown at [s\src\hotspot\share\runtime\reflection.cpp, line 1245]
Event: 73.577 Thread 0x15aaf000 Exception <a 'java/lang/RuntimeException'{0x06882850}> (0x06882850) thrown at [s\src\hotspot\share\prims\jvm.cpp, line 1310]
Event: 73.662 Thread 0x15aaf000 Exception <a 'java/lang/reflect/InvocationTargetException'{0x068e2638}> (0x068e2638) thrown at [s\src\hotspot\share\runtime\reflection.cpp, line 1245]
Event: 73.662 Thread 0x15aaf000 Exception <a 'java/lang/RuntimeException'{0x068e3bc8}> (0x068e3bc8) thrown at [s\src\hotspot\share\prims\jvm.cpp, line 1310]
Event: 73.767 Thread 0x15aaf000 Exception <a 'java/lang/reflect/InvocationTargetException'{0x06941d88}> (0x06941d88) thrown at [s\src\hotspot\share\runtime\reflection.cpp, line 1245]
Event: 73.767 Thread 0x15aaf000 Exception <a 'java/lang/RuntimeException'{0x06943318}> (0x06943318) thrown at [s\src\hotspot\share\prims\jvm.cpp, line 1310]
Event: 73.866 Thread 0x15aaf000 Exception <a 'java/lang/reflect/InvocationTargetException'{0x069a2d60}> (0x069a2d60) thrown at [s\src\hotspot\share\runtime\reflection.cpp, line 1245]
Event: 73.866 Thread 0x15aaf000 Exception <a 'java/lang/RuntimeException'{0x069a42f0}> (0x069a42f0) thrown at [s\src\hotspot\share\prims\jvm.cpp, line 1310]
Event: 73.940 Thread 0x15aaf000 Exception <a 'java/lang/reflect/InvocationTargetException'{0x06a33cd8}> (0x06a33cd8) thrown at [s\src\hotspot\share\runtime\reflection.cpp, line 1245]
Event: 73.940 Thread 0x15aaf000 Exception <a 'java/lang/RuntimeException'{0x06a35268}> (0x06a35268) thrown at [s\src\hotspot\share\prims\jvm.cpp, line 1310]
Event: 74.059 Thread 0x15aaf000 Exception <a 'java/lang/reflect/InvocationTargetException'{0x06a97c40}> (0x06a97c40) thrown at [s\src\hotspot\share\runtime\reflection.cpp, line 1245]
Event: 74.059 Thread 0x15aaf000 Exception <a 'java/lang/RuntimeException'{0x06a991d0}> (0x06a991d0) thrown at [s\src\hotspot\share\prims\jvm.cpp, line 1310]
Event: 74.356 Thread 0x15aaf000 Exception <a 'java/lang/reflect/InvocationTargetException'{0x06b00580}> (0x06b00580) thrown at [s\src\hotspot\share\runtime\reflection.cpp, line 1245]
Event: 74.356 Thread 0x15aaf000 Exception <a 'java/lang/RuntimeException'{0x06b01b10}> (0x06b01b10) thrown at [s\src\hotspot\share\prims\jvm.cpp, line 1310]
Event: 76.139 Thread 0x15a31000 Exception <a 'java/lang/NoSuchMethodError'{0x06c75e30}: 'java.lang.Object java.lang.invoke.DirectMethodHandle$Holder.invokeStaticInit(java.lang.Object, int)'> (0x06c75e30) thrown at [s\src\hotspot\share\interpreter\linkResolver.cpp, line 773]
Event: 77.081 Thread 0x15aaf000 Exception <a 'java/lang/IllegalArgumentException'{0x06d4b1b0}> (0x06d4b1b0) thrown at [s\src\hotspot\share\prims\jvm.cpp, line 1310]
Event: 77.366 Thread 0x15aaf000 Exception <a 'java/lang/IllegalArgumentException'{0x06d58498}> (0x06d58498) thrown at [s\src\hotspot\share\prims\jvm.cpp, line 1310]

Events (20 events):
Event: 75.624 loading class javafx/application/Application
Event: 75.624 loading class javafx/application/Application done
Event: 75.795 loading class com/sun/scenario/effect/FilterContext
Event: 75.795 loading class com/sun/scenario/effect/FilterContext done
Event: 75.795 loading class com/sun/scenario/effect/impl/Renderer
Event: 75.795 loading class com/sun/scenario/effect/impl/Renderer done
Event: 75.795 loading class com/sun/scenario/effect/FilterContext
Event: 75.795 loading class com/sun/scenario/effect/FilterContext done
Event: 77.078 loading class com/sun/javafx/tk/quantum/GlassScene
Event: 77.078 loading class com/sun/javafx/tk/quantum/GlassScene done
Event: 77.078 loading class com/sun/javafx/tk/quantum/WindowStage
Event: 77.078 loading class com/sun/javafx/tk/quantum/WindowStage done
Event: 77.079 loading class com/sun/prism/GraphicsResource
Event: 77.079 loading class com/sun/prism/GraphicsResource done
Event: 77.079 loading class com/sun/prism/GraphicsResource
Event: 77.079 loading class com/sun/prism/GraphicsResource done
Event: 77.079 loading class com/sun/javafx/tk/quantum/ViewScene
Event: 77.079 loading class com/sun/javafx/tk/quantum/ViewScene done
Event: 77.080 loading class com/sun/javafx/tk/quantum/WindowStage
Event: 77.080 loading class com/sun/javafx/tk/quantum/WindowStage done


Dynamic libraries:
0x00f30000 - 0x00f3c000 	C:\Program Files (x86)\Eclipse Adoptium\jdk-11.0.21.9-hotspot\bin\java.exe
0x77bc0000 - 0x77d71000 	C:\WINDOWS\SYSTEM32\ntdll.dll
0x768e0000 - 0x769d0000 	C:\WINDOWS\System32\KERNEL32.DLL
0x761f0000 - 0x76464000 	C:\WINDOWS\System32\KERNELBASE.dll
0x748b0000 - 0x74956000 	C:\WINDOWS\SYSTEM32\apphelp.dll
0x75980000 - 0x75a92000 	C:\WINDOWS\System32\ucrtbase.dll
0x74e10000 - 0x74e25000 	C:\Program Files (x86)\Eclipse Adoptium\jdk-11.0.21.9-hotspot\bin\jli.dll
0x77780000 - 0x77929000 	C:\WINDOWS\System32\USER32.dll
0x769d0000 - 0x769ea000 	C:\WINDOWS\System32\win32u.dll
0x74e30000 - 0x74e43000 	C:\Program Files (x86)\Eclipse Adoptium\jdk-11.0.21.9-hotspot\bin\VCRUNTIME140.dll
0x767a0000 - 0x767c3000 	C:\WINDOWS\System32\GDI32.dll
0x769f0000 - 0x76ad2000 	C:\WINDOWS\System32\gdi32full.dll
0x76720000 - 0x76799000 	C:\WINDOWS\System32\msvcp_win.dll
0x6fd50000 - 0x6ff78000 	C:\WINDOWS\WinSxS\x86_microsoft.windows.common-controls_6595b64144ccf1df_6.0.22621.3235_none_6ebcabb88802389e\COMCTL32.dll
0x75b70000 - 0x75c34000 	C:\WINDOWS\System32\msvcrt.dll
0x76ae0000 - 0x76b05000 	C:\WINDOWS\System32\IMM32.DLL
0x74da0000 - 0x74e0f000 	C:\Program Files (x86)\Eclipse Adoptium\jdk-11.0.21.9-hotspot\bin\msvcp140.dll
0x6aaf0000 - 0x6afcb000 	C:\Program Files (x86)\Eclipse Adoptium\jdk-11.0.21.9-hotspot\bin\client\jvm.dll
0x764e0000 - 0x7655f000 	C:\WINDOWS\System32\ADVAPI32.dll
0x75830000 - 0x758b5000 	C:\WINDOWS\System32\sechost.dll
0x76470000 - 0x7648a000 	C:\WINDOWS\System32\bcrypt.dll
0x77550000 - 0x7760a000 	C:\WINDOWS\System32\RPCRT4.dll
0x76c20000 - 0x76c26000 	C:\WINDOWS\System32\PSAPI.DLL
0x74650000 - 0x74681000 	C:\WINDOWS\SYSTEM32\WINMM.dll
0x74bf0000 - 0x74bf8000 	C:\WINDOWS\SYSTEM32\VERSION.dll
0x74d90000 - 0x74d98000 	C:\WINDOWS\SYSTEM32\WSOCK32.dll
0x76bc0000 - 0x76c1f000 	C:\WINDOWS\System32\WS2_32.dll
0x74e50000 - 0x74e63000 	C:\WINDOWS\SYSTEM32\kernel.appcore.dll
0x74d80000 - 0x74d8d000 	C:\Program Files (x86)\Eclipse Adoptium\jdk-11.0.21.9-hotspot\bin\verify.dll
0x6bb70000 - 0x6bd46000 	C:\WINDOWS\SYSTEM32\DBGHELP.DLL
0x77930000 - 0x77bac000 	C:\WINDOWS\System32\combase.dll
0x76b20000 - 0x76bbc000 	C:\WINDOWS\System32\OLEAUT32.dll
0x74d50000 - 0x74d79000 	C:\WINDOWS\SYSTEM32\dbgcore.DLL
0x76870000 - 0x768d2000 	C:\WINDOWS\System32\bcryptPrimitives.dll
0x74d20000 - 0x74d42000 	C:\Program Files (x86)\Eclipse Adoptium\jdk-11.0.21.9-hotspot\bin\java.dll
0x74d10000 - 0x74d19000 	C:\Program Files (x86)\Eclipse Adoptium\jdk-11.0.21.9-hotspot\bin\jimage.dll
0x74ce0000 - 0x74ced000 	C:\Program Files (x86)\Eclipse Adoptium\jdk-11.0.21.9-hotspot\bin\instrument.dll
0x74cf0000 - 0x74d06000 	C:\Program Files (x86)\Eclipse Adoptium\jdk-11.0.21.9-hotspot\bin\zip.dll
0x76d00000 - 0x77399000 	C:\WINDOWS\System32\SHELL32.dll
0x74f60000 - 0x7564f000 	C:\WINDOWS\SYSTEM32\windows.storage.dll
0x74e90000 - 0x74f57000 	C:\WINDOWS\SYSTEM32\wintypes.dll
0x76c30000 - 0x76cf1000 	C:\WINDOWS\System32\SHCORE.dll
0x76490000 - 0x764db000 	C:\WINDOWS\System32\shlwapi.dll
0x74b90000 - 0x74ba9000 	C:\WINDOWS\SYSTEM32\profapi.dll
0x74cc0000 - 0x74cd4000 	C:\Program Files (x86)\Eclipse Adoptium\jdk-11.0.21.9-hotspot\bin\net.dll
0x756d0000 - 0x757ac000 	C:\WINDOWS\SYSTEM32\WINHTTP.dll
0x74c60000 - 0x74cb1000 	C:\WINDOWS\system32\mswsock.dll
0x74c00000 - 0x74c0f000 	C:\Program Files (x86)\Eclipse Adoptium\jdk-11.0.21.9-hotspot\bin\nio.dll
0x74bb0000 - 0x74bc6000 	C:\Program Files\JetBrains\IntelliJ IDEA 2023.3.2\bin\breakgen.dll
0x74b80000 - 0x74b83000 	C:\Users\alexia\.openjfx\cache\17.0.6\api-ms-win-core-console-l1-1-0.dll
0x74b70000 - 0x74b73000 	C:\Users\alexia\.openjfx\cache\17.0.6\api-ms-win-core-console-l1-2-0.dll
0x74b60000 - 0x74b63000 	C:\Users\alexia\.openjfx\cache\17.0.6\api-ms-win-core-datetime-l1-1-0.dll
0x74b50000 - 0x74b53000 	C:\Users\alexia\.openjfx\cache\17.0.6\api-ms-win-core-debug-l1-1-0.dll
0x74b40000 - 0x74b43000 	C:\Users\alexia\.openjfx\cache\17.0.6\api-ms-win-core-errorhandling-l1-1-0.dll
0x74b30000 - 0x74b34000 	C:\Users\alexia\.openjfx\cache\17.0.6\api-ms-win-core-file-l1-1-0.dll
0x74b20000 - 0x74b23000 	C:\Users\alexia\.openjfx\cache\17.0.6\api-ms-win-core-file-l1-2-0.dll
0x74b10000 - 0x74b13000 	C:\Users\alexia\.openjfx\cache\17.0.6\api-ms-win-core-file-l2-1-0.dll
0x74b00000 - 0x74b03000 	C:\Users\alexia\.openjfx\cache\17.0.6\api-ms-win-core-handle-l1-1-0.dll
0x74a20000 - 0x74a23000 	C:\Users\alexia\.openjfx\cache\17.0.6\api-ms-win-core-heap-l1-1-0.dll
0x74a10000 - 0x74a13000 	C:\Users\alexia\.openjfx\cache\17.0.6\api-ms-win-core-interlocked-l1-1-0.dll
0x74a00000 - 0x74a03000 	C:\Users\alexia\.openjfx\cache\17.0.6\api-ms-win-core-libraryloader-l1-1-0.dll
0x749f0000 - 0x749f3000 	C:\Users\alexia\.openjfx\cache\17.0.6\api-ms-win-core-localization-l1-2-0.dll
0x749e0000 - 0x749e3000 	C:\Users\alexia\.openjfx\cache\17.0.6\api-ms-win-core-memory-l1-1-0.dll
0x74890000 - 0x74893000 	C:\Users\alexia\.openjfx\cache\17.0.6\api-ms-win-core-namedpipe-l1-1-0.dll
0x6c320000 - 0x6c323000 	C:\Users\alexia\.openjfx\cache\17.0.6\api-ms-win-core-processenvironment-l1-1-0.dll
0x6bb60000 - 0x6bb63000 	C:\Users\alexia\.openjfx\cache\17.0.6\api-ms-win-core-processthreads-l1-1-0.dll
0x6b820000 - 0x6b823000 	C:\Users\alexia\.openjfx\cache\17.0.6\api-ms-win-core-processthreads-l1-1-1.dll
0x6b810000 - 0x6b813000 	C:\Users\alexia\.openjfx\cache\17.0.6\api-ms-win-core-profile-l1-1-0.dll
0x6b800000 - 0x6b803000 	C:\Users\alexia\.openjfx\cache\17.0.6\api-ms-win-core-rtlsupport-l1-1-0.dll
0x6b7f0000 - 0x6b7f3000 	C:\Users\alexia\.openjfx\cache\17.0.6\api-ms-win-core-string-l1-1-0.dll
0x6b7e0000 - 0x6b7e3000 	C:\Users\alexia\.openjfx\cache\17.0.6\api-ms-win-core-synch-l1-1-0.dll
0x6b7d0000 - 0x6b7d3000 	C:\Users\alexia\.openjfx\cache\17.0.6\api-ms-win-core-synch-l1-2-0.dll
0x6b7c0000 - 0x6b7c3000 	C:\Users\alexia\.openjfx\cache\17.0.6\api-ms-win-core-sysinfo-l1-1-0.dll
0x6b7b0000 - 0x6b7b3000 	C:\Users\alexia\.openjfx\cache\17.0.6\api-ms-win-core-timezone-l1-1-0.dll
0x6b7a0000 - 0x6b7a3000 	C:\Users\alexia\.openjfx\cache\17.0.6\api-ms-win-core-util-l1-1-0.dll
0x6b790000 - 0x6b793000 	C:\Users\alexia\.openjfx\cache\17.0.6\api-ms-win-crt-conio-l1-1-0.dll
0x6b4e0000 - 0x6b4e4000 	C:\Users\alexia\.openjfx\cache\17.0.6\api-ms-win-crt-convert-l1-1-0.dll
0x69990000 - 0x69993000 	C:\Users\alexia\.openjfx\cache\17.0.6\api-ms-win-crt-environment-l1-1-0.dll
0x69980000 - 0x69983000 	C:\Users\alexia\.openjfx\cache\17.0.6\api-ms-win-crt-filesystem-l1-1-0.dll
0x69970000 - 0x69973000 	C:\Users\alexia\.openjfx\cache\17.0.6\api-ms-win-crt-heap-l1-1-0.dll
0x69960000 - 0x69963000 	C:\Users\alexia\.openjfx\cache\17.0.6\api-ms-win-crt-locale-l1-1-0.dll
0x69950000 - 0x69955000 	C:\Users\alexia\.openjfx\cache\17.0.6\api-ms-win-crt-math-l1-1-0.dll
0x69940000 - 0x69945000 	C:\Users\alexia\.openjfx\cache\17.0.6\api-ms-win-crt-multibyte-l1-1-0.dll
0x69930000 - 0x69940000 	C:\Users\alexia\.openjfx\cache\17.0.6\api-ms-win-crt-private-l1-1-0.dll
0x69920000 - 0x69923000 	C:\Users\alexia\.openjfx\cache\17.0.6\api-ms-win-crt-process-l1-1-0.dll
0x69910000 - 0x69914000 	C:\Users\alexia\.openjfx\cache\17.0.6\api-ms-win-crt-runtime-l1-1-0.dll
0x69900000 - 0x69904000 	C:\Users\alexia\.openjfx\cache\17.0.6\api-ms-win-crt-stdio-l1-1-0.dll
0x698f0000 - 0x698f4000 	C:\Users\alexia\.openjfx\cache\17.0.6\api-ms-win-crt-string-l1-1-0.dll
0x698e0000 - 0x698e3000 	C:\Users\alexia\.openjfx\cache\17.0.6\api-ms-win-crt-time-l1-1-0.dll
0x698d0000 - 0x698d3000 	C:\Users\alexia\.openjfx\cache\17.0.6\api-ms-win-crt-utility-l1-1-0.dll
0x697a0000 - 0x698c3000 	C:\Users\alexia\.openjfx\cache\17.0.6\ucrtbase.dll
0x69780000 - 0x69794000 	C:\Users\alexia\.openjfx\cache\17.0.6\vcruntime140.dll
0x69710000 - 0x6977d000 	C:\Users\alexia\.openjfx\cache\17.0.6\msvcp140.dll
0x69700000 - 0x69707000 	C:\Users\alexia\.openjfx\cache\17.0.6\msvcp140_1.dll
0x696d0000 - 0x696f9000 	C:\Users\alexia\.openjfx\cache\17.0.6\msvcp140_2.dll
0x69680000 - 0x696a6000 	C:\Users\alexia\.openjfx\cache\17.0.6\prism_d3d.dll
0x69500000 - 0x69671000 	C:\WINDOWS\system32\d3d9.dll
0x74530000 - 0x74554000 	C:\WINDOWS\SYSTEM32\dwmapi.dll
0x740e0000 - 0x7410e000 	C:\WINDOWS\SYSTEM32\dxcore.dll
0x73df0000 - 0x73e6f000 	C:\WINDOWS\system32\uxtheme.dll
0x69380000 - 0x694f9000 	C:\WINDOWS\System32\DriverStore\FileRepository\iigd_dch.inf_amd64_38b23bd92a6775fe\igdumdim32.dll
0x76560000 - 0x766b5000 	C:\WINDOWS\System32\ole32.dll
0x658a0000 - 0x69378000 	C:\WINDOWS\System32\DriverStore\FileRepository\iigd_dch.inf_amd64_38b23bd92a6775fe\igd9dxva32.dll
0x75c40000 - 0x7607d000 	C:\WINDOWS\System32\SETUPAPI.dll
0x757b0000 - 0x757ed000 	C:\WINDOWS\SYSTEM32\cfgmgr32.dll
0x655a0000 - 0x65898000 	C:\WINDOWS\System32\DriverStore\FileRepository\iigd_dch.inf_amd64_38b23bd92a6775fe\igdgmm32.dll
0x65560000 - 0x6559c000 	C:\WINDOWS\SYSTEM32\directxdatabasehelper.dll
0x65520000 - 0x65557000 	C:\Users\alexia\.openjfx\cache\17.0.6\glass.dll
0x758c0000 - 0x75971000 	C:\WINDOWS\System32\COMDLG32.dll
0x77450000 - 0x7754f000 	C:\WINDOWS\System32\MSCTF.dll
0x65500000 - 0x6551e000 	C:\WINDOWS\System32\DriverStore\FileRepository\iigd_dch.inf_amd64_38b23bd92a6775fe\igdinfo32.dll
0x62750000 - 0x654ff000 	C:\WINDOWS\System32\DriverStore\FileRepository\iigd_dch.inf_amd64_38b23bd92a6775fe\igc32.dll
0x62730000 - 0x62741000 	C:\Users\alexia\.openjfx\cache\17.0.6\javafx_font.dll
0x62700000 - 0x62724000 	C:\Program Files (x86)\Eclipse Adoptium\jdk-11.0.21.9-hotspot\bin\sunec.dll
0x6cc40000 - 0x6cc55000 	C:\WINDOWS\SYSTEM32\CRYPTSP.dll
0x6cc10000 - 0x6cc40000 	C:\WINDOWS\system32\rsaenh.dll
0x746b0000 - 0x746cf000 	C:\WINDOWS\SYSTEM32\USERENV.dll
0x748a0000 - 0x748ab000 	C:\WINDOWS\SYSTEM32\CRYPTBASE.dll
0x757f0000 - 0x75814000 	C:\WINDOWS\SYSTEM32\IPHLPAPI.DLL
0x76b10000 - 0x76b17000 	C:\WINDOWS\System32\NSI.dll
0x6f970000 - 0x6f986000 	C:\WINDOWS\SYSTEM32\dhcpcsvc6.DLL
0x6f950000 - 0x6f967000 	C:\WINDOWS\SYSTEM32\dhcpcsvc.DLL
0x6f890000 - 0x6f94d000 	C:\WINDOWS\SYSTEM32\DNSAPI.dll
0x626f0000 - 0x626f8000 	C:\Windows\System32\rasadhlp.dll
0x62690000 - 0x626ed000 	C:\WINDOWS\System32\fwpuclnt.dll
0x62680000 - 0x6268b000 	C:\Program Files (x86)\Eclipse Adoptium\jdk-11.0.21.9-hotspot\bin\sunmscapi.dll
0x77610000 - 0x77713000 	C:\WINDOWS\System32\CRYPT32.dll
0x62650000 - 0x62675000 	C:\WINDOWS\SYSTEM32\ncrypt.dll

dbghelp: loaded successfully - version: 4.0.5 - missing functions: none
symbol engine: initialized successfully - sym options: 0x614 - pdb path: .;C:\Program Files (x86)\Eclipse Adoptium\jdk-11.0.21.9-hotspot\bin;C:\WINDOWS\SYSTEM32;C:\WINDOWS\WinSxS\x86_microsoft.windows.common-controls_6595b64144ccf1df_6.0.22621.3235_none_6ebcabb88802389e;C:\Program Files (x86)\Eclipse Adoptium\jdk-11.0.21.9-hotspot\bin\client;C:\Program Files\JetBrains\IntelliJ IDEA 2023.3.2\bin;C:\Users\alexia\.openjfx\cache\17.0.6;C:\WINDOWS\System32\DriverStore\FileRepository\iigd_dch.inf_amd64_38b23bd92a6775fe;C:\Program Files (x86)\Common Files\Microsoft Shared\Ink

VM Arguments:
jvm_args: -javaagent:C:\Program Files\JetBrains\IntelliJ IDEA 2023.3.2\lib\idea_rt.jar=54497:C:\Program Files\JetBrains\IntelliJ IDEA 2023.3.2\bin -Dfile.encoding=UTF-8 --module-path=C:\Users\alexia\.m2\repository\com\gluonhq\attach\lifecycle\4.0.19\lifecycle-4.0.19.jar;C:\Users\alexia\Downloads\appJavaFx\target\classes;C:\Users\alexia\.m2\repository\org\openjfx\javafx-graphics\17.0.6\javafx-graphics-17.0.6-win-x86.jar;C:\Users\alexia\.m2\repository\com\gluonhq\attach\util\4.0.19\util-4.0.19.jar;C:\Users\alexia\.m2\repository\org\openjfx\javafx-controls\17.0.6\javafx-controls-17.0.6-win-x86.jar;C:\Users\alexia\.m2\repository\org\openjfx\javafx-base\17.0.6\javafx-base-17.0.6-win-x86.jar;C:\Users\alexia\.m2\repository\com\gluonhq\charm-glisten\6.2.3\charm-glisten-6.2.3.jar;C:\Users\alexia\.m2\repository\org\kordamp\bootstrapfx\bootstrapfx-core\0.4.0\bootstrapfx-core-0.4.0.jar;C:\Users\alexia\.m2\repository\com\gluonhq\attach\display\4.0.19\display-4.0.19.jar;C:\Users\alexia\.m2\repository\org\openjfx\javafx-fxml\17.0.6\javafx-fxml-17.0.6-win-x86.jar -Djdk.module.main=com.alilopez.vererinaria 
java_command: com.alilopez.vererinaria/com.alilopez.application.App
java_class_path (initial): C:\Users\alexia\.m2\repository\org\openjfx\javafx-controls\17.0.6\javafx-controls-17.0.6.jar;C:\Users\alexia\.m2\repository\org\openjfx\javafx-graphics\17.0.6\javafx-graphics-17.0.6.jar;C:\Users\alexia\.m2\repository\org\openjfx\javafx-base\17.0.6\javafx-base-17.0.6.jar;C:\Users\alexia\.m2\repository\org\openjfx\javafx-fxml\17.0.6\javafx-fxml-17.0.6.jar
Launcher Type: SUN_STANDARD

[Global flags]
   size_t InitialHeapSize                          = 16777216                                  {product} {ergonomic}
   size_t MaxHeapSize                              = 268435456                                 {product} {ergonomic}
   size_t MaxNewSize                               = 89456640                                  {product} {ergonomic}
   size_t MinHeapDeltaBytes                        = 131072                                    {product} {ergonomic}
   size_t NewSize                                  = 5570560                                   {product} {ergonomic}
    uintx NonProfiledCodeHeapSize                  = 0                                      {pd product} {ergonomic}
   size_t OldSize                                  = 11206656                                  {product} {ergonomic}
    uintx ProfiledCodeHeapSize                     = 0                                      {pd product} {ergonomic}
     bool ThreadLocalHandshakes                    = false                                  {pd product} {ergonomic}
     bool UseLargePagesIndividualAllocation        = false                                  {pd product} {ergonomic}
     bool UseSerialGC                              = true                                      {product} {ergonomic}

Logging:
Log output configuration:
 #0: stdout all=warning uptime,level,tags
 #1: stderr all=off uptime,level,tags

Environment Variables:
PATH=C:\Program Files (x86)\Eclipse Adoptium\jdk-11.0.21.9-hotspot\bin;C:\WINDOWS\system32;C:\WINDOWS;C:\WINDOWS\System32\Wbem;C:\WINDOWS\System32\WindowsPowerShell\v1.0\;C:\WINDOWS\System32\OpenSSH\;C:\Program Files\Git\cmd;C:\Program Files (x86)\Git\cmd;C:\Users\alexia\AppData\Local\Microsoft\WindowsApps;C:\Users\alexia\AppData\Local\GitHubDesktop\bin;C:\Users\alexia\AppData\Local\Programs\Microsoft VS Code\bin;;C:\Program Files\JetBrains\IntelliJ IDEA 2023.3.2\bin;
USERNAME=alexia
OS=Windows_NT
PROCESSOR_IDENTIFIER=Intel64 Family 6 Model 140 Stepping 1, GenuineIntel
TMP=C:\Users\alexia\AppData\Local\Temp
TEMP=C:\Users\alexia\AppData\Local\Temp



---------------  S Y S T E M  ---------------

OS: Windows 11 , 64 bit Build 22621 (10.0.22621.3374)
OS uptime: 1 days 5:41 hours

CPU:total 4 (initial active 4) (2 cores per cpu, 2 threads per core) family 6 model 140 stepping 1 microcode 0x8a, cmov, cx8, fxsr, mmx, sse, sse2, sse3, ssse3, sse4.1, sse4.2, popcnt, avx, avx2, aes, clmul, erms, 3dnowpref, lzcnt, ht, tsc, tscinvbit, bmi1, bmi2, adx, evex, sha, fma

Memory: 4k page, system-wide physical 3875M (444M free)
TotalPageFile size 12420M (AvailPageFile size 2090M), user-mode portion of virtual address-space 2047M (1334M free)
current process WorkingSet (physical memory assigned to process): 209M, peak: 215M
current process commit charge ("private bytes"): 262M, peak: 262M

vm_info: OpenJDK Client VM (11.0.21+9) for windows-x86 JRE (11.0.21+9), built on Oct 17 2023 17:27:10 by "" with MS VC++ 15.9 (VS2017)

END.
