#
# A fatal error has been detected by the Java Runtime Environment:
#
#  EXCEPTION_ACCESS_VIOLATION (0xc0000005) at pc=0x73e16c62, pid=13372, tid=7068
#
# JRE version: OpenJDK Runtime Environment Temurin-11.0.21+9 (11.0.21+9) (build 11.0.21+9)
# Java VM: OpenJDK Client VM Temurin-11.0.21+9 (11.0.21+9, mixed mode, serial gc, windows-x86)
# Problematic frame:
# C  [glass.dll+0x16c62]
#
# No core dump will be written. Minidumps are not enabled by default on client versions of Windows
#
# If you would like to submit a bug report, please visit:
#   https://github.com/adoptium/adoptium-support/issues
# The crash happened outside the Java Virtual Machine in native code.
# See problematic frame for where to report the bug.
#

---------------  S U M M A R Y ------------

Command Line: -javaagent:C:\Program Files\JetBrains\IntelliJ IDEA 2023.3.2\lib\idea_rt.jar=56882:C:\Program Files\JetBrains\IntelliJ IDEA 2023.3.2\bin -Dfile.encoding=UTF-8 --module-path=C:\Users\alexia\.m2\repository\com\gluonhq\attach\display\4.0.19\display-4.0.19.jar;C:\Users\alexia\.m2\repository\com\gluonhq\charm-glisten\6.2.3\charm-glisten-6.2.3.jar;C:\Users\alexia\.m2\repository\org\openjfx\javafx-fxml\17.0.6\javafx-fxml-17.0.6-win-x86.jar;C:\Users\alexia\.m2\repository\com\gluonhq\attach\util\4.0.19\util-4.0.19.jar;C:\Users\alexia\.m2\repository\org\openjfx\javafx-base\17.0.6\javafx-base-17.0.6-win-x86.jar;C:\Users\alexia\.m2\repository\org\openjfx\javafx-controls\17.0.6\javafx-controls-17.0.6-win-x86.jar;C:\Users\alexia\.m2\repository\com\gluonhq\attach\lifecycle\4.0.19\lifecycle-4.0.19.jar;C:\Users\alexia\.m2\repository\org\kordamp\bootstrapfx\bootstrapfx-core\0.4.0\bootstrapfx-core-0.4.0.jar;C:\Users\alexia\.m2\repository\org\openjfx\javafx-graphics\17.0.6\javafx-graphics-17.0.6-win-x86.jar;C:\Users\alexia\Downloads\appJavaFx\target\classes -Djdk.module.main=com.alilopez.vererinaria com.alilopez.vererinaria/com.alilopez.application.App

Host: 11th Gen Intel(R) Core(TM) i3-1115G4 @ 3.00GHz, 4 cores, 3G,  Windows 11 , 64 bit Build 22621 (10.0.22621.3374)
Time: Sat Apr 13 14:08:38 2024 Hora estándar central (México) elapsed time: 43.206826 seconds (0d 0h 0m 43s)

---------------  T H R E A D  ---------------

Current thread (0x15aadc00):  JavaThread "JavaFX Application Thread" [_thread_in_native, id=7068, stack(0x16220000,0x16270000)]

Stack: [0x16220000,0x16270000],  sp=0x1626e50c,  free space=313k
Native frames: (J=compiled Java code, A=aot compiled Java code, j=interpreted, Vv=VM code, C=native code)
C  [glass.dll+0x16c62]

Java frames: (J=compiled Java code, j=interpreted, Vv=VM code)
j  com.sun.glass.ui.win.WinWindow._close(J)Z+0 javafx.graphics
j  com.sun.glass.ui.Window.close()V+63 javafx.graphics
j  com.sun.glass.ui.win.WinWindow.close()V+8 javafx.graphics
j  com.sun.glass.ui.Application.terminate()V+75 javafx.graphics
j  com.sun.javafx.tk.quantum.QuantumToolkit.lambda$exit$13()Ljava/lang/Object;+5 javafx.graphics
j  com.sun.javafx.tk.quantum.QuantumToolkit$$Lambda$661.get()Ljava/lang/Object;+0 javafx.graphics
j  com.sun.javafx.tk.quantum.QuantumToolkit.runWithRenderLock(Ljava/util/function/Supplier;)Ljava/lang/Object;+7 javafx.graphics
j  com.sun.javafx.tk.quantum.QuantumToolkit.exit()V+26 javafx.graphics
j  com.sun.javafx.application.PlatformImpl.lambda$tkExit$16()V+3 javafx.graphics
j  com.sun.javafx.application.PlatformImpl$$Lambda$660.run()V+0 javafx.graphics
j  com.sun.javafx.application.PlatformImpl.lambda$runAndWait$12(Ljava/lang/Runnable;Ljava/util/concurrent/CountDownLatch;)V+1 javafx.graphics
j  com.sun.javafx.application.PlatformImpl$$Lambda$86.run()V+8 javafx.graphics
j  com.sun.javafx.application.PlatformImpl.lambda$runLater$10(Ljava/lang/Runnable;)Ljava/lang/Void;+1 javafx.graphics
j  com.sun.javafx.application.PlatformImpl$$Lambda$89.run()Ljava/lang/Object;+4 javafx.graphics
v  ~StubRoutines::call_stub
J 1837  java.security.AccessController.doPrivileged(Ljava/security/PrivilegedAction;Ljava/security/AccessControlContext;)Ljava/lang/Object; java.base@11.0.21 (0 bytes) @ 0x032ed8c7 [0x032ed860+0x00000067]
j  com.sun.javafx.application.PlatformImpl.lambda$runLater$11(Ljava/lang/Runnable;Ljava/security/AccessControlContext;)V+7 javafx.graphics
j  com.sun.javafx.application.PlatformImpl$$Lambda$87.run()V+8 javafx.graphics
j  com.sun.glass.ui.InvokeLaterDispatcher$Future.run()V+4 javafx.graphics
v  ~StubRoutines::call_stub
j  com.sun.glass.ui.win.WinApplication._runLoop(Ljava/lang/Runnable;)V+0 javafx.graphics
j  com.sun.glass.ui.win.WinApplication.lambda$runLoop$3(ILjava/lang/Runnable;)V+8 javafx.graphics
j  com.sun.glass.ui.win.WinApplication$$Lambda$77.run()V+12 javafx.graphics
j  java.lang.Thread.run()V+11 java.base@11.0.21
v  ~StubRoutines::call_stub

siginfo: EXCEPTION_ACCESS_VIOLATION (0xc0000005), reading address 0x000000b8


Register to memory mapping:

EIP=0x73e16c62 glass.dll
EAX=0x0 is NULL
EBX=0x1626e740 is pointing into the stack for thread: 0x15aadc00
ECX=0x0 is NULL
EDX=0x0 is NULL
ESP=0x1626e50c is pointing into the stack for thread: 0x15aadc00
EBP=0x1626e538 is pointing into the stack for thread: 0x15aadc00
ESI=0x00000401 is an unknown value
EDI=0x0 is NULL


Registers:
EAX=0x00000000, EBX=0x1626e740, ECX=0x00000000, EDX=0x00000000
ESP=0x1626e50c, EBP=0x1626e538, ESI=0x00000401, EDI=0x00000000
EIP=0x73e16c62, EFLAGS=0x00010206

Top of Stack: (sp=0x1626e50c)
0x1626e50c:   1626e740 00000401 1626e740 73e08df8
0x1626e51c:   6dbfd8b8 15a9c720 00310820 00000401
0x1626e52c:   1626e66c 73e202b0 ffffffff 00000000
0x1626e53c:   73e01755 00000401 1626e740 00000000
0x1626e54c:   00000401 00310820 1626e584 73e016f0
0x1626e55c:   75b230b3 00310820 00000401 1626e740
0x1626e56c:   00000000 00310820 dcbaabcd 73e016f0
0x1626e57c:   00000401 00310820 1626e67c 75b13ef6 

Instructions: (pc=0x73e16c62)
0x73e16b62:   21 56 e8 47 42 00 00 ff 35 e8 03 e3 73 8b f0 ff
0x73e16b72:   77 68 56 e8 96 de fe ff 56 e8 a0 41 00 00 83 c4
0x73e16b82:   10 5e c7 05 a4 03 e3 73 00 00 00 00 5f c3 83 ec
0x73e16b92:   24 a1 ec e0 e2 73 33 c4 89 44 24 20 8b 44 24 28
0x73e16ba2:   53 89 44 24 04 8b d9 8b 44 24 30 89 44 24 08 8b
0x73e16bb2:   44 24 38 55 89 44 24 10 8b 44 24 38 56 89 83 84
0x73e16bc2:   00 00 00 8b 44 24 0c 89 5c 24 18 bb 00 00 00 80
0x73e16bd2:   8b eb 8b f3 57 8b fb 85 c0 79 29 8d 44 24 20 50
0x73e16be2:   e8 29 aa fe ff 83 c4 04 85 c0 8b 44 24 10 74 14
0x73e16bf2:   8b 74 24 28 8b 5c 24 20 2b f3 8b 7c 24 2c 8b 6c
0x73e16c02:   24 24 2b fd 6a 00 50 ff 74 24 1c 68 d8 23 e2 73
0x73e16c12:   57 56 8b 74 24 34 8b ce 55 53 ff 74 24 38 e8 db
0x73e16c22:   a7 fe ff 8b f8 8d 4e 14 57 e8 40 64 00 00 57 8d
0x73e16c32:   4e 14 e8 c7 64 00 00 8b 4c 24 30 8b c7 5f 5e 5d
0x73e16c42:   5b 33 cc e8 ae 7a 00 00 83 c4 24 c2 10 00 53 8b
0x73e16c52:   d9 56 57 ff 73 08 e8 93 a9 fe ff 8b f8 83 c4 04
0x73e16c62:   8b 87 b8 00 00 00 85 c0 75 03 8b 47 04 3b 05 a4
0x73e16c72:   03 e3 73 75 29 e8 34 41 00 00 ff 35 e8 03 e3 73
0x73e16c82:   8b f0 ff 77 68 56 e8 83 dd fe ff 56 e8 8d 40 00
0x73e16c92:   00 83 c4 10 c7 05 a4 03 e3 73 00 00 00 00 8d 4f
0x73e16ca2:   14 e8 b8 69 00 00 8d 4f 14 e8 e0 69 00 00 ff 73
0x73e16cb2:   08 ff 15 f8 fe e2 73 85 c0 5f 0f 95 c0 5e 88 43
0x73e16cc2:   04 5b c3 cc cc cc cc cc cc cc cc cc cc cc 55 8b
0x73e16cd2:   ec 6a ff 68 f7 11 e2 73 64 a1 00 00 00 00 50 83
0x73e16ce2:   ec 08 53 56 57 a1 ec e0 e2 73 33 c5 50 8d 45 f4
0x73e16cf2:   64 a3 00 00 00 00 8b f9 ff 77 18 ff 15 60 ff e2
0x73e16d02:   73 85 c0 75 13 0f 57 c0 66 0f 13 45 ec 8b 55 f0
0x73e16d12:   8b 45 ec e9 a7 00 00 00 68 dc 00 00 00 e8 96 79
0x73e16d22:   00 00 83 c4 04 89 45 f0 c7 45 fc 00 00 00 00 85
0x73e16d32:   c0 74 19 ff 77 18 8b c8 6a 01 6a 00 6a 00 6a 00
0x73e16d42:   ff 77 10 e8 a6 f9 ff ff 8b d8 eb 02 33 db ff 77
0x73e16d52:   18 8b cb c7 45 fc ff ff ff ff 6a 00 68 00 00 10 


Stack slot to memory mapping:
stack at sp + 0 slots: 0x1626e740 is pointing into the stack for thread: 0x15aadc00
stack at sp + 1 slots: 0x00000401 is an unknown value
stack at sp + 2 slots: 0x1626e740 is pointing into the stack for thread: 0x15aadc00
stack at sp + 3 slots: 0x73e08df8 glass.dll
stack at sp + 4 slots: 0x6dbfd8b8 igd9dxva32.dll
stack at sp + 5 slots: 0x15a9c720 points into unknown readable memory: 0x73e2319c | 9c 31 e2 73
stack at sp + 6 slots: 0x00310820 is an unknown value
stack at sp + 7 slots: 0x00000401 is an unknown value


---------------  P R O C E S S  ---------------

Threads class SMR info:
_java_thread_list=0x1a7da850, length=18, elements={
0x02f3e000, 0x02ff3400, 0x03008800, 0x15230400,
0x03014c00, 0x03015c00, 0x03017000, 0x0301cc00,
0x152a9c00, 0x15720400, 0x15a2b400, 0x15a88400,
0x15aadc00, 0x1a3a9400, 0x1a3fa800, 0x1a5f9c00,
0x1a868400, 0x1ff3d400
}

Java Threads: ( => current thread )
  0x02f3e000 JavaThread "main" [_thread_blocked, id=3908, stack(0x00e50000,0x00ea0000)]
  0x02ff3400 JavaThread "Reference Handler" daemon [_thread_blocked, id=12732, stack(0x02e70000,0x02ec0000)]
  0x03008800 JavaThread "Finalizer" daemon [_thread_blocked, id=14884, stack(0x05020000,0x05070000)]
  0x15230400 JavaThread "Signal Dispatcher" daemon [_thread_blocked, id=1416, stack(0x15400000,0x15450000)]
  0x03014c00 JavaThread "Attach Listener" daemon [_thread_blocked, id=14904, stack(0x15490000,0x154e0000)]
  0x03015c00 JavaThread "Service Thread" daemon [_thread_blocked, id=9460, stack(0x15520000,0x15570000)]
  0x03017000 JavaThread "C1 CompilerThread0" daemon [_thread_blocked, id=11700, stack(0x155b0000,0x15600000)]
  0x0301cc00 JavaThread "Sweeper thread" daemon [_thread_blocked, id=4320, stack(0x15640000,0x15690000)]
  0x152a9c00 JavaThread "Common-Cleaner" daemon [_thread_blocked, id=11696, stack(0x156d0000,0x15720000)]
  0x15720400 JavaThread "Monitor Ctrl-Break" daemon [_thread_in_native, id=11952, stack(0x15b60000,0x15bb0000)]
  0x15a2b400 JavaThread "QuantumRenderer-0" daemon [_thread_blocked, id=14852, stack(0x15e80000,0x15ed0000)]
  0x15a88400 JavaThread "InvokeLaterDispatcher" daemon [_thread_blocked, id=7832, stack(0x15f40000,0x15f90000)]
=>0x15aadc00 JavaThread "JavaFX Application Thread" [_thread_in_native, id=7068, stack(0x16220000,0x16270000)]
  0x1a3a9400 JavaThread "Thread-1" daemon [_thread_in_native, id=6848, stack(0x1b5a0000,0x1b5f0000)]
  0x1a3fa800 JavaThread "JavaFX-Launcher" [_thread_blocked, id=11640, stack(0x1b630000,0x1b680000)]
  0x1a5f9c00 JavaThread "Prism Font Disposer" daemon [_thread_blocked, id=13384, stack(0x1d570000,0x1d5c0000)]
  0x1a868400 JavaThread "Cleaner-0" daemon [_thread_blocked, id=12372, stack(0x1fb30000,0x1fb80000)]
  0x1ff3d400 JavaThread "Keep-Alive-Timer" daemon [_thread_blocked, id=11632, stack(0x1bec0000,0x1bf10000)]

Other Threads:
  0x02ff0400 VMThread "VM Thread" [stack: 0x02de0000,0x02e30000] [id=9032]
  0x15721000 WatcherThread [stack: 0x15bf0000,0x15c40000] [id=14728]

Threads with active compile tasks:

VM state:not at safepoint (normal execution)

VM Mutex/Monitor currently owned by a thread: None

Heap:
 def new generation   total 29760K, used 16100K [0x05200000, 0x07240000, 0x0a750000)
  eden space 26496K,  48% used [0x05200000, 0x05e89058, 0x06be0000)
  from space 3264K, 100% used [0x06f10000, 0x07240000, 0x07240000)
  to   space 3264K,   0% used [0x06be0000, 0x06be0000, 0x06f10000)
 tenured generation   total 65924K, used 55057K [0x0a750000, 0x0e7b1000, 0x15200000)
   the space 65924K,  83% used [0x0a750000, 0x0dd14698, 0x0dd14800, 0x0e7b1000)
 Metaspace       used 19346K, capacity 19716K, committed 19840K, reserved 19840K

Card table byte_map: [0x02890000,0x02920000] _byte_map_base: 0x02867000

Polling page: 0x00bc0000

Metaspace:

Usage:
   19.25 MB capacity,    18.89 MB ( 98%) used,   250.47 KB (  1%) free+waste,   119.18 KB ( <1%) overhead. 

Virtual space:
     19.38 MB reserved,      19.38 MB (100%) committed 

Chunk freelists:
110.00 KB

MaxMetaspaceSize: 4.00 GB
No class space
Initial GC threshold: 12.00 MB
Current GC threshold: 32.29 MB
CDS: off

CodeCache: size=32768Kb used=3361Kb max_used=3361Kb free=29406Kb
 bounds [0x03020000, 0x03370000, 0x05020000]
 total_blobs=2668 nmethods=2225 adapters=374
 compilation: enabled
              stopped_count=0, restarted_count=0
 full_count=0

Compilation events (20 events):
Event: 42.114 Thread 0x03017000 2215             com.sun.marlin.Renderer::tosubpixy (10 bytes)
Event: 42.114 Thread 0x03017000 nmethod 2215 0x03364688 code [0x033647b0, 0x03364830]
Event: 42.368 Thread 0x03017000 2216             com.sun.javafx.tk.quantum.QuantumToolkit::requestNextPulse (9 bytes)
Event: 42.368 Thread 0x03017000 nmethod 2216 0x03364888 code [0x033649d0, 0x03364f2c]
Event: 42.432 Thread 0x03017000 2217             javafx.scene.Parent::setChildDirty (74 bytes)
Event: 42.433 Thread 0x03017000 nmethod 2217 0x03365108 code [0x03365250, 0x03365494]
Event: 42.799 Thread 0x03017000 2218             java.lang.invoke.VarHandleGuards::guard_LLL_Z (70 bytes)
Event: 42.801 Thread 0x03017000 nmethod 2218 0x03365808 code [0x033659a0, 0x03365da4]
Event: 42.944 Thread 0x03017000 2220             com.sun.javafx.font.CompositeStrike::getStrikeSlot (165 bytes)
Event: 42.945 Thread 0x03017000 nmethod 2220 0x03366208 code [0x033663c0, 0x033668cc]
Event: 42.946 Thread 0x03017000 2221             com.sun.prism.impl.BaseTexture::getWrapMode (5 bytes)
Event: 42.946 Thread 0x03017000 nmethod 2221 0x03366c08 code [0x03366d10, 0x03366d90]
Event: 43.071 Thread 0x03017000 2222             javafx.scene.layout.Region::isResizable (2 bytes)
Event: 43.071 Thread 0x03017000 nmethod 2222 0x03366dc8 code [0x03366ed0, 0x03366f50]
Event: 43.086 Thread 0x03017000 2223             javafx.event.Event::getTarget (5 bytes)
Event: 43.086 Thread 0x03017000 nmethod 2223 0x03366f88 code [0x03367090, 0x03367110]
Event: 43.093 Thread 0x03017000 2224             com.sun.prism.impl.GlyphCache::render (326 bytes)
Event: 43.097 Thread 0x03017000 nmethod 2224 0x03367148 code [0x03367380, 0x03367a7c]
Event: 43.097 Thread 0x03017000 2225             com.sun.javafx.geom.transform.AffineBase::transform (301 bytes)
Event: 43.099 Thread 0x03017000 nmethod 2225 0x03368108 code [0x03368250, 0x0336860c]

GC Heap History (20 events):
Event: 11.445 GC heap before
{Heap before GC invocations=10 (full 1):
 def new generation   total 4992K, used 4992K [0x05200000, 0x05760000, 0x0a750000)
  eden space 4480K, 100% used [0x05200000, 0x05660000, 0x05660000)
  from space 512K, 100% used [0x056e0000, 0x05760000, 0x05760000)
  to   space 512K,   0% used [0x05660000, 0x05660000, 0x056e0000)
 tenured generation   total 10944K, used 6652K [0x0a750000, 0x0b200000, 0x15200000)
   the space 10944K,  60% used [0x0a750000, 0x0adcf0a0, 0x0adcf200, 0x0b200000)
 Metaspace       used 14965K, capacity 15170K, committed 15232K, reserved 15744K
}
Event: 11.453 GC heap after
{Heap after GC invocations=11 (full 1):
 def new generation   total 4992K, used 512K [0x05200000, 0x05760000, 0x0a750000)
  eden space 4480K,   0% used [0x05200000, 0x05200000, 0x05660000)
  from space 512K, 100% used [0x05660000, 0x056e0000, 0x056e0000)
  to   space 512K,   0% used [0x056e0000, 0x056e0000, 0x05760000)
 tenured generation   total 10944K, used 7529K [0x0a750000, 0x0b200000, 0x15200000)
   the space 10944K,  68% used [0x0a750000, 0x0aeaa760, 0x0aeaa800, 0x0b200000)
 Metaspace       used 14965K, capacity 15170K, committed 15232K, reserved 15744K
}
Event: 12.241 GC heap before
{Heap before GC invocations=11 (full 1):
 def new generation   total 4992K, used 4936K [0x05200000, 0x05760000, 0x0a750000)
  eden space 4480K,  98% used [0x05200000, 0x056522f8, 0x05660000)
  from space 512K, 100% used [0x05660000, 0x056e0000, 0x056e0000)
  to   space 512K,   0% used [0x056e0000, 0x056e0000, 0x05760000)
 tenured generation   total 10944K, used 7529K [0x0a750000, 0x0b200000, 0x15200000)
   the space 10944K,  68% used [0x0a750000, 0x0aeaa760, 0x0aeaa800, 0x0b200000)
 Metaspace       used 15080K, capacity 15269K, committed 15360K, reserved 15744K
}
Event: 12.245 GC heap after
{Heap after GC invocations=12 (full 1):
 def new generation   total 4992K, used 72K [0x05200000, 0x05760000, 0x0a750000)
  eden space 4480K,   0% used [0x05200000, 0x05200000, 0x05660000)
  from space 512K,  14% used [0x056e0000, 0x056f2388, 0x05760000)
  to   space 512K,   0% used [0x05660000, 0x05660000, 0x056e0000)
 tenured generation   total 10944K, used 10101K [0x0a750000, 0x0b200000, 0x15200000)
   the space 10944K,  92% used [0x0a750000, 0x0b12d4a8, 0x0b12d600, 0x0b200000)
 Metaspace       used 15080K, capacity 15269K, committed 15360K, reserved 15744K
}
Event: 12.768 GC heap before
{Heap before GC invocations=12 (full 1):
 def new generation   total 4992K, used 4453K [0x05200000, 0x05760000, 0x0a750000)
  eden space 4480K,  97% used [0x05200000, 0x056470f0, 0x05660000)
  from space 512K,  14% used [0x056e0000, 0x056f2388, 0x05760000)
  to   space 512K,   0% used [0x05660000, 0x05660000, 0x056e0000)
 tenured generation   total 10944K, used 10101K [0x0a750000, 0x0b200000, 0x15200000)
   the space 10944K,  92% used [0x0a750000, 0x0b12d4a8, 0x0b12d600, 0x0b200000)
 Metaspace       used 15080K, capacity 15269K, committed 15360K, reserved 15744K
}
Event: 12.793 GC heap after
{Heap after GC invocations=13 (full 2):
 def new generation   total 9792K, used 0K [0x05200000, 0x05ca0000, 0x0a750000)
  eden space 8704K,   0% used [0x05200000, 0x05200000, 0x05a80000)
  from space 1088K,   0% used [0x05a80000, 0x05a80000, 0x05b90000)
  to   space 1088K,   0% used [0x05b90000, 0x05b90000, 0x05ca0000)
 tenured generation   total 21628K, used 12975K [0x0a750000, 0x0bc6f000, 0x15200000)
   the space 21628K,  59% used [0x0a750000, 0x0b3fbcf8, 0x0b3fbe00, 0x0bc6f000)
 Metaspace       used 14876K, capacity 15019K, committed 15360K, reserved 15744K
}
Event: 13.941 GC heap before
{Heap before GC invocations=13 (full 2):
 def new generation   total 9792K, used 8582K [0x05200000, 0x05ca0000, 0x0a750000)
  eden space 8704K,  98% used [0x05200000, 0x05a61860, 0x05a80000)
  from space 1088K,   0% used [0x05a80000, 0x05a80000, 0x05b90000)
  to   space 1088K,   0% used [0x05b90000, 0x05b90000, 0x05ca0000)
 tenured generation   total 21628K, used 12975K [0x0a750000, 0x0bc6f000, 0x15200000)
   the space 21628K,  59% used [0x0a750000, 0x0b3fbcf8, 0x0b3fbe00, 0x0bc6f000)
 Metaspace       used 14876K, capacity 15019K, committed 15360K, reserved 15744K
}
Event: 13.945 GC heap after
{Heap after GC invocations=14 (full 2):
 def new generation   total 9792K, used 705K [0x05200000, 0x05ca0000, 0x0a750000)
  eden space 8704K,   0% used [0x05200000, 0x05200000, 0x05a80000)
  from space 1088K,  64% used [0x05b90000, 0x05c40468, 0x05ca0000)
  to   space 1088K,   0% used [0x05a80000, 0x05a80000, 0x05b90000)
 tenured generation   total 21628K, used 17891K [0x0a750000, 0x0bc6f000, 0x15200000)
   the space 21628K,  82% used [0x0a750000, 0x0b8c8ca0, 0x0b8c8e00, 0x0bc6f000)
 Metaspace       used 14876K, capacity 15019K, committed 15360K, reserved 15744K
}
Event: 14.711 GC heap before
{Heap before GC invocations=14 (full 2):
 def new generation   total 9792K, used 9135K [0x05200000, 0x05ca0000, 0x0a750000)
  eden space 8704K,  96% used [0x05200000, 0x05a3baf8, 0x05a80000)
  from space 1088K,  64% used [0x05b90000, 0x05c40468, 0x05ca0000)
  to   space 1088K,   0% used [0x05a80000, 0x05a80000, 0x05b90000)
 tenured generation   total 21628K, used 17891K [0x0a750000, 0x0bc6f000, 0x15200000)
   the space 21628K,  82% used [0x0a750000, 0x0b8c8ca0, 0x0b8c8e00, 0x0bc6f000)
 Metaspace       used 14876K, capacity 15019K, committed 15360K, reserved 15744K
}
Event: 14.734 GC heap after
{Heap after GC invocations=15 (full 3):
 def new generation   total 17856K, used 703K [0x05200000, 0x06560000, 0x0a750000)
  eden space 15872K,   4% used [0x05200000, 0x052afc98, 0x06180000)
  from space 1984K,   0% used [0x06180000, 0x06180000, 0x06370000)
  to   space 1984K,   0% used [0x06370000, 0x06370000, 0x06560000)
 tenured generation   total 39536K, used 23721K [0x0a750000, 0x0cdec000, 0x15200000)
   the space 39536K,  59% used [0x0a750000, 0x0be7a550, 0x0be7a600, 0x0cdec000)
 Metaspace       used 14851K, capacity 14989K, committed 15360K, reserved 15744K
}
Event: 16.358 GC heap before
{Heap before GC invocations=15 (full 3):
 def new generation   total 17856K, used 15872K [0x05200000, 0x06560000, 0x0a750000)
  eden space 15872K, 100% used [0x05200000, 0x06180000, 0x06180000)
  from space 1984K,   0% used [0x06180000, 0x06180000, 0x06370000)
  to   space 1984K,   0% used [0x06370000, 0x06370000, 0x06560000)
 tenured generation   total 39536K, used 23721K [0x0a750000, 0x0cdec000, 0x15200000)
   the space 39536K,  59% used [0x0a750000, 0x0be7a550, 0x0be7a600, 0x0cdec000)
 Metaspace       used 16464K, capacity 16669K, committed 16768K, reserved 16768K
}
Event: 16.368 GC heap after
{Heap after GC invocations=16 (full 3):
 def new generation   total 17856K, used 1984K [0x05200000, 0x06560000, 0x0a750000)
  eden space 15872K,   0% used [0x05200000, 0x05200000, 0x06180000)
  from space 1984K, 100% used [0x06370000, 0x06560000, 0x06560000)
  to   space 1984K,   0% used [0x06180000, 0x06180000, 0x06370000)
 tenured generation   total 39536K, used 25370K [0x0a750000, 0x0cdec000, 0x15200000)
   the space 39536K,  64% used [0x0a750000, 0x0c016880, 0x0c016a00, 0x0cdec000)
 Metaspace       used 16464K, capacity 16669K, committed 16768K, reserved 16768K
}
Event: 26.083 GC heap before
{Heap before GC invocations=16 (full 3):
 def new generation   total 17856K, used 17489K [0x05200000, 0x06560000, 0x0a750000)
  eden space 15872K,  97% used [0x05200000, 0x061246f8, 0x06180000)
  from space 1984K, 100% used [0x06370000, 0x06560000, 0x06560000)
  to   space 1984K,   0% used [0x06180000, 0x06180000, 0x06370000)
 tenured generation   total 39536K, used 25370K [0x0a750000, 0x0cdec000, 0x15200000)
   the space 39536K,  64% used [0x0a750000, 0x0c016880, 0x0c016a00, 0x0cdec000)
 Metaspace       used 17731K, capacity 17989K, committed 18048K, reserved 18816K
}
Event: 26.096 GC heap after
{Heap after GC invocations=17 (full 3):
 def new generation   total 17856K, used 1984K [0x05200000, 0x06560000, 0x0a750000)
  eden space 15872K,   0% used [0x05200000, 0x05200000, 0x06180000)
  from space 1984K, 100% used [0x06180000, 0x06370000, 0x06370000)
  to   space 1984K,   0% used [0x06370000, 0x06370000, 0x06560000)
 tenured generation   total 39536K, used 31247K [0x0a750000, 0x0cdec000, 0x15200000)
   the space 39536K,  79% used [0x0a750000, 0x0c5d3c78, 0x0c5d3e00, 0x0cdec000)
 Metaspace       used 17731K, capacity 17989K, committed 18048K, reserved 18816K
}
Event: 34.316 GC heap before
{Heap before GC invocations=17 (full 3):
 def new generation   total 17856K, used 17682K [0x05200000, 0x06560000, 0x0a750000)
  eden space 15872K,  98% used [0x05200000, 0x06154820, 0x06180000)
  from space 1984K, 100% used [0x06180000, 0x06370000, 0x06370000)
  to   space 1984K,   0% used [0x06370000, 0x06370000, 0x06560000)
 tenured generation   total 39536K, used 31247K [0x0a750000, 0x0cdec000, 0x15200000)
   the space 39536K,  79% used [0x0a750000, 0x0c5d3c78, 0x0c5d3e00, 0x0cdec000)
 Metaspace       used 19432K, capacity 19825K, committed 19840K, reserved 19840K
}
Event: 34.332 GC heap after
{Heap after GC invocations=18 (full 3):
 def new generation   total 17856K, used 1303K [0x05200000, 0x06560000, 0x0a750000)
  eden space 15872K,   0% used [0x05200000, 0x05200000, 0x06180000)
  from space 1984K,  65% used [0x06370000, 0x064b5fc0, 0x06560000)
  to   space 1984K,   0% used [0x06180000, 0x06180000, 0x06370000)
 tenured generation   total 39536K, used 32891K [0x0a750000, 0x0cdec000, 0x15200000)
   the space 39536K,  83% used [0x0a750000, 0x0c76ef10, 0x0c76f000, 0x0cdec000)
 Metaspace       used 19432K, capacity 19825K, committed 19840K, reserved 19840K
}
Event: 35.357 GC heap before
{Heap before GC invocations=18 (full 3):
 def new generation   total 17856K, used 17155K [0x05200000, 0x06560000, 0x0a750000)
  eden space 15872K,  99% used [0x05200000, 0x0617b018, 0x06180000)
  from space 1984K,  65% used [0x06370000, 0x064b5fc0, 0x06560000)
  to   space 1984K,   0% used [0x06180000, 0x06180000, 0x06370000)
 tenured generation   total 39536K, used 32891K [0x0a750000, 0x0cdec000, 0x15200000)
   the space 39536K,  83% used [0x0a750000, 0x0c76ef10, 0x0c76f000, 0x0cdec000)
 Metaspace       used 19432K, capacity 19825K, committed 19840K, reserved 19840K
}
Event: 35.428 GC heap after
{Heap after GC invocations=19 (full 4):
 def new generation   total 29760K, used 0K [0x05200000, 0x07240000, 0x0a750000)
  eden space 26496K,   0% used [0x05200000, 0x05200000, 0x06be0000)
  from space 3264K,   0% used [0x06be0000, 0x06be0000, 0x06f10000)
  to   space 3264K,   0% used [0x06f10000, 0x06f10000, 0x07240000)
 tenured generation   total 65924K, used 39552K [0x0a750000, 0x0e7b1000, 0x15200000)
   the space 65924K,  59% used [0x0a750000, 0x0cdf01c8, 0x0cdf0200, 0x0e7b1000)
 Metaspace       used 19321K, capacity 19689K, committed 19840K, reserved 19840K
}
Event: 37.316 GC heap before
{Heap before GC invocations=19 (full 4):
 def new generation   total 29760K, used 26496K [0x05200000, 0x07240000, 0x0a750000)
  eden space 26496K, 100% used [0x05200000, 0x06be0000, 0x06be0000)
  from space 3264K,   0% used [0x06be0000, 0x06be0000, 0x06f10000)
  to   space 3264K,   0% used [0x06f10000, 0x06f10000, 0x07240000)
 tenured generation   total 65924K, used 39552K [0x0a750000, 0x0e7b1000, 0x15200000)
   the space 65924K,  59% used [0x0a750000, 0x0cdf01c8, 0x0cdf0200, 0x0e7b1000)
 Metaspace       used 19321K, capacity 19689K, committed 19840K, reserved 19840K
}
Event: 37.332 GC heap after
{Heap after GC invocations=20 (full 4):
 def new generation   total 29760K, used 3264K [0x05200000, 0x07240000, 0x0a750000)
  eden space 26496K,   0% used [0x05200000, 0x05200000, 0x06be0000)
  from space 3264K, 100% used [0x06f10000, 0x07240000, 0x07240000)
  to   space 3264K,   0% used [0x06be0000, 0x06be0000, 0x06f10000)
 tenured generation   total 65924K, used 55057K [0x0a750000, 0x0e7b1000, 0x15200000)
   the space 65924K,  83% used [0x0a750000, 0x0dd14698, 0x0dd14800, 0x0e7b1000)
 Metaspace       used 19321K, capacity 19689K, committed 19840K, reserved 19840K
}

Deoptimization events (8 events):
Event: 16.276 Thread 0x15aadc00 DEOPT PACKING pc=0x031472cf sp=0x1626ddf0
Event: 16.276 Thread 0x15aadc00 DEOPT UNPACKING pc=0x0305c187 sp=0x1626dd10 mode 3
Event: 16.281 Thread 0x15aadc00 DEOPT PACKING pc=0x03207271 sp=0x1626df70
Event: 16.281 Thread 0x15aadc00 DEOPT UNPACKING pc=0x0305c187 sp=0x1626de94 mode 3
Event: 16.357 Thread 0x15aadc00 DEOPT PACKING pc=0x0323158c sp=0x1626db80
Event: 16.357 Thread 0x15aadc00 DEOPT UNPACKING pc=0x0305c187 sp=0x1626da30 mode 3
Event: 16.803 Thread 0x15a2b400 DEOPT PACKING pc=0x0325e1fd sp=0x15ececd0
Event: 16.803 Thread 0x15a2b400 DEOPT UNPACKING pc=0x0305c187 sp=0x15ecebfc mode 3

Classes redefined (0 events):
No events

Internal exceptions (20 events):
Event: 16.332 Thread 0x15aadc00 Exception <a 'java/lang/IncompatibleClassChangeError'{0x0605eed0}: Found class java.lang.Object, but interface was expected> (0x0605eed0) thrown at [s\src\hotspot\share\interpreter\linkResolver.cpp, line 839]
Event: 16.424 Thread 0x15aadc00 Exception <a 'java/io/FileNotFoundException'{0x05335770}> (0x05335770) thrown at [s\src\hotspot\share\prims\jni.cpp, line 617]
Event: 16.426 Thread 0x15aadc00 Exception <a 'java/io/FileNotFoundException'{0x053515c0}> (0x053515c0) thrown at [s\src\hotspot\share\prims\jni.cpp, line 617]
Event: 16.434 Thread 0x15aadc00 Exception <a 'java/io/FileNotFoundException'{0x05355600}> (0x05355600) thrown at [s\src\hotspot\share\prims\jni.cpp, line 617]
Event: 16.434 Thread 0x15aadc00 Exception <a 'java/io/FileNotFoundException'{0x05356490}> (0x05356490) thrown at [s\src\hotspot\share\prims\jni.cpp, line 617]
Event: 16.548 Thread 0x15aadc00 Exception <a 'java/lang/NoSuchMethodError'{0x055aab58}: 'long java.lang.invoke.DirectMethodHandle$Holder.invokeStaticInit(java.lang.Object, java.lang.Object, java.lang.Object)'> (0x055aab58) thrown at [s\src\hotspot\share\interpreter\linkResolver.cpp, line 773]
Event: 16.552 Thread 0x15aadc00 Exception <a 'java/lang/NoSuchMethodError'{0x055c13e0}: 'java.lang.Object java.lang.invoke.DirectMethodHandle$Holder.invokeStatic(java.lang.Object, java.lang.Object, long)'> (0x055c13e0) thrown at [s\src\hotspot\share\interpreter\linkResolver.cpp, line 773]
Event: 16.553 Thread 0x15aadc00 Exception <a 'java/lang/NoSuchMethodError'{0x055c6e30}: 'java.lang.Object java.lang.invoke.Invokers$Holder.linkToTargetMethod(java.lang.Object, long, java.lang.Object)'> (0x055c6e30) thrown at [s\src\hotspot\share\interpreter\linkResolver.cpp, line 773]
Event: 20.060 Thread 0x1a5de400 Exception <a 'java/net/SocketTimeoutException'{0x05a27a60}: Read timed out> (0x05a27a60) thrown at [s\src\hotspot\share\prims\jni.cpp, line 638]
Event: 22.077 Thread 0x15aadc00 Exception <a 'sun/nio/fs/WindowsException'{0x05b4ca38}> (0x05b4ca38) thrown at [s\src\hotspot\share\prims\jni.cpp, line 617]
Event: 26.160 Thread 0x15aadc00 Exception <a 'java/lang/ClassNotFoundException'{0x054e7ef0}: com/sun/javafx/scene/control/skin/resources/controls> (0x054e7ef0) thrown at [s\src\hotspot\share\prims\jni.cpp, line 638]
Event: 26.161 Thread 0x15aadc00 Exception <a 'java/lang/ClassNotFoundException'{0x054f55d8}: com/sun/javafx/scene/control/skin/resources/controls_es> (0x054f55d8) thrown at [s\src\hotspot\share\prims\jni.cpp, line 638]
Event: 26.162 Thread 0x15aadc00 Exception <a 'java/lang/ClassNotFoundException'{0x05502a28}: com/sun/javafx/scene/control/skin/resources/controls_es_MX> (0x05502a28) thrown at [s\src\hotspot\share\prims\jni.cpp, line 638]
Event: 26.182 Thread 0x15aadc00 Exception <a 'java/lang/ClassNotFoundException'{0x056403a0}: com/sun/glass/ui/win/themes> (0x056403a0) thrown at [s\src\hotspot\share\prims\jni.cpp, line 638]
Event: 26.183 Thread 0x15aadc00 Exception <a 'java/lang/ClassNotFoundException'{0x05648328}: com/sun/glass/ui/win/themes_es> (0x05648328) thrown at [s\src\hotspot\share\prims\jni.cpp, line 638]
Event: 26.255 Thread 0x15aadc00 Exception <a 'java/lang/NoSuchMethodError'{0x05b06038}: 'void java.lang.invoke.DirectMethodHandle$Holder.invokeSpecialIFC(java.lang.Object, java.lang.Object, java.lang.Object, java.lang.Object)'> (0x05b06038) thrown at [s\src\hotspot\share\interpreter\linkResolver.cpp, line 773]
Event: 36.100 Thread 0x1a837000 Exception <a 'java/net/SocketTimeoutException'{0x05e16388}: Read timed out> (0x05e16388) thrown at [s\src\hotspot\share\prims\jni.cpp, line 638]
Event: 39.618 Thread 0x15aadc00 Exception <a 'java/lang/ClassNotFoundException'{0x05beaac8}: com/sun/javafx/scene/control/skin/resources/controls> (0x05beaac8) thrown at [s\src\hotspot\share\prims\jni.cpp, line 638]
Event: 39.619 Thread 0x15aadc00 Exception <a 'java/lang/ClassNotFoundException'{0x05bf81f0}: com/sun/javafx/scene/control/skin/resources/controls_es> (0x05bf81f0) thrown at [s\src\hotspot\share\prims\jni.cpp, line 638]
Event: 43.143 Thread 0x15aadc00 Exception <a 'java/lang/IllegalArgumentException'{0x05db51f0}> (0x05db51f0) thrown at [s\src\hotspot\share\prims\jvm.cpp, line 1310]

Events (20 events):
Event: 39.605 loading class javafx/beans/value/ObservableValue done
Event: 39.605 loading class javafx/beans/value/ObservableValue
Event: 39.605 loading class javafx/beans/value/ObservableValue done
Event: 39.605 loading class javafx/beans/value/ObservableValue
Event: 39.605 loading class javafx/beans/value/ObservableValue done
Event: 39.605 loading class com/alilopez/application/controllers/ClientController
Event: 39.605 loading class com/alilopez/application/controllers/ClientController done
Event: 39.670 Executing VM operation: RevokeBias
Event: 39.670 Executing VM operation: RevokeBias done
Event: 40.705 Loaded shared library C:\Users\alexia\.openjfx\cache\17.0.6\prism_d3d.dll
Event: 41.565 Loaded shared library C:\Users\alexia\.openjfx\cache\17.0.6\prism_d3d.dll
Event: 41.895 Loaded shared library C:\Users\alexia\.openjfx\cache\17.0.6\prism_d3d.dll
Event: 43.086 loading class javafx/application/Application
Event: 43.086 loading class javafx/application/Application done
Event: 43.086 loading class javafx/application/Application
Event: 43.086 loading class javafx/application/Application done
Event: 43.144 loading class java/lang/Throwable$WrappedPrintStream
Event: 43.144 loading class java/lang/Throwable$PrintStreamOrWriter
Event: 43.144 loading class java/lang/Throwable$PrintStreamOrWriter done
Event: 43.144 loading class java/lang/Throwable$WrappedPrintStream done


Dynamic libraries:
0x005a0000 - 0x005ac000 	C:\Program Files (x86)\Eclipse Adoptium\jdk-11.0.21.9-hotspot\bin\java.exe
0x77a80000 - 0x77c31000 	C:\WINDOWS\SYSTEM32\ntdll.dll
0x764a0000 - 0x76590000 	C:\WINDOWS\System32\KERNEL32.DLL
0x77720000 - 0x77995000 	C:\WINDOWS\System32\KERNELBASE.dll
0x74960000 - 0x74a06000 	C:\WINDOWS\SYSTEM32\apphelp.dll
0x75dc0000 - 0x75ed2000 	C:\WINDOWS\System32\ucrtbase.dll
0x74f00000 - 0x74f15000 	C:\Program Files (x86)\Eclipse Adoptium\jdk-11.0.21.9-hotspot\bin\jli.dll
0x74ee0000 - 0x74ef3000 	C:\Program Files (x86)\Eclipse Adoptium\jdk-11.0.21.9-hotspot\bin\VCRUNTIME140.dll
0x75af0000 - 0x75c99000 	C:\WINDOWS\System32\USER32.dll
0x76590000 - 0x765aa000 	C:\WINDOWS\System32\win32u.dll
0x76370000 - 0x76393000 	C:\WINDOWS\System32\GDI32.dll
0x772e0000 - 0x773c2000 	C:\WINDOWS\System32\gdi32full.dll
0x75d40000 - 0x75db9000 	C:\WINDOWS\System32\msvcp_win.dll
0x74300000 - 0x74528000 	C:\WINDOWS\WinSxS\x86_microsoft.windows.common-controls_6595b64144ccf1df_6.0.22621.3235_none_6ebcabb88802389e\COMCTL32.dll
0x765b0000 - 0x76674000 	C:\WINDOWS\System32\msvcrt.dll
0x76b20000 - 0x76b45000 	C:\WINDOWS\System32\IMM32.DLL
0x74e70000 - 0x74edf000 	C:\Program Files (x86)\Eclipse Adoptium\jdk-11.0.21.9-hotspot\bin\msvcp140.dll
0x736e0000 - 0x73bbb000 	C:\Program Files (x86)\Eclipse Adoptium\jdk-11.0.21.9-hotspot\bin\client\jvm.dll
0x75fb0000 - 0x7602f000 	C:\WINDOWS\System32\ADVAPI32.dll
0x762b0000 - 0x76335000 	C:\WINDOWS\System32\sechost.dll
0x76b50000 - 0x76b6a000 	C:\WINDOWS\System32\bcrypt.dll
0x77430000 - 0x774ea000 	C:\WINDOWS\System32\RPCRT4.dll
0x774f0000 - 0x774f6000 	C:\WINDOWS\System32\PSAPI.DLL
0x74e20000 - 0x74e51000 	C:\WINDOWS\SYSTEM32\WINMM.dll
0x74e60000 - 0x74e68000 	C:\WINDOWS\SYSTEM32\WSOCK32.dll
0x76ac0000 - 0x76b1f000 	C:\WINDOWS\System32\WS2_32.dll
0x74ce0000 - 0x74ce8000 	C:\WINDOWS\SYSTEM32\VERSION.dll
0x74b20000 - 0x74b33000 	C:\WINDOWS\SYSTEM32\kernel.appcore.dll
0x74e10000 - 0x74e1d000 	C:\Program Files (x86)\Eclipse Adoptium\jdk-11.0.21.9-hotspot\bin\verify.dll
0x73bf0000 - 0x73dc6000 	C:\WINDOWS\SYSTEM32\DBGHELP.DLL
0x75870000 - 0x75aec000 	C:\WINDOWS\System32\combase.dll
0x757c0000 - 0x7585c000 	C:\WINDOWS\System32\OLEAUT32.dll
0x73bc0000 - 0x73be9000 	C:\WINDOWS\SYSTEM32\dbgcore.DLL
0x77270000 - 0x772d2000 	C:\WINDOWS\System32\bcryptPrimitives.dll
0x74de0000 - 0x74e02000 	C:\Program Files (x86)\Eclipse Adoptium\jdk-11.0.21.9-hotspot\bin\java.dll
0x74dd0000 - 0x74dd9000 	C:\Program Files (x86)\Eclipse Adoptium\jdk-11.0.21.9-hotspot\bin\jimage.dll
0x74d10000 - 0x74d1d000 	C:\Program Files (x86)\Eclipse Adoptium\jdk-11.0.21.9-hotspot\bin\instrument.dll
0x74db0000 - 0x74dc6000 	C:\Program Files (x86)\Eclipse Adoptium\jdk-11.0.21.9-hotspot\bin\zip.dll
0x76b70000 - 0x77209000 	C:\WINDOWS\System32\SHELL32.dll
0x74ff0000 - 0x756df000 	C:\WINDOWS\SYSTEM32\windows.storage.dll
0x74f20000 - 0x74fe7000 	C:\WINDOWS\SYSTEM32\wintypes.dll
0x75ee0000 - 0x75fa1000 	C:\WINDOWS\System32\SHCORE.dll
0x75770000 - 0x757bb000 	C:\WINDOWS\System32\shlwapi.dll
0x74c60000 - 0x74c79000 	C:\WINDOWS\SYSTEM32\profapi.dll
0x74d90000 - 0x74da4000 	C:\Program Files (x86)\Eclipse Adoptium\jdk-11.0.21.9-hotspot\bin\net.dll
0x747f0000 - 0x748cc000 	C:\WINDOWS\SYSTEM32\WINHTTP.dll
0x74d30000 - 0x74d81000 	C:\WINDOWS\system32\mswsock.dll
0x74d20000 - 0x74d2f000 	C:\Program Files (x86)\Eclipse Adoptium\jdk-11.0.21.9-hotspot\bin\nio.dll
0x74aa0000 - 0x74ab6000 	C:\Program Files\JetBrains\IntelliJ IDEA 2023.3.2\bin\breakgen.dll
0x74c80000 - 0x74c83000 	C:\Users\alexia\.openjfx\cache\17.0.6\api-ms-win-core-console-l1-1-0.dll
0x74b50000 - 0x74b53000 	C:\Users\alexia\.openjfx\cache\17.0.6\api-ms-win-core-console-l1-2-0.dll
0x74a90000 - 0x74a93000 	C:\Users\alexia\.openjfx\cache\17.0.6\api-ms-win-core-datetime-l1-1-0.dll
0x74a80000 - 0x74a83000 	C:\Users\alexia\.openjfx\cache\17.0.6\api-ms-win-core-debug-l1-1-0.dll
0x74a70000 - 0x74a73000 	C:\Users\alexia\.openjfx\cache\17.0.6\api-ms-win-core-errorhandling-l1-1-0.dll
0x74a60000 - 0x74a64000 	C:\Users\alexia\.openjfx\cache\17.0.6\api-ms-win-core-file-l1-1-0.dll
0x74940000 - 0x74943000 	C:\Users\alexia\.openjfx\cache\17.0.6\api-ms-win-core-file-l1-2-0.dll
0x74740000 - 0x74743000 	C:\Users\alexia\.openjfx\cache\17.0.6\api-ms-win-core-file-l2-1-0.dll
0x74730000 - 0x74733000 	C:\Users\alexia\.openjfx\cache\17.0.6\api-ms-win-core-handle-l1-1-0.dll
0x74720000 - 0x74723000 	C:\Users\alexia\.openjfx\cache\17.0.6\api-ms-win-core-heap-l1-1-0.dll
0x74710000 - 0x74713000 	C:\Users\alexia\.openjfx\cache\17.0.6\api-ms-win-core-interlocked-l1-1-0.dll
0x74700000 - 0x74703000 	C:\Users\alexia\.openjfx\cache\17.0.6\api-ms-win-core-libraryloader-l1-1-0.dll
0x746f0000 - 0x746f3000 	C:\Users\alexia\.openjfx\cache\17.0.6\api-ms-win-core-localization-l1-2-0.dll
0x746e0000 - 0x746e3000 	C:\Users\alexia\.openjfx\cache\17.0.6\api-ms-win-core-memory-l1-1-0.dll
0x746d0000 - 0x746d3000 	C:\Users\alexia\.openjfx\cache\17.0.6\api-ms-win-core-namedpipe-l1-1-0.dll
0x746c0000 - 0x746c3000 	C:\Users\alexia\.openjfx\cache\17.0.6\api-ms-win-core-processenvironment-l1-1-0.dll
0x746b0000 - 0x746b3000 	C:\Users\alexia\.openjfx\cache\17.0.6\api-ms-win-core-processthreads-l1-1-0.dll
0x746a0000 - 0x746a3000 	C:\Users\alexia\.openjfx\cache\17.0.6\api-ms-win-core-processthreads-l1-1-1.dll
0x74690000 - 0x74693000 	C:\Users\alexia\.openjfx\cache\17.0.6\api-ms-win-core-profile-l1-1-0.dll
0x74680000 - 0x74683000 	C:\Users\alexia\.openjfx\cache\17.0.6\api-ms-win-core-rtlsupport-l1-1-0.dll
0x74670000 - 0x74673000 	C:\Users\alexia\.openjfx\cache\17.0.6\api-ms-win-core-string-l1-1-0.dll
0x74660000 - 0x74663000 	C:\Users\alexia\.openjfx\cache\17.0.6\api-ms-win-core-synch-l1-1-0.dll
0x74650000 - 0x74653000 	C:\Users\alexia\.openjfx\cache\17.0.6\api-ms-win-core-synch-l1-2-0.dll
0x74640000 - 0x74643000 	C:\Users\alexia\.openjfx\cache\17.0.6\api-ms-win-core-sysinfo-l1-1-0.dll
0x74630000 - 0x74633000 	C:\Users\alexia\.openjfx\cache\17.0.6\api-ms-win-core-timezone-l1-1-0.dll
0x74620000 - 0x74623000 	C:\Users\alexia\.openjfx\cache\17.0.6\api-ms-win-core-util-l1-1-0.dll
0x74610000 - 0x74613000 	C:\Users\alexia\.openjfx\cache\17.0.6\api-ms-win-crt-conio-l1-1-0.dll
0x74600000 - 0x74604000 	C:\Users\alexia\.openjfx\cache\17.0.6\api-ms-win-crt-convert-l1-1-0.dll
0x745f0000 - 0x745f3000 	C:\Users\alexia\.openjfx\cache\17.0.6\api-ms-win-crt-environment-l1-1-0.dll
0x745e0000 - 0x745e3000 	C:\Users\alexia\.openjfx\cache\17.0.6\api-ms-win-crt-filesystem-l1-1-0.dll
0x745d0000 - 0x745d3000 	C:\Users\alexia\.openjfx\cache\17.0.6\api-ms-win-crt-heap-l1-1-0.dll
0x745c0000 - 0x745c3000 	C:\Users\alexia\.openjfx\cache\17.0.6\api-ms-win-crt-locale-l1-1-0.dll
0x745b0000 - 0x745b5000 	C:\Users\alexia\.openjfx\cache\17.0.6\api-ms-win-crt-math-l1-1-0.dll
0x745a0000 - 0x745a5000 	C:\Users\alexia\.openjfx\cache\17.0.6\api-ms-win-crt-multibyte-l1-1-0.dll
0x74590000 - 0x745a0000 	C:\Users\alexia\.openjfx\cache\17.0.6\api-ms-win-crt-private-l1-1-0.dll
0x74580000 - 0x74583000 	C:\Users\alexia\.openjfx\cache\17.0.6\api-ms-win-crt-process-l1-1-0.dll
0x74570000 - 0x74574000 	C:\Users\alexia\.openjfx\cache\17.0.6\api-ms-win-crt-runtime-l1-1-0.dll
0x74560000 - 0x74564000 	C:\Users\alexia\.openjfx\cache\17.0.6\api-ms-win-crt-stdio-l1-1-0.dll
0x74550000 - 0x74554000 	C:\Users\alexia\.openjfx\cache\17.0.6\api-ms-win-crt-string-l1-1-0.dll
0x742f0000 - 0x742f3000 	C:\Users\alexia\.openjfx\cache\17.0.6\api-ms-win-crt-time-l1-1-0.dll
0x74260000 - 0x74263000 	C:\Users\alexia\.openjfx\cache\17.0.6\api-ms-win-crt-utility-l1-1-0.dll
0x74130000 - 0x74253000 	C:\Users\alexia\.openjfx\cache\17.0.6\ucrtbase.dll
0x74110000 - 0x74124000 	C:\Users\alexia\.openjfx\cache\17.0.6\vcruntime140.dll
0x740a0000 - 0x7410d000 	C:\Users\alexia\.openjfx\cache\17.0.6\msvcp140.dll
0x74090000 - 0x74097000 	C:\Users\alexia\.openjfx\cache\17.0.6\msvcp140_1.dll
0x74060000 - 0x74089000 	C:\Users\alexia\.openjfx\cache\17.0.6\msvcp140_2.dll
0x74030000 - 0x74056000 	C:\Users\alexia\.openjfx\cache\17.0.6\prism_d3d.dll
0x73eb0000 - 0x74021000 	C:\WINDOWS\system32\d3d9.dll
0x735b0000 - 0x735d4000 	C:\WINDOWS\SYSTEM32\dwmapi.dll
0x73e80000 - 0x73eae000 	C:\WINDOWS\SYSTEM32\dxcore.dll
0x74270000 - 0x742ef000 	C:\WINDOWS\system32\uxtheme.dll
0x6eba0000 - 0x6ed19000 	C:\WINDOWS\System32\DriverStore\FileRepository\iigd_dch.inf_amd64_38b23bd92a6775fe\igdumdim32.dll
0x77500000 - 0x77655000 	C:\WINDOWS\System32\ole32.dll
0x6aa00000 - 0x6e4d8000 	C:\WINDOWS\System32\DriverStore\FileRepository\iigd_dch.inf_amd64_38b23bd92a6775fe\igd9dxva32.dll
0x76680000 - 0x76abd000 	C:\WINDOWS\System32\SETUPAPI.dll
0x748d0000 - 0x7490d000 	C:\WINDOWS\SYSTEM32\cfgmgr32.dll
0x6e8a0000 - 0x6eb98000 	C:\WINDOWS\System32\DriverStore\FileRepository\iigd_dch.inf_amd64_38b23bd92a6775fe\igdgmm32.dll
0x73e40000 - 0x73e7c000 	C:\WINDOWS\SYSTEM32\directxdatabasehelper.dll
0x73e00000 - 0x73e37000 	C:\Users\alexia\.openjfx\cache\17.0.6\glass.dll
0x77660000 - 0x77711000 	C:\WINDOWS\System32\COMDLG32.dll
0x763a0000 - 0x7649f000 	C:\WINDOWS\System32\MSCTF.dll
0x73de0000 - 0x73dfe000 	C:\WINDOWS\System32\DriverStore\FileRepository\iigd_dch.inf_amd64_38b23bd92a6775fe\igdinfo32.dll
0x67c50000 - 0x6a9ff000 	C:\WINDOWS\System32\DriverStore\FileRepository\iigd_dch.inf_amd64_38b23bd92a6775fe\igc32.dll
0x6f9c0000 - 0x6f9d1000 	C:\Users\alexia\.openjfx\cache\17.0.6\javafx_font.dll
0x73dd0000 - 0x73ddb000 	C:\Program Files (x86)\Eclipse Adoptium\jdk-11.0.21.9-hotspot\bin\sunmscapi.dll
0x761a0000 - 0x762a3000 	C:\WINDOWS\System32\CRYPT32.dll
0x6e870000 - 0x6e895000 	C:\WINDOWS\SYSTEM32\ncrypt.dll
0x6e840000 - 0x6e868000 	C:\WINDOWS\SYSTEM32\NTASN1.dll
0x6e810000 - 0x6e834000 	C:\Program Files (x86)\Eclipse Adoptium\jdk-11.0.21.9-hotspot\bin\sunec.dll
0x734c0000 - 0x734d5000 	C:\WINDOWS\SYSTEM32\CRYPTSP.dll
0x73490000 - 0x734c0000 	C:\WINDOWS\system32\rsaenh.dll
0x74530000 - 0x7454f000 	C:\WINDOWS\SYSTEM32\USERENV.dll
0x74950000 - 0x7495b000 	C:\WINDOWS\SYSTEM32\CRYPTBASE.dll
0x74910000 - 0x74934000 	C:\WINDOWS\SYSTEM32\IPHLPAPI.DLL
0x76340000 - 0x76347000 	C:\WINDOWS\System32\NSI.dll
0x74c40000 - 0x74c56000 	C:\WINDOWS\SYSTEM32\dhcpcsvc6.DLL
0x74c20000 - 0x74c37000 	C:\WINDOWS\SYSTEM32\dhcpcsvc.DLL
0x74b60000 - 0x74c1d000 	C:\WINDOWS\SYSTEM32\DNSAPI.dll
0x73380000 - 0x73388000 	C:\Windows\System32\rasadhlp.dll

dbghelp: loaded successfully - version: 4.0.5 - missing functions: none
symbol engine: initialized successfully - sym options: 0x614 - pdb path: .;C:\Program Files (x86)\Eclipse Adoptium\jdk-11.0.21.9-hotspot\bin;C:\WINDOWS\SYSTEM32;C:\WINDOWS\WinSxS\x86_microsoft.windows.common-controls_6595b64144ccf1df_6.0.22621.3235_none_6ebcabb88802389e;C:\Program Files (x86)\Eclipse Adoptium\jdk-11.0.21.9-hotspot\bin\client;C:\Program Files\JetBrains\IntelliJ IDEA 2023.3.2\bin;C:\Users\alexia\.openjfx\cache\17.0.6;C:\WINDOWS\System32\DriverStore\FileRepository\iigd_dch.inf_amd64_38b23bd92a6775fe;C:\Program Files (x86)\Common Files\Microsoft Shared\Ink

VM Arguments:
jvm_args: -javaagent:C:\Program Files\JetBrains\IntelliJ IDEA 2023.3.2\lib\idea_rt.jar=56882:C:\Program Files\JetBrains\IntelliJ IDEA 2023.3.2\bin -Dfile.encoding=UTF-8 --module-path=C:\Users\alexia\.m2\repository\com\gluonhq\attach\display\4.0.19\display-4.0.19.jar;C:\Users\alexia\.m2\repository\com\gluonhq\charm-glisten\6.2.3\charm-glisten-6.2.3.jar;C:\Users\alexia\.m2\repository\org\openjfx\javafx-fxml\17.0.6\javafx-fxml-17.0.6-win-x86.jar;C:\Users\alexia\.m2\repository\com\gluonhq\attach\util\4.0.19\util-4.0.19.jar;C:\Users\alexia\.m2\repository\org\openjfx\javafx-base\17.0.6\javafx-base-17.0.6-win-x86.jar;C:\Users\alexia\.m2\repository\org\openjfx\javafx-controls\17.0.6\javafx-controls-17.0.6-win-x86.jar;C:\Users\alexia\.m2\repository\com\gluonhq\attach\lifecycle\4.0.19\lifecycle-4.0.19.jar;C:\Users\alexia\.m2\repository\org\kordamp\bootstrapfx\bootstrapfx-core\0.4.0\bootstrapfx-core-0.4.0.jar;C:\Users\alexia\.m2\repository\org\openjfx\javafx-graphics\17.0.6\javafx-graphics-17.0.6-win-x86.jar;C:\Users\alexia\Downloads\appJavaFx\target\classes -Djdk.module.main=com.alilopez.vererinaria 
java_command: com.alilopez.vererinaria/com.alilopez.application.App
java_class_path (initial): C:\Users\alexia\.m2\repository\org\openjfx\javafx-controls\17.0.6\javafx-controls-17.0.6.jar;C:\Users\alexia\.m2\repository\org\openjfx\javafx-graphics\17.0.6\javafx-graphics-17.0.6.jar;C:\Users\alexia\.m2\repository\org\openjfx\javafx-base\17.0.6\javafx-base-17.0.6.jar;C:\Users\alexia\.m2\repository\org\openjfx\javafx-fxml\17.0.6\javafx-fxml-17.0.6.jar
Launcher Type: SUN_STANDARD

[Global flags]
   size_t InitialHeapSize                          = 16777216                                  {product} {ergonomic}
   size_t MaxHeapSize                              = 268435456                                 {product} {ergonomic}
   size_t MaxNewSize                               = 89456640                                  {product} {ergonomic}
   size_t MinHeapDeltaBytes                        = 131072                                    {product} {ergonomic}
   size_t NewSize                                  = 5570560                                   {product} {ergonomic}
    uintx NonProfiledCodeHeapSize                  = 0                                      {pd product} {ergonomic}
   size_t OldSize                                  = 11206656                                  {product} {ergonomic}
    uintx ProfiledCodeHeapSize                     = 0                                      {pd product} {ergonomic}
     bool ThreadLocalHandshakes                    = false                                  {pd product} {ergonomic}
     bool UseLargePagesIndividualAllocation        = false                                  {pd product} {ergonomic}
     bool UseSerialGC                              = true                                      {product} {ergonomic}

Logging:
Log output configuration:
 #0: stdout all=warning uptime,level,tags
 #1: stderr all=off uptime,level,tags

Environment Variables:
PATH=C:\Program Files (x86)\Eclipse Adoptium\jdk-11.0.21.9-hotspot\bin;C:\WINDOWS\system32;C:\WINDOWS;C:\WINDOWS\System32\Wbem;C:\WINDOWS\System32\WindowsPowerShell\v1.0\;C:\WINDOWS\System32\OpenSSH\;C:\Program Files\Git\cmd;C:\Program Files (x86)\Git\cmd;C:\Users\alexia\AppData\Local\Microsoft\WindowsApps;C:\Users\alexia\AppData\Local\GitHubDesktop\bin;C:\Users\alexia\AppData\Local\Programs\Microsoft VS Code\bin;;C:\Program Files\JetBrains\IntelliJ IDEA 2023.3.2\bin;
USERNAME=alexia
OS=Windows_NT
PROCESSOR_IDENTIFIER=Intel64 Family 6 Model 140 Stepping 1, GenuineIntel
TMP=C:\Users\alexia\AppData\Local\Temp
TEMP=C:\Users\alexia\AppData\Local\Temp



---------------  S Y S T E M  ---------------

OS: Windows 11 , 64 bit Build 22621 (10.0.22621.3374)
OS uptime: 0 days 3:40 hours

CPU:total 4 (initial active 4) (2 cores per cpu, 2 threads per core) family 6 model 140 stepping 1 microcode 0x8a, cmov, cx8, fxsr, mmx, sse, sse2, sse3, ssse3, sse4.1, sse4.2, popcnt, avx, avx2, aes, clmul, erms, 3dnowpref, lzcnt, ht, tsc, tscinvbit, bmi1, bmi2, adx, evex, sha, fma

Memory: 4k page, system-wide physical 3875M (279M free)
TotalPageFile size 13756M (AvailPageFile size 1711M), user-mode portion of virtual address-space 2047M (1332M free)
current process WorkingSet (physical memory assigned to process): 188M, peak: 194M
current process commit charge ("private bytes"): 182M, peak: 182M

vm_info: OpenJDK Client VM (11.0.21+9) for windows-x86 JRE (11.0.21+9), built on Oct 17 2023 17:27:10 by "" with MS VC++ 15.9 (VS2017)

END.
