#
# A fatal error has been detected by the Java Runtime Environment:
#
#  EXCEPTION_ACCESS_VIOLATION (0xc0000005) at pc=0x65536c62, pid=8444, tid=14600
#
# JRE version: OpenJDK Runtime Environment Temurin-11.0.21+9 (11.0.21+9) (build 11.0.21+9)
# Java VM: OpenJDK Client VM Temurin-11.0.21+9 (11.0.21+9, mixed mode, serial gc, windows-x86)
# Problematic frame:
# C  [glass.dll+0x16c62]
#
# No core dump will be written. Minidumps are not enabled by default on client versions of Windows
#
# If you would like to submit a bug report, please visit:
#   https://github.com/adoptium/adoptium-support/issues
# The crash happened outside the Java Virtual Machine in native code.
# See problematic frame for where to report the bug.
#

---------------  S U M M A R Y ------------

Command Line: -javaagent:C:\Program Files\JetBrains\IntelliJ IDEA 2023.3.2\lib\idea_rt.jar=57360:C:\Program Files\JetBrains\IntelliJ IDEA 2023.3.2\bin -Dfile.encoding=UTF-8 --module-path=C:\Users\alexia\.m2\repository\com\gluonhq\attach\util\4.0.19\util-4.0.19.jar;C:\Users\alexia\.m2\repository\org\openjfx\javafx-base\17.0.6\javafx-base-17.0.6-win-x86.jar;C:\Users\alexia\Downloads\appJavaFx\target\classes;C:\Users\alexia\.m2\repository\com\gluonhq\attach\lifecycle\4.0.19\lifecycle-4.0.19.jar;C:\Users\alexia\.m2\repository\org\openjfx\javafx-controls\17.0.6\javafx-controls-17.0.6-win-x86.jar;C:\Users\alexia\.m2\repository\com\gluonhq\attach\display\4.0.19\display-4.0.19.jar;C:\Users\alexia\.m2\repository\org\kordamp\bootstrapfx\bootstrapfx-core\0.4.0\bootstrapfx-core-0.4.0.jar;C:\Users\alexia\.m2\repository\org\openjfx\javafx-fxml\17.0.6\javafx-fxml-17.0.6-win-x86.jar;C:\Users\alexia\.m2\repository\com\gluonhq\charm-glisten\6.2.3\charm-glisten-6.2.3.jar;C:\Users\alexia\.m2\repository\org\openjfx\javafx-graphics\17.0.6\javafx-graphics-17.0.6-win-x86.jar -Djdk.module.main=com.alilopez.vererinaria com.alilopez.vererinaria/com.alilopez.application.App

Host: 11th Gen Intel(R) Core(TM) i3-1115G4 @ 3.00GHz, 4 cores, 3G,  Windows 11 , 64 bit Build 22621 (10.0.22621.3374)
Time: Tue Apr  9 07:53:12 2024 Hora estándar central (México) elapsed time: 371.705576 seconds (0d 0h 6m 11s)

---------------  T H R E A D  ---------------

Current thread (0x1604dc00):  JavaThread "JavaFX Application Thread" [_thread_in_native, id=14600, stack(0x167a0000,0x167f0000)]

Stack: [0x167a0000,0x167f0000],  sp=0x167eea5c,  free space=314k
Native frames: (J=compiled Java code, A=aot compiled Java code, j=interpreted, Vv=VM code, C=native code)
C  [glass.dll+0x16c62]

Java frames: (J=compiled Java code, j=interpreted, Vv=VM code)
j  com.sun.glass.ui.win.WinWindow._close(J)Z+0 javafx.graphics
j  com.sun.glass.ui.Window.close()V+63 javafx.graphics
j  com.sun.glass.ui.win.WinWindow.close()V+8 javafx.graphics
j  com.sun.glass.ui.Application.terminate()V+75 javafx.graphics
j  com.sun.javafx.tk.quantum.QuantumToolkit.lambda$exit$13()Ljava/lang/Object;+5 javafx.graphics
j  com.sun.javafx.tk.quantum.QuantumToolkit$$Lambda$773.get()Ljava/lang/Object;+0 javafx.graphics
j  com.sun.javafx.tk.quantum.QuantumToolkit.runWithRenderLock(Ljava/util/function/Supplier;)Ljava/lang/Object;+7 javafx.graphics
j  com.sun.javafx.tk.quantum.QuantumToolkit.exit()V+26 javafx.graphics
j  com.sun.javafx.application.PlatformImpl.lambda$tkExit$16()V+3 javafx.graphics
j  com.sun.javafx.application.PlatformImpl$$Lambda$772.run()V+0 javafx.graphics
j  com.sun.javafx.application.PlatformImpl.lambda$runAndWait$12(Ljava/lang/Runnable;Ljava/util/concurrent/CountDownLatch;)V+1 javafx.graphics
j  com.sun.javafx.application.PlatformImpl$$Lambda$86.run()V+8 javafx.graphics
j  com.sun.javafx.application.PlatformImpl.lambda$runLater$10(Ljava/lang/Runnable;)Ljava/lang/Void;+1 javafx.graphics
j  com.sun.javafx.application.PlatformImpl$$Lambda$89.run()Ljava/lang/Object;+4 javafx.graphics
v  ~StubRoutines::call_stub
J 1510  java.security.AccessController.doPrivileged(Ljava/security/PrivilegedAction;Ljava/security/AccessControlContext;)Ljava/lang/Object; java.base@11.0.21 (0 bytes) @ 0x03725f87 [0x03725f20+0x00000067]
j  com.sun.javafx.application.PlatformImpl.lambda$runLater$11(Ljava/lang/Runnable;Ljava/security/AccessControlContext;)V+7 javafx.graphics
j  com.sun.javafx.application.PlatformImpl$$Lambda$88.run()V+8 javafx.graphics
J 1873 c1 com.sun.glass.ui.InvokeLaterDispatcher$Future.run()V javafx.graphics (91 bytes) @ 0x0378cbc0 [0x0378cb90+0x00000030]
v  ~StubRoutines::call_stub
j  com.sun.glass.ui.win.WinApplication._runLoop(Ljava/lang/Runnable;)V+0 javafx.graphics
j  com.sun.glass.ui.win.WinApplication.lambda$runLoop$3(ILjava/lang/Runnable;)V+8 javafx.graphics
j  com.sun.glass.ui.win.WinApplication$$Lambda$77.run()V+12 javafx.graphics
j  java.lang.Thread.run()V+11 java.base@11.0.21
v  ~StubRoutines::call_stub

siginfo: EXCEPTION_ACCESS_VIOLATION (0xc0000005), reading address 0x000000b8


Register to memory mapping:

EIP=0x65536c62 glass.dll
EAX=0x0 is NULL
EBX=0x167eec90 is pointing into the stack for thread: 0x1604dc00
ECX=0x0 is NULL
EDX=0x0 is NULL
ESP=0x167eea5c is pointing into the stack for thread: 0x1604dc00
EBP=0x167eea88 is pointing into the stack for thread: 0x1604dc00
ESI=0x00000401 is an unknown value
EDI=0x0 is NULL


Registers:
EAX=0x00000000, EBX=0x167eec90, ECX=0x00000000, EDX=0x00000000
ESP=0x167eea5c, EBP=0x167eea88, ESI=0x00000401, EDI=0x00000000
EIP=0x65536c62, EFLAGS=0x00010206

Top of Stack: (sp=0x167eea5c)
0x167eea5c:   167eec90 00000401 167eec90 65528df8
0x167eea6c:   564874d1 1602e9d0 00050722 00000401
0x167eea7c:   167eebbc 655402b0 ffffffff 00000000
0x167eea8c:   65521755 00000401 167eec90 00000000
0x167eea9c:   00000401 00050722 167eead4 655216f0
0x167eeaac:   777b3083 00050722 00000401 167eec90
0x167eeabc:   00000000 00050722 dcbaabcd 655216f0
0x167eeacc:   00000401 00050722 167eebcc 777a3ec6 

Instructions: (pc=0x65536c62)
0x65536b62:   21 56 e8 47 42 00 00 ff 35 e8 03 55 65 8b f0 ff
0x65536b72:   77 68 56 e8 96 de fe ff 56 e8 a0 41 00 00 83 c4
0x65536b82:   10 5e c7 05 a4 03 55 65 00 00 00 00 5f c3 83 ec
0x65536b92:   24 a1 ec e0 54 65 33 c4 89 44 24 20 8b 44 24 28
0x65536ba2:   53 89 44 24 04 8b d9 8b 44 24 30 89 44 24 08 8b
0x65536bb2:   44 24 38 55 89 44 24 10 8b 44 24 38 56 89 83 84
0x65536bc2:   00 00 00 8b 44 24 0c 89 5c 24 18 bb 00 00 00 80
0x65536bd2:   8b eb 8b f3 57 8b fb 85 c0 79 29 8d 44 24 20 50
0x65536be2:   e8 29 aa fe ff 83 c4 04 85 c0 8b 44 24 10 74 14
0x65536bf2:   8b 74 24 28 8b 5c 24 20 2b f3 8b 7c 24 2c 8b 6c
0x65536c02:   24 24 2b fd 6a 00 50 ff 74 24 1c 68 d8 23 54 65
0x65536c12:   57 56 8b 74 24 34 8b ce 55 53 ff 74 24 38 e8 db
0x65536c22:   a7 fe ff 8b f8 8d 4e 14 57 e8 40 64 00 00 57 8d
0x65536c32:   4e 14 e8 c7 64 00 00 8b 4c 24 30 8b c7 5f 5e 5d
0x65536c42:   5b 33 cc e8 ae 7a 00 00 83 c4 24 c2 10 00 53 8b
0x65536c52:   d9 56 57 ff 73 08 e8 93 a9 fe ff 8b f8 83 c4 04
0x65536c62:   8b 87 b8 00 00 00 85 c0 75 03 8b 47 04 3b 05 a4
0x65536c72:   03 55 65 75 29 e8 34 41 00 00 ff 35 e8 03 55 65
0x65536c82:   8b f0 ff 77 68 56 e8 83 dd fe ff 56 e8 8d 40 00
0x65536c92:   00 83 c4 10 c7 05 a4 03 55 65 00 00 00 00 8d 4f
0x65536ca2:   14 e8 b8 69 00 00 8d 4f 14 e8 e0 69 00 00 ff 73
0x65536cb2:   08 ff 15 f8 fe 54 65 85 c0 5f 0f 95 c0 5e 88 43
0x65536cc2:   04 5b c3 cc cc cc cc cc cc cc cc cc cc cc 55 8b
0x65536cd2:   ec 6a ff 68 f7 11 54 65 64 a1 00 00 00 00 50 83
0x65536ce2:   ec 08 53 56 57 a1 ec e0 54 65 33 c5 50 8d 45 f4
0x65536cf2:   64 a3 00 00 00 00 8b f9 ff 77 18 ff 15 60 ff 54
0x65536d02:   65 85 c0 75 13 0f 57 c0 66 0f 13 45 ec 8b 55 f0
0x65536d12:   8b 45 ec e9 a7 00 00 00 68 dc 00 00 00 e8 96 79
0x65536d22:   00 00 83 c4 04 89 45 f0 c7 45 fc 00 00 00 00 85
0x65536d32:   c0 74 19 ff 77 18 8b c8 6a 01 6a 00 6a 00 6a 00
0x65536d42:   ff 77 10 e8 a6 f9 ff ff 8b d8 eb 02 33 db ff 77
0x65536d52:   18 8b cb c7 45 fc ff ff ff ff 6a 00 68 00 00 10 


Stack slot to memory mapping:
stack at sp + 0 slots: 0x167eec90 is pointing into the stack for thread: 0x1604dc00
stack at sp + 1 slots: 0x00000401 is an unknown value
stack at sp + 2 slots: 0x167eec90 is pointing into the stack for thread: 0x1604dc00
stack at sp + 3 slots: 0x65528df8 glass.dll
stack at sp + 4 slots: 0x564874d1 is an unknown value
stack at sp + 5 slots: 0x1602e9d0 points into unknown readable memory: 0x6554319c | 9c 31 54 65
stack at sp + 6 slots: 0x00050722 is an unknown value
stack at sp + 7 slots: 0x00000401 is an unknown value


---------------  P R O C E S S  ---------------

Threads class SMR info:
_java_thread_list=0x1ade8678, length=17, elements={
0x033ee800, 0x034a3400, 0x034b7c00, 0x1577f800,
0x15781000, 0x034c6000, 0x034c7400, 0x034ce800,
0x157f3800, 0x1594bc00, 0x15fcc400, 0x16017400,
0x1604dc00, 0x1a9e0c00, 0x1a9e1400, 0x1ac22800,
0x1ae18800
}

Java Threads: ( => current thread )
  0x033ee800 JavaThread "main" [_thread_blocked, id=2336, stack(0x02b80000,0x02bd0000)]
  0x034a3400 JavaThread "Reference Handler" daemon [_thread_blocked, id=13732, stack(0x05510000,0x05560000)]
  0x034b7c00 JavaThread "Finalizer" daemon [_thread_blocked, id=10760, stack(0x055a0000,0x055f0000)]
  0x1577f800 JavaThread "Signal Dispatcher" daemon [_thread_blocked, id=3768, stack(0x15990000,0x159e0000)]
  0x15781000 JavaThread "Attach Listener" daemon [_thread_blocked, id=9088, stack(0x15a20000,0x15a70000)]
  0x034c6000 JavaThread "Service Thread" daemon [_thread_blocked, id=11580, stack(0x15ab0000,0x15b00000)]
  0x034c7400 JavaThread "C1 CompilerThread0" daemon [_thread_blocked, id=2824, stack(0x15b40000,0x15b90000)]
  0x034ce800 JavaThread "Sweeper thread" daemon [_thread_blocked, id=12136, stack(0x15bd0000,0x15c20000)]
  0x157f3800 JavaThread "Common-Cleaner" daemon [_thread_blocked, id=16128, stack(0x15c60000,0x15cb0000)]
  0x1594bc00 JavaThread "Monitor Ctrl-Break" daemon [_thread_in_native, id=8328, stack(0x16100000,0x16150000)]
  0x15fcc400 JavaThread "QuantumRenderer-0" daemon [_thread_blocked, id=4268, stack(0x16420000,0x16470000)]
  0x16017400 JavaThread "InvokeLaterDispatcher" daemon [_thread_blocked, id=9924, stack(0x16610000,0x16660000)]
=>0x1604dc00 JavaThread "JavaFX Application Thread" [_thread_in_native, id=14600, stack(0x167a0000,0x167f0000)]
  0x1a9e0c00 JavaThread "Thread-1" daemon [_thread_in_native, id=16228, stack(0x1bb40000,0x1bb90000)]
  0x1a9e1400 JavaThread "JavaFX-Launcher" [_thread_blocked, id=12028, stack(0x1bbd0000,0x1bc20000)]
  0x1ac22800 JavaThread "Prism Font Disposer" daemon [_thread_blocked, id=15856, stack(0x1daf0000,0x1db40000)]
  0x1ae18800 JavaThread "Cleaner-0" daemon [_thread_blocked, id=1776, stack(0x1fe20000,0x1fe70000)]

Other Threads:
  0x034a0400 VMThread "VM Thread" [stack: 0x03370000,0x033c0000] [id=6568]
  0x1594c800 WatcherThread [stack: 0x16190000,0x161e0000] [id=10460]

Threads with active compile tasks:

VM state:not at safepoint (normal execution)

VM Mutex/Monitor currently owned by a thread: None

Heap:
 def new generation   total 8064K, used 1196K [0x05600000, 0x05ec0000, 0x0ab50000)
  eden space 7168K,   4% used [0x05600000, 0x0564b258, 0x05d00000)
  from space 896K, 100% used [0x05d00000, 0x05de0000, 0x05de0000)
  to   space 896K,   0% used [0x05de0000, 0x05de0000, 0x05ec0000)
 tenured generation   total 17784K, used 17742K [0x0ab50000, 0x0bcae000, 0x15600000)
   the space 17784K,  99% used [0x0ab50000, 0x0bca3b68, 0x0bca3c00, 0x0bcae000)
 Metaspace       used 19388K, capacity 19897K, committed 19968K, reserved 20864K

Card table byte_map: [0x02de0000,0x02e70000] _byte_map_base: 0x02db5000

Polling page: 0x02d40000

Metaspace:

Usage:
   19.43 MB capacity,    18.93 MB ( 97%) used,   355.65 KB (  2%) free+waste,   153.13 KB ( <1%) overhead. 

Virtual space:
     20.38 MB reserved,      19.50 MB ( 96%) committed 

Chunk freelists:
0 bytes

MaxMetaspaceSize: 4.00 GB
No class space
Initial GC threshold: 12.00 MB
Current GC threshold: 26.67 MB
CDS: off

CodeCache: size=32768Kb used=4379Kb max_used=4379Kb free=28388Kb
 bounds [0x034d0000, 0x03918000, 0x054d0000]
 total_blobs=3530 nmethods=3077 adapters=384
 compilation: enabled
              stopped_count=0, restarted_count=0
 full_count=0

Compilation events (20 events):
Event: 188.748 Thread 0x034c7400 3064             com.sun.glass.ui.View::checkNotClosed (20 bytes)
Event: 188.748 Thread 0x034c7400 nmethod 3064 0x0390fc48 code [0x0390fd60, 0x0390fe8c]
Event: 190.299 Thread 0x034c7400 3065 % !         com.sun.glass.ui.InvokeLaterDispatcher::run @ 94 (153 bytes)
Event: 190.300 Thread 0x034c7400 nmethod 3065% 0x0390ff48 code [0x039100e0, 0x039107ac]
Event: 266.025 Thread 0x034c7400 3066             sun.nio.cs.UTF_8$Encoder::encodeArrayLoop (489 bytes)
Event: 266.030 Thread 0x034c7400 nmethod 3066 0x03910dc8 code [0x03911150, 0x03911f04]
Event: 266.042 Thread 0x034c7400 3067             java.util.regex.Pattern$CharPropertyGreedy::match (122 bytes)
Event: 266.043 Thread 0x034c7400 nmethod 3067 0x03912ac8 code [0x03912c10, 0x03912e50]
Event: 321.602 Thread 0x034c7400 3068             com.sun.javafx.geom.transform.AffineBase::inverseTransform (358 bytes)
Event: 321.603 Thread 0x034c7400 nmethod 3068 0x03912fc8 code [0x03913160, 0x0391370c]
Event: 321.609 Thread 0x034c7400 3069             com.sun.javafx.geom.transform.AffineBase::inverseDeltaTransform (289 bytes)
Event: 321.610 Thread 0x034c7400 nmethod 3069 0x03913a08 code [0x03913ba0, 0x039140dc]
Event: 356.682 Thread 0x034c7400 3070             java.net.URI::quote (196 bytes)
Event: 356.685 Thread 0x034c7400 nmethod 3070 0x03914388 code [0x03914570, 0x03914bc4]
Event: 356.692 Thread 0x034c7400 3071             javafx.fxml.FXMLLoader$Element::processStartElement (125 bytes)
Event: 356.692 Thread 0x034c7400 nmethod 3071 0x03915088 code [0x03915210, 0x03915490]
Event: 356.702 Thread 0x034c7400 3072             javafx.fxml.FXMLLoader$Element::processInstancePropertyAttributes (46 bytes)
Event: 356.703 Thread 0x034c7400 nmethod 3072 0x03915748 code [0x039158a0, 0x03915afc]
Event: 356.727 Thread 0x034c7400 3073             com.sun.javafx.scene.control.behavior.TextInputControlBehavior::addKeyPadMappings (312 bytes)
Event: 356.729 Thread 0x034c7400 nmethod 3073 0x03915d08 code [0x03915f20, 0x03916474]

GC Heap History (20 events):
Event: 82.139 GC heap before
{Heap before GC invocations=18 (full 2):
 def new generation   total 8064K, used 8064K [0x05600000, 0x05ec0000, 0x0ab50000)
  eden space 7168K, 100% used [0x05600000, 0x05d00000, 0x05d00000)
  from space 896K, 100% used [0x05d00000, 0x05de0000, 0x05de0000)
  to   space 896K,   0% used [0x05de0000, 0x05de0000, 0x05ec0000)
 tenured generation   total 17784K, used 11478K [0x0ab50000, 0x0bcae000, 0x15600000)
   the space 17784K,  64% used [0x0ab50000, 0x0b685a98, 0x0b685c00, 0x0bcae000)
 Metaspace       used 17926K, capacity 18346K, committed 18432K, reserved 18816K
}
Event: 82.146 GC heap after
{Heap after GC invocations=19 (full 2):
 def new generation   total 8064K, used 678K [0x05600000, 0x05ec0000, 0x0ab50000)
  eden space 7168K,   0% used [0x05600000, 0x05600000, 0x05d00000)
  from space 896K,  75% used [0x05de0000, 0x05e89888, 0x05ec0000)
  to   space 896K,   0% used [0x05d00000, 0x05d00000, 0x05de0000)
 tenured generation   total 17784K, used 12330K [0x0ab50000, 0x0bcae000, 0x15600000)
   the space 17784K,  69% used [0x0ab50000, 0x0b75aac0, 0x0b75ac00, 0x0bcae000)
 Metaspace       used 17926K, capacity 18346K, committed 18432K, reserved 18816K
}
Event: 115.911 GC heap before
{Heap before GC invocations=19 (full 2):
 def new generation   total 8064K, used 7846K [0x05600000, 0x05ec0000, 0x0ab50000)
  eden space 7168K, 100% used [0x05600000, 0x05d00000, 0x05d00000)
  from space 896K,  75% used [0x05de0000, 0x05e89888, 0x05ec0000)
  to   space 896K,   0% used [0x05d00000, 0x05d00000, 0x05de0000)
 tenured generation   total 17784K, used 12330K [0x0ab50000, 0x0bcae000, 0x15600000)
   the space 17784K,  69% used [0x0ab50000, 0x0b75aac0, 0x0b75ac00, 0x0bcae000)
 Metaspace       used 18333K, capacity 18786K, committed 18816K, reserved 18816K
}
Event: 115.917 GC heap after
{Heap after GC invocations=20 (full 2):
 def new generation   total 8064K, used 652K [0x05600000, 0x05ec0000, 0x0ab50000)
  eden space 7168K,   0% used [0x05600000, 0x05600000, 0x05d00000)
  from space 896K,  72% used [0x05d00000, 0x05da3338, 0x05de0000)
  to   space 896K,   0% used [0x05de0000, 0x05de0000, 0x05ec0000)
 tenured generation   total 17784K, used 12982K [0x0ab50000, 0x0bcae000, 0x15600000)
   the space 17784K,  72% used [0x0ab50000, 0x0b7fd8c8, 0x0b7fda00, 0x0bcae000)
 Metaspace       used 18333K, capacity 18786K, committed 18816K, reserved 18816K
}
Event: 127.518 GC heap before
{Heap before GC invocations=20 (full 2):
 def new generation   total 8064K, used 7820K [0x05600000, 0x05ec0000, 0x0ab50000)
  eden space 7168K, 100% used [0x05600000, 0x05d00000, 0x05d00000)
  from space 896K,  72% used [0x05d00000, 0x05da3338, 0x05de0000)
  to   space 896K,   0% used [0x05de0000, 0x05de0000, 0x05ec0000)
 tenured generation   total 17784K, used 12982K [0x0ab50000, 0x0bcae000, 0x15600000)
   the space 17784K,  72% used [0x0ab50000, 0x0b7fd8c8, 0x0b7fda00, 0x0bcae000)
 Metaspace       used 18512K, capacity 18952K, committed 19072K, reserved 19840K
}
Event: 127.521 GC heap after
{Heap after GC invocations=21 (full 2):
 def new generation   total 8064K, used 817K [0x05600000, 0x05ec0000, 0x0ab50000)
  eden space 7168K,   0% used [0x05600000, 0x05600000, 0x05d00000)
  from space 896K,  91% used [0x05de0000, 0x05eac790, 0x05ec0000)
  to   space 896K,   0% used [0x05d00000, 0x05d00000, 0x05de0000)
 tenured generation   total 17784K, used 13582K [0x0ab50000, 0x0bcae000, 0x15600000)
   the space 17784K,  76% used [0x0ab50000, 0x0b893bb8, 0x0b893c00, 0x0bcae000)
 Metaspace       used 18512K, capacity 18952K, committed 19072K, reserved 19840K
}
Event: 129.854 GC heap before
{Heap before GC invocations=21 (full 2):
 def new generation   total 8064K, used 7985K [0x05600000, 0x05ec0000, 0x0ab50000)
  eden space 7168K, 100% used [0x05600000, 0x05d00000, 0x05d00000)
  from space 896K,  91% used [0x05de0000, 0x05eac790, 0x05ec0000)
  to   space 896K,   0% used [0x05d00000, 0x05d00000, 0x05de0000)
 tenured generation   total 17784K, used 13582K [0x0ab50000, 0x0bcae000, 0x15600000)
   the space 17784K,  76% used [0x0ab50000, 0x0b893bb8, 0x0b893c00, 0x0bcae000)
 Metaspace       used 18875K, capacity 19352K, committed 19456K, reserved 19840K
}
Event: 129.859 GC heap after
{Heap after GC invocations=22 (full 2):
 def new generation   total 8064K, used 896K [0x05600000, 0x05ec0000, 0x0ab50000)
  eden space 7168K,   0% used [0x05600000, 0x05600000, 0x05d00000)
  from space 896K, 100% used [0x05d00000, 0x05de0000, 0x05de0000)
  to   space 896K,   0% used [0x05de0000, 0x05de0000, 0x05ec0000)
 tenured generation   total 17784K, used 14851K [0x0ab50000, 0x0bcae000, 0x15600000)
   the space 17784K,  83% used [0x0ab50000, 0x0b9d0c78, 0x0b9d0e00, 0x0bcae000)
 Metaspace       used 18875K, capacity 19352K, committed 19456K, reserved 19840K
}
Event: 146.350 GC heap before
{Heap before GC invocations=22 (full 2):
 def new generation   total 8064K, used 8064K [0x05600000, 0x05ec0000, 0x0ab50000)
  eden space 7168K, 100% used [0x05600000, 0x05d00000, 0x05d00000)
  from space 896K, 100% used [0x05d00000, 0x05de0000, 0x05de0000)
  to   space 896K,   0% used [0x05de0000, 0x05de0000, 0x05ec0000)
 tenured generation   total 17784K, used 14851K [0x0ab50000, 0x0bcae000, 0x15600000)
   the space 17784K,  83% used [0x0ab50000, 0x0b9d0c78, 0x0b9d0e00, 0x0bcae000)
 Metaspace       used 19304K, capacity 19779K, committed 19840K, reserved 19840K
}
Event: 146.355 GC heap after
{Heap after GC invocations=23 (full 2):
 def new generation   total 8064K, used 896K [0x05600000, 0x05ec0000, 0x0ab50000)
  eden space 7168K,   0% used [0x05600000, 0x05600000, 0x05d00000)
  from space 896K, 100% used [0x05de0000, 0x05ec0000, 0x05ec0000)
  to   space 896K,   0% used [0x05d00000, 0x05d00000, 0x05de0000)
 tenured generation   total 17784K, used 15886K [0x0ab50000, 0x0bcae000, 0x15600000)
   the space 17784K,  89% used [0x0ab50000, 0x0bad3be8, 0x0bad3c00, 0x0bcae000)
 Metaspace       used 19304K, capacity 19779K, committed 19840K, reserved 19840K
}
Event: 154.393 GC heap before
{Heap before GC invocations=23 (full 2):
 def new generation   total 8064K, used 8064K [0x05600000, 0x05ec0000, 0x0ab50000)
  eden space 7168K, 100% used [0x05600000, 0x05d00000, 0x05d00000)
  from space 896K, 100% used [0x05de0000, 0x05ec0000, 0x05ec0000)
  to   space 896K,   0% used [0x05d00000, 0x05d00000, 0x05de0000)
 tenured generation   total 17784K, used 15886K [0x0ab50000, 0x0bcae000, 0x15600000)
   the space 17784K,  89% used [0x0ab50000, 0x0bad3be8, 0x0bad3c00, 0x0bcae000)
 Metaspace       used 19315K, capacity 19813K, committed 19840K, reserved 19840K
}
Event: 154.403 GC heap after
{Heap after GC invocations=24 (full 2):
 def new generation   total 8064K, used 633K [0x05600000, 0x05ec0000, 0x0ab50000)
  eden space 7168K,   0% used [0x05600000, 0x05600000, 0x05d00000)
  from space 896K,  70% used [0x05d00000, 0x05d9e6c0, 0x05de0000)
  to   space 896K,   0% used [0x05de0000, 0x05de0000, 0x05ec0000)
 tenured generation   total 17784K, used 16714K [0x0ab50000, 0x0bcae000, 0x15600000)
   the space 17784K,  93% used [0x0ab50000, 0x0bba2980, 0x0bba2a00, 0x0bcae000)
 Metaspace       used 19315K, capacity 19813K, committed 19840K, reserved 19840K
}
Event: 161.165 GC heap before
{Heap before GC invocations=24 (full 2):
 def new generation   total 8064K, used 7801K [0x05600000, 0x05ec0000, 0x0ab50000)
  eden space 7168K, 100% used [0x05600000, 0x05d00000, 0x05d00000)
  from space 896K,  70% used [0x05d00000, 0x05d9e6c0, 0x05de0000)
  to   space 896K,   0% used [0x05de0000, 0x05de0000, 0x05ec0000)
 tenured generation   total 17784K, used 16714K [0x0ab50000, 0x0bcae000, 0x15600000)
   the space 17784K,  93% used [0x0ab50000, 0x0bba2980, 0x0bba2a00, 0x0bcae000)
 Metaspace       used 19315K, capacity 19813K, committed 19840K, reserved 19840K
}
Event: 161.167 GC heap after
{Heap after GC invocations=25 (full 2):
 def new generation   total 8064K, used 224K [0x05600000, 0x05ec0000, 0x0ab50000)
  eden space 7168K,   0% used [0x05600000, 0x05600000, 0x05d00000)
  from space 896K,  25% used [0x05de0000, 0x05e18210, 0x05ec0000)
  to   space 896K,   0% used [0x05d00000, 0x05d00000, 0x05de0000)
 tenured generation   total 17784K, used 17245K [0x0ab50000, 0x0bcae000, 0x15600000)
   the space 17784K,  96% used [0x0ab50000, 0x0bc27400, 0x0bc27400, 0x0bcae000)
 Metaspace       used 19315K, capacity 19813K, committed 19840K, reserved 19840K
}
Event: 180.596 GC heap before
{Heap before GC invocations=25 (full 2):
 def new generation   total 8064K, used 7392K [0x05600000, 0x05ec0000, 0x0ab50000)
  eden space 7168K, 100% used [0x05600000, 0x05d00000, 0x05d00000)
  from space 896K,  25% used [0x05de0000, 0x05e18210, 0x05ec0000)
  to   space 896K,   0% used [0x05d00000, 0x05d00000, 0x05de0000)
 tenured generation   total 17784K, used 17245K [0x0ab50000, 0x0bcae000, 0x15600000)
   the space 17784K,  96% used [0x0ab50000, 0x0bc27400, 0x0bc27400, 0x0bcae000)
 Metaspace       used 19336K, capacity 19819K, committed 19840K, reserved 19840K
}
Event: 180.599 GC heap after
{Heap after GC invocations=26 (full 2):
 def new generation   total 8064K, used 312K [0x05600000, 0x05ec0000, 0x0ab50000)
  eden space 7168K,   0% used [0x05600000, 0x05600000, 0x05d00000)
  from space 896K,  34% used [0x05d00000, 0x05d4e070, 0x05de0000)
  to   space 896K,   0% used [0x05de0000, 0x05de0000, 0x05ec0000)
 tenured generation   total 17784K, used 17245K [0x0ab50000, 0x0bcae000, 0x15600000)
   the space 17784K,  96% used [0x0ab50000, 0x0bc27400, 0x0bc27400, 0x0bcae000)
 Metaspace       used 19336K, capacity 19819K, committed 19840K, reserved 19840K
}
Event: 270.187 GC heap before
{Heap before GC invocations=26 (full 2):
 def new generation   total 8064K, used 7480K [0x05600000, 0x05ec0000, 0x0ab50000)
  eden space 7168K, 100% used [0x05600000, 0x05d00000, 0x05d00000)
  from space 896K,  34% used [0x05d00000, 0x05d4e070, 0x05de0000)
  to   space 896K,   0% used [0x05de0000, 0x05de0000, 0x05ec0000)
 tenured generation   total 17784K, used 17245K [0x0ab50000, 0x0bcae000, 0x15600000)
   the space 17784K,  96% used [0x0ab50000, 0x0bc27400, 0x0bc27400, 0x0bcae000)
 Metaspace       used 19366K, capacity 19878K, committed 19968K, reserved 20864K
}
Event: 270.190 GC heap after
{Heap after GC invocations=27 (full 2):
 def new generation   total 8064K, used 505K [0x05600000, 0x05ec0000, 0x0ab50000)
  eden space 7168K,   0% used [0x05600000, 0x05600000, 0x05d00000)
  from space 896K,  56% used [0x05de0000, 0x05e5e7c0, 0x05ec0000)
  to   space 896K,   0% used [0x05d00000, 0x05d00000, 0x05de0000)
 tenured generation   total 17784K, used 17245K [0x0ab50000, 0x0bcae000, 0x15600000)
   the space 17784K,  96% used [0x0ab50000, 0x0bc27400, 0x0bc27400, 0x0bcae000)
 Metaspace       used 19366K, capacity 19878K, committed 19968K, reserved 20864K
}
Event: 371.195 GC heap before
{Heap before GC invocations=27 (full 2):
 def new generation   total 8064K, used 7673K [0x05600000, 0x05ec0000, 0x0ab50000)
  eden space 7168K, 100% used [0x05600000, 0x05d00000, 0x05d00000)
  from space 896K,  56% used [0x05de0000, 0x05e5e7c0, 0x05ec0000)
  to   space 896K,   0% used [0x05d00000, 0x05d00000, 0x05de0000)
 tenured generation   total 17784K, used 17245K [0x0ab50000, 0x0bcae000, 0x15600000)
   the space 17784K,  96% used [0x0ab50000, 0x0bc27400, 0x0bc27400, 0x0bcae000)
 Metaspace       used 19378K, capacity 19891K, committed 19968K, reserved 20864K
}
Event: 371.205 GC heap after
{Heap after GC invocations=28 (full 2):
 def new generation   total 8064K, used 896K [0x05600000, 0x05ec0000, 0x0ab50000)
  eden space 7168K,   0% used [0x05600000, 0x05600000, 0x05d00000)
  from space 896K, 100% used [0x05d00000, 0x05de0000, 0x05de0000)
  to   space 896K,   0% used [0x05de0000, 0x05de0000, 0x05ec0000)
 tenured generation   total 17784K, used 17742K [0x0ab50000, 0x0bcae000, 0x15600000)
   the space 17784K,  99% used [0x0ab50000, 0x0bca3b68, 0x0bca3c00, 0x0bcae000)
 Metaspace       used 19378K, capacity 19891K, committed 19968K, reserved 20864K
}

Deoptimization events (12 events):
Event: 2.458 Thread 0x1604dc00 DEOPT PACKING pc=0x035f708f sp=0x167ee350
Event: 2.458 Thread 0x1604dc00 DEOPT UNPACKING pc=0x0350c187 sp=0x167ee270 mode 3
Event: 2.464 Thread 0x1604dc00 DEOPT PACKING pc=0x0366c9f1 sp=0x167ee4d0
Event: 2.464 Thread 0x1604dc00 DEOPT UNPACKING pc=0x0350c187 sp=0x167ee3f4 mode 3
Event: 2.535 Thread 0x1604dc00 DEOPT PACKING pc=0x0369644c sp=0x167ee0e0
Event: 2.535 Thread 0x1604dc00 DEOPT UNPACKING pc=0x0350c187 sp=0x167edf90 mode 3
Event: 2.756 Thread 0x15fcc400 DEOPT PACKING pc=0x036bdbfd sp=0x1646f080
Event: 2.756 Thread 0x15fcc400 DEOPT UNPACKING pc=0x0350c187 sp=0x1646efac mode 3
Event: 98.764 Thread 0x1604dc00 DEOPT PACKING pc=0x0379df39 sp=0x167ecc10
Event: 98.764 Thread 0x1604dc00 DEOPT UNPACKING pc=0x0350c187 sp=0x167ecab4 mode 3
Event: 129.835 Thread 0x1604dc00 DEOPT PACKING pc=0x038269cd sp=0x167ea1b0
Event: 129.835 Thread 0x1604dc00 DEOPT UNPACKING pc=0x0350c187 sp=0x167ea058 mode 3

Classes redefined (0 events):
No events

Internal exceptions (20 events):
Event: 77.516 Thread 0x15fcc400 Exception <a 'java/lang/NoSuchMethodError'{0x05aff508}: 'java.lang.Object java.lang.invoke.DirectMethodHandle$Holder.invokeStaticInit(java.lang.Object, int)'> (0x05aff508) thrown at [s\src\hotspot\share\interpreter\linkResolver.cpp, line 773]
Event: 98.764 Thread 0x1604dc00 Implicit null exception at 0x0379dcbf to 0x0379df34
Event: 105.063 Thread 0x1604dc00 Exception <a 'java/lang/NoSuchMethodError'{0x05b19b80}: 'java.lang.Object java.lang.invoke.DirectMethodHandle$Holder.invokeSpecial(java.lang.Object, java.lang.Object, int, int, int, java.lang.Object, java.lang.Object, int, java.lang.Object, int)'> (0x05b19b80) thrown at [s\src\hotspot\share\interpreter\linkResolver.cpp, line 773]
Event: 105.064 Thread 0x1604dc00 Exception <a 'java/lang/NoSuchMethodError'{0x05b1d350}: 'java.lang.Object java.lang.invoke.DelegatingMethodHandle$Holder.reinvoke_L(java.lang.Object, int, int, int, java.lang.Object, java.lang.Object, int, java.lang.Object, int)'> (0x05b1d350) thrown at [s\src\hotspot\share\interpreter\linkResolver.cpp, line 773]
Event: 105.068 Thread 0x1604dc00 Exception <a 'java/lang/NoSuchMethodError'{0x05b679c0}: 'java.lang.Object java.lang.invoke.DelegatingMethodHandle$Holder.reinvoke_L(java.lang.Object, java.lang.Object, java.lang.Object, int, java.lang.Object, int)'> (0x05b679c0) thrown at [s\src\hotspot\share\interpreter\linkResolver.cpp, line 773]
Event: 115.905 Thread 0x1604dc00 Exception <a 'sun/nio/fs/WindowsException'{0x05ce3818}> (0x05ce3818) thrown at [s\src\hotspot\share\prims\jni.cpp, line 617]
Event: 115.943 Thread 0x1604dc00 Exception <a 'java/net/UnknownHostException'{0x05659c18}> (0x05659c18) thrown at [s\src\hotspot\share\prims\jni.cpp, line 617]
Event: 117.906 Thread 0x1604dc00 Exception <a 'java/net/UnknownHostException'{0x059922d8}> (0x059922d8) thrown at [s\src\hotspot\share\prims\jni.cpp, line 617]
Event: 127.489 Thread 0x1604dc00 Exception <a 'java/net/UnknownHostException'{0x05c25270}> (0x05c25270) thrown at [s\src\hotspot\share\prims\jni.cpp, line 617]
Event: 129.785 Thread 0x1604dc00 Exception <a 'java/net/UnknownHostException'{0x058910c8}> (0x058910c8) thrown at [s\src\hotspot\share\prims\jni.cpp, line 617]
Event: 129.790 Thread 0x1604dc00 Exception <a 'java/lang/ClassNotFoundException'{0x058cca10}: com/sun/javafx/scene/control/skin/resources/controls-nt> (0x058cca10) thrown at [s\src\hotspot\share\prims\jni.cpp, line 638]
Event: 129.791 Thread 0x1604dc00 Exception <a 'java/lang/ClassNotFoundException'{0x058d5678}: com/sun/javafx/scene/control/skin/resources/controls-nt_es> (0x058d5678) thrown at [s\src\hotspot\share\prims\jni.cpp, line 638]
Event: 129.791 Thread 0x1604dc00 Exception <a 'java/lang/ClassNotFoundException'{0x058d7388}: com/sun/javafx/scene/control/skin/resources/controls-nt_es_MX> (0x058d7388) thrown at [s\src\hotspot\share\prims\jni.cpp, line 638]
Event: 129.835 Thread 0x1604dc00 Implicit null exception at 0x038267f3 to 0x038269c8
Event: 184.668 Thread 0x1604dc00 Exception <a 'java/lang/NoSuchMethodError'{0x05867760}: 'java.lang.Object java.lang.invoke.DirectMethodHandle$Holder.invokeStatic(java.lang.Object, java.lang.Object, java.lang.Object, double, double, double, double, int, int, int, int, int, int, int, int, int)'> (0x05867760) thrown at [s\src\hotspot\share\interpreter\linkResolver.cpp, line 773]
Event: 266.040 Thread 0x1604dc00 Exception <a 'java/net/UnknownHostException'{0x05c1a2e0}> (0x05c1a2e0) thrown at [s\src\hotspot\share\prims\jni.cpp, line 617]
Event: 266.042 Thread 0x1604dc00 Exception <a 'java/net/UnknownHostException'{0x05c22e68}> (0x05c22e68) thrown at [s\src\hotspot\share\prims\jni.cpp, line 617]
Event: 356.698 Thread 0x1604dc00 Exception <a 'java/net/UnknownHostException'{0x057c5990}> (0x057c5990) thrown at [s\src\hotspot\share\prims\jni.cpp, line 617]
Event: 359.683 Thread 0x1604dc00 Exception <a 'java/lang/NoSuchMethodError'{0x05ba35b0}: 'java.lang.Object java.lang.invoke.DirectMethodHandle$Holder.invokeStatic(java.lang.Object, java.lang.Object, java.lang.Object, int, int, int, int, int)'> (0x05ba35b0) thrown at [s\src\hotspot\share\interpreter\linkResolver.cpp, line 773]
Event: 371.646 Thread 0x1604dc00 Exception <a 'java/lang/IllegalArgumentException'{0x05612640}> (0x05612640) thrown at [s\src\hotspot\share\prims\jvm.cpp, line 1310]

Events (20 events):
Event: 359.682 loading class com/sun/glass/ui/View
Event: 359.682 loading class com/sun/glass/ui/View done
Event: 359.683 loading class com/sun/javafx/tk/quantum/GlassViewEventHandler
Event: 359.683 loading class com/sun/javafx/tk/quantum/GlassViewEventHandler done
Event: 359.684 loading class com/sun/glass/ui/View
Event: 359.684 loading class com/sun/glass/ui/View done
Event: 359.684 loading class com/sun/javafx/tk/quantum/GlassViewEventHandler
Event: 359.684 loading class com/sun/javafx/tk/quantum/GlassViewEventHandler done
Event: 371.195 Executing VM operation: GenCollectForAllocation
Event: 371.205 Executing VM operation: GenCollectForAllocation done
Event: 371.205 Executing VM operation: RevokeBias
Event: 371.205 Executing VM operation: RevokeBias done
Event: 371.618 loading class javafx/application/Application
Event: 371.618 loading class javafx/application/Application done
Event: 371.618 loading class javafx/application/Application
Event: 371.618 loading class javafx/application/Application done
Event: 371.646 loading class java/lang/Throwable$WrappedPrintStream
Event: 371.647 loading class java/lang/Throwable$PrintStreamOrWriter
Event: 371.647 loading class java/lang/Throwable$PrintStreamOrWriter done
Event: 371.647 loading class java/lang/Throwable$WrappedPrintStream done


Dynamic libraries:
0x00290000 - 0x0029c000 	C:\Program Files (x86)\Eclipse Adoptium\jdk-11.0.21.9-hotspot\bin\java.exe
0x77bc0000 - 0x77d71000 	C:\WINDOWS\SYSTEM32\ntdll.dll
0x768e0000 - 0x769d0000 	C:\WINDOWS\System32\KERNEL32.DLL
0x761f0000 - 0x76464000 	C:\WINDOWS\System32\KERNELBASE.dll
0x748b0000 - 0x74956000 	C:\WINDOWS\SYSTEM32\apphelp.dll
0x75980000 - 0x75a92000 	C:\WINDOWS\System32\ucrtbase.dll
0x74e30000 - 0x74e45000 	C:\Program Files (x86)\Eclipse Adoptium\jdk-11.0.21.9-hotspot\bin\jli.dll
0x77780000 - 0x77929000 	C:\WINDOWS\System32\USER32.dll
0x769d0000 - 0x769ea000 	C:\WINDOWS\System32\win32u.dll
0x767a0000 - 0x767c3000 	C:\WINDOWS\System32\GDI32.dll
0x769f0000 - 0x76ad2000 	C:\WINDOWS\System32\gdi32full.dll
0x76720000 - 0x76799000 	C:\WINDOWS\System32\msvcp_win.dll
0x74e10000 - 0x74e23000 	C:\Program Files (x86)\Eclipse Adoptium\jdk-11.0.21.9-hotspot\bin\VCRUNTIME140.dll
0x6fd50000 - 0x6ff78000 	C:\WINDOWS\WinSxS\x86_microsoft.windows.common-controls_6595b64144ccf1df_6.0.22621.3235_none_6ebcabb88802389e\COMCTL32.dll
0x75b70000 - 0x75c34000 	C:\WINDOWS\System32\msvcrt.dll
0x76ae0000 - 0x76b05000 	C:\WINDOWS\System32\IMM32.DLL
0x74da0000 - 0x74e0f000 	C:\Program Files (x86)\Eclipse Adoptium\jdk-11.0.21.9-hotspot\bin\msvcp140.dll
0x6aaf0000 - 0x6afcb000 	C:\Program Files (x86)\Eclipse Adoptium\jdk-11.0.21.9-hotspot\bin\client\jvm.dll
0x764e0000 - 0x7655f000 	C:\WINDOWS\System32\ADVAPI32.dll
0x75830000 - 0x758b5000 	C:\WINDOWS\System32\sechost.dll
0x76470000 - 0x7648a000 	C:\WINDOWS\System32\bcrypt.dll
0x77550000 - 0x7760a000 	C:\WINDOWS\System32\RPCRT4.dll
0x76c20000 - 0x76c26000 	C:\WINDOWS\System32\PSAPI.DLL
0x74d90000 - 0x74d98000 	C:\WINDOWS\SYSTEM32\WSOCK32.dll
0x76bc0000 - 0x76c1f000 	C:\WINDOWS\System32\WS2_32.dll
0x74bf0000 - 0x74bf8000 	C:\WINDOWS\SYSTEM32\VERSION.dll
0x74650000 - 0x74681000 	C:\WINDOWS\SYSTEM32\WINMM.dll
0x74e50000 - 0x74e63000 	C:\WINDOWS\SYSTEM32\kernel.appcore.dll
0x74d80000 - 0x74d8d000 	C:\Program Files (x86)\Eclipse Adoptium\jdk-11.0.21.9-hotspot\bin\verify.dll
0x6bb70000 - 0x6bd46000 	C:\WINDOWS\SYSTEM32\DBGHELP.DLL
0x77930000 - 0x77bac000 	C:\WINDOWS\System32\combase.dll
0x76b20000 - 0x76bbc000 	C:\WINDOWS\System32\OLEAUT32.dll
0x74d50000 - 0x74d79000 	C:\WINDOWS\SYSTEM32\dbgcore.DLL
0x76870000 - 0x768d2000 	C:\WINDOWS\System32\bcryptPrimitives.dll
0x74d20000 - 0x74d42000 	C:\Program Files (x86)\Eclipse Adoptium\jdk-11.0.21.9-hotspot\bin\java.dll
0x74d10000 - 0x74d19000 	C:\Program Files (x86)\Eclipse Adoptium\jdk-11.0.21.9-hotspot\bin\jimage.dll
0x74ce0000 - 0x74ced000 	C:\Program Files (x86)\Eclipse Adoptium\jdk-11.0.21.9-hotspot\bin\instrument.dll
0x74cf0000 - 0x74d06000 	C:\Program Files (x86)\Eclipse Adoptium\jdk-11.0.21.9-hotspot\bin\zip.dll
0x76d00000 - 0x77399000 	C:\WINDOWS\System32\SHELL32.dll
0x74f60000 - 0x7564f000 	C:\WINDOWS\SYSTEM32\windows.storage.dll
0x74e90000 - 0x74f57000 	C:\WINDOWS\SYSTEM32\wintypes.dll
0x76c30000 - 0x76cf1000 	C:\WINDOWS\System32\SHCORE.dll
0x76490000 - 0x764db000 	C:\WINDOWS\System32\shlwapi.dll
0x74b90000 - 0x74ba9000 	C:\WINDOWS\SYSTEM32\profapi.dll
0x74cc0000 - 0x74cd4000 	C:\Program Files (x86)\Eclipse Adoptium\jdk-11.0.21.9-hotspot\bin\net.dll
0x756d0000 - 0x757ac000 	C:\WINDOWS\SYSTEM32\WINHTTP.dll
0x74c60000 - 0x74cb1000 	C:\WINDOWS\system32\mswsock.dll
0x74c00000 - 0x74c0f000 	C:\Program Files (x86)\Eclipse Adoptium\jdk-11.0.21.9-hotspot\bin\nio.dll
0x74bb0000 - 0x74bc6000 	C:\Program Files\JetBrains\IntelliJ IDEA 2023.3.2\bin\breakgen.dll
0x74b80000 - 0x74b83000 	C:\Users\alexia\.openjfx\cache\17.0.6\api-ms-win-core-console-l1-1-0.dll
0x74b70000 - 0x74b73000 	C:\Users\alexia\.openjfx\cache\17.0.6\api-ms-win-core-console-l1-2-0.dll
0x74b60000 - 0x74b63000 	C:\Users\alexia\.openjfx\cache\17.0.6\api-ms-win-core-datetime-l1-1-0.dll
0x74b50000 - 0x74b53000 	C:\Users\alexia\.openjfx\cache\17.0.6\api-ms-win-core-debug-l1-1-0.dll
0x74b40000 - 0x74b43000 	C:\Users\alexia\.openjfx\cache\17.0.6\api-ms-win-core-errorhandling-l1-1-0.dll
0x74b30000 - 0x74b34000 	C:\Users\alexia\.openjfx\cache\17.0.6\api-ms-win-core-file-l1-1-0.dll
0x74b20000 - 0x74b23000 	C:\Users\alexia\.openjfx\cache\17.0.6\api-ms-win-core-file-l1-2-0.dll
0x74b10000 - 0x74b13000 	C:\Users\alexia\.openjfx\cache\17.0.6\api-ms-win-core-file-l2-1-0.dll
0x74b00000 - 0x74b03000 	C:\Users\alexia\.openjfx\cache\17.0.6\api-ms-win-core-handle-l1-1-0.dll
0x74a20000 - 0x74a23000 	C:\Users\alexia\.openjfx\cache\17.0.6\api-ms-win-core-heap-l1-1-0.dll
0x74a10000 - 0x74a13000 	C:\Users\alexia\.openjfx\cache\17.0.6\api-ms-win-core-interlocked-l1-1-0.dll
0x74a00000 - 0x74a03000 	C:\Users\alexia\.openjfx\cache\17.0.6\api-ms-win-core-libraryloader-l1-1-0.dll
0x749f0000 - 0x749f3000 	C:\Users\alexia\.openjfx\cache\17.0.6\api-ms-win-core-localization-l1-2-0.dll
0x749e0000 - 0x749e3000 	C:\Users\alexia\.openjfx\cache\17.0.6\api-ms-win-core-memory-l1-1-0.dll
0x74890000 - 0x74893000 	C:\Users\alexia\.openjfx\cache\17.0.6\api-ms-win-core-namedpipe-l1-1-0.dll
0x6c320000 - 0x6c323000 	C:\Users\alexia\.openjfx\cache\17.0.6\api-ms-win-core-processenvironment-l1-1-0.dll
0x6bb60000 - 0x6bb63000 	C:\Users\alexia\.openjfx\cache\17.0.6\api-ms-win-core-processthreads-l1-1-0.dll
0x6b820000 - 0x6b823000 	C:\Users\alexia\.openjfx\cache\17.0.6\api-ms-win-core-processthreads-l1-1-1.dll
0x6b810000 - 0x6b813000 	C:\Users\alexia\.openjfx\cache\17.0.6\api-ms-win-core-profile-l1-1-0.dll
0x6b800000 - 0x6b803000 	C:\Users\alexia\.openjfx\cache\17.0.6\api-ms-win-core-rtlsupport-l1-1-0.dll
0x6b7f0000 - 0x6b7f3000 	C:\Users\alexia\.openjfx\cache\17.0.6\api-ms-win-core-string-l1-1-0.dll
0x6b7e0000 - 0x6b7e3000 	C:\Users\alexia\.openjfx\cache\17.0.6\api-ms-win-core-synch-l1-1-0.dll
0x6b7d0000 - 0x6b7d3000 	C:\Users\alexia\.openjfx\cache\17.0.6\api-ms-win-core-synch-l1-2-0.dll
0x6b7c0000 - 0x6b7c3000 	C:\Users\alexia\.openjfx\cache\17.0.6\api-ms-win-core-sysinfo-l1-1-0.dll
0x6b7b0000 - 0x6b7b3000 	C:\Users\alexia\.openjfx\cache\17.0.6\api-ms-win-core-timezone-l1-1-0.dll
0x6b7a0000 - 0x6b7a3000 	C:\Users\alexia\.openjfx\cache\17.0.6\api-ms-win-core-util-l1-1-0.dll
0x6b4e0000 - 0x6b4e3000 	C:\Users\alexia\.openjfx\cache\17.0.6\api-ms-win-crt-conio-l1-1-0.dll
0x69990000 - 0x69994000 	C:\Users\alexia\.openjfx\cache\17.0.6\api-ms-win-crt-convert-l1-1-0.dll
0x69970000 - 0x69973000 	C:\Users\alexia\.openjfx\cache\17.0.6\api-ms-win-crt-environment-l1-1-0.dll
0x69960000 - 0x69963000 	C:\Users\alexia\.openjfx\cache\17.0.6\api-ms-win-crt-filesystem-l1-1-0.dll
0x69950000 - 0x69953000 	C:\Users\alexia\.openjfx\cache\17.0.6\api-ms-win-crt-heap-l1-1-0.dll
0x69940000 - 0x69943000 	C:\Users\alexia\.openjfx\cache\17.0.6\api-ms-win-crt-locale-l1-1-0.dll
0x69930000 - 0x69935000 	C:\Users\alexia\.openjfx\cache\17.0.6\api-ms-win-crt-math-l1-1-0.dll
0x69920000 - 0x69925000 	C:\Users\alexia\.openjfx\cache\17.0.6\api-ms-win-crt-multibyte-l1-1-0.dll
0x69910000 - 0x69920000 	C:\Users\alexia\.openjfx\cache\17.0.6\api-ms-win-crt-private-l1-1-0.dll
0x69900000 - 0x69903000 	C:\Users\alexia\.openjfx\cache\17.0.6\api-ms-win-crt-process-l1-1-0.dll
0x698f0000 - 0x698f4000 	C:\Users\alexia\.openjfx\cache\17.0.6\api-ms-win-crt-runtime-l1-1-0.dll
0x698e0000 - 0x698e4000 	C:\Users\alexia\.openjfx\cache\17.0.6\api-ms-win-crt-stdio-l1-1-0.dll
0x698d0000 - 0x698d4000 	C:\Users\alexia\.openjfx\cache\17.0.6\api-ms-win-crt-string-l1-1-0.dll
0x698c0000 - 0x698c3000 	C:\Users\alexia\.openjfx\cache\17.0.6\api-ms-win-crt-time-l1-1-0.dll
0x698b0000 - 0x698b3000 	C:\Users\alexia\.openjfx\cache\17.0.6\api-ms-win-crt-utility-l1-1-0.dll
0x69780000 - 0x698a3000 	C:\Users\alexia\.openjfx\cache\17.0.6\ucrtbase.dll
0x69760000 - 0x69774000 	C:\Users\alexia\.openjfx\cache\17.0.6\vcruntime140.dll
0x696f0000 - 0x6975d000 	C:\Users\alexia\.openjfx\cache\17.0.6\msvcp140.dll
0x696e0000 - 0x696e7000 	C:\Users\alexia\.openjfx\cache\17.0.6\msvcp140_1.dll
0x696b0000 - 0x696d9000 	C:\Users\alexia\.openjfx\cache\17.0.6\msvcp140_2.dll
0x69680000 - 0x696a6000 	C:\Users\alexia\.openjfx\cache\17.0.6\prism_d3d.dll
0x69500000 - 0x69671000 	C:\WINDOWS\system32\d3d9.dll
0x74530000 - 0x74554000 	C:\WINDOWS\SYSTEM32\dwmapi.dll
0x740e0000 - 0x7410e000 	C:\WINDOWS\SYSTEM32\dxcore.dll
0x73df0000 - 0x73e6f000 	C:\WINDOWS\system32\uxtheme.dll
0x69380000 - 0x694f9000 	C:\WINDOWS\System32\DriverStore\FileRepository\iigd_dch.inf_amd64_38b23bd92a6775fe\igdumdim32.dll
0x76560000 - 0x766b5000 	C:\WINDOWS\System32\ole32.dll
0x658a0000 - 0x69378000 	C:\WINDOWS\System32\DriverStore\FileRepository\iigd_dch.inf_amd64_38b23bd92a6775fe\igd9dxva32.dll
0x75c40000 - 0x7607d000 	C:\WINDOWS\System32\SETUPAPI.dll
0x757b0000 - 0x757ed000 	C:\WINDOWS\SYSTEM32\cfgmgr32.dll
0x655a0000 - 0x65898000 	C:\WINDOWS\System32\DriverStore\FileRepository\iigd_dch.inf_amd64_38b23bd92a6775fe\igdgmm32.dll
0x65560000 - 0x6559c000 	C:\WINDOWS\SYSTEM32\directxdatabasehelper.dll
0x65520000 - 0x65557000 	C:\Users\alexia\.openjfx\cache\17.0.6\glass.dll
0x758c0000 - 0x75971000 	C:\WINDOWS\System32\COMDLG32.dll
0x77450000 - 0x7754f000 	C:\WINDOWS\System32\MSCTF.dll
0x65500000 - 0x6551e000 	C:\WINDOWS\System32\DriverStore\FileRepository\iigd_dch.inf_amd64_38b23bd92a6775fe\igdinfo32.dll
0x62750000 - 0x654ff000 	C:\WINDOWS\System32\DriverStore\FileRepository\iigd_dch.inf_amd64_38b23bd92a6775fe\igc32.dll
0x62730000 - 0x62741000 	C:\Users\alexia\.openjfx\cache\17.0.6\javafx_font.dll
0x62700000 - 0x62724000 	C:\Program Files (x86)\Eclipse Adoptium\jdk-11.0.21.9-hotspot\bin\sunec.dll
0x6cc40000 - 0x6cc55000 	C:\WINDOWS\SYSTEM32\CRYPTSP.dll
0x6cc10000 - 0x6cc40000 	C:\WINDOWS\system32\rsaenh.dll
0x746b0000 - 0x746cf000 	C:\WINDOWS\SYSTEM32\USERENV.dll
0x748a0000 - 0x748ab000 	C:\WINDOWS\SYSTEM32\CRYPTBASE.dll
0x757f0000 - 0x75814000 	C:\WINDOWS\SYSTEM32\IPHLPAPI.DLL
0x76b10000 - 0x76b17000 	C:\WINDOWS\System32\NSI.dll
0x6f970000 - 0x6f986000 	C:\WINDOWS\SYSTEM32\dhcpcsvc6.DLL
0x6f950000 - 0x6f967000 	C:\WINDOWS\SYSTEM32\dhcpcsvc.DLL
0x6f890000 - 0x6f94d000 	C:\WINDOWS\SYSTEM32\DNSAPI.dll
0x626f0000 - 0x626f8000 	C:\Windows\System32\rasadhlp.dll
0x6a0a0000 - 0x6a2c4000 	C:\WINDOWS\SYSTEM32\dwrite.dll
0x773a0000 - 0x77422000 	C:\WINDOWS\System32\clbcatq.dll
0x62590000 - 0x626f0000 	C:\WINDOWS\SYSTEM32\WindowsCodecs.dll
0x6c170000 - 0x6c1bc000 	C:\WINDOWS\system32\dataexchange.dll

dbghelp: loaded successfully - version: 4.0.5 - missing functions: none
symbol engine: initialized successfully - sym options: 0x614 - pdb path: .;C:\Program Files (x86)\Eclipse Adoptium\jdk-11.0.21.9-hotspot\bin;C:\WINDOWS\SYSTEM32;C:\WINDOWS\WinSxS\x86_microsoft.windows.common-controls_6595b64144ccf1df_6.0.22621.3235_none_6ebcabb88802389e;C:\Program Files (x86)\Eclipse Adoptium\jdk-11.0.21.9-hotspot\bin\client;C:\Program Files\JetBrains\IntelliJ IDEA 2023.3.2\bin;C:\Users\alexia\.openjfx\cache\17.0.6;C:\WINDOWS\System32\DriverStore\FileRepository\iigd_dch.inf_amd64_38b23bd92a6775fe;C:\Program Files (x86)\Common Files\Microsoft Shared\Ink

VM Arguments:
jvm_args: -javaagent:C:\Program Files\JetBrains\IntelliJ IDEA 2023.3.2\lib\idea_rt.jar=57360:C:\Program Files\JetBrains\IntelliJ IDEA 2023.3.2\bin -Dfile.encoding=UTF-8 --module-path=C:\Users\alexia\.m2\repository\com\gluonhq\attach\util\4.0.19\util-4.0.19.jar;C:\Users\alexia\.m2\repository\org\openjfx\javafx-base\17.0.6\javafx-base-17.0.6-win-x86.jar;C:\Users\alexia\Downloads\appJavaFx\target\classes;C:\Users\alexia\.m2\repository\com\gluonhq\attach\lifecycle\4.0.19\lifecycle-4.0.19.jar;C:\Users\alexia\.m2\repository\org\openjfx\javafx-controls\17.0.6\javafx-controls-17.0.6-win-x86.jar;C:\Users\alexia\.m2\repository\com\gluonhq\attach\display\4.0.19\display-4.0.19.jar;C:\Users\alexia\.m2\repository\org\kordamp\bootstrapfx\bootstrapfx-core\0.4.0\bootstrapfx-core-0.4.0.jar;C:\Users\alexia\.m2\repository\org\openjfx\javafx-fxml\17.0.6\javafx-fxml-17.0.6-win-x86.jar;C:\Users\alexia\.m2\repository\com\gluonhq\charm-glisten\6.2.3\charm-glisten-6.2.3.jar;C:\Users\alexia\.m2\repository\org\openjfx\javafx-graphics\17.0.6\javafx-graphics-17.0.6-win-x86.jar -Djdk.module.main=com.alilopez.vererinaria 
java_command: com.alilopez.vererinaria/com.alilopez.application.App
java_class_path (initial): C:\Users\alexia\.m2\repository\org\openjfx\javafx-controls\17.0.6\javafx-controls-17.0.6.jar;C:\Users\alexia\.m2\repository\org\openjfx\javafx-graphics\17.0.6\javafx-graphics-17.0.6.jar;C:\Users\alexia\.m2\repository\org\openjfx\javafx-base\17.0.6\javafx-base-17.0.6.jar;C:\Users\alexia\.m2\repository\org\openjfx\javafx-fxml\17.0.6\javafx-fxml-17.0.6.jar
Launcher Type: SUN_STANDARD

[Global flags]
   size_t InitialHeapSize                          = 16777216                                  {product} {ergonomic}
   size_t MaxHeapSize                              = 268435456                                 {product} {ergonomic}
   size_t MaxNewSize                               = 89456640                                  {product} {ergonomic}
   size_t MinHeapDeltaBytes                        = 131072                                    {product} {ergonomic}
   size_t NewSize                                  = 5570560                                   {product} {ergonomic}
    uintx NonProfiledCodeHeapSize                  = 0                                      {pd product} {ergonomic}
   size_t OldSize                                  = 11206656                                  {product} {ergonomic}
    uintx ProfiledCodeHeapSize                     = 0                                      {pd product} {ergonomic}
     bool ThreadLocalHandshakes                    = false                                  {pd product} {ergonomic}
     bool UseLargePagesIndividualAllocation        = false                                  {pd product} {ergonomic}
     bool UseSerialGC                              = true                                      {product} {ergonomic}

Logging:
Log output configuration:
 #0: stdout all=warning uptime,level,tags
 #1: stderr all=off uptime,level,tags

Environment Variables:
PATH=C:\Program Files (x86)\Eclipse Adoptium\jdk-11.0.21.9-hotspot\bin;C:\WINDOWS\system32;C:\WINDOWS;C:\WINDOWS\System32\Wbem;C:\WINDOWS\System32\WindowsPowerShell\v1.0\;C:\WINDOWS\System32\OpenSSH\;C:\Program Files\Git\cmd;C:\Program Files (x86)\Git\cmd;C:\Users\alexia\AppData\Local\Microsoft\WindowsApps;C:\Users\alexia\AppData\Local\GitHubDesktop\bin;C:\Users\alexia\AppData\Local\Programs\Microsoft VS Code\bin;;C:\Program Files\JetBrains\IntelliJ IDEA 2023.3.2\bin;
USERNAME=alexia
OS=Windows_NT
PROCESSOR_IDENTIFIER=Intel64 Family 6 Model 140 Stepping 1, GenuineIntel
TMP=C:\Users\alexia\AppData\Local\Temp
TEMP=C:\Users\alexia\AppData\Local\Temp



---------------  S Y S T E M  ---------------

OS: Windows 11 , 64 bit Build 22621 (10.0.22621.3374)
OS uptime: 1 days 18:53 hours

CPU:total 4 (initial active 4) (2 cores per cpu, 2 threads per core) family 6 model 140 stepping 1 microcode 0x8a, cmov, cx8, fxsr, mmx, sse, sse2, sse3, ssse3, sse4.1, sse4.2, popcnt, avx, avx2, aes, clmul, erms, 3dnowpref, lzcnt, ht, tsc, tscinvbit, bmi1, bmi2, adx, evex, sha, fma

Memory: 4k page, system-wide physical 3875M (555M free)
TotalPageFile size 12200M (AvailPageFile size 2318M), user-mode portion of virtual address-space 2047M (1332M free)
current process WorkingSet (physical memory assigned to process): 119M, peak: 140M
current process commit charge ("private bytes"): 115M, peak: 118M

vm_info: OpenJDK Client VM (11.0.21+9) for windows-x86 JRE (11.0.21+9), built on Oct 17 2023 17:27:10 by "" with MS VC++ 15.9 (VS2017)

END.
