#
# A fatal error has been detected by the Java Runtime Environment:
#
#  EXCEPTION_ACCESS_VIOLATION (0xc0000005) at pc=0x6ad36c62, pid=4832, tid=2724
#
# JRE version: OpenJDK Runtime Environment Temurin-11.0.21+9 (11.0.21+9) (build 11.0.21+9)
# Java VM: OpenJDK Client VM Temurin-11.0.21+9 (11.0.21+9, mixed mode, serial gc, windows-x86)
# Problematic frame:
# C  [glass.dll+0x16c62]
#
# No core dump will be written. Minidumps are not enabled by default on client versions of Windows
#
# If you would like to submit a bug report, please visit:
#   https://github.com/adoptium/adoptium-support/issues
# The crash happened outside the Java Virtual Machine in native code.
# See problematic frame for where to report the bug.
#

---------------  S U M M A R Y ------------

Command Line: -javaagent:C:\Program Files\JetBrains\IntelliJ IDEA 2023.3.2\lib\idea_rt.jar=50404:C:\Program Files\JetBrains\IntelliJ IDEA 2023.3.2\bin -Dfile.encoding=UTF-8 --module-path=C:\Users\alexia\.m2\repository\com\gluonhq\attach\lifecycle\4.0.19\lifecycle-4.0.19.jar;C:\Users\alexia\.m2\repository\org\openjfx\javafx-fxml\17.0.6\javafx-fxml-17.0.6-win-x86.jar;C:\Users\alexia\.m2\repository\org\kordamp\bootstrapfx\bootstrapfx-core\0.4.0\bootstrapfx-core-0.4.0.jar;C:\Users\alexia\.m2\repository\org\openjfx\javafx-graphics\17.0.6\javafx-graphics-17.0.6-win-x86.jar;C:\Users\alexia\Downloads\appJavaFx\target\classes;C:\Users\alexia\.m2\repository\com\gluonhq\attach\util\4.0.19\util-4.0.19.jar;C:\Users\alexia\.m2\repository\org\openjfx\javafx-controls\17.0.6\javafx-controls-17.0.6-win-x86.jar;C:\Users\alexia\.m2\repository\com\gluonhq\attach\display\4.0.19\display-4.0.19.jar;C:\Users\alexia\.m2\repository\org\openjfx\javafx-base\17.0.6\javafx-base-17.0.6-win-x86.jar;C:\Users\alexia\.m2\repository\com\gluonhq\charm-glisten\6.2.3\charm-glisten-6.2.3.jar -Djdk.module.main=com.alilopez.vererinaria com.alilopez.vererinaria/com.alilopez.application.App

Host: 11th Gen Intel(R) Core(TM) i3-1115G4 @ 3.00GHz, 4 cores, 3G,  Windows 11 , 64 bit Build 22621 (10.0.22621.3374)
Time: Sun Apr 14 10:59:36 2024 Hora estándar central (México) elapsed time: 667.989183 seconds (0d 0h 11m 7s)

---------------  T H R E A D  ---------------

Current thread (0x159e9400):  JavaThread "JavaFX Application Thread" [_thread_in_native, id=2724, stack(0x16150000,0x161a0000)]

Stack: [0x16150000,0x161a0000],  sp=0x1619e6ac,  free space=313k
Native frames: (J=compiled Java code, A=aot compiled Java code, j=interpreted, Vv=VM code, C=native code)
C  [glass.dll+0x16c62]

Java frames: (J=compiled Java code, j=interpreted, Vv=VM code)
j  com.sun.glass.ui.win.WinWindow._close(J)Z+0 javafx.graphics
j  com.sun.glass.ui.Window.close()V+63 javafx.graphics
j  com.sun.glass.ui.win.WinWindow.close()V+8 javafx.graphics
j  com.sun.glass.ui.Application.terminate()V+75 javafx.graphics
j  com.sun.javafx.tk.quantum.QuantumToolkit.lambda$exit$13()Ljava/lang/Object;+5 javafx.graphics
j  com.sun.javafx.tk.quantum.QuantumToolkit$$Lambda$709.get()Ljava/lang/Object;+0 javafx.graphics
j  com.sun.javafx.tk.quantum.QuantumToolkit.runWithRenderLock(Ljava/util/function/Supplier;)Ljava/lang/Object;+7 javafx.graphics
j  com.sun.javafx.tk.quantum.QuantumToolkit.exit()V+26 javafx.graphics
j  com.sun.javafx.application.PlatformImpl.lambda$tkExit$16()V+3 javafx.graphics
j  com.sun.javafx.application.PlatformImpl$$Lambda$708.run()V+0 javafx.graphics
j  com.sun.javafx.application.PlatformImpl.lambda$runAndWait$12(Ljava/lang/Runnable;Ljava/util/concurrent/CountDownLatch;)V+1 javafx.graphics
j  com.sun.javafx.application.PlatformImpl$$Lambda$86.run()V+8 javafx.graphics
j  com.sun.javafx.application.PlatformImpl.lambda$runLater$10(Ljava/lang/Runnable;)Ljava/lang/Void;+1 javafx.graphics
j  com.sun.javafx.application.PlatformImpl$$Lambda$89.run()Ljava/lang/Object;+4 javafx.graphics
v  ~StubRoutines::call_stub
J 1657  java.security.AccessController.doPrivileged(Ljava/security/PrivilegedAction;Ljava/security/AccessControlContext;)Ljava/lang/Object; java.base@11.0.21 (0 bytes) @ 0x0310c387 [0x0310c320+0x00000067]
j  com.sun.javafx.application.PlatformImpl.lambda$runLater$11(Ljava/lang/Runnable;Ljava/security/AccessControlContext;)V+7 javafx.graphics
j  com.sun.javafx.application.PlatformImpl$$Lambda$87.run()V+8 javafx.graphics
J 2059 c1 com.sun.glass.ui.InvokeLaterDispatcher$Future.run()V javafx.graphics (91 bytes) @ 0x0317ff80 [0x0317ff50+0x00000030]
v  ~StubRoutines::call_stub
j  com.sun.glass.ui.win.WinApplication._runLoop(Ljava/lang/Runnable;)V+0 javafx.graphics
j  com.sun.glass.ui.win.WinApplication.lambda$runLoop$3(ILjava/lang/Runnable;)V+8 javafx.graphics
j  com.sun.glass.ui.win.WinApplication$$Lambda$77.run()V+12 javafx.graphics
j  java.lang.Thread.run()V+11 java.base@11.0.21
v  ~StubRoutines::call_stub

siginfo: EXCEPTION_ACCESS_VIOLATION (0xc0000005), reading address 0x000000b8


Register to memory mapping:

EIP=0x6ad36c62 glass.dll
EAX=0x0 is NULL
EBX=0x1619e8e0 is pointing into the stack for thread: 0x159e9400
ECX=0x0 is NULL
EDX=0x0 is NULL
ESP=0x1619e6ac is pointing into the stack for thread: 0x159e9400
EBP=0x1619e6d8 is pointing into the stack for thread: 0x159e9400
ESI=0x00000401 is an unknown value
EDI=0x0 is NULL


Registers:
EAX=0x00000000, EBX=0x1619e8e0, ECX=0x00000000, EDX=0x00000000
ESP=0x1619e6ac, EBP=0x1619e6d8, ESI=0x00000401, EDI=0x00000000
EIP=0x6ad36c62, EFLAGS=0x00010206

Top of Stack: (sp=0x1619e6ac)
0x1619e6ac:   1619e8e0 00000401 1619e8e0 6ad28df8
0x1619e6bc:   e34685c8 159d4298 002d058c 00000401
0x1619e6cc:   1619e80c 6ad402b0 ffffffff 00000000
0x1619e6dc:   6ad21755 00000401 1619e8e0 00000000
0x1619e6ec:   00000401 002d058c 1619e724 6ad216f0
0x1619e6fc:   76ac30b3 002d058c 00000401 1619e8e0
0x1619e70c:   00000000 002d058c dcbaabcd 6ad216f0
0x1619e71c:   00000401 002d058c 1619e81c 76ab3ef6 

Instructions: (pc=0x6ad36c62)
0x6ad36b62:   21 56 e8 47 42 00 00 ff 35 e8 03 d5 6a 8b f0 ff
0x6ad36b72:   77 68 56 e8 96 de fe ff 56 e8 a0 41 00 00 83 c4
0x6ad36b82:   10 5e c7 05 a4 03 d5 6a 00 00 00 00 5f c3 83 ec
0x6ad36b92:   24 a1 ec e0 d4 6a 33 c4 89 44 24 20 8b 44 24 28
0x6ad36ba2:   53 89 44 24 04 8b d9 8b 44 24 30 89 44 24 08 8b
0x6ad36bb2:   44 24 38 55 89 44 24 10 8b 44 24 38 56 89 83 84
0x6ad36bc2:   00 00 00 8b 44 24 0c 89 5c 24 18 bb 00 00 00 80
0x6ad36bd2:   8b eb 8b f3 57 8b fb 85 c0 79 29 8d 44 24 20 50
0x6ad36be2:   e8 29 aa fe ff 83 c4 04 85 c0 8b 44 24 10 74 14
0x6ad36bf2:   8b 74 24 28 8b 5c 24 20 2b f3 8b 7c 24 2c 8b 6c
0x6ad36c02:   24 24 2b fd 6a 00 50 ff 74 24 1c 68 d8 23 d4 6a
0x6ad36c12:   57 56 8b 74 24 34 8b ce 55 53 ff 74 24 38 e8 db
0x6ad36c22:   a7 fe ff 8b f8 8d 4e 14 57 e8 40 64 00 00 57 8d
0x6ad36c32:   4e 14 e8 c7 64 00 00 8b 4c 24 30 8b c7 5f 5e 5d
0x6ad36c42:   5b 33 cc e8 ae 7a 00 00 83 c4 24 c2 10 00 53 8b
0x6ad36c52:   d9 56 57 ff 73 08 e8 93 a9 fe ff 8b f8 83 c4 04
0x6ad36c62:   8b 87 b8 00 00 00 85 c0 75 03 8b 47 04 3b 05 a4
0x6ad36c72:   03 d5 6a 75 29 e8 34 41 00 00 ff 35 e8 03 d5 6a
0x6ad36c82:   8b f0 ff 77 68 56 e8 83 dd fe ff 56 e8 8d 40 00
0x6ad36c92:   00 83 c4 10 c7 05 a4 03 d5 6a 00 00 00 00 8d 4f
0x6ad36ca2:   14 e8 b8 69 00 00 8d 4f 14 e8 e0 69 00 00 ff 73
0x6ad36cb2:   08 ff 15 f8 fe d4 6a 85 c0 5f 0f 95 c0 5e 88 43
0x6ad36cc2:   04 5b c3 cc cc cc cc cc cc cc cc cc cc cc 55 8b
0x6ad36cd2:   ec 6a ff 68 f7 11 d4 6a 64 a1 00 00 00 00 50 83
0x6ad36ce2:   ec 08 53 56 57 a1 ec e0 d4 6a 33 c5 50 8d 45 f4
0x6ad36cf2:   64 a3 00 00 00 00 8b f9 ff 77 18 ff 15 60 ff d4
0x6ad36d02:   6a 85 c0 75 13 0f 57 c0 66 0f 13 45 ec 8b 55 f0
0x6ad36d12:   8b 45 ec e9 a7 00 00 00 68 dc 00 00 00 e8 96 79
0x6ad36d22:   00 00 83 c4 04 89 45 f0 c7 45 fc 00 00 00 00 85
0x6ad36d32:   c0 74 19 ff 77 18 8b c8 6a 01 6a 00 6a 00 6a 00
0x6ad36d42:   ff 77 10 e8 a6 f9 ff ff 8b d8 eb 02 33 db ff 77
0x6ad36d52:   18 8b cb c7 45 fc ff ff ff ff 6a 00 68 00 00 10 


Stack slot to memory mapping:
stack at sp + 0 slots: 0x1619e8e0 is pointing into the stack for thread: 0x159e9400
stack at sp + 1 slots: 0x00000401 is an unknown value
stack at sp + 2 slots: 0x1619e8e0 is pointing into the stack for thread: 0x159e9400
stack at sp + 3 slots: 0x6ad28df8 glass.dll
stack at sp + 4 slots: 0xe34685c8 is an unknown value
stack at sp + 5 slots: 0x159d4298 points into unknown readable memory: 0x6ad4319c | 9c 31 d4 6a
stack at sp + 6 slots: 0x002d058c is an unknown value
stack at sp + 7 slots: 0x00000401 is an unknown value


---------------  P R O C E S S  ---------------

Threads class SMR info:
_java_thread_list=0x1fd6e5d8, length=18, elements={
0x02da0000, 0x02e53c00, 0x02e68000, 0x02e73400,
0x02e76000, 0x02e77000, 0x15160400, 0x15163400,
0x02e25c00, 0x15326000, 0x15969400, 0x159c0400,
0x159e9400, 0x1a354800, 0x1a358000, 0x1a55d000,
0x1a71ec00, 0x1fd81800
}

Java Threads: ( => current thread )
  0x02da0000 JavaThread "main" [_thread_blocked, id=10140, stack(0x02530000,0x02580000)]
  0x02e53c00 JavaThread "Reference Handler" daemon [_thread_blocked, id=12716, stack(0x04ec0000,0x04f10000)]
  0x02e68000 JavaThread "Finalizer" daemon [_thread_blocked, id=11044, stack(0x04f50000,0x04fa0000)]
  0x02e73400 JavaThread "Signal Dispatcher" daemon [_thread_blocked, id=7784, stack(0x15330000,0x15380000)]
  0x02e76000 JavaThread "Attach Listener" daemon [_thread_blocked, id=13048, stack(0x153c0000,0x15410000)]
  0x02e77000 JavaThread "Service Thread" daemon [_thread_blocked, id=7044, stack(0x15450000,0x154a0000)]
  0x15160400 JavaThread "C1 CompilerThread0" daemon [_thread_blocked, id=13496, stack(0x154e0000,0x15530000)]
  0x15163400 JavaThread "Sweeper thread" daemon [_thread_blocked, id=12880, stack(0x15570000,0x155c0000)]
  0x02e25c00 JavaThread "Common-Cleaner" daemon [_thread_blocked, id=13316, stack(0x15600000,0x15650000)]
  0x15326000 JavaThread "Monitor Ctrl-Break" daemon [_thread_in_native, id=11932, stack(0x15aa0000,0x15af0000)]
  0x15969400 JavaThread "QuantumRenderer-0" daemon [_thread_blocked, id=8840, stack(0x15dc0000,0x15e10000)]
  0x159c0400 JavaThread "InvokeLaterDispatcher" daemon [_thread_blocked, id=12096, stack(0x15e90000,0x15ee0000)]
=>0x159e9400 JavaThread "JavaFX Application Thread" [_thread_in_native, id=2724, stack(0x16150000,0x161a0000)]
  0x1a354800 JavaThread "Thread-1" daemon [_thread_in_native, id=3796, stack(0x1b4e0000,0x1b530000)]
  0x1a358000 JavaThread "JavaFX-Launcher" [_thread_blocked, id=6160, stack(0x1b570000,0x1b5c0000)]
  0x1a55d000 JavaThread "Prism Font Disposer" daemon [_thread_blocked, id=14016, stack(0x1d320000,0x1d370000)]
  0x1a71ec00 JavaThread "Cleaner-0" daemon [_thread_blocked, id=10172, stack(0x1f7b0000,0x1f800000)]
  0x1fd81800 JavaThread "Keep-Alive-Timer" daemon [_thread_blocked, id=2616, stack(0x00bb0000,0x00c00000)]

Other Threads:
  0x02e51000 VMThread "VM Thread" [stack: 0x02d10000,0x02d60000] [id=2204]
  0x15327000 WatcherThread [stack: 0x15b30000,0x15b80000] [id=8000]

Threads with active compile tasks:

VM state:not at safepoint (normal execution)

VM Mutex/Monitor currently owned by a thread: None

Heap:
 def new generation   total 22144K, used 15421K [0x05000000, 0x06800000, 0x0a550000)
  eden space 19712K,  78% used [0x05000000, 0x05f0f768, 0x06340000)
  from space 2432K,   0% used [0x06340000, 0x06340000, 0x065a0000)
  to   space 2432K,   0% used [0x065a0000, 0x065a0000, 0x06800000)
 tenured generation   total 49072K, used 29442K [0x0a550000, 0x0d53c000, 0x15000000)
   the space 49072K,  59% used [0x0a550000, 0x0c2109b8, 0x0c210a00, 0x0d53c000)
 Metaspace       used 20015K, capacity 20434K, committed 20736K, reserved 20864K

Card table byte_map: [0x02780000,0x02810000] _byte_map_base: 0x02758000

Polling page: 0x00d70000

Metaspace:

Usage:
   19.96 MB capacity,    19.55 MB ( 98%) used,   288.42 KB (  1%) free+waste,   130.27 KB ( <1%) overhead. 

Virtual space:
     20.38 MB reserved,      20.25 MB (>99%) committed 

Chunk freelists:
238.00 KB

MaxMetaspaceSize: 4.00 GB
No class space
Initial GC threshold: 12.00 MB
Current GC threshold: 33.54 MB
CDS: off

CodeCache: size=32768Kb used=3792Kb max_used=3792Kb free=28975Kb
 bounds [0x02e80000, 0x03238000, 0x04e80000]
 total_blobs=3077 nmethods=2628 adapters=380
 compilation: enabled
              stopped_count=0, restarted_count=0
 full_count=0

Compilation events (20 events):
Event: 666.779 Thread 0x15160400 2619             com.sun.javafx.sg.prism.NGNode::getOpaqueRegion (173 bytes)
Event: 666.782 Thread 0x15160400 nmethod 2619 0x032325c8 code [0x03232750, 0x03232a30]
Event: 667.038 Thread 0x15160400 2620             com.sun.glass.ui.View::getWindow (8 bytes)
Event: 667.039 Thread 0x15160400 nmethod 2620 0x03232c08 code [0x03232d30, 0x03232e88]
Event: 667.081 Thread 0x15160400 2621             com.sun.glass.ui.Window::getPlatformScaleX (5 bytes)
Event: 667.082 Thread 0x15160400 nmethod 2621 0x03232f88 code [0x03233090, 0x03233110]
Event: 667.082 Thread 0x15160400 2622             com.sun.glass.ui.Window::getPlatformScaleY (5 bytes)
Event: 667.082 Thread 0x15160400 nmethod 2622 0x03233148 code [0x03233250, 0x032332d0]
Event: 667.097 Thread 0x15160400 2623             java.util.concurrent.CopyOnWriteArrayList::getArray (5 bytes)
Event: 667.097 Thread 0x15160400 nmethod 2623 0x03233308 code [0x03233410, 0x03233490]
Event: 667.177 Thread 0x15160400 2624             com.sun.javafx.sg.prism.NGNode::geometryChanged (20 bytes)
Event: 667.178 Thread 0x15160400 nmethod 2624 0x032334c8 code [0x03233610, 0x03233770]
Event: 667.764 Thread 0x15160400 2625             com.sun.javafx.tk.Toolkit::getPaintAccessor (4 bytes)
Event: 667.764 Thread 0x15160400 nmethod 2625 0x03233888 code [0x03233990, 0x03233a10]
Event: 667.764 Thread 0x15160400 2626             jdk.internal.reflect.Reflection::isSubclassOf (21 bytes)
Event: 667.764 Thread 0x15160400 nmethod 2626 0x03233a48 code [0x03233b60, 0x03233c2c]
Event: 667.838 Thread 0x15160400 2627             jdk.internal.misc.Unsafe::getAndAddInt (27 bytes)
Event: 667.838 Thread 0x15160400 nmethod 2627 0x03233cc8 code [0x03233dd0, 0x03233e90]
Event: 667.882 Thread 0x15160400 2628             java.util.concurrent.atomic.AtomicBoolean::set (14 bytes)
Event: 667.883 Thread 0x15160400 nmethod 2628 0x03233f08 code [0x03234010, 0x032340b0]

GC Heap History (20 events):
Event: 25.112 GC heap before
{Heap before GC invocations=14 (full 1):
 def new generation   total 4992K, used 4992K [0x05000000, 0x05560000, 0x0a550000)
  eden space 4480K, 100% used [0x05000000, 0x05460000, 0x05460000)
  from space 512K, 100% used [0x05460000, 0x054e0000, 0x054e0000)
  to   space 512K,   0% used [0x054e0000, 0x054e0000, 0x05560000)
 tenured generation   total 10944K, used 8239K [0x0a550000, 0x0b000000, 0x15000000)
   the space 10944K,  75% used [0x0a550000, 0x0ad5bd28, 0x0ad5be00, 0x0b000000)
 Metaspace       used 15440K, capacity 15674K, committed 15744K, reserved 15744K
}
Event: 25.117 GC heap after
{Heap after GC invocations=15 (full 1):
 def new generation   total 4992K, used 512K [0x05000000, 0x05560000, 0x0a550000)
  eden space 4480K,   0% used [0x05000000, 0x05000000, 0x05460000)
  from space 512K, 100% used [0x054e0000, 0x05560000, 0x05560000)
  to   space 512K,   0% used [0x05460000, 0x05460000, 0x054e0000)
 tenured generation   total 10944K, used 9222K [0x0a550000, 0x0b000000, 0x15000000)
   the space 10944K,  84% used [0x0a550000, 0x0ae51888, 0x0ae51a00, 0x0b000000)
 Metaspace       used 15440K, capacity 15674K, committed 15744K, reserved 15744K
}
Event: 592.031 GC heap before
{Heap before GC invocations=15 (full 1):
 def new generation   total 4992K, used 4992K [0x05000000, 0x05560000, 0x0a550000)
  eden space 4480K, 100% used [0x05000000, 0x05460000, 0x05460000)
  from space 512K, 100% used [0x054e0000, 0x05560000, 0x05560000)
  to   space 512K,   0% used [0x05460000, 0x05460000, 0x054e0000)
 tenured generation   total 10944K, used 9222K [0x0a550000, 0x0b000000, 0x15000000)
   the space 10944K,  84% used [0x0a550000, 0x0ae51888, 0x0ae51a00, 0x0b000000)
 Metaspace       used 15961K, capacity 16222K, committed 16256K, reserved 16768K
}
Event: 592.108 GC heap after
{Heap after GC invocations=16 (full 2):
 def new generation   total 8064K, used 0K [0x05000000, 0x058b0000, 0x0a550000)
  eden space 7232K,   0% used [0x05000000, 0x05000000, 0x05710000)
  from space 832K,   0% used [0x05710000, 0x05710000, 0x057e0000)
  to   space 832K,   0% used [0x057e0000, 0x057e0000, 0x058b0000)
 tenured generation   total 17716K, used 10629K [0x0a550000, 0x0b69d000, 0x15000000)
   the space 17716K,  59% used [0x0a550000, 0x0afb1538, 0x0afb1600, 0x0b69d000)
 Metaspace       used 15700K, capacity 15903K, committed 16256K, reserved 16768K
}
Event: 593.279 GC heap before
{Heap before GC invocations=16 (full 2):
 def new generation   total 8064K, used 7047K [0x05000000, 0x058b0000, 0x0a550000)
  eden space 7232K,  97% used [0x05000000, 0x056e1fc8, 0x05710000)
  from space 832K,   0% used [0x05710000, 0x05710000, 0x057e0000)
  to   space 832K,   0% used [0x057e0000, 0x057e0000, 0x058b0000)
 tenured generation   total 17716K, used 10629K [0x0a550000, 0x0b69d000, 0x15000000)
   the space 17716K,  59% used [0x0a550000, 0x0afb1538, 0x0afb1600, 0x0b69d000)
 Metaspace       used 17457K, capacity 17671K, committed 17920K, reserved 18816K
}
Event: 593.282 GC heap after
{Heap after GC invocations=17 (full 2):
 def new generation   total 8064K, used 832K [0x05000000, 0x058b0000, 0x0a550000)
  eden space 7232K,   0% used [0x05000000, 0x05000000, 0x05710000)
  from space 832K, 100% used [0x057e0000, 0x058b0000, 0x058b0000)
  to   space 832K,   0% used [0x05710000, 0x05710000, 0x057e0000)
 tenured generation   total 17716K, used 11937K [0x0a550000, 0x0b69d000, 0x15000000)
   the space 17716K,  67% used [0x0a550000, 0x0b0f87e0, 0x0b0f8800, 0x0b69d000)
 Metaspace       used 17457K, capacity 17671K, committed 17920K, reserved 18816K
}
Event: 593.677 GC heap before
{Heap before GC invocations=17 (full 2):
 def new generation   total 8064K, used 8064K [0x05000000, 0x058b0000, 0x0a550000)
  eden space 7232K, 100% used [0x05000000, 0x05710000, 0x05710000)
  from space 832K, 100% used [0x057e0000, 0x058b0000, 0x058b0000)
  to   space 832K,   0% used [0x05710000, 0x05710000, 0x057e0000)
 tenured generation   total 17716K, used 11937K [0x0a550000, 0x0b69d000, 0x15000000)
   the space 17716K,  67% used [0x0a550000, 0x0b0f87e0, 0x0b0f8800, 0x0b69d000)
 Metaspace       used 17971K, capacity 18242K, committed 18304K, reserved 18816K
}
Event: 593.683 GC heap after
{Heap after GC invocations=18 (full 2):
 def new generation   total 8064K, used 282K [0x05000000, 0x058b0000, 0x0a550000)
  eden space 7232K,   0% used [0x05000000, 0x05000000, 0x05710000)
  from space 832K,  33% used [0x05710000, 0x05756b70, 0x057e0000)
  to   space 832K,   0% used [0x057e0000, 0x057e0000, 0x058b0000)
 tenured generation   total 17716K, used 15173K [0x0a550000, 0x0b69d000, 0x15000000)
   the space 17716K,  85% used [0x0a550000, 0x0b421438, 0x0b421600, 0x0b69d000)
 Metaspace       used 17971K, capacity 18242K, committed 18304K, reserved 18816K
}
Event: 593.797 GC heap before
{Heap before GC invocations=18 (full 2):
 def new generation   total 8064K, used 7514K [0x05000000, 0x058b0000, 0x0a550000)
  eden space 7232K, 100% used [0x05000000, 0x05710000, 0x05710000)
  from space 832K,  33% used [0x05710000, 0x05756b70, 0x057e0000)
  to   space 832K,   0% used [0x057e0000, 0x057e0000, 0x058b0000)
 tenured generation   total 17716K, used 15173K [0x0a550000, 0x0b69d000, 0x15000000)
   the space 17716K,  85% used [0x0a550000, 0x0b421438, 0x0b421600, 0x0b69d000)
 Metaspace       used 19005K, capacity 19374K, committed 19456K, reserved 19840K
}
Event: 593.799 GC heap after
{Heap after GC invocations=19 (full 2):
 def new generation   total 8064K, used 831K [0x05000000, 0x058b0000, 0x0a550000)
  eden space 7232K,   0% used [0x05000000, 0x05000000, 0x05710000)
  from space 832K,  99% used [0x057e0000, 0x058afff8, 0x058b0000)
  to   space 832K,   0% used [0x05710000, 0x05710000, 0x057e0000)
 tenured generation   total 17716K, used 15296K [0x0a550000, 0x0b69d000, 0x15000000)
   the space 17716K,  86% used [0x0a550000, 0x0b440030, 0x0b440200, 0x0b69d000)
 Metaspace       used 19005K, capacity 19374K, committed 19456K, reserved 19840K
}
Event: 612.009 GC heap before
{Heap before GC invocations=19 (full 2):
 def new generation   total 8064K, used 8063K [0x05000000, 0x058b0000, 0x0a550000)
  eden space 7232K, 100% used [0x05000000, 0x05710000, 0x05710000)
  from space 832K,  99% used [0x057e0000, 0x058afff8, 0x058b0000)
  to   space 832K,   0% used [0x05710000, 0x05710000, 0x057e0000)
 tenured generation   total 17716K, used 15296K [0x0a550000, 0x0b69d000, 0x15000000)
   the space 17716K,  86% used [0x0a550000, 0x0b440030, 0x0b440200, 0x0b69d000)
 Metaspace       used 19397K, capacity 19771K, committed 19840K, reserved 19840K
}
Event: 612.015 GC heap after
{Heap after GC invocations=20 (full 2):
 def new generation   total 8064K, used 832K [0x05000000, 0x058b0000, 0x0a550000)
  eden space 7232K,   0% used [0x05000000, 0x05000000, 0x05710000)
  from space 832K, 100% used [0x05710000, 0x057e0000, 0x057e0000)
  to   space 832K,   0% used [0x057e0000, 0x057e0000, 0x058b0000)
 tenured generation   total 17716K, used 16682K [0x0a550000, 0x0b69d000, 0x15000000)
   the space 17716K,  94% used [0x0a550000, 0x0b59aa10, 0x0b59ac00, 0x0b69d000)
 Metaspace       used 19397K, capacity 19771K, committed 19840K, reserved 19840K
}
Event: 615.992 GC heap before
{Heap before GC invocations=20 (full 2):
 def new generation   total 8064K, used 8064K [0x05000000, 0x058b0000, 0x0a550000)
  eden space 7232K, 100% used [0x05000000, 0x05710000, 0x05710000)
  from space 832K, 100% used [0x05710000, 0x057e0000, 0x057e0000)
  to   space 832K,   0% used [0x057e0000, 0x057e0000, 0x058b0000)
 tenured generation   total 17716K, used 16682K [0x0a550000, 0x0b69d000, 0x15000000)
   the space 17716K,  94% used [0x0a550000, 0x0b59aa10, 0x0b59ac00, 0x0b69d000)
 Metaspace       used 20025K, capacity 20472K, committed 20480K, reserved 20864K
}
Event: 615.996 GC heap after
{Heap after GC invocations=21 (full 2):
 def new generation   total 8064K, used 724K [0x05000000, 0x058b0000, 0x0a550000)
  eden space 7232K,   0% used [0x05000000, 0x05000000, 0x05710000)
  from space 832K,  87% used [0x057e0000, 0x058952e0, 0x058b0000)
  to   space 832K,   0% used [0x05710000, 0x05710000, 0x057e0000)
 tenured generation   total 17716K, used 17474K [0x0a550000, 0x0b69d000, 0x15000000)
   the space 17716K,  98% used [0x0a550000, 0x0b660ad0, 0x0b660c00, 0x0b69d000)
 Metaspace       used 20025K, capacity 20472K, committed 20480K, reserved 20864K
}
Event: 658.106 GC heap before
{Heap before GC invocations=21 (full 2):
 def new generation   total 8064K, used 7704K [0x05000000, 0x058b0000, 0x0a550000)
  eden space 7232K,  96% used [0x05000000, 0x056d0ec8, 0x05710000)
  from space 832K,  87% used [0x057e0000, 0x058952e0, 0x058b0000)
  to   space 832K,   0% used [0x05710000, 0x05710000, 0x057e0000)
 tenured generation   total 17716K, used 17474K [0x0a550000, 0x0b69d000, 0x15000000)
   the space 17716K,  98% used [0x0a550000, 0x0b660ad0, 0x0b660c00, 0x0b69d000)
 Metaspace       used 20135K, capacity 20582K, committed 20608K, reserved 20864K
}
Event: 658.133 GC heap after
{Heap after GC invocations=22 (full 3):
 def new generation   total 13440K, used 0K [0x05000000, 0x05e90000, 0x0a550000)
  eden space 11968K,   0% used [0x05000000, 0x05000000, 0x05bb0000)
  from space 1472K,   0% used [0x05bb0000, 0x05bb0000, 0x05d20000)
  to   space 1472K,   0% used [0x05d20000, 0x05d20000, 0x05e90000)
 tenured generation   total 29724K, used 17833K [0x0a550000, 0x0c257000, 0x15000000)
   the space 29724K,  59% used [0x0a550000, 0x0b6ba798, 0x0b6ba800, 0x0c257000)
 Metaspace       used 19901K, capacity 20293K, committed 20608K, reserved 20864K
}
Event: 661.290 GC heap before
{Heap before GC invocations=22 (full 3):
 def new generation   total 13440K, used 11511K [0x05000000, 0x05e90000, 0x0a550000)
  eden space 11968K,  96% used [0x05000000, 0x05b3dd10, 0x05bb0000)
  from space 1472K,   0% used [0x05bb0000, 0x05bb0000, 0x05d20000)
  to   space 1472K,   0% used [0x05d20000, 0x05d20000, 0x05e90000)
 tenured generation   total 29724K, used 17833K [0x0a550000, 0x0c257000, 0x15000000)
   the space 29724K,  59% used [0x0a550000, 0x0b6ba798, 0x0b6ba800, 0x0c257000)
 Metaspace       used 19933K, capacity 20332K, committed 20608K, reserved 20864K
}
Event: 661.294 GC heap after
{Heap after GC invocations=23 (full 3):
 def new generation   total 13440K, used 1472K [0x05000000, 0x05e90000, 0x0a550000)
  eden space 11968K,   0% used [0x05000000, 0x05000000, 0x05bb0000)
  from space 1472K, 100% used [0x05d20000, 0x05e90000, 0x05e90000)
  to   space 1472K,   0% used [0x05bb0000, 0x05bb0000, 0x05d20000)
 tenured generation   total 29724K, used 22552K [0x0a550000, 0x0c257000, 0x15000000)
   the space 29724K,  75% used [0x0a550000, 0x0bb56340, 0x0bb56400, 0x0c257000)
 Metaspace       used 19933K, capacity 20332K, committed 20608K, reserved 20864K
}
Event: 662.084 GC heap before
{Heap before GC invocations=23 (full 3):
 def new generation   total 13440K, used 13440K [0x05000000, 0x05e90000, 0x0a550000)
  eden space 11968K, 100% used [0x05000000, 0x05bb0000, 0x05bb0000)
  from space 1472K, 100% used [0x05d20000, 0x05e90000, 0x05e90000)
  to   space 1472K,   0% used [0x05bb0000, 0x05bb0000, 0x05d20000)
 tenured generation   total 29724K, used 22552K [0x0a550000, 0x0c257000, 0x15000000)
   the space 29724K,  75% used [0x0a550000, 0x0bb56340, 0x0bb56400, 0x0c257000)
 Metaspace       used 19933K, capacity 20332K, committed 20608K, reserved 20864K
}
Event: 662.116 GC heap after
{Heap after GC invocations=24 (full 4):
 def new generation   total 22144K, used 0K [0x05000000, 0x06800000, 0x0a550000)
  eden space 19712K,   0% used [0x05000000, 0x05000000, 0x06340000)
  from space 2432K,   0% used [0x06340000, 0x06340000, 0x065a0000)
  to   space 2432K,   0% used [0x065a0000, 0x065a0000, 0x06800000)
 tenured generation   total 49072K, used 29442K [0x0a550000, 0x0d53c000, 0x15000000)
   the space 49072K,  59% used [0x0a550000, 0x0c2109b8, 0x0c210a00, 0x0d53c000)
 Metaspace       used 19933K, capacity 20332K, committed 20608K, reserved 20864K
}

Deoptimization events (8 events):
Event: 24.911 Thread 0x159e9400 DEOPT PACKING pc=0x02fa72cf sp=0x1619dfa0
Event: 24.911 Thread 0x159e9400 DEOPT UNPACKING pc=0x02ebc187 sp=0x1619dec0 mode 3
Event: 24.914 Thread 0x159e9400 DEOPT PACKING pc=0x0301ce31 sp=0x1619e120
Event: 24.914 Thread 0x159e9400 DEOPT UNPACKING pc=0x02ebc187 sp=0x1619e044 mode 3
Event: 24.973 Thread 0x159e9400 DEOPT PACKING pc=0x0304124c sp=0x1619dd30
Event: 24.973 Thread 0x159e9400 DEOPT UNPACKING pc=0x02ebc187 sp=0x1619dbe0 mode 3
Event: 25.212 Thread 0x15969400 DEOPT PACKING pc=0x0306877d sp=0x15e0ec30
Event: 25.212 Thread 0x15969400 DEOPT UNPACKING pc=0x02ebc187 sp=0x15e0eb5c mode 3

Classes redefined (0 events):
No events

Internal exceptions (20 events):
Event: 617.470 Thread 0x159e9400 Exception <a 'sun/nio/fs/WindowsException'{0x0507eb88}> (0x0507eb88) thrown at [s\src\hotspot\share\prims\jni.cpp, line 617]
Event: 642.663 Thread 0x159e9400 Exception <a 'java/net/ConnectException'{0x051408b8}: Connection timed out: connect> (0x051408b8) thrown at [s\src\hotspot\share\prims\jni.cpp, line 638]
Event: 642.709 Thread 0x159e9400 Exception <a 'java/lang/NoSuchMethodError'{0x05208770}: 'java.lang.Object java.lang.invoke.DirectMethodHandle$Holder.invokeStatic(java.lang.Object, java.lang.Object, int, int, int, int, int, java.lang.Object)'> (0x05208770) thrown at [s\src\hotspot\share\interpreter\linkResolver.cpp, line 773]
Event: 642.711 Thread 0x159e9400 Exception <a 'java/lang/NoSuchMethodError'{0x05218af8}: 'java.lang.Object java.lang.invoke.DirectMethodHandle$Holder.invokeStatic(java.lang.Object, java.lang.Object, java.lang.Object, int, int, int, int, int)'> (0x05218af8) thrown at [s\src\hotspot\share\interpreter\linkResolver.cpp, line 773]
Event: 642.711 Thread 0x159e9400 Exception <a 'java/lang/NoSuchMethodError'{0x0521f688}: 'java.lang.Object java.lang.invoke.Invokers$Holder.linkToTargetMethod(java.lang.Object, java.lang.Object, int, int, int, int, int, java.lang.Object)'> (0x0521f688) thrown at [s\src\hotspot\share\interpreter\linkResolver.cpp, line 773]
Event: 645.770 Thread 0x159e9400 Exception <a 'java/lang/reflect/InvocationTargetException'{0x0531c250}> (0x0531c250) thrown at [s\src\hotspot\share\runtime\reflection.cpp, line 1245]
Event: 645.770 Thread 0x159e9400 Exception <a 'java/lang/RuntimeException'{0x0531e060}> (0x0531e060) thrown at [s\src\hotspot\share\prims\jvm.cpp, line 1310]
Event: 658.799 Thread 0x159e9400 Exception <a 'java/lang/ClassNotFoundException'{0x05358bc0}: com/sun/javafx/scene/control/skin/resources/controls> (0x05358bc0) thrown at [s\src\hotspot\share\prims\jni.cpp, line 638]
Event: 658.800 Thread 0x159e9400 Exception <a 'java/lang/ClassNotFoundException'{0x05366d70}: com/sun/javafx/scene/control/skin/resources/controls_es> (0x05366d70) thrown at [s\src\hotspot\share\prims\jni.cpp, line 638]
Event: 660.706 Thread 0x159e9400 Exception <a 'sun/nio/fs/WindowsException'{0x056575f0}> (0x056575f0) thrown at [s\src\hotspot\share\prims\jni.cpp, line 617]
Event: 663.787 Thread 0x1fd81800 Exception <a 'java/net/SocketTimeoutException'{0x05bc41a0}: Read timed out> (0x05bc41a0) thrown at [s\src\hotspot\share\prims\jni.cpp, line 638]
Event: 664.035 Thread 0x159e9400 Exception <a 'java/lang/reflect/InvocationTargetException'{0x05c036e8}> (0x05c036e8) thrown at [s\src\hotspot\share\runtime\reflection.cpp, line 1245]
Event: 664.035 Thread 0x159e9400 Exception <a 'java/lang/RuntimeException'{0x05c05f98}> (0x05c05f98) thrown at [s\src\hotspot\share\prims\jvm.cpp, line 1310]
Event: 665.294 Thread 0x159e9400 Exception <a 'java/lang/reflect/InvocationTargetException'{0x05cdffa8}> (0x05cdffa8) thrown at [s\src\hotspot\share\runtime\reflection.cpp, line 1245]
Event: 665.294 Thread 0x159e9400 Exception <a 'java/lang/RuntimeException'{0x05ce2858}> (0x05ce2858) thrown at [s\src\hotspot\share\prims\jvm.cpp, line 1310]
Event: 667.804 Thread 0x159e9400 Exception <a 'java/lang/IllegalArgumentException'{0x05e36408}> (0x05e36408) thrown at [s\src\hotspot\share\prims\jvm.cpp, line 1310]
Event: 667.872 Thread 0x159e9400 Exception <a 'java/lang/IllegalArgumentException'{0x05e6e8c0}> (0x05e6e8c0) thrown at [s\src\hotspot\share\prims\jvm.cpp, line 1310]
Event: 667.883 Thread 0x159e9400 Exception <a 'java/lang/IllegalArgumentException'{0x05eb8b70}> (0x05eb8b70) thrown at [s\src\hotspot\share\prims\jvm.cpp, line 1310]
Event: 667.891 Thread 0x159e9400 Exception <a 'java/lang/IllegalArgumentException'{0x05ec4530}> (0x05ec4530) thrown at [s\src\hotspot\share\prims\jvm.cpp, line 1310]
Event: 667.905 Thread 0x159e9400 Exception <a 'java/lang/IllegalArgumentException'{0x05ecfec8}> (0x05ecfec8) thrown at [s\src\hotspot\share\prims\jvm.cpp, line 1310]

Events (20 events):
Event: 663.135 Loaded shared library C:\Users\alexia\.openjfx\cache\17.0.6\prism_d3d.dll
Event: 663.138 Loaded shared library C:\Users\alexia\.openjfx\cache\17.0.6\prism_d3d.dll
Event: 663.786 Executing VM operation: RevokeBias
Event: 663.786 Executing VM operation: RevokeBias done
Event: 665.298 loading class com/sun/glass/ui/View
Event: 665.298 loading class com/sun/glass/ui/View done
Event: 665.298 loading class com/sun/javafx/tk/quantum/GlassViewEventHandler
Event: 665.298 loading class com/sun/javafx/tk/quantum/GlassViewEventHandler done
Event: 665.299 loading class com/sun/glass/ui/View
Event: 665.299 loading class com/sun/glass/ui/View done
Event: 665.299 loading class com/sun/javafx/tk/quantum/GlassViewEventHandler
Event: 665.299 loading class com/sun/javafx/tk/quantum/GlassViewEventHandler done
Event: 667.499 loading class javafx/application/Application
Event: 667.499 loading class javafx/application/Application done
Event: 667.499 loading class javafx/application/Application
Event: 667.499 loading class javafx/application/Application done
Event: 667.801 loading class com/sun/prism/GraphicsResource
Event: 667.801 loading class com/sun/prism/GraphicsResource done
Event: 667.801 loading class com/sun/prism/GraphicsResource
Event: 667.801 loading class com/sun/prism/GraphicsResource done


Dynamic libraries:
0x000f0000 - 0x000fc000 	C:\Program Files (x86)\Eclipse Adoptium\jdk-11.0.21.9-hotspot\bin\java.exe
0x77500000 - 0x776b1000 	C:\WINDOWS\SYSTEM32\ntdll.dll
0x770f0000 - 0x771e0000 	C:\WINDOWS\System32\KERNEL32.DLL
0x75260000 - 0x754d5000 	C:\WINDOWS\System32\KERNELBASE.dll
0x741f0000 - 0x74296000 	C:\WINDOWS\SYSTEM32\apphelp.dll
0x755a0000 - 0x756b2000 	C:\WINDOWS\System32\ucrtbase.dll
0x74190000 - 0x741a3000 	C:\Program Files (x86)\Eclipse Adoptium\jdk-11.0.21.9-hotspot\bin\VCRUNTIME140.dll
0x741b0000 - 0x741c5000 	C:\Program Files (x86)\Eclipse Adoptium\jdk-11.0.21.9-hotspot\bin\jli.dll
0x76a90000 - 0x76c39000 	C:\WINDOWS\System32\USER32.dll
0x76c40000 - 0x76c5a000 	C:\WINDOWS\System32\win32u.dll
0x75740000 - 0x75763000 	C:\WINDOWS\System32\GDI32.dll
0x76ea0000 - 0x76f82000 	C:\WINDOWS\System32\gdi32full.dll
0x756c0000 - 0x75739000 	C:\WINDOWS\System32\msvcp_win.dll
0x6fa90000 - 0x6fcb8000 	C:\WINDOWS\WinSxS\x86_microsoft.windows.common-controls_6595b64144ccf1df_6.0.22621.3235_none_6ebcabb88802389e\COMCTL32.dll
0x75e10000 - 0x75ed4000 	C:\WINDOWS\System32\msvcrt.dll
0x751c0000 - 0x751e5000 	C:\WINDOWS\System32\IMM32.DLL
0x740e0000 - 0x7414f000 	C:\Program Files (x86)\Eclipse Adoptium\jdk-11.0.21.9-hotspot\bin\msvcp140.dll
0x73c00000 - 0x740db000 	C:\Program Files (x86)\Eclipse Adoptium\jdk-11.0.21.9-hotspot\bin\client\jvm.dll
0x773b0000 - 0x7742f000 	C:\WINDOWS\System32\ADVAPI32.dll
0x771e0000 - 0x77265000 	C:\WINDOWS\System32\sechost.dll
0x762d0000 - 0x762ea000 	C:\WINDOWS\System32\bcrypt.dll
0x77030000 - 0x770ea000 	C:\WINDOWS\System32\RPCRT4.dll
0x76160000 - 0x76166000 	C:\WINDOWS\System32\PSAPI.DLL
0x74180000 - 0x74188000 	C:\WINDOWS\SYSTEM32\WSOCK32.dll
0x75540000 - 0x7559f000 	C:\WINDOWS\System32\WS2_32.dll
0x6f7f0000 - 0x6f821000 	C:\WINDOWS\SYSTEM32\WINMM.dll
0x74530000 - 0x74538000 	C:\WINDOWS\SYSTEM32\VERSION.dll
0x74790000 - 0x747a3000 	C:\WINDOWS\SYSTEM32\kernel.appcore.dll
0x74170000 - 0x7417d000 	C:\Program Files (x86)\Eclipse Adoptium\jdk-11.0.21.9-hotspot\bin\verify.dll
0x6f610000 - 0x6f7e6000 	C:\WINDOWS\SYSTEM32\DBGHELP.DLL
0x75ee0000 - 0x7615c000 	C:\WINDOWS\System32\combase.dll
0x76c60000 - 0x76cfc000 	C:\WINDOWS\System32\OLEAUT32.dll
0x6f5e0000 - 0x6f609000 	C:\WINDOWS\SYSTEM32\dbgcore.DLL
0x76fc0000 - 0x77022000 	C:\WINDOWS\System32\bcryptPrimitives.dll
0x6f5b0000 - 0x6f5d2000 	C:\Program Files (x86)\Eclipse Adoptium\jdk-11.0.21.9-hotspot\bin\java.dll
0x6f5a0000 - 0x6f5a9000 	C:\Program Files (x86)\Eclipse Adoptium\jdk-11.0.21.9-hotspot\bin\jimage.dll
0x6f570000 - 0x6f57d000 	C:\Program Files (x86)\Eclipse Adoptium\jdk-11.0.21.9-hotspot\bin\instrument.dll
0x6f580000 - 0x6f596000 	C:\Program Files (x86)\Eclipse Adoptium\jdk-11.0.21.9-hotspot\bin\zip.dll
0x75770000 - 0x75e09000 	C:\WINDOWS\System32\SHELL32.dll
0x748a0000 - 0x74f8f000 	C:\WINDOWS\SYSTEM32\windows.storage.dll
0x747d0000 - 0x74897000 	C:\WINDOWS\SYSTEM32\wintypes.dll
0x77270000 - 0x77331000 	C:\WINDOWS\System32\SHCORE.dll
0x76280000 - 0x762cb000 	C:\WINDOWS\System32\shlwapi.dll
0x744d0000 - 0x744e9000 	C:\WINDOWS\SYSTEM32\profapi.dll
0x6f550000 - 0x6f564000 	C:\Program Files (x86)\Eclipse Adoptium\jdk-11.0.21.9-hotspot\bin\net.dll
0x75010000 - 0x750ec000 	C:\WINDOWS\SYSTEM32\WINHTTP.dll
0x6f4f0000 - 0x6f541000 	C:\WINDOWS\system32\mswsock.dll
0x6f4e0000 - 0x6f4ef000 	C:\Program Files (x86)\Eclipse Adoptium\jdk-11.0.21.9-hotspot\bin\nio.dll
0x6f4c0000 - 0x6f4d6000 	C:\Program Files\JetBrains\IntelliJ IDEA 2023.3.2\bin\breakgen.dll
0x6f4b0000 - 0x6f4b3000 	C:\Users\alexia\.openjfx\cache\17.0.6\api-ms-win-core-console-l1-1-0.dll
0x6f4a0000 - 0x6f4a3000 	C:\Users\alexia\.openjfx\cache\17.0.6\api-ms-win-core-console-l1-2-0.dll
0x6f490000 - 0x6f493000 	C:\Users\alexia\.openjfx\cache\17.0.6\api-ms-win-core-datetime-l1-1-0.dll
0x6f480000 - 0x6f483000 	C:\Users\alexia\.openjfx\cache\17.0.6\api-ms-win-core-debug-l1-1-0.dll
0x6f470000 - 0x6f473000 	C:\Users\alexia\.openjfx\cache\17.0.6\api-ms-win-core-errorhandling-l1-1-0.dll
0x6f460000 - 0x6f464000 	C:\Users\alexia\.openjfx\cache\17.0.6\api-ms-win-core-file-l1-1-0.dll
0x6f450000 - 0x6f453000 	C:\Users\alexia\.openjfx\cache\17.0.6\api-ms-win-core-file-l1-2-0.dll
0x6f440000 - 0x6f443000 	C:\Users\alexia\.openjfx\cache\17.0.6\api-ms-win-core-file-l2-1-0.dll
0x6f430000 - 0x6f433000 	C:\Users\alexia\.openjfx\cache\17.0.6\api-ms-win-core-handle-l1-1-0.dll
0x6f420000 - 0x6f423000 	C:\Users\alexia\.openjfx\cache\17.0.6\api-ms-win-core-heap-l1-1-0.dll
0x6f410000 - 0x6f413000 	C:\Users\alexia\.openjfx\cache\17.0.6\api-ms-win-core-interlocked-l1-1-0.dll
0x6f400000 - 0x6f403000 	C:\Users\alexia\.openjfx\cache\17.0.6\api-ms-win-core-libraryloader-l1-1-0.dll
0x6f3f0000 - 0x6f3f3000 	C:\Users\alexia\.openjfx\cache\17.0.6\api-ms-win-core-localization-l1-2-0.dll
0x6f3e0000 - 0x6f3e3000 	C:\Users\alexia\.openjfx\cache\17.0.6\api-ms-win-core-memory-l1-1-0.dll
0x6f3d0000 - 0x6f3d3000 	C:\Users\alexia\.openjfx\cache\17.0.6\api-ms-win-core-namedpipe-l1-1-0.dll
0x6f3a0000 - 0x6f3a3000 	C:\Users\alexia\.openjfx\cache\17.0.6\api-ms-win-core-processenvironment-l1-1-0.dll
0x6f390000 - 0x6f393000 	C:\Users\alexia\.openjfx\cache\17.0.6\api-ms-win-core-processthreads-l1-1-0.dll
0x6f380000 - 0x6f383000 	C:\Users\alexia\.openjfx\cache\17.0.6\api-ms-win-core-processthreads-l1-1-1.dll
0x6f370000 - 0x6f373000 	C:\Users\alexia\.openjfx\cache\17.0.6\api-ms-win-core-profile-l1-1-0.dll
0x6f360000 - 0x6f363000 	C:\Users\alexia\.openjfx\cache\17.0.6\api-ms-win-core-rtlsupport-l1-1-0.dll
0x6f350000 - 0x6f353000 	C:\Users\alexia\.openjfx\cache\17.0.6\api-ms-win-core-string-l1-1-0.dll
0x6f340000 - 0x6f343000 	C:\Users\alexia\.openjfx\cache\17.0.6\api-ms-win-core-synch-l1-1-0.dll
0x6f330000 - 0x6f333000 	C:\Users\alexia\.openjfx\cache\17.0.6\api-ms-win-core-synch-l1-2-0.dll
0x6f320000 - 0x6f323000 	C:\Users\alexia\.openjfx\cache\17.0.6\api-ms-win-core-sysinfo-l1-1-0.dll
0x6f310000 - 0x6f313000 	C:\Users\alexia\.openjfx\cache\17.0.6\api-ms-win-core-timezone-l1-1-0.dll
0x6f300000 - 0x6f303000 	C:\Users\alexia\.openjfx\cache\17.0.6\api-ms-win-core-util-l1-1-0.dll
0x6f2f0000 - 0x6f2f3000 	C:\Users\alexia\.openjfx\cache\17.0.6\api-ms-win-crt-conio-l1-1-0.dll
0x6f2e0000 - 0x6f2e4000 	C:\Users\alexia\.openjfx\cache\17.0.6\api-ms-win-crt-convert-l1-1-0.dll
0x6f2d0000 - 0x6f2d3000 	C:\Users\alexia\.openjfx\cache\17.0.6\api-ms-win-crt-environment-l1-1-0.dll
0x6f2c0000 - 0x6f2c3000 	C:\Users\alexia\.openjfx\cache\17.0.6\api-ms-win-crt-filesystem-l1-1-0.dll
0x6f2b0000 - 0x6f2b3000 	C:\Users\alexia\.openjfx\cache\17.0.6\api-ms-win-crt-heap-l1-1-0.dll
0x6f2a0000 - 0x6f2a3000 	C:\Users\alexia\.openjfx\cache\17.0.6\api-ms-win-crt-locale-l1-1-0.dll
0x6f290000 - 0x6f295000 	C:\Users\alexia\.openjfx\cache\17.0.6\api-ms-win-crt-math-l1-1-0.dll
0x6f280000 - 0x6f285000 	C:\Users\alexia\.openjfx\cache\17.0.6\api-ms-win-crt-multibyte-l1-1-0.dll
0x6f170000 - 0x6f180000 	C:\Users\alexia\.openjfx\cache\17.0.6\api-ms-win-crt-private-l1-1-0.dll
0x6f160000 - 0x6f163000 	C:\Users\alexia\.openjfx\cache\17.0.6\api-ms-win-crt-process-l1-1-0.dll
0x6f150000 - 0x6f154000 	C:\Users\alexia\.openjfx\cache\17.0.6\api-ms-win-crt-runtime-l1-1-0.dll
0x6f140000 - 0x6f144000 	C:\Users\alexia\.openjfx\cache\17.0.6\api-ms-win-crt-stdio-l1-1-0.dll
0x6f130000 - 0x6f134000 	C:\Users\alexia\.openjfx\cache\17.0.6\api-ms-win-crt-string-l1-1-0.dll
0x6f120000 - 0x6f123000 	C:\Users\alexia\.openjfx\cache\17.0.6\api-ms-win-crt-time-l1-1-0.dll
0x6f110000 - 0x6f113000 	C:\Users\alexia\.openjfx\cache\17.0.6\api-ms-win-crt-utility-l1-1-0.dll
0x6efe0000 - 0x6f103000 	C:\Users\alexia\.openjfx\cache\17.0.6\ucrtbase.dll
0x6efc0000 - 0x6efd4000 	C:\Users\alexia\.openjfx\cache\17.0.6\vcruntime140.dll
0x6ef50000 - 0x6efbd000 	C:\Users\alexia\.openjfx\cache\17.0.6\msvcp140.dll
0x6ef40000 - 0x6ef47000 	C:\Users\alexia\.openjfx\cache\17.0.6\msvcp140_1.dll
0x6ef10000 - 0x6ef39000 	C:\Users\alexia\.openjfx\cache\17.0.6\msvcp140_2.dll
0x6eee0000 - 0x6ef06000 	C:\Users\alexia\.openjfx\cache\17.0.6\prism_d3d.dll
0x6ed60000 - 0x6eed1000 	C:\WINDOWS\system32\d3d9.dll
0x6ed30000 - 0x6ed54000 	C:\WINDOWS\SYSTEM32\dwmapi.dll
0x6ed00000 - 0x6ed2e000 	C:\WINDOWS\SYSTEM32\dxcore.dll
0x71da0000 - 0x71e1f000 	C:\WINDOWS\system32\uxtheme.dll
0x6eb80000 - 0x6ecf9000 	C:\WINDOWS\System32\DriverStore\FileRepository\iigd_dch.inf_amd64_38b23bd92a6775fe\igdumdim32.dll
0x76380000 - 0x764d5000 	C:\WINDOWS\System32\ole32.dll
0x6b0a0000 - 0x6eb78000 	C:\WINDOWS\System32\DriverStore\FileRepository\iigd_dch.inf_amd64_38b23bd92a6775fe\igd9dxva32.dll
0x764e0000 - 0x7691d000 	C:\WINDOWS\System32\SETUPAPI.dll
0x750f0000 - 0x7512d000 	C:\WINDOWS\SYSTEM32\cfgmgr32.dll
0x6ada0000 - 0x6b098000 	C:\WINDOWS\System32\DriverStore\FileRepository\iigd_dch.inf_amd64_38b23bd92a6775fe\igdgmm32.dll
0x6ad60000 - 0x6ad9c000 	C:\WINDOWS\SYSTEM32\directxdatabasehelper.dll
0x6ad20000 - 0x6ad57000 	C:\Users\alexia\.openjfx\cache\17.0.6\glass.dll
0x77430000 - 0x774e1000 	C:\WINDOWS\System32\COMDLG32.dll
0x76d00000 - 0x76dff000 	C:\WINDOWS\System32\MSCTF.dll
0x6ad00000 - 0x6ad1e000 	C:\WINDOWS\System32\DriverStore\FileRepository\iigd_dch.inf_amd64_38b23bd92a6775fe\igdinfo32.dll
0x67f50000 - 0x6acff000 	C:\WINDOWS\System32\DriverStore\FileRepository\iigd_dch.inf_amd64_38b23bd92a6775fe\igc32.dll
0x67f30000 - 0x67f41000 	C:\Users\alexia\.openjfx\cache\17.0.6\javafx_font.dll
0x67f00000 - 0x67f24000 	C:\Program Files (x86)\Eclipse Adoptium\jdk-11.0.21.9-hotspot\bin\sunec.dll
0x70240000 - 0x70255000 	C:\WINDOWS\SYSTEM32\CRYPTSP.dll
0x70210000 - 0x70240000 	C:\WINDOWS\system32\rsaenh.dll
0x74150000 - 0x7416f000 	C:\WINDOWS\SYSTEM32\USERENV.dll
0x741e0000 - 0x741eb000 	C:\WINDOWS\SYSTEM32\CRYPTBASE.dll
0x75130000 - 0x75154000 	C:\WINDOWS\SYSTEM32\IPHLPAPI.DLL
0x76fb0000 - 0x76fb7000 	C:\WINDOWS\System32\NSI.dll
0x6f260000 - 0x6f276000 	C:\WINDOWS\SYSTEM32\dhcpcsvc6.DLL
0x6f240000 - 0x6f257000 	C:\WINDOWS\SYSTEM32\dhcpcsvc.DLL
0x6f180000 - 0x6f23d000 	C:\WINDOWS\SYSTEM32\DNSAPI.dll
0x67ef0000 - 0x67ef8000 	C:\Windows\System32\rasadhlp.dll
0x67e90000 - 0x67eed000 	C:\WINDOWS\System32\fwpuclnt.dll
0x6fdd0000 - 0x6fff4000 	C:\WINDOWS\SYSTEM32\dwrite.dll
0x762f0000 - 0x76372000 	C:\WINDOWS\System32\clbcatq.dll
0x67d30000 - 0x67e90000 	C:\WINDOWS\SYSTEM32\WindowsCodecs.dll

dbghelp: loaded successfully - version: 4.0.5 - missing functions: none
symbol engine: initialized successfully - sym options: 0x614 - pdb path: .;C:\Program Files (x86)\Eclipse Adoptium\jdk-11.0.21.9-hotspot\bin;C:\WINDOWS\SYSTEM32;C:\WINDOWS\WinSxS\x86_microsoft.windows.common-controls_6595b64144ccf1df_6.0.22621.3235_none_6ebcabb88802389e;C:\Program Files (x86)\Eclipse Adoptium\jdk-11.0.21.9-hotspot\bin\client;C:\Program Files\JetBrains\IntelliJ IDEA 2023.3.2\bin;C:\Users\alexia\.openjfx\cache\17.0.6;C:\WINDOWS\System32\DriverStore\FileRepository\iigd_dch.inf_amd64_38b23bd92a6775fe;C:\Program Files (x86)\Common Files\Microsoft Shared\Ink

VM Arguments:
jvm_args: -javaagent:C:\Program Files\JetBrains\IntelliJ IDEA 2023.3.2\lib\idea_rt.jar=50404:C:\Program Files\JetBrains\IntelliJ IDEA 2023.3.2\bin -Dfile.encoding=UTF-8 --module-path=C:\Users\alexia\.m2\repository\com\gluonhq\attach\lifecycle\4.0.19\lifecycle-4.0.19.jar;C:\Users\alexia\.m2\repository\org\openjfx\javafx-fxml\17.0.6\javafx-fxml-17.0.6-win-x86.jar;C:\Users\alexia\.m2\repository\org\kordamp\bootstrapfx\bootstrapfx-core\0.4.0\bootstrapfx-core-0.4.0.jar;C:\Users\alexia\.m2\repository\org\openjfx\javafx-graphics\17.0.6\javafx-graphics-17.0.6-win-x86.jar;C:\Users\alexia\Downloads\appJavaFx\target\classes;C:\Users\alexia\.m2\repository\com\gluonhq\attach\util\4.0.19\util-4.0.19.jar;C:\Users\alexia\.m2\repository\org\openjfx\javafx-controls\17.0.6\javafx-controls-17.0.6-win-x86.jar;C:\Users\alexia\.m2\repository\com\gluonhq\attach\display\4.0.19\display-4.0.19.jar;C:\Users\alexia\.m2\repository\org\openjfx\javafx-base\17.0.6\javafx-base-17.0.6-win-x86.jar;C:\Users\alexia\.m2\repository\com\gluonhq\charm-glisten\6.2.3\charm-glisten-6.2.3.jar -Djdk.module.main=com.alilopez.vererinaria 
java_command: com.alilopez.vererinaria/com.alilopez.application.App
java_class_path (initial): C:\Users\alexia\.m2\repository\org\openjfx\javafx-controls\17.0.6\javafx-controls-17.0.6.jar;C:\Users\alexia\.m2\repository\org\openjfx\javafx-graphics\17.0.6\javafx-graphics-17.0.6.jar;C:\Users\alexia\.m2\repository\org\openjfx\javafx-base\17.0.6\javafx-base-17.0.6.jar;C:\Users\alexia\.m2\repository\org\openjfx\javafx-fxml\17.0.6\javafx-fxml-17.0.6.jar
Launcher Type: SUN_STANDARD

[Global flags]
   size_t InitialHeapSize                          = 16777216                                  {product} {ergonomic}
   size_t MaxHeapSize                              = 268435456                                 {product} {ergonomic}
   size_t MaxNewSize                               = 89456640                                  {product} {ergonomic}
   size_t MinHeapDeltaBytes                        = 131072                                    {product} {ergonomic}
   size_t NewSize                                  = 5570560                                   {product} {ergonomic}
    uintx NonProfiledCodeHeapSize                  = 0                                      {pd product} {ergonomic}
   size_t OldSize                                  = 11206656                                  {product} {ergonomic}
    uintx ProfiledCodeHeapSize                     = 0                                      {pd product} {ergonomic}
     bool ThreadLocalHandshakes                    = false                                  {pd product} {ergonomic}
     bool UseLargePagesIndividualAllocation        = false                                  {pd product} {ergonomic}
     bool UseSerialGC                              = true                                      {product} {ergonomic}

Logging:
Log output configuration:
 #0: stdout all=warning uptime,level,tags
 #1: stderr all=off uptime,level,tags

Environment Variables:
PATH=C:\Program Files (x86)\Eclipse Adoptium\jdk-11.0.21.9-hotspot\bin;C:\WINDOWS\system32;C:\WINDOWS;C:\WINDOWS\System32\Wbem;C:\WINDOWS\System32\WindowsPowerShell\v1.0\;C:\WINDOWS\System32\OpenSSH\;C:\Program Files\Git\cmd;C:\Program Files (x86)\Git\cmd;C:\Users\alexia\AppData\Local\Microsoft\WindowsApps;C:\Users\alexia\AppData\Local\GitHubDesktop\bin;C:\Users\alexia\AppData\Local\Programs\Microsoft VS Code\bin;;C:\Program Files\JetBrains\IntelliJ IDEA 2023.3.2\bin;
USERNAME=alexia
OS=Windows_NT
PROCESSOR_IDENTIFIER=Intel64 Family 6 Model 140 Stepping 1, GenuineIntel
TMP=C:\Users\alexia\AppData\Local\Temp
TEMP=C:\Users\alexia\AppData\Local\Temp



---------------  S Y S T E M  ---------------

OS: Windows 11 , 64 bit Build 22621 (10.0.22621.3374)
OS uptime: 0 days 1:07 hours

CPU:total 4 (initial active 4) (2 cores per cpu, 2 threads per core) family 6 model 140 stepping 1 microcode 0x8a, cmov, cx8, fxsr, mmx, sse, sse2, sse3, ssse3, sse4.1, sse4.2, popcnt, avx, avx2, aes, clmul, erms, 3dnowpref, lzcnt, ht, tsc, tscinvbit, bmi1, bmi2, adx, evex, sha, fma

Memory: 4k page, system-wide physical 3875M (239M free)
TotalPageFile size 10820M (AvailPageFile size 1787M), user-mode portion of virtual address-space 2047M (1331M free)
current process WorkingSet (physical memory assigned to process): 125M, peak: 131M
current process commit charge ("private bytes"): 163M, peak: 167M

vm_info: OpenJDK Client VM (11.0.21+9) for windows-x86 JRE (11.0.21+9), built on Oct 17 2023 17:27:10 by "" with MS VC++ 15.9 (VS2017)

END.
