#
# A fatal error has been detected by the Java Runtime Environment:
#
#  EXCEPTION_ACCESS_VIOLATION (0xc0000005) at pc=0x73726c62, pid=9908, tid=11488
#
# JRE version: OpenJDK Runtime Environment Temurin-11.0.21+9 (11.0.21+9) (build 11.0.21+9)
# Java VM: OpenJDK Client VM Temurin-11.0.21+9 (11.0.21+9, mixed mode, serial gc, windows-x86)
# Problematic frame:
# C  [glass.dll+0x16c62]
#
# No core dump will be written. Minidumps are not enabled by default on client versions of Windows
#
# If you would like to submit a bug report, please visit:
#   https://github.com/adoptium/adoptium-support/issues
# The crash happened outside the Java Virtual Machine in native code.
# See problematic frame for where to report the bug.
#

---------------  S U M M A R Y ------------

Command Line: -javaagent:C:\Program Files\JetBrains\IntelliJ IDEA 2023.3.2\lib\idea_rt.jar=59228:C:\Program Files\JetBrains\IntelliJ IDEA 2023.3.2\bin -Dfile.encoding=UTF-8 --module-path=C:\Users\alexia\.m2\repository\com\gluonhq\attach\lifecycle\4.0.19\lifecycle-4.0.19.jar;C:\Users\alexia\.m2\repository\org\openjfx\javafx-graphics\17.0.6\javafx-graphics-17.0.6-win-x86.jar;C:\Users\alexia\.m2\repository\org\kordamp\bootstrapfx\bootstrapfx-core\0.4.0\bootstrapfx-core-0.4.0.jar;C:\Users\alexia\.m2\repository\org\openjfx\javafx-controls\17.0.6\javafx-controls-17.0.6-win-x86.jar;C:\Users\alexia\.m2\repository\com\gluonhq\attach\util\4.0.19\util-4.0.19.jar;C:\Users\alexia\.m2\repository\com\gluonhq\attach\display\4.0.19\display-4.0.19.jar;C:\Users\alexia\.m2\repository\org\openjfx\javafx-fxml\17.0.6\javafx-fxml-17.0.6-win-x86.jar;C:\Users\alexia\.m2\repository\com\gluonhq\charm-glisten\6.2.3\charm-glisten-6.2.3.jar;C:\Users\alexia\Downloads\appJavaFx\target\classes;C:\Users\alexia\.m2\repository\org\openjfx\javafx-base\17.0.6\javafx-base-17.0.6-win-x86.jar -Djdk.module.main=com.alilopez.vererinaria com.alilopez.vererinaria/com.alilopez.application.App

Host: 11th Gen Intel(R) Core(TM) i3-1115G4 @ 3.00GHz, 4 cores, 3G,  Windows 11 , 64 bit Build 22621 (10.0.22621.3374)
Time: Sat Apr 13 17:07:39 2024 Hora estándar central (México) elapsed time: 74.239271 seconds (0d 0h 1m 14s)

---------------  T H R E A D  ---------------

Current thread (0x15a2e000):  JavaThread "JavaFX Application Thread" [_thread_in_native, id=11488, stack(0x160b0000,0x16100000)]

Stack: [0x160b0000,0x16100000],  sp=0x160fe9ac,  free space=314k
Native frames: (J=compiled Java code, A=aot compiled Java code, j=interpreted, Vv=VM code, C=native code)
C  [glass.dll+0x16c62]

Java frames: (J=compiled Java code, j=interpreted, Vv=VM code)
j  com.sun.glass.ui.win.WinWindow._close(J)Z+0 javafx.graphics
j  com.sun.glass.ui.Window.close()V+63 javafx.graphics
j  com.sun.glass.ui.win.WinWindow.close()V+8 javafx.graphics
j  com.sun.glass.ui.Application.terminate()V+75 javafx.graphics
j  com.sun.javafx.tk.quantum.QuantumToolkit.lambda$exit$13()Ljava/lang/Object;+5 javafx.graphics
j  com.sun.javafx.tk.quantum.QuantumToolkit$$Lambda$478.get()Ljava/lang/Object;+0 javafx.graphics
j  com.sun.javafx.tk.quantum.QuantumToolkit.runWithRenderLock(Ljava/util/function/Supplier;)Ljava/lang/Object;+7 javafx.graphics
j  com.sun.javafx.tk.quantum.QuantumToolkit.exit()V+26 javafx.graphics
j  com.sun.javafx.application.PlatformImpl.lambda$tkExit$16()V+3 javafx.graphics
j  com.sun.javafx.application.PlatformImpl$$Lambda$477.run()V+0 javafx.graphics
j  com.sun.javafx.application.PlatformImpl.lambda$runAndWait$12(Ljava/lang/Runnable;Ljava/util/concurrent/CountDownLatch;)V+1 javafx.graphics
j  com.sun.javafx.application.PlatformImpl$$Lambda$86.run()V+8 javafx.graphics
j  com.sun.javafx.application.PlatformImpl.lambda$runLater$10(Ljava/lang/Runnable;)Ljava/lang/Void;+1 javafx.graphics
j  com.sun.javafx.application.PlatformImpl$$Lambda$89.run()Ljava/lang/Object;+4 javafx.graphics
v  ~StubRoutines::call_stub
J 1772  java.security.AccessController.doPrivileged(Ljava/security/PrivilegedAction;Ljava/security/AccessControlContext;)Ljava/lang/Object; java.base@11.0.21 (0 bytes) @ 0x03096187 [0x03096120+0x00000067]
j  com.sun.javafx.application.PlatformImpl.lambda$runLater$11(Ljava/lang/Runnable;Ljava/security/AccessControlContext;)V+7 javafx.graphics
j  com.sun.javafx.application.PlatformImpl$$Lambda$88.run()V+8 javafx.graphics
j  com.sun.glass.ui.InvokeLaterDispatcher$Future.run()V+4 javafx.graphics
v  ~StubRoutines::call_stub
j  com.sun.glass.ui.win.WinApplication._runLoop(Ljava/lang/Runnable;)V+0 javafx.graphics
j  com.sun.glass.ui.win.WinApplication.lambda$runLoop$3(ILjava/lang/Runnable;)V+8 javafx.graphics
j  com.sun.glass.ui.win.WinApplication$$Lambda$77.run()V+12 javafx.graphics
j  java.lang.Thread.run()V+11 java.base@11.0.21
v  ~StubRoutines::call_stub

siginfo: EXCEPTION_ACCESS_VIOLATION (0xc0000005), reading address 0x000000b8


Register to memory mapping:

EIP=0x73726c62 glass.dll
EAX=0x0 is NULL
EBX=0x160febe0 is pointing into the stack for thread: 0x15a2e000
ECX=0x0 is NULL
EDX=0x0 is NULL
ESP=0x160fe9ac is pointing into the stack for thread: 0x15a2e000
EBP=0x160fe9d8 is pointing into the stack for thread: 0x15a2e000
ESI=0x00000401 is an unknown value
EDI=0x0 is NULL


Registers:
EAX=0x00000000, EBX=0x160febe0, ECX=0x00000000, EDX=0x00000000
ESP=0x160fe9ac, EBP=0x160fe9d8, ESI=0x00000401, EDI=0x00000000
EIP=0x73726c62, EFLAGS=0x00010206

Top of Stack: (sp=0x160fe9ac)
0x160fe9ac:   160febe0 00000401 160febe0 73718df8
0x160fe9bc:   cec7a53f 15a41f90 00040334 00000401
0x160fe9cc:   160feb0c 737302b0 ffffffff 00000000
0x160fe9dc:   73711755 00000401 160febe0 00000000
0x160fe9ec:   00000401 00040334 160fea24 737116f0
0x160fe9fc:   75b230b3 00040334 00000401 160febe0
0x160fea0c:   00000000 00040334 dcbaabcd 737116f0
0x160fea1c:   00000401 00040334 160feb1c 75b13ef6 

Instructions: (pc=0x73726c62)
0x73726b62:   21 56 e8 47 42 00 00 ff 35 e8 03 74 73 8b f0 ff
0x73726b72:   77 68 56 e8 96 de fe ff 56 e8 a0 41 00 00 83 c4
0x73726b82:   10 5e c7 05 a4 03 74 73 00 00 00 00 5f c3 83 ec
0x73726b92:   24 a1 ec e0 73 73 33 c4 89 44 24 20 8b 44 24 28
0x73726ba2:   53 89 44 24 04 8b d9 8b 44 24 30 89 44 24 08 8b
0x73726bb2:   44 24 38 55 89 44 24 10 8b 44 24 38 56 89 83 84
0x73726bc2:   00 00 00 8b 44 24 0c 89 5c 24 18 bb 00 00 00 80
0x73726bd2:   8b eb 8b f3 57 8b fb 85 c0 79 29 8d 44 24 20 50
0x73726be2:   e8 29 aa fe ff 83 c4 04 85 c0 8b 44 24 10 74 14
0x73726bf2:   8b 74 24 28 8b 5c 24 20 2b f3 8b 7c 24 2c 8b 6c
0x73726c02:   24 24 2b fd 6a 00 50 ff 74 24 1c 68 d8 23 73 73
0x73726c12:   57 56 8b 74 24 34 8b ce 55 53 ff 74 24 38 e8 db
0x73726c22:   a7 fe ff 8b f8 8d 4e 14 57 e8 40 64 00 00 57 8d
0x73726c32:   4e 14 e8 c7 64 00 00 8b 4c 24 30 8b c7 5f 5e 5d
0x73726c42:   5b 33 cc e8 ae 7a 00 00 83 c4 24 c2 10 00 53 8b
0x73726c52:   d9 56 57 ff 73 08 e8 93 a9 fe ff 8b f8 83 c4 04
0x73726c62:   8b 87 b8 00 00 00 85 c0 75 03 8b 47 04 3b 05 a4
0x73726c72:   03 74 73 75 29 e8 34 41 00 00 ff 35 e8 03 74 73
0x73726c82:   8b f0 ff 77 68 56 e8 83 dd fe ff 56 e8 8d 40 00
0x73726c92:   00 83 c4 10 c7 05 a4 03 74 73 00 00 00 00 8d 4f
0x73726ca2:   14 e8 b8 69 00 00 8d 4f 14 e8 e0 69 00 00 ff 73
0x73726cb2:   08 ff 15 f8 fe 73 73 85 c0 5f 0f 95 c0 5e 88 43
0x73726cc2:   04 5b c3 cc cc cc cc cc cc cc cc cc cc cc 55 8b
0x73726cd2:   ec 6a ff 68 f7 11 73 73 64 a1 00 00 00 00 50 83
0x73726ce2:   ec 08 53 56 57 a1 ec e0 73 73 33 c5 50 8d 45 f4
0x73726cf2:   64 a3 00 00 00 00 8b f9 ff 77 18 ff 15 60 ff 73
0x73726d02:   73 85 c0 75 13 0f 57 c0 66 0f 13 45 ec 8b 55 f0
0x73726d12:   8b 45 ec e9 a7 00 00 00 68 dc 00 00 00 e8 96 79
0x73726d22:   00 00 83 c4 04 89 45 f0 c7 45 fc 00 00 00 00 85
0x73726d32:   c0 74 19 ff 77 18 8b c8 6a 01 6a 00 6a 00 6a 00
0x73726d42:   ff 77 10 e8 a6 f9 ff ff 8b d8 eb 02 33 db ff 77
0x73726d52:   18 8b cb c7 45 fc ff ff ff ff 6a 00 68 00 00 10 


Stack slot to memory mapping:
stack at sp + 0 slots: 0x160febe0 is pointing into the stack for thread: 0x15a2e000
stack at sp + 1 slots: 0x00000401 is an unknown value
stack at sp + 2 slots: 0x160febe0 is pointing into the stack for thread: 0x15a2e000
stack at sp + 3 slots: 0x73718df8 glass.dll
stack at sp + 4 slots: 0xcec7a53f is an unknown value
stack at sp + 5 slots: 0x15a41f90 points into unknown readable memory: 0x7373319c | 9c 31 73 73
stack at sp + 6 slots: 0x00040334 is an unknown value
stack at sp + 7 slots: 0x00000401 is an unknown value


---------------  P R O C E S S  ---------------

Threads class SMR info:
_java_thread_list=0x1a82ca68, length=17, elements={
0x02d05800, 0x02dcb800, 0x02dd0400, 0x02ddc000,
0x02dddc00, 0x1507f800, 0x15080000, 0x15083000,
0x150f3000, 0x1523f000, 0x159c9000, 0x15a28800,
0x15a2e000, 0x1a28dc00, 0x1a28b000, 0x1a371400,
0x1a658800
}

Java Threads: ( => current thread )
  0x02d05800 JavaThread "main" [_thread_blocked, id=16932, stack(0x00cc0000,0x00d10000)]
  0x02dcb800 JavaThread "Reference Handler" daemon [_thread_blocked, id=16664, stack(0x14e40000,0x14e90000)]
  0x02dd0400 JavaThread "Finalizer" daemon [_thread_blocked, id=14240, stack(0x14ed0000,0x14f20000)]
  0x02ddc000 JavaThread "Signal Dispatcher" daemon [_thread_blocked, id=17252, stack(0x15290000,0x152e0000)]
  0x02dddc00 JavaThread "Attach Listener" daemon [_thread_blocked, id=16596, stack(0x15320000,0x15370000)]
  0x1507f800 JavaThread "Service Thread" daemon [_thread_blocked, id=11032, stack(0x153b0000,0x15400000)]
  0x15080000 JavaThread "C1 CompilerThread0" daemon [_thread_blocked, id=8972, stack(0x15440000,0x15490000)]
  0x15083000 JavaThread "Sweeper thread" daemon [_thread_blocked, id=1480, stack(0x154d0000,0x15520000)]
  0x150f3000 JavaThread "Common-Cleaner" daemon [_thread_blocked, id=9192, stack(0x15560000,0x155b0000)]
  0x1523f000 JavaThread "Monitor Ctrl-Break" daemon [_thread_in_native, id=15116, stack(0x155f0000,0x15640000)]
  0x159c9000 JavaThread "QuantumRenderer-0" daemon [_thread_blocked, id=2640, stack(0x15d10000,0x15d60000)]
  0x15a28800 JavaThread "InvokeLaterDispatcher" daemon [_thread_blocked, id=8064, stack(0x15de0000,0x15e30000)]
=>0x15a2e000 JavaThread "JavaFX Application Thread" [_thread_in_native, id=11488, stack(0x160b0000,0x16100000)]
  0x1a28dc00 JavaThread "Thread-1" daemon [_thread_in_native, id=14044, stack(0x1b430000,0x1b480000)]
  0x1a28b000 JavaThread "JavaFX-Launcher" [_thread_blocked, id=13640, stack(0x1b4c0000,0x1b510000)]
  0x1a371400 JavaThread "Prism Font Disposer" daemon [_thread_blocked, id=5484, stack(0x1d270000,0x1d2c0000)]
  0x1a658800 JavaThread "Cleaner-0" daemon [_thread_blocked, id=14308, stack(0x1f7f0000,0x1f840000)]

Other Threads:
  0x02db7c00 VMThread "VM Thread" [stack: 0x02c60000,0x02cb0000] [id=6832]
  0x15240400 WatcherThread [stack: 0x15680000,0x156d0000] [id=6660]

Threads with active compile tasks:

VM state:not at safepoint (normal execution)

VM Mutex/Monitor currently owned by a thread: None

Heap:
 def new generation   total 30912K, used 17419K [0x04e00000, 0x06f80000, 0x0a350000)
  eden space 27520K,  53% used [0x04e00000, 0x05c586f0, 0x068e0000)
  from space 3392K,  80% used [0x068e0000, 0x06b8a5f0, 0x06c30000)
  to   space 3392K,   0% used [0x06c30000, 0x06c30000, 0x06f80000)
 tenured generation   total 68504K, used 64668K [0x0a350000, 0x0e636000, 0x14e00000)
   the space 68504K,  94% used [0x0a350000, 0x0e277280, 0x0e277400, 0x0e636000)
 Metaspace       used 18674K, capacity 18975K, committed 19072K, reserved 19840K

Card table byte_map: [0x026d0000,0x02760000] _byte_map_base: 0x026a9000

Polling page: 0x00d10000

Metaspace:

Usage:
   18.53 MB capacity,    18.24 MB ( 98%) used,   204.88 KB (  1%) free+waste,    96.60 KB ( <1%) overhead. 

Virtual space:
     19.38 MB reserved,      18.63 MB ( 96%) committed 

Chunk freelists:
512 bytes

MaxMetaspaceSize: 4.00 GB
No class space
Initial GC threshold: 12.00 MB
Current GC threshold: 29.17 MB
CDS: off

CodeCache: size=32768Kb used=3592Kb max_used=3592Kb free=29175Kb
 bounds [0x02de0000, 0x03168000, 0x04de0000]
 total_blobs=2828 nmethods=2389 adapters=371
 compilation: enabled
              stopped_count=0, restarted_count=0
 full_count=0

Compilation events (20 events):
Event: 73.743 Thread 0x15080000 2379             java.util.concurrent.locks.AbstractQueuedSynchronizer$Node::<init> (23 bytes)
Event: 73.743 Thread 0x15080000 nmethod 2379 0x0315d4c8 code [0x0315d630, 0x0315d928]
Event: 73.743 Thread 0x15080000 2380             java.lang.invoke.VarHandleGuards::guard_LI_V (103 bytes)
Event: 73.745 Thread 0x15080000 nmethod 2380 0x0315dc48 code [0x0315de50, 0x0315e584]
Event: 73.745 Thread 0x15080000 2381             java.lang.invoke.VarHandleInts$FieldInstanceReadWrite::set (23 bytes)
Event: 73.745 Thread 0x15080000 nmethod 2381 0x0315ec48 code [0x0315ed80, 0x0315ef44]
Event: 73.756 Thread 0x15080000 2383             java.util.concurrent.locks.AbstractQueuedSynchronizer$ConditionObject::doSignal (43 bytes)
Event: 73.756 Thread 0x15080000 nmethod 2383 0x0315f088 code [0x0315f1a0, 0x0315f2ac]
Event: 73.756 Thread 0x15080000 2384             java.util.concurrent.locks.AbstractQueuedSynchronizer::transferForSignal (45 bytes)
Event: 73.757 Thread 0x15080000 nmethod 2384 0x0315f388 code [0x0315f510, 0x0315f910]
Event: 73.757 Thread 0x15080000 2385   !         java.util.concurrent.locks.AbstractQueuedSynchronizer::acquireQueued (74 bytes)
Event: 73.757 Thread 0x15080000 nmethod 2385 0x0315fbc8 code [0x0315fd50, 0x031600a4]
Event: 73.828 Thread 0x15080000 2386             com.sun.javafx.event.CompositeEventHandler::find (44 bytes)
Event: 73.828 Thread 0x15080000 nmethod 2386 0x03160408 code [0x03160540, 0x03160674]
Event: 73.869 Thread 0x15080000 2387             com.sun.prism.impl.BaseResourcePool::cleanup (145 bytes)
Event: 73.870 Thread 0x15080000 nmethod 2387 0x03160748 code [0x031608c0, 0x03160c28]
Event: 74.027 Thread 0x15080000 2388             com.sun.javafx.sg.prism.NGRegion::renderBackgroundRectanglesDirectly (346 bytes)
Event: 74.028 Thread 0x15080000 nmethod 2388 0x03161508 code [0x031616c0, 0x03161b4c]
Event: 74.029 Thread 0x15080000 2389             com.sun.javafx.sg.prism.NGNode::needsBlending (22 bytes)
Event: 74.029 Thread 0x15080000 nmethod 2389 0x03161ec8 code [0x03161fd0, 0x03162080]

GC Heap History (20 events):
Event: 24.153 GC heap before
{Heap before GC invocations=12 (full 1):
 def new generation   total 4992K, used 4725K [0x04e00000, 0x05360000, 0x0a350000)
  eden space 4480K, 100% used [0x04e00000, 0x05260000, 0x05260000)
  from space 512K,  47% used [0x052e0000, 0x0531d5b0, 0x05360000)
  to   space 512K,   0% used [0x05260000, 0x05260000, 0x052e0000)
 tenured generation   total 10944K, used 7703K [0x0a350000, 0x0ae00000, 0x14e00000)
   the space 10944K,  70% used [0x0a350000, 0x0aad5de0, 0x0aad5e00, 0x0ae00000)
 Metaspace       used 14986K, capacity 15210K, committed 15232K, reserved 15744K
}
Event: 24.155 GC heap after
{Heap after GC invocations=13 (full 1):
 def new generation   total 4992K, used 512K [0x04e00000, 0x05360000, 0x0a350000)
  eden space 4480K,   0% used [0x04e00000, 0x04e00000, 0x05260000)
  from space 512K, 100% used [0x05260000, 0x052e0000, 0x052e0000)
  to   space 512K,   0% used [0x052e0000, 0x052e0000, 0x05360000)
 tenured generation   total 10944K, used 8150K [0x0a350000, 0x0ae00000, 0x14e00000)
   the space 10944K,  74% used [0x0a350000, 0x0ab459a0, 0x0ab45a00, 0x0ae00000)
 Metaspace       used 14986K, capacity 15210K, committed 15232K, reserved 15744K
}
Event: 24.331 GC heap before
{Heap before GC invocations=13 (full 1):
 def new generation   total 4992K, used 4992K [0x04e00000, 0x05360000, 0x0a350000)
  eden space 4480K, 100% used [0x04e00000, 0x05260000, 0x05260000)
  from space 512K, 100% used [0x05260000, 0x052e0000, 0x052e0000)
  to   space 512K,   0% used [0x052e0000, 0x052e0000, 0x05360000)
 tenured generation   total 10944K, used 8150K [0x0a350000, 0x0ae00000, 0x14e00000)
   the space 10944K,  74% used [0x0a350000, 0x0ab459a0, 0x0ab45a00, 0x0ae00000)
 Metaspace       used 15481K, capacity 15727K, committed 15744K, reserved 15744K
}
Event: 24.335 GC heap after
{Heap after GC invocations=14 (full 1):
 def new generation   total 4992K, used 512K [0x04e00000, 0x05360000, 0x0a350000)
  eden space 4480K,   0% used [0x04e00000, 0x04e00000, 0x05260000)
  from space 512K, 100% used [0x052e0000, 0x05360000, 0x05360000)
  to   space 512K,   0% used [0x05260000, 0x05260000, 0x052e0000)
 tenured generation   total 10944K, used 9127K [0x0a350000, 0x0ae00000, 0x14e00000)
   the space 10944K,  83% used [0x0a350000, 0x0ac39ce0, 0x0ac39e00, 0x0ae00000)
 Metaspace       used 15481K, capacity 15727K, committed 15744K, reserved 15744K
}
Event: 27.678 GC heap before
{Heap before GC invocations=14 (full 1):
 def new generation   total 4992K, used 4992K [0x04e00000, 0x05360000, 0x0a350000)
  eden space 4480K, 100% used [0x04e00000, 0x05260000, 0x05260000)
  from space 512K, 100% used [0x052e0000, 0x05360000, 0x05360000)
  to   space 512K,   0% used [0x05260000, 0x05260000, 0x052e0000)
 tenured generation   total 10944K, used 9127K [0x0a350000, 0x0ae00000, 0x14e00000)
   the space 10944K,  83% used [0x0a350000, 0x0ac39ce0, 0x0ac39e00, 0x0ae00000)
 Metaspace       used 15979K, capacity 16204K, committed 16256K, reserved 16768K
}
Event: 27.694 GC heap after
{Heap after GC invocations=15 (full 2):
 def new generation   total 8384K, used 402K [0x04e00000, 0x05710000, 0x0a350000)
  eden space 7488K,   5% used [0x04e00000, 0x04e64b48, 0x05550000)
  from space 896K,   0% used [0x05550000, 0x05550000, 0x05630000)
  to   space 896K,   0% used [0x05630000, 0x05630000, 0x05710000)
 tenured generation   total 18452K, used 11070K [0x0a350000, 0x0b555000, 0x14e00000)
   the space 18452K,  59% used [0x0a350000, 0x0ae1faa8, 0x0ae1fc00, 0x0b555000)
 Metaspace       used 15806K, capacity 15994K, committed 16256K, reserved 16768K
}
Event: 56.729 GC heap before
{Heap before GC invocations=15 (full 2):
 def new generation   total 8384K, used 7076K [0x04e00000, 0x05710000, 0x0a350000)
  eden space 7488K,  94% used [0x04e00000, 0x054e9180, 0x05550000)
  from space 896K,   0% used [0x05550000, 0x05550000, 0x05630000)
  to   space 896K,   0% used [0x05630000, 0x05630000, 0x05710000)
 tenured generation   total 18452K, used 11070K [0x0a350000, 0x0b555000, 0x14e00000)
   the space 18452K,  59% used [0x0a350000, 0x0ae1faa8, 0x0ae1fc00, 0x0b555000)
 Metaspace       used 17464K, capacity 17685K, committed 17920K, reserved 18816K
}
Event: 56.735 GC heap after
{Heap after GC invocations=16 (full 2):
 def new generation   total 8384K, used 896K [0x04e00000, 0x05710000, 0x0a350000)
  eden space 7488K,   0% used [0x04e00000, 0x04e00000, 0x05550000)
  from space 896K, 100% used [0x05630000, 0x05710000, 0x05710000)
  to   space 896K,   0% used [0x05550000, 0x05550000, 0x05630000)
 tenured generation   total 18452K, used 11466K [0x0a350000, 0x0b555000, 0x14e00000)
   the space 18452K,  62% used [0x0a350000, 0x0ae82a00, 0x0ae82a00, 0x0b555000)
 Metaspace       used 17464K, capacity 17685K, committed 17920K, reserved 18816K
}
Event: 57.040 GC heap before
{Heap before GC invocations=16 (full 2):
 def new generation   total 8384K, used 8354K [0x04e00000, 0x05710000, 0x0a350000)
  eden space 7488K,  99% used [0x04e00000, 0x05548928, 0x05550000)
  from space 896K, 100% used [0x05630000, 0x05710000, 0x05710000)
  to   space 896K,   0% used [0x05550000, 0x05550000, 0x05630000)
 tenured generation   total 18452K, used 11466K [0x0a350000, 0x0b555000, 0x14e00000)
   the space 18452K,  62% used [0x0a350000, 0x0ae82a00, 0x0ae82a00, 0x0b555000)
 Metaspace       used 17476K, capacity 17685K, committed 17920K, reserved 18816K
}
Event: 57.047 GC heap after
{Heap after GC invocations=17 (full 2):
 def new generation   total 8384K, used 891K [0x04e00000, 0x05710000, 0x0a350000)
  eden space 7488K,   0% used [0x04e00000, 0x04e00000, 0x05550000)
  from space 896K,  99% used [0x05550000, 0x0562ed88, 0x05630000)
  to   space 896K,   0% used [0x05630000, 0x05630000, 0x05710000)
 tenured generation   total 18452K, used 16791K [0x0a350000, 0x0b555000, 0x14e00000)
   the space 18452K,  91% used [0x0a350000, 0x0b3b5ec8, 0x0b3b6000, 0x0b555000)
 Metaspace       used 17476K, capacity 17685K, committed 17920K, reserved 18816K
}
Event: 57.371 GC heap before
{Heap before GC invocations=17 (full 2):
 def new generation   total 8384K, used 8020K [0x04e00000, 0x05710000, 0x0a350000)
  eden space 7488K,  95% used [0x04e00000, 0x054f6338, 0x05550000)
  from space 896K,  99% used [0x05550000, 0x0562ed88, 0x05630000)
  to   space 896K,   0% used [0x05630000, 0x05630000, 0x05710000)
 tenured generation   total 18452K, used 16791K [0x0a350000, 0x0b555000, 0x14e00000)
   the space 18452K,  91% used [0x0a350000, 0x0b3b5ec8, 0x0b3b6000, 0x0b555000)
 Metaspace       used 17476K, capacity 17685K, committed 17920K, reserved 18816K
}
Event: 57.389 GC heap after
{Heap after GC invocations=18 (full 3):
 def new generation   total 16768K, used 0K [0x04e00000, 0x06030000, 0x0a350000)
  eden space 14912K,   0% used [0x04e00000, 0x04e00000, 0x05c90000)
  from space 1856K,   0% used [0x05c90000, 0x05c90000, 0x05e60000)
  to   space 1856K,   0% used [0x05e60000, 0x05e60000, 0x06030000)
 tenured generation   total 37100K, used 22259K [0x0a350000, 0x0c78b000, 0x14e00000)
   the space 37100K,  59% used [0x0a350000, 0x0b90cda8, 0x0b90ce00, 0x0c78b000)
 Metaspace       used 17361K, capacity 17544K, committed 17920K, reserved 18816K
}
Event: 57.637 GC heap before
{Heap before GC invocations=18 (full 3):
 def new generation   total 16768K, used 14660K [0x04e00000, 0x06030000, 0x0a350000)
  eden space 14912K,  98% used [0x04e00000, 0x05c510b0, 0x05c90000)
  from space 1856K,   0% used [0x05c90000, 0x05c90000, 0x05e60000)
  to   space 1856K,   0% used [0x05e60000, 0x05e60000, 0x06030000)
 tenured generation   total 37100K, used 22259K [0x0a350000, 0x0c78b000, 0x14e00000)
   the space 37100K,  59% used [0x0a350000, 0x0b90cda8, 0x0b90ce00, 0x0c78b000)
 Metaspace       used 17361K, capacity 17544K, committed 17920K, reserved 18816K
}
Event: 57.641 GC heap after
{Heap after GC invocations=19 (full 3):
 def new generation   total 16768K, used 1442K [0x04e00000, 0x06030000, 0x0a350000)
  eden space 14912K,   0% used [0x04e00000, 0x04e00000, 0x05c90000)
  from space 1856K,  77% used [0x05e60000, 0x05fc8b48, 0x06030000)
  to   space 1856K,   0% used [0x05c90000, 0x05c90000, 0x05e60000)
 tenured generation   total 37100K, used 31119K [0x0a350000, 0x0c78b000, 0x14e00000)
   the space 37100K,  83% used [0x0a350000, 0x0c1b3c68, 0x0c1b3e00, 0x0c78b000)
 Metaspace       used 17361K, capacity 17544K, committed 17920K, reserved 18816K
}
Event: 57.763 GC heap before
{Heap before GC invocations=19 (full 3):
 def new generation   total 16768K, used 15973K [0x04e00000, 0x06030000, 0x0a350000)
  eden space 14912K,  97% used [0x04e00000, 0x05c30af8, 0x05c90000)
  from space 1856K,  77% used [0x05e60000, 0x05fc8b48, 0x06030000)
  to   space 1856K,   0% used [0x05c90000, 0x05c90000, 0x05e60000)
 tenured generation   total 37100K, used 31119K [0x0a350000, 0x0c78b000, 0x14e00000)
   the space 37100K,  83% used [0x0a350000, 0x0c1b3c68, 0x0c1b3e00, 0x0c78b000)
 Metaspace       used 17361K, capacity 17544K, committed 17920K, reserved 18816K
}
Event: 57.788 GC heap after
{Heap after GC invocations=20 (full 4):
 def new generation   total 30912K, used 443K [0x04e00000, 0x06f80000, 0x0a350000)
  eden space 27520K,   1% used [0x04e00000, 0x04e6ee90, 0x068e0000)
  from space 3392K,   0% used [0x068e0000, 0x068e0000, 0x06c30000)
  to   space 3392K,   0% used [0x06c30000, 0x06c30000, 0x06f80000)
 tenured generation   total 68504K, used 41101K [0x0a350000, 0x0e636000, 0x14e00000)
   the space 68504K,  59% used [0x0a350000, 0x0cb73490, 0x0cb73600, 0x0e636000)
 Metaspace       used 17361K, capacity 17544K, committed 17920K, reserved 18816K
}
Event: 60.745 GC heap before
{Heap before GC invocations=20 (full 4):
 def new generation   total 30912K, used 26960K [0x04e00000, 0x06f80000, 0x0a350000)
  eden space 27520K,  97% used [0x04e00000, 0x06854068, 0x068e0000)
  from space 3392K,   0% used [0x068e0000, 0x068e0000, 0x06c30000)
  to   space 3392K,   0% used [0x06c30000, 0x06c30000, 0x06f80000)
 tenured generation   total 68504K, used 41101K [0x0a350000, 0x0e636000, 0x14e00000)
   the space 68504K,  59% used [0x0a350000, 0x0cb73490, 0x0cb73600, 0x0e636000)
 Metaspace       used 18340K, capacity 18631K, committed 18688K, reserved 18816K
}
Event: 60.755 GC heap after
{Heap after GC invocations=21 (full 4):
 def new generation   total 30912K, used 3392K [0x04e00000, 0x06f80000, 0x0a350000)
  eden space 27520K,   0% used [0x04e00000, 0x04e00000, 0x068e0000)
  from space 3392K, 100% used [0x06c30000, 0x06f80000, 0x06f80000)
  to   space 3392K,   0% used [0x068e0000, 0x068e0000, 0x06c30000)
 tenured generation   total 68504K, used 50943K [0x0a350000, 0x0e636000, 0x14e00000)
   the space 68504K,  74% used [0x0a350000, 0x0d50ff58, 0x0d510000, 0x0e636000)
 Metaspace       used 18340K, capacity 18631K, committed 18688K, reserved 18816K
}
Event: 67.966 GC heap before
{Heap before GC invocations=21 (full 4):
 def new generation   total 30912K, used 30912K [0x04e00000, 0x06f80000, 0x0a350000)
  eden space 27520K, 100% used [0x04e00000, 0x068e0000, 0x068e0000)
  from space 3392K, 100% used [0x06c30000, 0x06f80000, 0x06f80000)
  to   space 3392K,   0% used [0x068e0000, 0x068e0000, 0x06c30000)
 tenured generation   total 68504K, used 50943K [0x0a350000, 0x0e636000, 0x14e00000)
   the space 68504K,  74% used [0x0a350000, 0x0d50ff58, 0x0d510000, 0x0e636000)
 Metaspace       used 18387K, capacity 18683K, committed 18688K, reserved 18816K
}
Event: 67.974 GC heap after
{Heap after GC invocations=22 (full 4):
 def new generation   total 30912K, used 2729K [0x04e00000, 0x06f80000, 0x0a350000)
  eden space 27520K,   0% used [0x04e00000, 0x04e00000, 0x068e0000)
  from space 3392K,  80% used [0x068e0000, 0x06b8a5f0, 0x06c30000)
  to   space 3392K,   0% used [0x06c30000, 0x06c30000, 0x06f80000)
 tenured generation   total 68504K, used 64668K [0x0a350000, 0x0e636000, 0x14e00000)
   the space 68504K,  94% used [0x0a350000, 0x0e277280, 0x0e277400, 0x0e636000)
 Metaspace       used 18387K, capacity 18683K, committed 18688K, reserved 18816K
}

Deoptimization events (8 events):
Event: 24.105 Thread 0x15a2e000 DEOPT PACKING pc=0x02f0798f sp=0x160fe290
Event: 24.105 Thread 0x15a2e000 DEOPT UNPACKING pc=0x02e1c187 sp=0x160fe1b0 mode 3
Event: 24.108 Thread 0x15a2e000 DEOPT PACKING pc=0x02f7d7f1 sp=0x160fe410
Event: 24.108 Thread 0x15a2e000 DEOPT UNPACKING pc=0x02e1c187 sp=0x160fe334 mode 3
Event: 24.167 Thread 0x15a2e000 DEOPT PACKING pc=0x02fa1c0c sp=0x160fe020
Event: 24.167 Thread 0x15a2e000 DEOPT UNPACKING pc=0x02e1c187 sp=0x160fded0 mode 3
Event: 24.430 Thread 0x159c9000 DEOPT PACKING pc=0x02fc7e3d sp=0x15d5f110
Event: 24.430 Thread 0x159c9000 DEOPT UNPACKING pc=0x02e1c187 sp=0x15d5f03c mode 3

Classes redefined (0 events):
No events

Internal exceptions (20 events):
Event: 69.268 Thread 0x15a2e000 Exception <a 'java/lang/RuntimeException'{0x0536fa68}> (0x0536fa68) thrown at [s\src\hotspot\share\prims\jvm.cpp, line 1310]
Event: 69.331 Thread 0x15a2e000 Exception <a 'java/lang/RuntimeException'{0x053e03e8}> (0x053e03e8) thrown at [s\src\hotspot\share\prims\jvm.cpp, line 1310]
Event: 69.447 Thread 0x15a2e000 Exception <a 'java/lang/RuntimeException'{0x0543e220}> (0x0543e220) thrown at [s\src\hotspot\share\prims\jvm.cpp, line 1310]
Event: 69.527 Thread 0x15a2e000 Exception <a 'java/lang/RuntimeException'{0x0549aca0}> (0x0549aca0) thrown at [s\src\hotspot\share\prims\jvm.cpp, line 1310]
Event: 69.623 Thread 0x15a2e000 Exception <a 'java/lang/RuntimeException'{0x054f7f88}> (0x054f7f88) thrown at [s\src\hotspot\share\prims\jvm.cpp, line 1310]
Event: 69.717 Thread 0x15a2e000 Exception <a 'java/lang/RuntimeException'{0x055555b0}> (0x055555b0) thrown at [s\src\hotspot\share\prims\jvm.cpp, line 1310]
Event: 69.822 Thread 0x15a2e000 Exception <a 'java/lang/RuntimeException'{0x055b3900}> (0x055b3900) thrown at [s\src\hotspot\share\prims\jvm.cpp, line 1310]
Event: 69.942 Thread 0x15a2e000 Exception <a 'java/lang/RuntimeException'{0x05612eb8}> (0x05612eb8) thrown at [s\src\hotspot\share\prims\jvm.cpp, line 1310]
Event: 70.040 Thread 0x15a2e000 Exception <a 'java/lang/RuntimeException'{0x056720f8}> (0x056720f8) thrown at [s\src\hotspot\share\prims\jvm.cpp, line 1310]
Event: 70.148 Thread 0x15a2e000 Exception <a 'java/lang/RuntimeException'{0x056d0870}> (0x056d0870) thrown at [s\src\hotspot\share\prims\jvm.cpp, line 1310]
Event: 70.250 Thread 0x15a2e000 Exception <a 'java/lang/RuntimeException'{0x05731830}> (0x05731830) thrown at [s\src\hotspot\share\prims\jvm.cpp, line 1310]
Event: 70.329 Thread 0x15a2e000 Exception <a 'java/lang/RuntimeException'{0x0578f668}> (0x0578f668) thrown at [s\src\hotspot\share\prims\jvm.cpp, line 1310]
Event: 70.445 Thread 0x15a2e000 Exception <a 'java/lang/RuntimeException'{0x05801920}> (0x05801920) thrown at [s\src\hotspot\share\prims\jvm.cpp, line 1310]
Event: 70.521 Thread 0x15a2e000 Exception <a 'java/lang/RuntimeException'{0x0585f748}> (0x0585f748) thrown at [s\src\hotspot\share\prims\jvm.cpp, line 1310]
Event: 70.644 Thread 0x15a2e000 Exception <a 'java/lang/RuntimeException'{0x058be638}> (0x058be638) thrown at [s\src\hotspot\share\prims\jvm.cpp, line 1310]
Event: 70.910 Thread 0x15a2e000 Exception <a 'java/lang/RuntimeException'{0x059221a8}> (0x059221a8) thrown at [s\src\hotspot\share\prims\jvm.cpp, line 1310]
Event: 72.371 Thread 0x15a2e000 Exception <a 'java/lang/RuntimeException'{0x059aab30}> (0x059aab30) thrown at [s\src\hotspot\share\prims\jvm.cpp, line 1310]
Event: 73.979 Thread 0x159c9000 Exception <a 'java/lang/NoSuchMethodError'{0x05b9e500}: 'java.lang.Object java.lang.invoke.DirectMethodHandle$Holder.invokeStaticInit(java.lang.Object, int)'> (0x05b9e500) thrown at [s\src\hotspot\share\interpreter\linkResolver.cpp, line 773]
Event: 74.126 Thread 0x15a2e000 Exception <a 'java/lang/IllegalArgumentException'{0x05ad2678}> (0x05ad2678) thrown at [s\src\hotspot\share\prims\jvm.cpp, line 1310]
Event: 74.149 Thread 0x15a2e000 Exception <a 'java/lang/IllegalArgumentException'{0x05adf930}> (0x05adf930) thrown at [s\src\hotspot\share\prims\jvm.cpp, line 1310]

Events (20 events):
Event: 73.981 Executing VM operation: RevokeBias
Event: 73.981 Executing VM operation: RevokeBias done
Event: 73.990 Executing VM operation: RevokeBias
Event: 73.990 Executing VM operation: RevokeBias done
Event: 74.040 loading class javafx/application/Application
Event: 74.040 loading class javafx/application/Application done
Event: 74.040 loading class javafx/application/Application
Event: 74.040 loading class javafx/application/Application done
Event: 74.125 loading class com/sun/javafx/tk/quantum/GlassScene
Event: 74.125 loading class com/sun/javafx/tk/quantum/GlassScene done
Event: 74.125 loading class com/sun/javafx/tk/quantum/WindowStage
Event: 74.125 loading class com/sun/javafx/tk/quantum/WindowStage done
Event: 74.125 loading class com/sun/prism/GraphicsResource
Event: 74.125 loading class com/sun/prism/GraphicsResource done
Event: 74.125 loading class com/sun/prism/GraphicsResource
Event: 74.125 loading class com/sun/prism/GraphicsResource done
Event: 74.126 loading class com/sun/javafx/tk/quantum/ViewScene
Event: 74.126 loading class com/sun/javafx/tk/quantum/ViewScene done
Event: 74.126 loading class com/sun/javafx/tk/quantum/WindowStage
Event: 74.126 loading class com/sun/javafx/tk/quantum/WindowStage done


Dynamic libraries:
0x005a0000 - 0x005ac000 	C:\Program Files (x86)\Eclipse Adoptium\jdk-11.0.21.9-hotspot\bin\java.exe
0x77a80000 - 0x77c31000 	C:\WINDOWS\SYSTEM32\ntdll.dll
0x764a0000 - 0x76590000 	C:\WINDOWS\System32\KERNEL32.DLL
0x77720000 - 0x77995000 	C:\WINDOWS\System32\KERNELBASE.dll
0x74e70000 - 0x74f16000 	C:\WINDOWS\SYSTEM32\apphelp.dll
0x75dc0000 - 0x75ed2000 	C:\WINDOWS\System32\ucrtbase.dll
0x74de0000 - 0x74df3000 	C:\Program Files (x86)\Eclipse Adoptium\jdk-11.0.21.9-hotspot\bin\VCRUNTIME140.dll
0x74e00000 - 0x74e15000 	C:\Program Files (x86)\Eclipse Adoptium\jdk-11.0.21.9-hotspot\bin\jli.dll
0x75af0000 - 0x75c99000 	C:\WINDOWS\System32\USER32.dll
0x76590000 - 0x765aa000 	C:\WINDOWS\System32\win32u.dll
0x76370000 - 0x76393000 	C:\WINDOWS\System32\GDI32.dll
0x74300000 - 0x74528000 	C:\WINDOWS\WinSxS\x86_microsoft.windows.common-controls_6595b64144ccf1df_6.0.22621.3235_none_6ebcabb88802389e\COMCTL32.dll
0x765b0000 - 0x76674000 	C:\WINDOWS\System32\msvcrt.dll
0x772e0000 - 0x773c2000 	C:\WINDOWS\System32\gdi32full.dll
0x75d40000 - 0x75db9000 	C:\WINDOWS\System32\msvcp_win.dll
0x76b20000 - 0x76b45000 	C:\WINDOWS\System32\IMM32.DLL
0x74d70000 - 0x74ddf000 	C:\Program Files (x86)\Eclipse Adoptium\jdk-11.0.21.9-hotspot\bin\msvcp140.dll
0x73d90000 - 0x7426b000 	C:\Program Files (x86)\Eclipse Adoptium\jdk-11.0.21.9-hotspot\bin\client\jvm.dll
0x75fb0000 - 0x7602f000 	C:\WINDOWS\System32\ADVAPI32.dll
0x762b0000 - 0x76335000 	C:\WINDOWS\System32\sechost.dll
0x76b50000 - 0x76b6a000 	C:\WINDOWS\System32\bcrypt.dll
0x77430000 - 0x774ea000 	C:\WINDOWS\System32\RPCRT4.dll
0x774f0000 - 0x774f6000 	C:\WINDOWS\System32\PSAPI.DLL
0x74e60000 - 0x74e68000 	C:\WINDOWS\SYSTEM32\WSOCK32.dll
0x76ac0000 - 0x76b1f000 	C:\WINDOWS\System32\WS2_32.dll
0x74e20000 - 0x74e51000 	C:\WINDOWS\SYSTEM32\WINMM.dll
0x74ce0000 - 0x74ce8000 	C:\WINDOWS\SYSTEM32\VERSION.dll
0x74b20000 - 0x74b33000 	C:\WINDOWS\SYSTEM32\kernel.appcore.dll
0x74d60000 - 0x74d6d000 	C:\Program Files (x86)\Eclipse Adoptium\jdk-11.0.21.9-hotspot\bin\verify.dll
0x74570000 - 0x74746000 	C:\WINDOWS\SYSTEM32\DBGHELP.DLL
0x75870000 - 0x75aec000 	C:\WINDOWS\System32\combase.dll
0x757c0000 - 0x7585c000 	C:\WINDOWS\System32\OLEAUT32.dll
0x74d30000 - 0x74d59000 	C:\WINDOWS\SYSTEM32\dbgcore.DLL
0x77270000 - 0x772d2000 	C:\WINDOWS\System32\bcryptPrimitives.dll
0x74a90000 - 0x74ab2000 	C:\Program Files (x86)\Eclipse Adoptium\jdk-11.0.21.9-hotspot\bin\java.dll
0x74d20000 - 0x74d29000 	C:\Program Files (x86)\Eclipse Adoptium\jdk-11.0.21.9-hotspot\bin\jimage.dll
0x74cf0000 - 0x74cfd000 	C:\Program Files (x86)\Eclipse Adoptium\jdk-11.0.21.9-hotspot\bin\instrument.dll
0x74c80000 - 0x74c96000 	C:\Program Files (x86)\Eclipse Adoptium\jdk-11.0.21.9-hotspot\bin\zip.dll
0x76b70000 - 0x77209000 	C:\WINDOWS\System32\SHELL32.dll
0x74ff0000 - 0x756df000 	C:\WINDOWS\SYSTEM32\windows.storage.dll
0x74f20000 - 0x74fe7000 	C:\WINDOWS\SYSTEM32\wintypes.dll
0x75ee0000 - 0x75fa1000 	C:\WINDOWS\System32\SHCORE.dll
0x75770000 - 0x757bb000 	C:\WINDOWS\System32\shlwapi.dll
0x74c60000 - 0x74c79000 	C:\WINDOWS\SYSTEM32\profapi.dll
0x74a70000 - 0x74a84000 	C:\Program Files (x86)\Eclipse Adoptium\jdk-11.0.21.9-hotspot\bin\net.dll
0x747f0000 - 0x748cc000 	C:\WINDOWS\SYSTEM32\WINHTTP.dll
0x749b0000 - 0x74a01000 	C:\WINDOWS\system32\mswsock.dll
0x74d10000 - 0x74d1f000 	C:\Program Files (x86)\Eclipse Adoptium\jdk-11.0.21.9-hotspot\bin\nio.dll
0x74990000 - 0x749a6000 	C:\Program Files\JetBrains\IntelliJ IDEA 2023.3.2\bin\breakgen.dll
0x74b50000 - 0x74b53000 	C:\Users\alexia\.openjfx\cache\17.0.6\api-ms-win-core-console-l1-1-0.dll
0x74a60000 - 0x74a63000 	C:\Users\alexia\.openjfx\cache\17.0.6\api-ms-win-core-console-l1-2-0.dll
0x74980000 - 0x74983000 	C:\Users\alexia\.openjfx\cache\17.0.6\api-ms-win-core-datetime-l1-1-0.dll
0x74970000 - 0x74973000 	C:\Users\alexia\.openjfx\cache\17.0.6\api-ms-win-core-debug-l1-1-0.dll
0x74960000 - 0x74963000 	C:\Users\alexia\.openjfx\cache\17.0.6\api-ms-win-core-errorhandling-l1-1-0.dll
0x74940000 - 0x74944000 	C:\Users\alexia\.openjfx\cache\17.0.6\api-ms-win-core-file-l1-1-0.dll
0x74560000 - 0x74563000 	C:\Users\alexia\.openjfx\cache\17.0.6\api-ms-win-core-file-l1-2-0.dll
0x74550000 - 0x74553000 	C:\Users\alexia\.openjfx\cache\17.0.6\api-ms-win-core-file-l2-1-0.dll
0x742f0000 - 0x742f3000 	C:\Users\alexia\.openjfx\cache\17.0.6\api-ms-win-core-handle-l1-1-0.dll
0x73d80000 - 0x73d83000 	C:\Users\alexia\.openjfx\cache\17.0.6\api-ms-win-core-heap-l1-1-0.dll
0x73d70000 - 0x73d73000 	C:\Users\alexia\.openjfx\cache\17.0.6\api-ms-win-core-interlocked-l1-1-0.dll
0x73d60000 - 0x73d63000 	C:\Users\alexia\.openjfx\cache\17.0.6\api-ms-win-core-libraryloader-l1-1-0.dll
0x73d50000 - 0x73d53000 	C:\Users\alexia\.openjfx\cache\17.0.6\api-ms-win-core-localization-l1-2-0.dll
0x73d40000 - 0x73d43000 	C:\Users\alexia\.openjfx\cache\17.0.6\api-ms-win-core-memory-l1-1-0.dll
0x73d30000 - 0x73d33000 	C:\Users\alexia\.openjfx\cache\17.0.6\api-ms-win-core-namedpipe-l1-1-0.dll
0x73d20000 - 0x73d23000 	C:\Users\alexia\.openjfx\cache\17.0.6\api-ms-win-core-processenvironment-l1-1-0.dll
0x73d10000 - 0x73d13000 	C:\Users\alexia\.openjfx\cache\17.0.6\api-ms-win-core-processthreads-l1-1-0.dll
0x73d00000 - 0x73d03000 	C:\Users\alexia\.openjfx\cache\17.0.6\api-ms-win-core-processthreads-l1-1-1.dll
0x73cf0000 - 0x73cf3000 	C:\Users\alexia\.openjfx\cache\17.0.6\api-ms-win-core-profile-l1-1-0.dll
0x73ce0000 - 0x73ce3000 	C:\Users\alexia\.openjfx\cache\17.0.6\api-ms-win-core-rtlsupport-l1-1-0.dll
0x73cc0000 - 0x73cc3000 	C:\Users\alexia\.openjfx\cache\17.0.6\api-ms-win-core-string-l1-1-0.dll
0x73cb0000 - 0x73cb3000 	C:\Users\alexia\.openjfx\cache\17.0.6\api-ms-win-core-synch-l1-1-0.dll
0x73c90000 - 0x73c93000 	C:\Users\alexia\.openjfx\cache\17.0.6\api-ms-win-core-synch-l1-2-0.dll
0x73c80000 - 0x73c83000 	C:\Users\alexia\.openjfx\cache\17.0.6\api-ms-win-core-sysinfo-l1-1-0.dll
0x73c70000 - 0x73c73000 	C:\Users\alexia\.openjfx\cache\17.0.6\api-ms-win-core-timezone-l1-1-0.dll
0x73c60000 - 0x73c63000 	C:\Users\alexia\.openjfx\cache\17.0.6\api-ms-win-core-util-l1-1-0.dll
0x73c50000 - 0x73c53000 	C:\Users\alexia\.openjfx\cache\17.0.6\api-ms-win-crt-conio-l1-1-0.dll
0x73c40000 - 0x73c44000 	C:\Users\alexia\.openjfx\cache\17.0.6\api-ms-win-crt-convert-l1-1-0.dll
0x73c30000 - 0x73c33000 	C:\Users\alexia\.openjfx\cache\17.0.6\api-ms-win-crt-environment-l1-1-0.dll
0x73c20000 - 0x73c23000 	C:\Users\alexia\.openjfx\cache\17.0.6\api-ms-win-crt-filesystem-l1-1-0.dll
0x73c10000 - 0x73c13000 	C:\Users\alexia\.openjfx\cache\17.0.6\api-ms-win-crt-heap-l1-1-0.dll
0x73c00000 - 0x73c03000 	C:\Users\alexia\.openjfx\cache\17.0.6\api-ms-win-crt-locale-l1-1-0.dll
0x73bf0000 - 0x73bf5000 	C:\Users\alexia\.openjfx\cache\17.0.6\api-ms-win-crt-math-l1-1-0.dll
0x73be0000 - 0x73be5000 	C:\Users\alexia\.openjfx\cache\17.0.6\api-ms-win-crt-multibyte-l1-1-0.dll
0x73bd0000 - 0x73be0000 	C:\Users\alexia\.openjfx\cache\17.0.6\api-ms-win-crt-private-l1-1-0.dll
0x73bc0000 - 0x73bc3000 	C:\Users\alexia\.openjfx\cache\17.0.6\api-ms-win-crt-process-l1-1-0.dll
0x73bb0000 - 0x73bb4000 	C:\Users\alexia\.openjfx\cache\17.0.6\api-ms-win-crt-runtime-l1-1-0.dll
0x73ba0000 - 0x73ba4000 	C:\Users\alexia\.openjfx\cache\17.0.6\api-ms-win-crt-stdio-l1-1-0.dll
0x73b90000 - 0x73b94000 	C:\Users\alexia\.openjfx\cache\17.0.6\api-ms-win-crt-string-l1-1-0.dll
0x73b80000 - 0x73b83000 	C:\Users\alexia\.openjfx\cache\17.0.6\api-ms-win-crt-time-l1-1-0.dll
0x73b70000 - 0x73b73000 	C:\Users\alexia\.openjfx\cache\17.0.6\api-ms-win-crt-utility-l1-1-0.dll
0x73a40000 - 0x73b63000 	C:\Users\alexia\.openjfx\cache\17.0.6\ucrtbase.dll
0x73a20000 - 0x73a34000 	C:\Users\alexia\.openjfx\cache\17.0.6\vcruntime140.dll
0x739b0000 - 0x73a1d000 	C:\Users\alexia\.openjfx\cache\17.0.6\msvcp140.dll
0x739a0000 - 0x739a7000 	C:\Users\alexia\.openjfx\cache\17.0.6\msvcp140_1.dll
0x73970000 - 0x73999000 	C:\Users\alexia\.openjfx\cache\17.0.6\msvcp140_2.dll
0x73940000 - 0x73966000 	C:\Users\alexia\.openjfx\cache\17.0.6\prism_d3d.dll
0x737c0000 - 0x73931000 	C:\WINDOWS\system32\d3d9.dll
0x735b0000 - 0x735d4000 	C:\WINDOWS\SYSTEM32\dwmapi.dll
0x73790000 - 0x737be000 	C:\WINDOWS\SYSTEM32\dxcore.dll
0x74270000 - 0x742ef000 	C:\WINDOWS\system32\uxtheme.dll
0x6eba0000 - 0x6ed19000 	C:\WINDOWS\System32\DriverStore\FileRepository\iigd_dch.inf_amd64_38b23bd92a6775fe\igdumdim32.dll
0x77500000 - 0x77655000 	C:\WINDOWS\System32\ole32.dll
0x6aa00000 - 0x6e4d8000 	C:\WINDOWS\System32\DriverStore\FileRepository\iigd_dch.inf_amd64_38b23bd92a6775fe\igd9dxva32.dll
0x76680000 - 0x76abd000 	C:\WINDOWS\System32\SETUPAPI.dll
0x748d0000 - 0x7490d000 	C:\WINDOWS\SYSTEM32\cfgmgr32.dll
0x6e8a0000 - 0x6eb98000 	C:\WINDOWS\System32\DriverStore\FileRepository\iigd_dch.inf_amd64_38b23bd92a6775fe\igdgmm32.dll
0x73750000 - 0x7378c000 	C:\WINDOWS\SYSTEM32\directxdatabasehelper.dll
0x73710000 - 0x73747000 	C:\Users\alexia\.openjfx\cache\17.0.6\glass.dll
0x77660000 - 0x77711000 	C:\WINDOWS\System32\COMDLG32.dll
0x763a0000 - 0x7649f000 	C:\WINDOWS\System32\MSCTF.dll
0x736f0000 - 0x7370e000 	C:\WINDOWS\System32\DriverStore\FileRepository\iigd_dch.inf_amd64_38b23bd92a6775fe\igdinfo32.dll
0x67c50000 - 0x6a9ff000 	C:\WINDOWS\System32\DriverStore\FileRepository\iigd_dch.inf_amd64_38b23bd92a6775fe\igc32.dll
0x6f9c0000 - 0x6f9d1000 	C:\Users\alexia\.openjfx\cache\17.0.6\javafx_font.dll
0x736e0000 - 0x736eb000 	C:\Program Files (x86)\Eclipse Adoptium\jdk-11.0.21.9-hotspot\bin\sunmscapi.dll
0x761a0000 - 0x762a3000 	C:\WINDOWS\System32\CRYPT32.dll
0x6e870000 - 0x6e895000 	C:\WINDOWS\SYSTEM32\ncrypt.dll
0x6e840000 - 0x6e868000 	C:\WINDOWS\SYSTEM32\NTASN1.dll
0x6e810000 - 0x6e834000 	C:\Program Files (x86)\Eclipse Adoptium\jdk-11.0.21.9-hotspot\bin\sunec.dll
0x734c0000 - 0x734d5000 	C:\WINDOWS\SYSTEM32\CRYPTSP.dll
0x73490000 - 0x734c0000 	C:\WINDOWS\system32\rsaenh.dll
0x74530000 - 0x7454f000 	C:\WINDOWS\SYSTEM32\USERENV.dll
0x74950000 - 0x7495b000 	C:\WINDOWS\SYSTEM32\CRYPTBASE.dll
0x74910000 - 0x74934000 	C:\WINDOWS\SYSTEM32\IPHLPAPI.DLL
0x76340000 - 0x76347000 	C:\WINDOWS\System32\NSI.dll
0x74c40000 - 0x74c56000 	C:\WINDOWS\SYSTEM32\dhcpcsvc6.DLL
0x74c20000 - 0x74c37000 	C:\WINDOWS\SYSTEM32\dhcpcsvc.DLL
0x74b60000 - 0x74c1d000 	C:\WINDOWS\SYSTEM32\DNSAPI.dll
0x73380000 - 0x73388000 	C:\Windows\System32\rasadhlp.dll

dbghelp: loaded successfully - version: 4.0.5 - missing functions: none
symbol engine: initialized successfully - sym options: 0x614 - pdb path: .;C:\Program Files (x86)\Eclipse Adoptium\jdk-11.0.21.9-hotspot\bin;C:\WINDOWS\SYSTEM32;C:\WINDOWS\WinSxS\x86_microsoft.windows.common-controls_6595b64144ccf1df_6.0.22621.3235_none_6ebcabb88802389e;C:\Program Files (x86)\Eclipse Adoptium\jdk-11.0.21.9-hotspot\bin\client;C:\Program Files\JetBrains\IntelliJ IDEA 2023.3.2\bin;C:\Users\alexia\.openjfx\cache\17.0.6;C:\WINDOWS\System32\DriverStore\FileRepository\iigd_dch.inf_amd64_38b23bd92a6775fe;C:\Program Files (x86)\Common Files\Microsoft Shared\Ink

VM Arguments:
jvm_args: -javaagent:C:\Program Files\JetBrains\IntelliJ IDEA 2023.3.2\lib\idea_rt.jar=59228:C:\Program Files\JetBrains\IntelliJ IDEA 2023.3.2\bin -Dfile.encoding=UTF-8 --module-path=C:\Users\alexia\.m2\repository\com\gluonhq\attach\lifecycle\4.0.19\lifecycle-4.0.19.jar;C:\Users\alexia\.m2\repository\org\openjfx\javafx-graphics\17.0.6\javafx-graphics-17.0.6-win-x86.jar;C:\Users\alexia\.m2\repository\org\kordamp\bootstrapfx\bootstrapfx-core\0.4.0\bootstrapfx-core-0.4.0.jar;C:\Users\alexia\.m2\repository\org\openjfx\javafx-controls\17.0.6\javafx-controls-17.0.6-win-x86.jar;C:\Users\alexia\.m2\repository\com\gluonhq\attach\util\4.0.19\util-4.0.19.jar;C:\Users\alexia\.m2\repository\com\gluonhq\attach\display\4.0.19\display-4.0.19.jar;C:\Users\alexia\.m2\repository\org\openjfx\javafx-fxml\17.0.6\javafx-fxml-17.0.6-win-x86.jar;C:\Users\alexia\.m2\repository\com\gluonhq\charm-glisten\6.2.3\charm-glisten-6.2.3.jar;C:\Users\alexia\Downloads\appJavaFx\target\classes;C:\Users\alexia\.m2\repository\org\openjfx\javafx-base\17.0.6\javafx-base-17.0.6-win-x86.jar -Djdk.module.main=com.alilopez.vererinaria 
java_command: com.alilopez.vererinaria/com.alilopez.application.App
java_class_path (initial): C:\Users\alexia\.m2\repository\org\openjfx\javafx-controls\17.0.6\javafx-controls-17.0.6.jar;C:\Users\alexia\.m2\repository\org\openjfx\javafx-graphics\17.0.6\javafx-graphics-17.0.6.jar;C:\Users\alexia\.m2\repository\org\openjfx\javafx-base\17.0.6\javafx-base-17.0.6.jar;C:\Users\alexia\.m2\repository\org\openjfx\javafx-fxml\17.0.6\javafx-fxml-17.0.6.jar
Launcher Type: SUN_STANDARD

[Global flags]
   size_t InitialHeapSize                          = 16777216                                  {product} {ergonomic}
   size_t MaxHeapSize                              = 268435456                                 {product} {ergonomic}
   size_t MaxNewSize                               = 89456640                                  {product} {ergonomic}
   size_t MinHeapDeltaBytes                        = 131072                                    {product} {ergonomic}
   size_t NewSize                                  = 5570560                                   {product} {ergonomic}
    uintx NonProfiledCodeHeapSize                  = 0                                      {pd product} {ergonomic}
   size_t OldSize                                  = 11206656                                  {product} {ergonomic}
    uintx ProfiledCodeHeapSize                     = 0                                      {pd product} {ergonomic}
     bool ThreadLocalHandshakes                    = false                                  {pd product} {ergonomic}
     bool UseLargePagesIndividualAllocation        = false                                  {pd product} {ergonomic}
     bool UseSerialGC                              = true                                      {product} {ergonomic}

Logging:
Log output configuration:
 #0: stdout all=warning uptime,level,tags
 #1: stderr all=off uptime,level,tags

Environment Variables:
PATH=C:\Program Files (x86)\Eclipse Adoptium\jdk-11.0.21.9-hotspot\bin;C:\WINDOWS\system32;C:\WINDOWS;C:\WINDOWS\System32\Wbem;C:\WINDOWS\System32\WindowsPowerShell\v1.0\;C:\WINDOWS\System32\OpenSSH\;C:\Program Files\Git\cmd;C:\Program Files (x86)\Git\cmd;C:\Users\alexia\AppData\Local\Microsoft\WindowsApps;C:\Users\alexia\AppData\Local\GitHubDesktop\bin;C:\Users\alexia\AppData\Local\Programs\Microsoft VS Code\bin;;C:\Program Files\JetBrains\IntelliJ IDEA 2023.3.2\bin;
USERNAME=alexia
OS=Windows_NT
PROCESSOR_IDENTIFIER=Intel64 Family 6 Model 140 Stepping 1, GenuineIntel
TMP=C:\Users\alexia\AppData\Local\Temp
TEMP=C:\Users\alexia\AppData\Local\Temp



---------------  S Y S T E M  ---------------

OS: Windows 11 , 64 bit Build 22621 (10.0.22621.3374)
OS uptime: 0 days 6:39 hours

CPU:total 4 (initial active 4) (2 cores per cpu, 2 threads per core) family 6 model 140 stepping 1 microcode 0x8a, cmov, cx8, fxsr, mmx, sse, sse2, sse3, ssse3, sse4.1, sse4.2, popcnt, avx, avx2, aes, clmul, erms, 3dnowpref, lzcnt, ht, tsc, tscinvbit, bmi1, bmi2, adx, evex, sha, fma

Memory: 4k page, system-wide physical 3875M (458M free)
TotalPageFile size 13812M (AvailPageFile size 2623M), user-mode portion of virtual address-space 2047M (1334M free)
current process WorkingSet (physical memory assigned to process): 192M, peak: 198M
current process commit charge ("private bytes"): 186M, peak: 190M

vm_info: OpenJDK Client VM (11.0.21+9) for windows-x86 JRE (11.0.21+9), built on Oct 17 2023 17:27:10 by "" with MS VC++ 15.9 (VS2017)

END.
