#
# A fatal error has been detected by the Java Runtime Environment:
#
#  EXCEPTION_ACCESS_VIOLATION (0xc0000005) at pc=0x73726c62, pid=16776, tid=13092
#
# JRE version: OpenJDK Runtime Environment Temurin-11.0.21+9 (11.0.21+9) (build 11.0.21+9)
# Java VM: OpenJDK Client VM Temurin-11.0.21+9 (11.0.21+9, mixed mode, serial gc, windows-x86)
# Problematic frame:
# C  [glass.dll+0x16c62]
#
# No core dump will be written. Minidumps are not enabled by default on client versions of Windows
#
# If you would like to submit a bug report, please visit:
#   https://github.com/adoptium/adoptium-support/issues
# The crash happened outside the Java Virtual Machine in native code.
# See problematic frame for where to report the bug.
#

---------------  S U M M A R Y ------------

Command Line: -javaagent:C:\Program Files\JetBrains\IntelliJ IDEA 2023.3.2\lib\idea_rt.jar=59317:C:\Program Files\JetBrains\IntelliJ IDEA 2023.3.2\bin -Dfile.encoding=UTF-8 --module-path=C:\Users\alexia\.m2\repository\com\gluonhq\attach\lifecycle\4.0.19\lifecycle-4.0.19.jar;C:\Users\alexia\.m2\repository\org\openjfx\javafx-graphics\17.0.6\javafx-graphics-17.0.6-win-x86.jar;C:\Users\alexia\.m2\repository\org\kordamp\bootstrapfx\bootstrapfx-core\0.4.0\bootstrapfx-core-0.4.0.jar;C:\Users\alexia\.m2\repository\org\openjfx\javafx-controls\17.0.6\javafx-controls-17.0.6-win-x86.jar;C:\Users\alexia\.m2\repository\com\gluonhq\attach\util\4.0.19\util-4.0.19.jar;C:\Users\alexia\.m2\repository\com\gluonhq\attach\display\4.0.19\display-4.0.19.jar;C:\Users\alexia\.m2\repository\org\openjfx\javafx-fxml\17.0.6\javafx-fxml-17.0.6-win-x86.jar;C:\Users\alexia\.m2\repository\com\gluonhq\charm-glisten\6.2.3\charm-glisten-6.2.3.jar;C:\Users\alexia\Downloads\appJavaFx\target\classes;C:\Users\alexia\.m2\repository\org\openjfx\javafx-base\17.0.6\javafx-base-17.0.6-win-x86.jar -Djdk.module.main=com.alilopez.vererinaria com.alilopez.vererinaria/com.alilopez.application.App

Host: 11th Gen Intel(R) Core(TM) i3-1115G4 @ 3.00GHz, 4 cores, 3G,  Windows 11 , 64 bit Build 22621 (10.0.22621.3374)
Time: Sat Apr 13 17:22:07 2024 Hora estándar central (México) elapsed time: 42.900336 seconds (0d 0h 0m 42s)

---------------  T H R E A D  ---------------

Current thread (0x15b31000):  JavaThread "JavaFX Application Thread" [_thread_in_native, id=13092, stack(0x162d0000,0x16320000)]

Stack: [0x162d0000,0x16320000],  sp=0x1631e58c,  free space=313k
Native frames: (J=compiled Java code, A=aot compiled Java code, j=interpreted, Vv=VM code, C=native code)
C  [glass.dll+0x16c62]

Java frames: (J=compiled Java code, j=interpreted, Vv=VM code)
j  com.sun.glass.ui.win.WinWindow._close(J)Z+0 javafx.graphics
j  com.sun.glass.ui.Window.close()V+63 javafx.graphics
j  com.sun.glass.ui.win.WinWindow.close()V+8 javafx.graphics
j  com.sun.glass.ui.Application.terminate()V+75 javafx.graphics
j  com.sun.javafx.tk.quantum.QuantumToolkit.lambda$exit$13()Ljava/lang/Object;+5 javafx.graphics
j  com.sun.javafx.tk.quantum.QuantumToolkit$$Lambda$475.get()Ljava/lang/Object;+0 javafx.graphics
j  com.sun.javafx.tk.quantum.QuantumToolkit.runWithRenderLock(Ljava/util/function/Supplier;)Ljava/lang/Object;+7 javafx.graphics
j  com.sun.javafx.tk.quantum.QuantumToolkit.exit()V+26 javafx.graphics
j  com.sun.javafx.application.PlatformImpl.lambda$tkExit$16()V+3 javafx.graphics
j  com.sun.javafx.application.PlatformImpl$$Lambda$474.run()V+0 javafx.graphics
j  com.sun.javafx.application.PlatformImpl.lambda$runAndWait$12(Ljava/lang/Runnable;Ljava/util/concurrent/CountDownLatch;)V+1 javafx.graphics
j  com.sun.javafx.application.PlatformImpl$$Lambda$86.run()V+8 javafx.graphics
j  com.sun.javafx.application.PlatformImpl.lambda$runLater$10(Ljava/lang/Runnable;)Ljava/lang/Void;+1 javafx.graphics
j  com.sun.javafx.application.PlatformImpl$$Lambda$89.run()Ljava/lang/Object;+4 javafx.graphics
v  ~StubRoutines::call_stub
J 1652  java.security.AccessController.doPrivileged(Ljava/security/PrivilegedAction;Ljava/security/AccessControlContext;)Ljava/lang/Object; java.base@11.0.21 (0 bytes) @ 0x033297c7 [0x03329760+0x00000067]
j  com.sun.javafx.application.PlatformImpl.lambda$runLater$11(Ljava/lang/Runnable;Ljava/security/AccessControlContext;)V+7 javafx.graphics
j  com.sun.javafx.application.PlatformImpl$$Lambda$88.run()V+8 javafx.graphics
j  com.sun.glass.ui.InvokeLaterDispatcher$Future.run()V+4 javafx.graphics
v  ~StubRoutines::call_stub
j  com.sun.glass.ui.win.WinApplication._runLoop(Ljava/lang/Runnable;)V+0 javafx.graphics
j  com.sun.glass.ui.win.WinApplication.lambda$runLoop$3(ILjava/lang/Runnable;)V+8 javafx.graphics
j  com.sun.glass.ui.win.WinApplication$$Lambda$77.run()V+12 javafx.graphics
j  java.lang.Thread.run()V+11 java.base@11.0.21
v  ~StubRoutines::call_stub

siginfo: EXCEPTION_ACCESS_VIOLATION (0xc0000005), reading address 0x000000b8


Register to memory mapping:

EIP=0x73726c62 glass.dll
EAX=0x0 is NULL
EBX=0x1631e7c0 is pointing into the stack for thread: 0x15b31000
ECX=0x0 is NULL
EDX=0x0 is NULL
ESP=0x1631e58c is pointing into the stack for thread: 0x15b31000
EBP=0x1631e5b8 is pointing into the stack for thread: 0x15b31000
ESI=0x00000401 is an unknown value
EDI=0x0 is NULL


Registers:
EAX=0x00000000, EBX=0x1631e7c0, ECX=0x00000000, EDX=0x00000000
ESP=0x1631e58c, EBP=0x1631e5b8, ESI=0x00000401, EDI=0x00000000
EIP=0x73726c62, EFLAGS=0x00010202

Top of Stack: (sp=0x1631e58c)
0x1631e58c:   1631e7c0 00000401 1631e7c0 73718df8
0x1631e59c:   3cfda5fd 15b4b6c0 001d0308 00000401
0x1631e5ac:   1631e6ec 737302b0 ffffffff 00000000
0x1631e5bc:   73711755 00000401 1631e7c0 00000000
0x1631e5cc:   00000401 001d0308 1631e604 737116f0
0x1631e5dc:   75b230b3 001d0308 00000401 1631e7c0
0x1631e5ec:   00000000 001d0308 dcbaabcd 737116f0
0x1631e5fc:   00000401 001d0308 1631e6fc 75b13ef6 

Instructions: (pc=0x73726c62)
0x73726b62:   21 56 e8 47 42 00 00 ff 35 e8 03 74 73 8b f0 ff
0x73726b72:   77 68 56 e8 96 de fe ff 56 e8 a0 41 00 00 83 c4
0x73726b82:   10 5e c7 05 a4 03 74 73 00 00 00 00 5f c3 83 ec
0x73726b92:   24 a1 ec e0 73 73 33 c4 89 44 24 20 8b 44 24 28
0x73726ba2:   53 89 44 24 04 8b d9 8b 44 24 30 89 44 24 08 8b
0x73726bb2:   44 24 38 55 89 44 24 10 8b 44 24 38 56 89 83 84
0x73726bc2:   00 00 00 8b 44 24 0c 89 5c 24 18 bb 00 00 00 80
0x73726bd2:   8b eb 8b f3 57 8b fb 85 c0 79 29 8d 44 24 20 50
0x73726be2:   e8 29 aa fe ff 83 c4 04 85 c0 8b 44 24 10 74 14
0x73726bf2:   8b 74 24 28 8b 5c 24 20 2b f3 8b 7c 24 2c 8b 6c
0x73726c02:   24 24 2b fd 6a 00 50 ff 74 24 1c 68 d8 23 73 73
0x73726c12:   57 56 8b 74 24 34 8b ce 55 53 ff 74 24 38 e8 db
0x73726c22:   a7 fe ff 8b f8 8d 4e 14 57 e8 40 64 00 00 57 8d
0x73726c32:   4e 14 e8 c7 64 00 00 8b 4c 24 30 8b c7 5f 5e 5d
0x73726c42:   5b 33 cc e8 ae 7a 00 00 83 c4 24 c2 10 00 53 8b
0x73726c52:   d9 56 57 ff 73 08 e8 93 a9 fe ff 8b f8 83 c4 04
0x73726c62:   8b 87 b8 00 00 00 85 c0 75 03 8b 47 04 3b 05 a4
0x73726c72:   03 74 73 75 29 e8 34 41 00 00 ff 35 e8 03 74 73
0x73726c82:   8b f0 ff 77 68 56 e8 83 dd fe ff 56 e8 8d 40 00
0x73726c92:   00 83 c4 10 c7 05 a4 03 74 73 00 00 00 00 8d 4f
0x73726ca2:   14 e8 b8 69 00 00 8d 4f 14 e8 e0 69 00 00 ff 73
0x73726cb2:   08 ff 15 f8 fe 73 73 85 c0 5f 0f 95 c0 5e 88 43
0x73726cc2:   04 5b c3 cc cc cc cc cc cc cc cc cc cc cc 55 8b
0x73726cd2:   ec 6a ff 68 f7 11 73 73 64 a1 00 00 00 00 50 83
0x73726ce2:   ec 08 53 56 57 a1 ec e0 73 73 33 c5 50 8d 45 f4
0x73726cf2:   64 a3 00 00 00 00 8b f9 ff 77 18 ff 15 60 ff 73
0x73726d02:   73 85 c0 75 13 0f 57 c0 66 0f 13 45 ec 8b 55 f0
0x73726d12:   8b 45 ec e9 a7 00 00 00 68 dc 00 00 00 e8 96 79
0x73726d22:   00 00 83 c4 04 89 45 f0 c7 45 fc 00 00 00 00 85
0x73726d32:   c0 74 19 ff 77 18 8b c8 6a 01 6a 00 6a 00 6a 00
0x73726d42:   ff 77 10 e8 a6 f9 ff ff 8b d8 eb 02 33 db ff 77
0x73726d52:   18 8b cb c7 45 fc ff ff ff ff 6a 00 68 00 00 10 


Stack slot to memory mapping:
stack at sp + 0 slots: 0x1631e7c0 is pointing into the stack for thread: 0x15b31000
stack at sp + 1 slots: 0x00000401 is an unknown value
stack at sp + 2 slots: 0x1631e7c0 is pointing into the stack for thread: 0x15b31000
stack at sp + 3 slots: 0x73718df8 glass.dll
stack at sp + 4 slots: 0x3cfda5fd is an unknown value
stack at sp + 5 slots: 0x15b4b6c0 points into unknown readable memory: 0x7373319c | 9c 31 73 73
stack at sp + 6 slots: 0x001d0308 is an unknown value
stack at sp + 7 slots: 0x00000401 is an unknown value


---------------  P R O C E S S  ---------------

Threads class SMR info:
_java_thread_list=0x1ab2db50, length=18, elements={
0x02fbf000, 0x03073000, 0x03096800, 0x03092000,
0x03093000, 0x15361000, 0x15362400, 0x15369800,
0x0309e800, 0x157ca000, 0x15aac400, 0x15b4f800,
0x15b31000, 0x1a47c400, 0x1a4a1000, 0x1a708400,
0x1a955400, 0x1a871800
}

Java Threads: ( => current thread )
  0x02fbf000 JavaThread "main" [_thread_blocked, id=14740, stack(0x00ee0000,0x00f30000)]
  0x03073000 JavaThread "Reference Handler" daemon [_thread_blocked, id=9508, stack(0x02f30000,0x02f80000)]
  0x03096800 JavaThread "Finalizer" daemon [_thread_blocked, id=1464, stack(0x050e0000,0x05130000)]
  0x03092000 JavaThread "Signal Dispatcher" daemon [_thread_blocked, id=5832, stack(0x05170000,0x051c0000)]
  0x03093000 JavaThread "Attach Listener" daemon [_thread_blocked, id=15612, stack(0x15530000,0x15580000)]
  0x15361000 JavaThread "Service Thread" daemon [_thread_blocked, id=12928, stack(0x155c0000,0x15610000)]
  0x15362400 JavaThread "C1 CompilerThread0" daemon [_thread_blocked, id=2652, stack(0x15650000,0x156a0000)]
  0x15369800 JavaThread "Sweeper thread" daemon [_thread_blocked, id=16532, stack(0x156e0000,0x15730000)]
  0x0309e800 JavaThread "Common-Cleaner" daemon [_thread_blocked, id=10080, stack(0x15770000,0x157c0000)]
  0x157ca000 JavaThread "Monitor Ctrl-Break" daemon [_thread_in_native, id=3328, stack(0x15c10000,0x15c60000)]
  0x15aac400 JavaThread "QuantumRenderer-0" daemon [_thread_blocked, id=15652, stack(0x15f30000,0x15f80000)]
  0x15b4f800 JavaThread "InvokeLaterDispatcher" daemon [_thread_blocked, id=15588, stack(0x16000000,0x16050000)]
=>0x15b31000 JavaThread "JavaFX Application Thread" [_thread_in_native, id=13092, stack(0x162d0000,0x16320000)]
  0x1a47c400 JavaThread "JavaFX-Launcher" [_thread_blocked, id=12416, stack(0x1b6e0000,0x1b730000)]
  0x1a4a1000 JavaThread "Thread-2" daemon [_thread_in_native, id=5480, stack(0x1b650000,0x1b6a0000)]
  0x1a708400 JavaThread "Prism Font Disposer" daemon [_thread_blocked, id=2432, stack(0x1d620000,0x1d670000)]
  0x1a955400 JavaThread "Cleaner-0" daemon [_thread_blocked, id=10704, stack(0x1fbd0000,0x1fc20000)]
  0x1a871800 JavaThread "Keep-Alive-Timer" daemon [_thread_blocked, id=13960, stack(0x1bf70000,0x1bfc0000)]

Other Threads:
  0x03070000 VMThread "VM Thread" [stack: 0x02ea0000,0x02ef0000] [id=15316]
  0x157ca800 WatcherThread [stack: 0x15ca0000,0x15cf0000] [id=11472]

Threads with active compile tasks:

VM state:not at safepoint (normal execution)

VM Mutex/Monitor currently owned by a thread: None

Heap:
 def new generation   total 34560K, used 2505K [0x05200000, 0x07780000, 0x0a750000)
  eden space 30720K,   8% used [0x05200000, 0x054725f0, 0x07000000)
  from space 3840K,   0% used [0x07000000, 0x07000000, 0x073c0000)
  to   space 3840K,   0% used [0x073c0000, 0x073c0000, 0x07780000)
 tenured generation   total 76728K, used 46036K [0x0a750000, 0x0f23e000, 0x15200000)
   the space 76728K,  59% used [0x0a750000, 0x0d4451d0, 0x0d445200, 0x0f23e000)
 Metaspace       used 18670K, capacity 18940K, committed 19072K, reserved 19840K

Card table byte_map: [0x02910000,0x029a0000] _byte_map_base: 0x028e7000

Polling page: 0x00f30000

Metaspace:

Usage:
   18.50 MB capacity,    18.23 MB ( 99%) used,   173.94 KB ( <1%) free+waste,    95.12 KB ( <1%) overhead. 

Virtual space:
     19.38 MB reserved,      18.63 MB ( 96%) committed 

Chunk freelists:
100.00 KB

MaxMetaspaceSize: 4.00 GB
No class space
Initial GC threshold: 12.00 MB
Current GC threshold: 30.84 MB
CDS: off

CodeCache: size=32768Kb used=3030Kb max_used=3030Kb free=29737Kb
 bounds [0x030a0000, 0x03398000, 0x050a0000]
 total_blobs=2434 nmethods=1995 adapters=371
 compilation: enabled
              stopped_count=0, restarted_count=0
 full_count=0

Compilation events (20 events):
Event: 42.679 Thread 0x15362400 1986             jdk.internal.org.objectweb.asm.AnnotationWriter::<init> (34 bytes)
Event: 42.679 Thread 0x15362400 nmethod 1986 0x03392dc8 code [0x03392ee0, 0x03392fdc]
Event: 42.679 Thread 0x15362400 1987             jdk.internal.org.objectweb.asm.AnnotationVisitor::<init> (7 bytes)
Event: 42.680 Thread 0x15362400 nmethod 1987 0x03393048 code [0x03393160, 0x0339327c]
Event: 42.680 Thread 0x15362400 1988             jdk.internal.org.objectweb.asm.AnnotationVisitor::<init> (35 bytes)
Event: 42.680 Thread 0x15362400 nmethod 1988 0x03393308 code [0x03393420, 0x0339353c]
Event: 42.680 Thread 0x15362400 1989             jdk.internal.org.objectweb.asm.AnnotationWriter::visitEnd (43 bytes)
Event: 42.680 Thread 0x15362400 nmethod 1989 0x033935c8 code [0x033936e0, 0x033937c0]
Event: 42.688 Thread 0x15362400 1990   !         com.sun.scenario.animation.AbstractPrimaryTimer::timePulseImpl (157 bytes)
Event: 42.689 Thread 0x15362400 nmethod 1990 0x03393888 code [0x033939f0, 0x03393cc0]
Event: 42.697 Thread 0x15362400 1991             jdk.internal.org.objectweb.asm.MethodWriter::visitAnnotation (82 bytes)
Event: 42.698 Thread 0x15362400 nmethod 1991 0x033941c8 code [0x03394310, 0x03394610]
Event: 42.707 Thread 0x15362400 1992             java.lang.Float::floatToIntBits (15 bytes)
Event: 42.708 Thread 0x15362400 nmethod 1992 0x03394a88 code [0x03394b90, 0x03394c50]
Event: 42.816 Thread 0x15362400 1993             java.io.PrintStream::ensureOpen (18 bytes)
Event: 42.817 Thread 0x15362400 nmethod 1993 0x03394c88 code [0x03394da0, 0x03394e9c]
Event: 42.817 Thread 0x15362400 1994             java.io.BufferedWriter::ensureOpen (18 bytes)
Event: 42.817 Thread 0x15362400 nmethod 1994 0x03394f08 code [0x03395020, 0x0339511c]
Event: 42.817 Thread 0x15362400 1995   !         java.io.BufferedWriter::write (117 bytes)
Event: 42.817 Thread 0x15362400 nmethod 1995 0x03395188 code [0x033952d0, 0x03395614]

GC Heap History (20 events):
Event: 1.988 GC heap before
{Heap before GC invocations=9 (full 1):
 def new generation   total 4992K, used 4480K [0x05200000, 0x05760000, 0x0a750000)
  eden space 4480K, 100% used [0x05200000, 0x05660000, 0x05660000)
  from space 512K,   0% used [0x05660000, 0x05660000, 0x056e0000)
  to   space 512K,   0% used [0x056e0000, 0x056e0000, 0x05760000)
 tenured generation   total 10944K, used 6100K [0x0a750000, 0x0b200000, 0x15200000)
   the space 10944K,  55% used [0x0a750000, 0x0ad453c8, 0x0ad45400, 0x0b200000)
 Metaspace       used 12881K, capacity 13064K, committed 13184K, reserved 13696K
}
Event: 1.991 GC heap after
{Heap after GC invocations=10 (full 1):
 def new generation   total 4992K, used 512K [0x05200000, 0x05760000, 0x0a750000)
  eden space 4480K,   0% used [0x05200000, 0x05200000, 0x05660000)
  from space 512K, 100% used [0x056e0000, 0x05760000, 0x05760000)
  to   space 512K,   0% used [0x05660000, 0x05660000, 0x056e0000)
 tenured generation   total 10944K, used 6593K [0x0a750000, 0x0b200000, 0x15200000)
   the space 10944K,  60% used [0x0a750000, 0x0adc07a8, 0x0adc0800, 0x0b200000)
 Metaspace       used 12881K, capacity 13064K, committed 13184K, reserved 13696K
}
Event: 4.938 GC heap before
{Heap before GC invocations=10 (full 1):
 def new generation   total 4992K, used 4992K [0x05200000, 0x05760000, 0x0a750000)
  eden space 4480K, 100% used [0x05200000, 0x05660000, 0x05660000)
  from space 512K, 100% used [0x056e0000, 0x05760000, 0x05760000)
  to   space 512K,   0% used [0x05660000, 0x05660000, 0x056e0000)
 tenured generation   total 10944K, used 6593K [0x0a750000, 0x0b200000, 0x15200000)
   the space 10944K,  60% used [0x0a750000, 0x0adc07a8, 0x0adc0800, 0x0b200000)
 Metaspace       used 14963K, capacity 15170K, committed 15232K, reserved 15744K
}
Event: 4.941 GC heap after
{Heap after GC invocations=11 (full 1):
 def new generation   total 4992K, used 512K [0x05200000, 0x05760000, 0x0a750000)
  eden space 4480K,   0% used [0x05200000, 0x05200000, 0x05660000)
  from space 512K, 100% used [0x05660000, 0x056e0000, 0x056e0000)
  to   space 512K,   0% used [0x056e0000, 0x056e0000, 0x05760000)
 tenured generation   total 10944K, used 7466K [0x0a750000, 0x0b200000, 0x15200000)
   the space 10944K,  68% used [0x0a750000, 0x0ae9a840, 0x0ae9aa00, 0x0b200000)
 Metaspace       used 14963K, capacity 15170K, committed 15232K, reserved 15744K
}
Event: 5.236 GC heap before
{Heap before GC invocations=11 (full 1):
 def new generation   total 4992K, used 4933K [0x05200000, 0x05760000, 0x0a750000)
  eden space 4480K,  98% used [0x05200000, 0x05651798, 0x05660000)
  from space 512K, 100% used [0x05660000, 0x056e0000, 0x056e0000)
  to   space 512K,   0% used [0x056e0000, 0x056e0000, 0x05760000)
 tenured generation   total 10944K, used 7466K [0x0a750000, 0x0b200000, 0x15200000)
   the space 10944K,  68% used [0x0a750000, 0x0ae9a840, 0x0ae9aa00, 0x0b200000)
 Metaspace       used 15078K, capacity 15269K, committed 15360K, reserved 15744K
}
Event: 5.239 GC heap after
{Heap after GC invocations=12 (full 1):
 def new generation   total 4992K, used 72K [0x05200000, 0x05760000, 0x0a750000)
  eden space 4480K,   0% used [0x05200000, 0x05200000, 0x05660000)
  from space 512K,  14% used [0x056e0000, 0x056f2390, 0x05760000)
  to   space 512K,   0% used [0x05660000, 0x05660000, 0x056e0000)
 tenured generation   total 10944K, used 10035K [0x0a750000, 0x0b200000, 0x15200000)
   the space 10944K,  91% used [0x0a750000, 0x0b11cd38, 0x0b11ce00, 0x0b200000)
 Metaspace       used 15078K, capacity 15269K, committed 15360K, reserved 15744K
}
Event: 5.667 GC heap before
{Heap before GC invocations=12 (full 1):
 def new generation   total 4992K, used 4391K [0x05200000, 0x05760000, 0x0a750000)
  eden space 4480K,  96% used [0x05200000, 0x05637948, 0x05660000)
  from space 512K,  14% used [0x056e0000, 0x056f2390, 0x05760000)
  to   space 512K,   0% used [0x05660000, 0x05660000, 0x056e0000)
 tenured generation   total 10944K, used 10035K [0x0a750000, 0x0b200000, 0x15200000)
   the space 10944K,  91% used [0x0a750000, 0x0b11cd38, 0x0b11ce00, 0x0b200000)
 Metaspace       used 15078K, capacity 15269K, committed 15360K, reserved 15744K
}
Event: 5.792 GC heap after
{Heap after GC invocations=13 (full 2):
 def new generation   total 9792K, used 0K [0x05200000, 0x05c90000, 0x0a750000)
  eden space 8768K,   0% used [0x05200000, 0x05200000, 0x05a90000)
  from space 1024K,   0% used [0x05a90000, 0x05a90000, 0x05b90000)
  to   space 1024K,   0% used [0x05b90000, 0x05b90000, 0x05c90000)
 tenured generation   total 21516K, used 12909K [0x0a750000, 0x0bc53000, 0x15200000)
   the space 21516K,  59% used [0x0a750000, 0x0b3eb590, 0x0b3eb600, 0x0bc53000)
 Metaspace       used 15078K, capacity 15269K, committed 15360K, reserved 15744K
}
Event: 6.184 GC heap before
{Heap before GC invocations=13 (full 2):
 def new generation   total 9792K, used 8768K [0x05200000, 0x05c90000, 0x0a750000)
  eden space 8768K, 100% used [0x05200000, 0x05a90000, 0x05a90000)
  from space 1024K,   0% used [0x05a90000, 0x05a90000, 0x05b90000)
  to   space 1024K,   0% used [0x05b90000, 0x05b90000, 0x05c90000)
 tenured generation   total 21516K, used 12909K [0x0a750000, 0x0bc53000, 0x15200000)
   the space 21516K,  59% used [0x0a750000, 0x0b3eb590, 0x0b3eb600, 0x0bc53000)
 Metaspace       used 15078K, capacity 15269K, committed 15360K, reserved 15744K
}
Event: 6.188 GC heap after
{Heap after GC invocations=14 (full 2):
 def new generation   total 9792K, used 905K [0x05200000, 0x05c90000, 0x0a750000)
  eden space 8768K,   0% used [0x05200000, 0x05200000, 0x05a90000)
  from space 1024K,  88% used [0x05b90000, 0x05c72448, 0x05c90000)
  to   space 1024K,   0% used [0x05a90000, 0x05a90000, 0x05b90000)
 tenured generation   total 21516K, used 17825K [0x0a750000, 0x0bc53000, 0x15200000)
   the space 21516K,  82% used [0x0a750000, 0x0b8b8538, 0x0b8b8600, 0x0bc53000)
 Metaspace       used 15078K, capacity 15269K, committed 15360K, reserved 15744K
}
Event: 6.667 GC heap before
{Heap before GC invocations=14 (full 2):
 def new generation   total 9792K, used 9234K [0x05200000, 0x05c90000, 0x0a750000)
  eden space 8768K,  94% used [0x05200000, 0x05a224c8, 0x05a90000)
  from space 1024K,  88% used [0x05b90000, 0x05c72448, 0x05c90000)
  to   space 1024K,   0% used [0x05a90000, 0x05a90000, 0x05b90000)
 tenured generation   total 21516K, used 17825K [0x0a750000, 0x0bc53000, 0x15200000)
   the space 21516K,  82% used [0x0a750000, 0x0b8b8538, 0x0b8b8600, 0x0bc53000)
 Metaspace       used 15078K, capacity 15269K, committed 15360K, reserved 15744K
}
Event: 6.705 GC heap after
{Heap after GC invocations=15 (full 3):
 def new generation   total 17792K, used 735K [0x05200000, 0x06540000, 0x0a750000)
  eden space 15872K,   4% used [0x05200000, 0x052b7ce0, 0x06180000)
  from space 1920K,   0% used [0x06180000, 0x06180000, 0x06360000)
  to   space 1920K,   0% used [0x06360000, 0x06360000, 0x06540000)
 tenured generation   total 39376K, used 23623K [0x0a750000, 0x0cdc4000, 0x15200000)
   the space 39376K,  59% used [0x0a750000, 0x0be61da0, 0x0be61e00, 0x0cdc4000)
 Metaspace       used 14895K, capacity 15043K, committed 15360K, reserved 15744K
}
Event: 10.543 GC heap before
{Heap before GC invocations=15 (full 3):
 def new generation   total 17792K, used 15872K [0x05200000, 0x06540000, 0x0a750000)
  eden space 15872K, 100% used [0x05200000, 0x06180000, 0x06180000)
  from space 1920K,   0% used [0x06180000, 0x06180000, 0x06360000)
  to   space 1920K,   0% used [0x06360000, 0x06360000, 0x06540000)
 tenured generation   total 39376K, used 23623K [0x0a750000, 0x0cdc4000, 0x15200000)
   the space 39376K,  59% used [0x0a750000, 0x0be61da0, 0x0be61e00, 0x0cdc4000)
 Metaspace       used 16504K, capacity 16717K, committed 16768K, reserved 16768K
}
Event: 10.555 GC heap after
{Heap after GC invocations=16 (full 3):
 def new generation   total 17792K, used 1920K [0x05200000, 0x06540000, 0x0a750000)
  eden space 15872K,   0% used [0x05200000, 0x05200000, 0x06180000)
  from space 1920K, 100% used [0x06360000, 0x06540000, 0x06540000)
  to   space 1920K,   0% used [0x06180000, 0x06180000, 0x06360000)
 tenured generation   total 39376K, used 25355K [0x0a750000, 0x0cdc4000, 0x15200000)
   the space 39376K,  64% used [0x0a750000, 0x0c012d10, 0x0c012e00, 0x0cdc4000)
 Metaspace       used 16504K, capacity 16717K, committed 16768K, reserved 16768K
}
Event: 36.846 GC heap before
{Heap before GC invocations=16 (full 3):
 def new generation   total 17792K, used 17792K [0x05200000, 0x06540000, 0x0a750000)
  eden space 15872K, 100% used [0x05200000, 0x06180000, 0x06180000)
  from space 1920K, 100% used [0x06360000, 0x06540000, 0x06540000)
  to   space 1920K,   0% used [0x06180000, 0x06180000, 0x06360000)
 tenured generation   total 39376K, used 25355K [0x0a750000, 0x0cdc4000, 0x15200000)
   the space 39376K,  64% used [0x0a750000, 0x0c012d10, 0x0c012e00, 0x0cdc4000)
 Metaspace       used 18247K, capacity 18550K, committed 18560K, reserved 18816K
}
Event: 36.853 GC heap after
{Heap after GC invocations=17 (full 3):
 def new generation   total 17792K, used 1920K [0x05200000, 0x06540000, 0x0a750000)
  eden space 15872K,   0% used [0x05200000, 0x05200000, 0x06180000)
  from space 1920K, 100% used [0x06180000, 0x06360000, 0x06360000)
  to   space 1920K,   0% used [0x06360000, 0x06360000, 0x06540000)
 tenured generation   total 39376K, used 28634K [0x0a750000, 0x0cdc4000, 0x15200000)
   the space 39376K,  72% used [0x0a750000, 0x0c346808, 0x0c346a00, 0x0cdc4000)
 Metaspace       used 18247K, capacity 18550K, committed 18560K, reserved 18816K
}
Event: 40.067 GC heap before
{Heap before GC invocations=17 (full 3):
 def new generation   total 17792K, used 17231K [0x05200000, 0x06540000, 0x0a750000)
  eden space 15872K,  96% used [0x05200000, 0x060f3ef0, 0x06180000)
  from space 1920K, 100% used [0x06180000, 0x06360000, 0x06360000)
  to   space 1920K,   0% used [0x06360000, 0x06360000, 0x06540000)
 tenured generation   total 39376K, used 28634K [0x0a750000, 0x0cdc4000, 0x15200000)
   the space 39376K,  72% used [0x0a750000, 0x0c346808, 0x0c346a00, 0x0cdc4000)
 Metaspace       used 18533K, capacity 18840K, committed 18944K, reserved 19840K
}
Event: 40.076 GC heap after
{Heap after GC invocations=18 (full 3):
 def new generation   total 17792K, used 1920K [0x05200000, 0x06540000, 0x0a750000)
  eden space 15872K,   0% used [0x05200000, 0x05200000, 0x06180000)
  from space 1920K, 100% used [0x06360000, 0x06540000, 0x06540000)
  to   space 1920K,   0% used [0x06180000, 0x06180000, 0x06360000)
 tenured generation   total 39376K, used 36973K [0x0a750000, 0x0cdc4000, 0x15200000)
   the space 39376K,  93% used [0x0a750000, 0x0cb6b460, 0x0cb6b600, 0x0cdc4000)
 Metaspace       used 18533K, capacity 18840K, committed 18944K, reserved 19840K
}
Event: 42.615 GC heap before
{Heap before GC invocations=18 (full 3):
 def new generation   total 17792K, used 17792K [0x05200000, 0x06540000, 0x0a750000)
  eden space 15872K, 100% used [0x05200000, 0x06180000, 0x06180000)
  from space 1920K, 100% used [0x06360000, 0x06540000, 0x06540000)
  to   space 1920K,   0% used [0x06180000, 0x06180000, 0x06360000)
 tenured generation   total 39376K, used 36973K [0x0a750000, 0x0cdc4000, 0x15200000)
   the space 39376K,  93% used [0x0a750000, 0x0cb6b460, 0x0cb6b600, 0x0cdc4000)
 Metaspace       used 18574K, capacity 18874K, committed 18944K, reserved 19840K
}
Event: 42.673 GC heap after
{Heap after GC invocations=19 (full 4):
 def new generation   total 34560K, used 0K [0x05200000, 0x07780000, 0x0a750000)
  eden space 30720K,   0% used [0x05200000, 0x05200000, 0x07000000)
  from space 3840K,   0% used [0x07000000, 0x07000000, 0x073c0000)
  to   space 3840K,   0% used [0x073c0000, 0x073c0000, 0x07780000)
 tenured generation   total 76728K, used 46036K [0x0a750000, 0x0f23e000, 0x15200000)
   the space 76728K,  59% used [0x0a750000, 0x0d4451d0, 0x0d445200, 0x0f23e000)
 Metaspace       used 18428K, capacity 18696K, committed 18944K, reserved 19840K
}

Deoptimization events (8 events):
Event: 10.447 Thread 0x15b31000 DEOPT PACKING pc=0x031c798f sp=0x1631de70
Event: 10.447 Thread 0x15b31000 DEOPT UNPACKING pc=0x030dc187 sp=0x1631dd90 mode 3
Event: 10.453 Thread 0x15b31000 DEOPT PACKING pc=0x03287131 sp=0x1631dff0
Event: 10.453 Thread 0x15b31000 DEOPT UNPACKING pc=0x030dc187 sp=0x1631df14 mode 3
Event: 10.539 Thread 0x15b31000 DEOPT PACKING pc=0x032ad9cc sp=0x1631e0e0
Event: 10.539 Thread 0x15b31000 DEOPT UNPACKING pc=0x030dc187 sp=0x1631df90 mode 3
Event: 10.970 Thread 0x15aac400 DEOPT PACKING pc=0x032d8e3d sp=0x15f7ecc0
Event: 10.970 Thread 0x15aac400 DEOPT UNPACKING pc=0x030dc187 sp=0x15f7ebec mode 3

Classes redefined (0 events):
No events

Internal exceptions (20 events):
Event: 10.754 Thread 0x15b31000 Exception <a 'java/lang/NoSuchMethodError'{0x055990c0}: 'java.lang.Object java.lang.invoke.DirectMethodHandle$Holder.invokeStatic(java.lang.Object, java.lang.Object, long)'> (0x055990c0) thrown at [s\src\hotspot\share\interpreter\linkResolver.cpp, line 773]
Event: 10.754 Thread 0x15b31000 Exception <a 'java/lang/NoSuchMethodError'{0x0559eb10}: 'java.lang.Object java.lang.invoke.Invokers$Holder.linkToTargetMethod(java.lang.Object, long, java.lang.Object)'> (0x0559eb10) thrown at [s\src\hotspot\share\interpreter\linkResolver.cpp, line 773]
Event: 11.748 Thread 0x1a683000 Exception <a 'java/net/SocketTimeoutException'{0x059f5348}: Read timed out> (0x059f5348) thrown at [s\src\hotspot\share\prims\jni.cpp, line 638]
Event: 12.962 Thread 0x15b31000 Exception <a 'java/lang/reflect/InvocationTargetException'{0x05bf6d00}> (0x05bf6d00) thrown at [s\src\hotspot\share\runtime\reflection.cpp, line 1245]
Event: 12.962 Thread 0x15b31000 Exception <a 'java/lang/RuntimeException'{0x05bf75d0}> (0x05bf75d0) thrown at [s\src\hotspot\share\prims\jvm.cpp, line 1310]
Event: 14.341 Thread 0x15b31000 Exception <a 'java/lang/reflect/InvocationTargetException'{0x05c6fba0}> (0x05c6fba0) thrown at [s\src\hotspot\share\runtime\reflection.cpp, line 1245]
Event: 14.341 Thread 0x15b31000 Exception <a 'java/lang/RuntimeException'{0x05c70470}> (0x05c70470) thrown at [s\src\hotspot\share\prims\jvm.cpp, line 1310]
Event: 15.081 Thread 0x15b31000 Exception <a 'java/lang/reflect/InvocationTargetException'{0x05cbd730}> (0x05cbd730) thrown at [s\src\hotspot\share\runtime\reflection.cpp, line 1245]
Event: 15.081 Thread 0x15b31000 Exception <a 'java/lang/RuntimeException'{0x05cbe000}> (0x05cbe000) thrown at [s\src\hotspot\share\prims\jvm.cpp, line 1310]
Event: 36.773 Thread 0x15b31000 Exception <a 'java/net/ConnectException'{0x05d59a90}: Connection timed out: connect> (0x05d59a90) thrown at [s\src\hotspot\share\prims\jni.cpp, line 638]
Event: 36.813 Thread 0x15b31000 Exception <a 'java/lang/ClassNotFoundException'{0x05ec3e68}: com/sun/javafx/scene/control/skin/resources/controls> (0x05ec3e68) thrown at [s\src\hotspot\share\prims\jni.cpp, line 638]
Event: 36.814 Thread 0x15b31000 Exception <a 'java/lang/ClassNotFoundException'{0x05ed1550}: com/sun/javafx/scene/control/skin/resources/controls_es> (0x05ed1550) thrown at [s\src\hotspot\share\prims\jni.cpp, line 638]
Event: 36.815 Thread 0x15b31000 Exception <a 'java/lang/ClassNotFoundException'{0x05ede9a0}: com/sun/javafx/scene/control/skin/resources/controls_es_MX> (0x05ede9a0) thrown at [s\src\hotspot\share\prims\jni.cpp, line 638]
Event: 36.830 Thread 0x15b31000 Exception <a 'java/lang/ClassNotFoundException'{0x0601bbd0}: com/sun/glass/ui/win/themes> (0x0601bbd0) thrown at [s\src\hotspot\share\prims\jni.cpp, line 638]
Event: 36.831 Thread 0x15b31000 Exception <a 'java/lang/ClassNotFoundException'{0x06023b58}: com/sun/glass/ui/win/themes_es> (0x06023b58) thrown at [s\src\hotspot\share\prims\jni.cpp, line 638]
Event: 41.395 Thread 0x15b31000 Exception <a 'java/lang/reflect/InvocationTargetException'{0x060d3aa8}> (0x060d3aa8) thrown at [s\src\hotspot\share\runtime\reflection.cpp, line 1245]
Event: 41.395 Thread 0x15b31000 Exception <a 'java/lang/RuntimeException'{0x060d5038}> (0x060d5038) thrown at [s\src\hotspot\share\prims\jvm.cpp, line 1310]
Event: 42.697 Thread 0x15aac400 Exception <a 'java/lang/NoSuchMethodError'{0x053277e0}: 'java.lang.Object java.lang.invoke.DirectMethodHandle$Holder.invokeStaticInit(java.lang.Object, int)'> (0x053277e0) thrown at [s\src\hotspot\share\interpreter\linkResolver.cpp, line 773]
Event: 42.816 Thread 0x15b31000 Exception <a 'java/lang/IllegalArgumentException'{0x05282f80}> (0x05282f80) thrown at [s\src\hotspot\share\prims\jvm.cpp, line 1310]
Event: 42.845 Thread 0x15b31000 Exception <a 'java/lang/IllegalArgumentException'{0x053e23f0}> (0x053e23f0) thrown at [s\src\hotspot\share\prims\jvm.cpp, line 1310]

Events (20 events):
Event: 42.693 loading class com/sun/scenario/effect/FilterContext
Event: 42.693 loading class com/sun/scenario/effect/FilterContext done
Event: 42.699 Executing VM operation: RevokeBias
Event: 42.699 Executing VM operation: RevokeBias done
Event: 42.749 loading class javafx/application/Application
Event: 42.749 loading class javafx/application/Application done
Event: 42.749 loading class javafx/application/Application
Event: 42.749 loading class javafx/application/Application done
Event: 42.814 loading class com/sun/javafx/tk/quantum/GlassScene
Event: 42.814 loading class com/sun/javafx/tk/quantum/GlassScene done
Event: 42.814 loading class com/sun/javafx/tk/quantum/WindowStage
Event: 42.814 loading class com/sun/javafx/tk/quantum/WindowStage done
Event: 42.814 loading class com/sun/prism/GraphicsResource
Event: 42.814 loading class com/sun/prism/GraphicsResource done
Event: 42.814 loading class com/sun/prism/GraphicsResource
Event: 42.814 loading class com/sun/prism/GraphicsResource done
Event: 42.815 loading class com/sun/javafx/tk/quantum/ViewScene
Event: 42.815 loading class com/sun/javafx/tk/quantum/ViewScene done
Event: 42.815 loading class com/sun/javafx/tk/quantum/WindowStage
Event: 42.815 loading class com/sun/javafx/tk/quantum/WindowStage done


Dynamic libraries:
0x005a0000 - 0x005ac000 	C:\Program Files (x86)\Eclipse Adoptium\jdk-11.0.21.9-hotspot\bin\java.exe
0x77a80000 - 0x77c31000 	C:\WINDOWS\SYSTEM32\ntdll.dll
0x764a0000 - 0x76590000 	C:\WINDOWS\System32\KERNEL32.DLL
0x77720000 - 0x77995000 	C:\WINDOWS\System32\KERNELBASE.dll
0x74e70000 - 0x74f16000 	C:\WINDOWS\SYSTEM32\apphelp.dll
0x75dc0000 - 0x75ed2000 	C:\WINDOWS\System32\ucrtbase.dll
0x74e00000 - 0x74e13000 	C:\Program Files (x86)\Eclipse Adoptium\jdk-11.0.21.9-hotspot\bin\VCRUNTIME140.dll
0x74de0000 - 0x74df5000 	C:\Program Files (x86)\Eclipse Adoptium\jdk-11.0.21.9-hotspot\bin\jli.dll
0x75af0000 - 0x75c99000 	C:\WINDOWS\System32\USER32.dll
0x74300000 - 0x74528000 	C:\WINDOWS\WinSxS\x86_microsoft.windows.common-controls_6595b64144ccf1df_6.0.22621.3235_none_6ebcabb88802389e\COMCTL32.dll
0x76590000 - 0x765aa000 	C:\WINDOWS\System32\win32u.dll
0x765b0000 - 0x76674000 	C:\WINDOWS\System32\msvcrt.dll
0x76370000 - 0x76393000 	C:\WINDOWS\System32\GDI32.dll
0x772e0000 - 0x773c2000 	C:\WINDOWS\System32\gdi32full.dll
0x75d40000 - 0x75db9000 	C:\WINDOWS\System32\msvcp_win.dll
0x76b20000 - 0x76b45000 	C:\WINDOWS\System32\IMM32.DLL
0x74d70000 - 0x74ddf000 	C:\Program Files (x86)\Eclipse Adoptium\jdk-11.0.21.9-hotspot\bin\msvcp140.dll
0x73d90000 - 0x7426b000 	C:\Program Files (x86)\Eclipse Adoptium\jdk-11.0.21.9-hotspot\bin\client\jvm.dll
0x75fb0000 - 0x7602f000 	C:\WINDOWS\System32\ADVAPI32.dll
0x762b0000 - 0x76335000 	C:\WINDOWS\System32\sechost.dll
0x76b50000 - 0x76b6a000 	C:\WINDOWS\System32\bcrypt.dll
0x77430000 - 0x774ea000 	C:\WINDOWS\System32\RPCRT4.dll
0x774f0000 - 0x774f6000 	C:\WINDOWS\System32\PSAPI.DLL
0x74e60000 - 0x74e68000 	C:\WINDOWS\SYSTEM32\WSOCK32.dll
0x76ac0000 - 0x76b1f000 	C:\WINDOWS\System32\WS2_32.dll
0x74e20000 - 0x74e51000 	C:\WINDOWS\SYSTEM32\WINMM.dll
0x74ce0000 - 0x74ce8000 	C:\WINDOWS\SYSTEM32\VERSION.dll
0x74b20000 - 0x74b33000 	C:\WINDOWS\SYSTEM32\kernel.appcore.dll
0x74d60000 - 0x74d6d000 	C:\Program Files (x86)\Eclipse Adoptium\jdk-11.0.21.9-hotspot\bin\verify.dll
0x74570000 - 0x74746000 	C:\WINDOWS\SYSTEM32\DBGHELP.DLL
0x75870000 - 0x75aec000 	C:\WINDOWS\System32\combase.dll
0x757c0000 - 0x7585c000 	C:\WINDOWS\System32\OLEAUT32.dll
0x74d30000 - 0x74d59000 	C:\WINDOWS\SYSTEM32\dbgcore.DLL
0x77270000 - 0x772d2000 	C:\WINDOWS\System32\bcryptPrimitives.dll
0x74a90000 - 0x74ab2000 	C:\Program Files (x86)\Eclipse Adoptium\jdk-11.0.21.9-hotspot\bin\java.dll
0x74d20000 - 0x74d29000 	C:\Program Files (x86)\Eclipse Adoptium\jdk-11.0.21.9-hotspot\bin\jimage.dll
0x74cf0000 - 0x74cfd000 	C:\Program Files (x86)\Eclipse Adoptium\jdk-11.0.21.9-hotspot\bin\instrument.dll
0x74c80000 - 0x74c96000 	C:\Program Files (x86)\Eclipse Adoptium\jdk-11.0.21.9-hotspot\bin\zip.dll
0x76b70000 - 0x77209000 	C:\WINDOWS\System32\SHELL32.dll
0x74ff0000 - 0x756df000 	C:\WINDOWS\SYSTEM32\windows.storage.dll
0x74f20000 - 0x74fe7000 	C:\WINDOWS\SYSTEM32\wintypes.dll
0x75ee0000 - 0x75fa1000 	C:\WINDOWS\System32\SHCORE.dll
0x75770000 - 0x757bb000 	C:\WINDOWS\System32\shlwapi.dll
0x74c60000 - 0x74c79000 	C:\WINDOWS\SYSTEM32\profapi.dll
0x74a70000 - 0x74a84000 	C:\Program Files (x86)\Eclipse Adoptium\jdk-11.0.21.9-hotspot\bin\net.dll
0x747f0000 - 0x748cc000 	C:\WINDOWS\SYSTEM32\WINHTTP.dll
0x749b0000 - 0x74a01000 	C:\WINDOWS\system32\mswsock.dll
0x74d10000 - 0x74d1f000 	C:\Program Files (x86)\Eclipse Adoptium\jdk-11.0.21.9-hotspot\bin\nio.dll
0x74990000 - 0x749a6000 	C:\Program Files\JetBrains\IntelliJ IDEA 2023.3.2\bin\breakgen.dll
0x74980000 - 0x74983000 	C:\Users\alexia\.openjfx\cache\17.0.6\api-ms-win-core-console-l1-1-0.dll
0x74970000 - 0x74973000 	C:\Users\alexia\.openjfx\cache\17.0.6\api-ms-win-core-console-l1-2-0.dll
0x74960000 - 0x74963000 	C:\Users\alexia\.openjfx\cache\17.0.6\api-ms-win-core-datetime-l1-1-0.dll
0x74940000 - 0x74943000 	C:\Users\alexia\.openjfx\cache\17.0.6\api-ms-win-core-debug-l1-1-0.dll
0x74560000 - 0x74563000 	C:\Users\alexia\.openjfx\cache\17.0.6\api-ms-win-core-errorhandling-l1-1-0.dll
0x74550000 - 0x74554000 	C:\Users\alexia\.openjfx\cache\17.0.6\api-ms-win-core-file-l1-1-0.dll
0x742f0000 - 0x742f3000 	C:\Users\alexia\.openjfx\cache\17.0.6\api-ms-win-core-file-l1-2-0.dll
0x73d80000 - 0x73d83000 	C:\Users\alexia\.openjfx\cache\17.0.6\api-ms-win-core-file-l2-1-0.dll
0x73d70000 - 0x73d73000 	C:\Users\alexia\.openjfx\cache\17.0.6\api-ms-win-core-handle-l1-1-0.dll
0x73d60000 - 0x73d63000 	C:\Users\alexia\.openjfx\cache\17.0.6\api-ms-win-core-heap-l1-1-0.dll
0x73d50000 - 0x73d53000 	C:\Users\alexia\.openjfx\cache\17.0.6\api-ms-win-core-interlocked-l1-1-0.dll
0x73d40000 - 0x73d43000 	C:\Users\alexia\.openjfx\cache\17.0.6\api-ms-win-core-libraryloader-l1-1-0.dll
0x73d30000 - 0x73d33000 	C:\Users\alexia\.openjfx\cache\17.0.6\api-ms-win-core-localization-l1-2-0.dll
0x73d20000 - 0x73d23000 	C:\Users\alexia\.openjfx\cache\17.0.6\api-ms-win-core-memory-l1-1-0.dll
0x73d10000 - 0x73d13000 	C:\Users\alexia\.openjfx\cache\17.0.6\api-ms-win-core-namedpipe-l1-1-0.dll
0x73d00000 - 0x73d03000 	C:\Users\alexia\.openjfx\cache\17.0.6\api-ms-win-core-processenvironment-l1-1-0.dll
0x73cf0000 - 0x73cf3000 	C:\Users\alexia\.openjfx\cache\17.0.6\api-ms-win-core-processthreads-l1-1-0.dll
0x73ce0000 - 0x73ce3000 	C:\Users\alexia\.openjfx\cache\17.0.6\api-ms-win-core-processthreads-l1-1-1.dll
0x73cd0000 - 0x73cd3000 	C:\Users\alexia\.openjfx\cache\17.0.6\api-ms-win-core-profile-l1-1-0.dll
0x73cc0000 - 0x73cc3000 	C:\Users\alexia\.openjfx\cache\17.0.6\api-ms-win-core-rtlsupport-l1-1-0.dll
0x73cb0000 - 0x73cb3000 	C:\Users\alexia\.openjfx\cache\17.0.6\api-ms-win-core-string-l1-1-0.dll
0x73ca0000 - 0x73ca3000 	C:\Users\alexia\.openjfx\cache\17.0.6\api-ms-win-core-synch-l1-1-0.dll
0x73c90000 - 0x73c93000 	C:\Users\alexia\.openjfx\cache\17.0.6\api-ms-win-core-synch-l1-2-0.dll
0x73c80000 - 0x73c83000 	C:\Users\alexia\.openjfx\cache\17.0.6\api-ms-win-core-sysinfo-l1-1-0.dll
0x73c70000 - 0x73c73000 	C:\Users\alexia\.openjfx\cache\17.0.6\api-ms-win-core-timezone-l1-1-0.dll
0x73c60000 - 0x73c63000 	C:\Users\alexia\.openjfx\cache\17.0.6\api-ms-win-core-util-l1-1-0.dll
0x73c50000 - 0x73c53000 	C:\Users\alexia\.openjfx\cache\17.0.6\api-ms-win-crt-conio-l1-1-0.dll
0x73c40000 - 0x73c44000 	C:\Users\alexia\.openjfx\cache\17.0.6\api-ms-win-crt-convert-l1-1-0.dll
0x73c30000 - 0x73c33000 	C:\Users\alexia\.openjfx\cache\17.0.6\api-ms-win-crt-environment-l1-1-0.dll
0x73c20000 - 0x73c23000 	C:\Users\alexia\.openjfx\cache\17.0.6\api-ms-win-crt-filesystem-l1-1-0.dll
0x73c10000 - 0x73c13000 	C:\Users\alexia\.openjfx\cache\17.0.6\api-ms-win-crt-heap-l1-1-0.dll
0x73c00000 - 0x73c03000 	C:\Users\alexia\.openjfx\cache\17.0.6\api-ms-win-crt-locale-l1-1-0.dll
0x73bf0000 - 0x73bf5000 	C:\Users\alexia\.openjfx\cache\17.0.6\api-ms-win-crt-math-l1-1-0.dll
0x73be0000 - 0x73be5000 	C:\Users\alexia\.openjfx\cache\17.0.6\api-ms-win-crt-multibyte-l1-1-0.dll
0x73bd0000 - 0x73be0000 	C:\Users\alexia\.openjfx\cache\17.0.6\api-ms-win-crt-private-l1-1-0.dll
0x73bc0000 - 0x73bc3000 	C:\Users\alexia\.openjfx\cache\17.0.6\api-ms-win-crt-process-l1-1-0.dll
0x73bb0000 - 0x73bb4000 	C:\Users\alexia\.openjfx\cache\17.0.6\api-ms-win-crt-runtime-l1-1-0.dll
0x73ba0000 - 0x73ba4000 	C:\Users\alexia\.openjfx\cache\17.0.6\api-ms-win-crt-stdio-l1-1-0.dll
0x73b90000 - 0x73b94000 	C:\Users\alexia\.openjfx\cache\17.0.6\api-ms-win-crt-string-l1-1-0.dll
0x73b80000 - 0x73b83000 	C:\Users\alexia\.openjfx\cache\17.0.6\api-ms-win-crt-time-l1-1-0.dll
0x73b70000 - 0x73b73000 	C:\Users\alexia\.openjfx\cache\17.0.6\api-ms-win-crt-utility-l1-1-0.dll
0x73a40000 - 0x73b63000 	C:\Users\alexia\.openjfx\cache\17.0.6\ucrtbase.dll
0x73a20000 - 0x73a34000 	C:\Users\alexia\.openjfx\cache\17.0.6\vcruntime140.dll
0x739b0000 - 0x73a1d000 	C:\Users\alexia\.openjfx\cache\17.0.6\msvcp140.dll
0x739a0000 - 0x739a7000 	C:\Users\alexia\.openjfx\cache\17.0.6\msvcp140_1.dll
0x73970000 - 0x73999000 	C:\Users\alexia\.openjfx\cache\17.0.6\msvcp140_2.dll
0x73940000 - 0x73966000 	C:\Users\alexia\.openjfx\cache\17.0.6\prism_d3d.dll
0x737c0000 - 0x73931000 	C:\WINDOWS\system32\d3d9.dll
0x735b0000 - 0x735d4000 	C:\WINDOWS\SYSTEM32\dwmapi.dll
0x73790000 - 0x737be000 	C:\WINDOWS\SYSTEM32\dxcore.dll
0x74270000 - 0x742ef000 	C:\WINDOWS\system32\uxtheme.dll
0x6eba0000 - 0x6ed19000 	C:\WINDOWS\System32\DriverStore\FileRepository\iigd_dch.inf_amd64_38b23bd92a6775fe\igdumdim32.dll
0x77500000 - 0x77655000 	C:\WINDOWS\System32\ole32.dll
0x6aa00000 - 0x6e4d8000 	C:\WINDOWS\System32\DriverStore\FileRepository\iigd_dch.inf_amd64_38b23bd92a6775fe\igd9dxva32.dll
0x76680000 - 0x76abd000 	C:\WINDOWS\System32\SETUPAPI.dll
0x748d0000 - 0x7490d000 	C:\WINDOWS\SYSTEM32\cfgmgr32.dll
0x6e8a0000 - 0x6eb98000 	C:\WINDOWS\System32\DriverStore\FileRepository\iigd_dch.inf_amd64_38b23bd92a6775fe\igdgmm32.dll
0x73750000 - 0x7378c000 	C:\WINDOWS\SYSTEM32\directxdatabasehelper.dll
0x73710000 - 0x73747000 	C:\Users\alexia\.openjfx\cache\17.0.6\glass.dll
0x77660000 - 0x77711000 	C:\WINDOWS\System32\COMDLG32.dll
0x763a0000 - 0x7649f000 	C:\WINDOWS\System32\MSCTF.dll
0x736f0000 - 0x7370e000 	C:\WINDOWS\System32\DriverStore\FileRepository\iigd_dch.inf_amd64_38b23bd92a6775fe\igdinfo32.dll
0x67c50000 - 0x6a9ff000 	C:\WINDOWS\System32\DriverStore\FileRepository\iigd_dch.inf_amd64_38b23bd92a6775fe\igc32.dll
0x6f9c0000 - 0x6f9d1000 	C:\Users\alexia\.openjfx\cache\17.0.6\javafx_font.dll
0x736e0000 - 0x736eb000 	C:\Program Files (x86)\Eclipse Adoptium\jdk-11.0.21.9-hotspot\bin\sunmscapi.dll
0x761a0000 - 0x762a3000 	C:\WINDOWS\System32\CRYPT32.dll
0x6e870000 - 0x6e895000 	C:\WINDOWS\SYSTEM32\ncrypt.dll
0x6e840000 - 0x6e868000 	C:\WINDOWS\SYSTEM32\NTASN1.dll
0x6e810000 - 0x6e834000 	C:\Program Files (x86)\Eclipse Adoptium\jdk-11.0.21.9-hotspot\bin\sunec.dll
0x734c0000 - 0x734d5000 	C:\WINDOWS\SYSTEM32\CRYPTSP.dll
0x73490000 - 0x734c0000 	C:\WINDOWS\system32\rsaenh.dll
0x74530000 - 0x7454f000 	C:\WINDOWS\SYSTEM32\USERENV.dll
0x74950000 - 0x7495b000 	C:\WINDOWS\SYSTEM32\CRYPTBASE.dll
0x74910000 - 0x74934000 	C:\WINDOWS\SYSTEM32\IPHLPAPI.DLL
0x76340000 - 0x76347000 	C:\WINDOWS\System32\NSI.dll
0x74c40000 - 0x74c56000 	C:\WINDOWS\SYSTEM32\dhcpcsvc6.DLL
0x74c20000 - 0x74c37000 	C:\WINDOWS\SYSTEM32\dhcpcsvc.DLL
0x74b60000 - 0x74c1d000 	C:\WINDOWS\SYSTEM32\DNSAPI.dll
0x73380000 - 0x73388000 	C:\Windows\System32\rasadhlp.dll

dbghelp: loaded successfully - version: 4.0.5 - missing functions: none
symbol engine: initialized successfully - sym options: 0x614 - pdb path: .;C:\Program Files (x86)\Eclipse Adoptium\jdk-11.0.21.9-hotspot\bin;C:\WINDOWS\SYSTEM32;C:\WINDOWS\WinSxS\x86_microsoft.windows.common-controls_6595b64144ccf1df_6.0.22621.3235_none_6ebcabb88802389e;C:\Program Files (x86)\Eclipse Adoptium\jdk-11.0.21.9-hotspot\bin\client;C:\Program Files\JetBrains\IntelliJ IDEA 2023.3.2\bin;C:\Users\alexia\.openjfx\cache\17.0.6;C:\WINDOWS\System32\DriverStore\FileRepository\iigd_dch.inf_amd64_38b23bd92a6775fe;C:\Program Files (x86)\Common Files\Microsoft Shared\Ink

VM Arguments:
jvm_args: -javaagent:C:\Program Files\JetBrains\IntelliJ IDEA 2023.3.2\lib\idea_rt.jar=59317:C:\Program Files\JetBrains\IntelliJ IDEA 2023.3.2\bin -Dfile.encoding=UTF-8 --module-path=C:\Users\alexia\.m2\repository\com\gluonhq\attach\lifecycle\4.0.19\lifecycle-4.0.19.jar;C:\Users\alexia\.m2\repository\org\openjfx\javafx-graphics\17.0.6\javafx-graphics-17.0.6-win-x86.jar;C:\Users\alexia\.m2\repository\org\kordamp\bootstrapfx\bootstrapfx-core\0.4.0\bootstrapfx-core-0.4.0.jar;C:\Users\alexia\.m2\repository\org\openjfx\javafx-controls\17.0.6\javafx-controls-17.0.6-win-x86.jar;C:\Users\alexia\.m2\repository\com\gluonhq\attach\util\4.0.19\util-4.0.19.jar;C:\Users\alexia\.m2\repository\com\gluonhq\attach\display\4.0.19\display-4.0.19.jar;C:\Users\alexia\.m2\repository\org\openjfx\javafx-fxml\17.0.6\javafx-fxml-17.0.6-win-x86.jar;C:\Users\alexia\.m2\repository\com\gluonhq\charm-glisten\6.2.3\charm-glisten-6.2.3.jar;C:\Users\alexia\Downloads\appJavaFx\target\classes;C:\Users\alexia\.m2\repository\org\openjfx\javafx-base\17.0.6\javafx-base-17.0.6-win-x86.jar -Djdk.module.main=com.alilopez.vererinaria 
java_command: com.alilopez.vererinaria/com.alilopez.application.App
java_class_path (initial): C:\Users\alexia\.m2\repository\org\openjfx\javafx-controls\17.0.6\javafx-controls-17.0.6.jar;C:\Users\alexia\.m2\repository\org\openjfx\javafx-graphics\17.0.6\javafx-graphics-17.0.6.jar;C:\Users\alexia\.m2\repository\org\openjfx\javafx-base\17.0.6\javafx-base-17.0.6.jar;C:\Users\alexia\.m2\repository\org\openjfx\javafx-fxml\17.0.6\javafx-fxml-17.0.6.jar
Launcher Type: SUN_STANDARD

[Global flags]
   size_t InitialHeapSize                          = 16777216                                  {product} {ergonomic}
   size_t MaxHeapSize                              = 268435456                                 {product} {ergonomic}
   size_t MaxNewSize                               = 89456640                                  {product} {ergonomic}
   size_t MinHeapDeltaBytes                        = 131072                                    {product} {ergonomic}
   size_t NewSize                                  = 5570560                                   {product} {ergonomic}
    uintx NonProfiledCodeHeapSize                  = 0                                      {pd product} {ergonomic}
   size_t OldSize                                  = 11206656                                  {product} {ergonomic}
    uintx ProfiledCodeHeapSize                     = 0                                      {pd product} {ergonomic}
     bool ThreadLocalHandshakes                    = false                                  {pd product} {ergonomic}
     bool UseLargePagesIndividualAllocation        = false                                  {pd product} {ergonomic}
     bool UseSerialGC                              = true                                      {product} {ergonomic}

Logging:
Log output configuration:
 #0: stdout all=warning uptime,level,tags
 #1: stderr all=off uptime,level,tags

Environment Variables:
PATH=C:\Program Files (x86)\Eclipse Adoptium\jdk-11.0.21.9-hotspot\bin;C:\WINDOWS\system32;C:\WINDOWS;C:\WINDOWS\System32\Wbem;C:\WINDOWS\System32\WindowsPowerShell\v1.0\;C:\WINDOWS\System32\OpenSSH\;C:\Program Files\Git\cmd;C:\Program Files (x86)\Git\cmd;C:\Users\alexia\AppData\Local\Microsoft\WindowsApps;C:\Users\alexia\AppData\Local\GitHubDesktop\bin;C:\Users\alexia\AppData\Local\Programs\Microsoft VS Code\bin;;C:\Program Files\JetBrains\IntelliJ IDEA 2023.3.2\bin;
USERNAME=alexia
OS=Windows_NT
PROCESSOR_IDENTIFIER=Intel64 Family 6 Model 140 Stepping 1, GenuineIntel
TMP=C:\Users\alexia\AppData\Local\Temp
TEMP=C:\Users\alexia\AppData\Local\Temp



---------------  S Y S T E M  ---------------

OS: Windows 11 , 64 bit Build 22621 (10.0.22621.3374)
OS uptime: 0 days 6:53 hours

CPU:total 4 (initial active 4) (2 cores per cpu, 2 threads per core) family 6 model 140 stepping 1 microcode 0x8a, cmov, cx8, fxsr, mmx, sse, sse2, sse3, ssse3, sse4.1, sse4.2, popcnt, avx, avx2, aes, clmul, erms, 3dnowpref, lzcnt, ht, tsc, tscinvbit, bmi1, bmi2, adx, evex, sha, fma

Memory: 4k page, system-wide physical 3875M (497M free)
TotalPageFile size 13721M (AvailPageFile size 2404M), user-mode portion of virtual address-space 2047M (1333M free)
current process WorkingSet (physical memory assigned to process): 159M, peak: 165M
current process commit charge ("private bytes"): 196M, peak: 196M

vm_info: OpenJDK Client VM (11.0.21+9) for windows-x86 JRE (11.0.21+9), built on Oct 17 2023 17:27:10 by "" with MS VC++ 15.9 (VS2017)

END.
