#
# A fatal error has been detected by the Java Runtime Environment:
#
#  EXCEPTION_ACCESS_VIOLATION (0xc0000005) at pc=0x65526c62, pid=12808, tid=17196
#
# JRE version: OpenJDK Runtime Environment Temurin-11.0.21+9 (11.0.21+9) (build 11.0.21+9)
# Java VM: OpenJDK Client VM Temurin-11.0.21+9 (11.0.21+9, mixed mode, serial gc, windows-x86)
# Problematic frame:
# C  [glass.dll+0x16c62]
#
# No core dump will be written. Minidumps are not enabled by default on client versions of Windows
#
# If you would like to submit a bug report, please visit:
#   https://github.com/adoptium/adoptium-support/issues
# The crash happened outside the Java Virtual Machine in native code.
# See problematic frame for where to report the bug.
#

---------------  S U M M A R Y ------------

Command Line: -javaagent:C:\Program Files\JetBrains\IntelliJ IDEA 2023.3.2\lib\idea_rt.jar=56070:C:\Program Files\JetBrains\IntelliJ IDEA 2023.3.2\bin -Dfile.encoding=UTF-8 --module-path=C:\Users\alexia\Downloads\appJavaFx\target\classes;C:\Users\alexia\.m2\repository\com\gluonhq\attach\lifecycle\4.0.19\lifecycle-4.0.19.jar;C:\Users\alexia\.m2\repository\org\openjfx\javafx-graphics\17.0.6\javafx-graphics-17.0.6-win-x86.jar;C:\Users\alexia\.m2\repository\org\openjfx\javafx-base\17.0.6\javafx-base-17.0.6-win-x86.jar;C:\Users\alexia\.m2\repository\com\gluonhq\attach\display\4.0.19\display-4.0.19.jar;C:\Users\alexia\.m2\repository\com\gluonhq\charm-glisten\6.2.3\charm-glisten-6.2.3.jar;C:\Users\alexia\.m2\repository\org\openjfx\javafx-controls\17.0.6\javafx-controls-17.0.6-win-x86.jar;C:\Users\alexia\.m2\repository\com\gluonhq\attach\util\4.0.19\util-4.0.19.jar;C:\Users\alexia\.m2\repository\org\kordamp\bootstrapfx\bootstrapfx-core\0.4.0\bootstrapfx-core-0.4.0.jar;C:\Users\alexia\.m2\repository\org\openjfx\javafx-fxml\17.0.6\javafx-fxml-17.0.6-win-x86.jar -Djdk.module.main=com.alilopez.vererinaria com.alilopez.vererinaria/com.alilopez.application.App

Host: 11th Gen Intel(R) Core(TM) i3-1115G4 @ 3.00GHz, 4 cores, 3G,  Windows 11 , 64 bit Build 22621 (10.0.22621.3374)
Time: Tue Apr  9 04:55:01 2024 Hora estándar central (México) elapsed time: 25.686358 seconds (0d 0h 0m 25s)

---------------  T H R E A D  ---------------

Current thread (0x160e1c00):  JavaThread "JavaFX Application Thread" [_thread_in_native, id=17196, stack(0x16860000,0x168b0000)]

Stack: [0x16860000,0x168b0000],  sp=0x168ae99c,  free space=314k
Native frames: (J=compiled Java code, A=aot compiled Java code, j=interpreted, Vv=VM code, C=native code)
C  [glass.dll+0x16c62]

Java frames: (J=compiled Java code, j=interpreted, Vv=VM code)
j  com.sun.glass.ui.win.WinWindow._close(J)Z+0 javafx.graphics
j  com.sun.glass.ui.Window.close()V+63 javafx.graphics
j  com.sun.glass.ui.win.WinWindow.close()V+8 javafx.graphics
j  com.sun.glass.ui.Application.terminate()V+75 javafx.graphics
j  com.sun.javafx.tk.quantum.QuantumToolkit.lambda$exit$13()Ljava/lang/Object;+5 javafx.graphics
j  com.sun.javafx.tk.quantum.QuantumToolkit$$Lambda$481.get()Ljava/lang/Object;+0 javafx.graphics
j  com.sun.javafx.tk.quantum.QuantumToolkit.runWithRenderLock(Ljava/util/function/Supplier;)Ljava/lang/Object;+7 javafx.graphics
j  com.sun.javafx.tk.quantum.QuantumToolkit.exit()V+26 javafx.graphics
j  com.sun.javafx.application.PlatformImpl.lambda$tkExit$16()V+3 javafx.graphics
j  com.sun.javafx.application.PlatformImpl$$Lambda$480.run()V+0 javafx.graphics
j  com.sun.javafx.application.PlatformImpl.lambda$runAndWait$12(Ljava/lang/Runnable;Ljava/util/concurrent/CountDownLatch;)V+1 javafx.graphics
j  com.sun.javafx.application.PlatformImpl$$Lambda$87.run()V+8 javafx.graphics
j  com.sun.javafx.application.PlatformImpl.lambda$runLater$10(Ljava/lang/Runnable;)Ljava/lang/Void;+1 javafx.graphics
j  com.sun.javafx.application.PlatformImpl$$Lambda$89.run()Ljava/lang/Object;+4 javafx.graphics
v  ~StubRoutines::call_stub
J 1744  java.security.AccessController.doPrivileged(Ljava/security/PrivilegedAction;Ljava/security/AccessControlContext;)Ljava/lang/Object; java.base@11.0.21 (0 bytes) @ 0x03856287 [0x03856220+0x00000067]
j  com.sun.javafx.application.PlatformImpl.lambda$runLater$11(Ljava/lang/Runnable;Ljava/security/AccessControlContext;)V+7 javafx.graphics
j  com.sun.javafx.application.PlatformImpl$$Lambda$88.run()V+8 javafx.graphics
J 2215 c1 com.sun.glass.ui.InvokeLaterDispatcher$Future.run()V javafx.graphics (91 bytes) @ 0x038da340 [0x038da310+0x00000030]
v  ~StubRoutines::call_stub
j  com.sun.glass.ui.win.WinApplication._runLoop(Ljava/lang/Runnable;)V+0 javafx.graphics
j  com.sun.glass.ui.win.WinApplication.lambda$runLoop$3(ILjava/lang/Runnable;)V+8 javafx.graphics
j  com.sun.glass.ui.win.WinApplication$$Lambda$77.run()V+12 javafx.graphics
j  java.lang.Thread.run()V+11 java.base@11.0.21
v  ~StubRoutines::call_stub

siginfo: EXCEPTION_ACCESS_VIOLATION (0xc0000005), reading address 0x000000b8


Register to memory mapping:

EIP=0x65526c62 glass.dll
EAX=0x0 is NULL
EBX=0x168aebd0 is pointing into the stack for thread: 0x160e1c00
ECX=0x0 is NULL
EDX=0x0 is NULL
ESP=0x168ae99c is pointing into the stack for thread: 0x160e1c00
EBP=0x168ae9c8 is pointing into the stack for thread: 0x160e1c00
ESI=0x00000401 is an unknown value
EDI=0x0 is NULL


Registers:
EAX=0x00000000, EBX=0x168aebd0, ECX=0x00000000, EDX=0x00000000
ESP=0x168ae99c, EBP=0x168ae9c8, ESI=0x00000401, EDI=0x00000000
EIP=0x65526c62, EFLAGS=0x00010206

Top of Stack: (sp=0x168ae99c)
0x168ae99c:   168aebd0 00000401 168aebd0 65518df8
0x168ae9ac:   351272f2 160d9d98 005d063a 00000401
0x168ae9bc:   168aeafc 655302b0 ffffffff 00000000
0x168ae9cc:   65511755 00000401 168aebd0 00000000
0x168ae9dc:   00000401 005d063a 168aea14 655116f0
0x168ae9ec:   777b3083 005d063a 00000401 168aebd0
0x168ae9fc:   00000000 005d063a dcbaabcd 655116f0
0x168aea0c:   00000401 005d063a 168aeb0c 777a3ec6 

Instructions: (pc=0x65526c62)
0x65526b62:   21 56 e8 47 42 00 00 ff 35 e8 03 54 65 8b f0 ff
0x65526b72:   77 68 56 e8 96 de fe ff 56 e8 a0 41 00 00 83 c4
0x65526b82:   10 5e c7 05 a4 03 54 65 00 00 00 00 5f c3 83 ec
0x65526b92:   24 a1 ec e0 53 65 33 c4 89 44 24 20 8b 44 24 28
0x65526ba2:   53 89 44 24 04 8b d9 8b 44 24 30 89 44 24 08 8b
0x65526bb2:   44 24 38 55 89 44 24 10 8b 44 24 38 56 89 83 84
0x65526bc2:   00 00 00 8b 44 24 0c 89 5c 24 18 bb 00 00 00 80
0x65526bd2:   8b eb 8b f3 57 8b fb 85 c0 79 29 8d 44 24 20 50
0x65526be2:   e8 29 aa fe ff 83 c4 04 85 c0 8b 44 24 10 74 14
0x65526bf2:   8b 74 24 28 8b 5c 24 20 2b f3 8b 7c 24 2c 8b 6c
0x65526c02:   24 24 2b fd 6a 00 50 ff 74 24 1c 68 d8 23 53 65
0x65526c12:   57 56 8b 74 24 34 8b ce 55 53 ff 74 24 38 e8 db
0x65526c22:   a7 fe ff 8b f8 8d 4e 14 57 e8 40 64 00 00 57 8d
0x65526c32:   4e 14 e8 c7 64 00 00 8b 4c 24 30 8b c7 5f 5e 5d
0x65526c42:   5b 33 cc e8 ae 7a 00 00 83 c4 24 c2 10 00 53 8b
0x65526c52:   d9 56 57 ff 73 08 e8 93 a9 fe ff 8b f8 83 c4 04
0x65526c62:   8b 87 b8 00 00 00 85 c0 75 03 8b 47 04 3b 05 a4
0x65526c72:   03 54 65 75 29 e8 34 41 00 00 ff 35 e8 03 54 65
0x65526c82:   8b f0 ff 77 68 56 e8 83 dd fe ff 56 e8 8d 40 00
0x65526c92:   00 83 c4 10 c7 05 a4 03 54 65 00 00 00 00 8d 4f
0x65526ca2:   14 e8 b8 69 00 00 8d 4f 14 e8 e0 69 00 00 ff 73
0x65526cb2:   08 ff 15 f8 fe 53 65 85 c0 5f 0f 95 c0 5e 88 43
0x65526cc2:   04 5b c3 cc cc cc cc cc cc cc cc cc cc cc 55 8b
0x65526cd2:   ec 6a ff 68 f7 11 53 65 64 a1 00 00 00 00 50 83
0x65526ce2:   ec 08 53 56 57 a1 ec e0 53 65 33 c5 50 8d 45 f4
0x65526cf2:   64 a3 00 00 00 00 8b f9 ff 77 18 ff 15 60 ff 53
0x65526d02:   65 85 c0 75 13 0f 57 c0 66 0f 13 45 ec 8b 55 f0
0x65526d12:   8b 45 ec e9 a7 00 00 00 68 dc 00 00 00 e8 96 79
0x65526d22:   00 00 83 c4 04 89 45 f0 c7 45 fc 00 00 00 00 85
0x65526d32:   c0 74 19 ff 77 18 8b c8 6a 01 6a 00 6a 00 6a 00
0x65526d42:   ff 77 10 e8 a6 f9 ff ff 8b d8 eb 02 33 db ff 77
0x65526d52:   18 8b cb c7 45 fc ff ff ff ff 6a 00 68 00 00 10 


Stack slot to memory mapping:
stack at sp + 0 slots: 0x168aebd0 is pointing into the stack for thread: 0x160e1c00
stack at sp + 1 slots: 0x00000401 is an unknown value
stack at sp + 2 slots: 0x168aebd0 is pointing into the stack for thread: 0x160e1c00
stack at sp + 3 slots: 0x65518df8 glass.dll
stack at sp + 4 slots: 0x351272f2 is an unknown value
stack at sp + 5 slots: 0x160d9d98 points into unknown readable memory: 0x6553319c | 9c 31 53 65
stack at sp + 6 slots: 0x005d063a is an unknown value
stack at sp + 7 slots: 0x00000401 is an unknown value


---------------  P R O C E S S  ---------------

Threads class SMR info:
_java_thread_list=0x20520c80, length=18, elements={
0x034bec00, 0x03573400, 0x03587c00, 0x15840800,
0x15841800, 0x03597c00, 0x03598800, 0x15813000,
0x1581f000, 0x15d82400, 0x1605e800, 0x160bfc00,
0x160e1c00, 0x1aa30000, 0x1aa7d000, 0x1ac4d800,
0x1ace6800, 0x1b0e8c00
}

Java Threads: ( => current thread )
  0x034bec00 JavaThread "main" [_thread_blocked, id=4464, stack(0x02c50000,0x02ca0000)]
  0x03573400 JavaThread "Reference Handler" daemon [_thread_blocked, id=2108, stack(0x15600000,0x15650000)]
  0x03587c00 JavaThread "Finalizer" daemon [_thread_blocked, id=13560, stack(0x15690000,0x156e0000)]
  0x15840800 JavaThread "Signal Dispatcher" daemon [_thread_blocked, id=13080, stack(0x15a50000,0x15aa0000)]
  0x15841800 JavaThread "Attach Listener" daemon [_thread_blocked, id=16300, stack(0x15ae0000,0x15b30000)]
  0x03597c00 JavaThread "Service Thread" daemon [_thread_blocked, id=12400, stack(0x15b70000,0x15bc0000)]
  0x03598800 JavaThread "C1 CompilerThread0" daemon [_thread_blocked, id=1404, stack(0x15c00000,0x15c50000)]
  0x15813000 JavaThread "Sweeper thread" daemon [_thread_blocked, id=9280, stack(0x15c90000,0x15ce0000)]
  0x1581f000 JavaThread "Common-Cleaner" daemon [_thread_blocked, id=4840, stack(0x15d20000,0x15d70000)]
  0x15d82400 JavaThread "Monitor Ctrl-Break" daemon [_thread_in_native, id=8252, stack(0x161c0000,0x16210000)]
  0x1605e800 JavaThread "QuantumRenderer-0" daemon [_thread_blocked, id=14104, stack(0x164e0000,0x16530000)]
  0x160bfc00 JavaThread "InvokeLaterDispatcher" daemon [_thread_blocked, id=15744, stack(0x166d0000,0x16720000)]
=>0x160e1c00 JavaThread "JavaFX Application Thread" [_thread_in_native, id=17196, stack(0x16860000,0x168b0000)]
  0x1aa30000 JavaThread "Thread-1" daemon [_thread_in_native, id=10664, stack(0x1bc10000,0x1bc60000)]
  0x1aa7d000 JavaThread "JavaFX-Launcher" [_thread_blocked, id=9140, stack(0x1bca0000,0x1bcf0000)]
  0x1ac4d800 JavaThread "Prism Font Disposer" daemon [_thread_blocked, id=3372, stack(0x1dbe0000,0x1dc30000)]
  0x1ace6800 JavaThread "Cleaner-0" daemon [_thread_blocked, id=16644, stack(0x20190000,0x201e0000)]
  0x1b0e8c00 JavaThread "Keep-Alive-Timer" daemon [_thread_blocked, id=15836, stack(0x1c530000,0x1c580000)]

Other Threads:
  0x03570400 VMThread "VM Thread" [stack: 0x03430000,0x03480000] [id=7184]
  0x15d83000 WatcherThread [stack: 0x16250000,0x162a0000] [id=3328]

Threads with active compile tasks:

VM state:not at safepoint (normal execution)

VM Mutex/Monitor currently owned by a thread: None

Heap:
 def new generation   total 55680K, used 17869K [0x05600000, 0x09260000, 0x0ab50000)
  eden space 49536K,  36% used [0x05600000, 0x06773540, 0x08660000)
  from space 6144K,   0% used [0x08660000, 0x08660000, 0x08c60000)
  to   space 6144K,   0% used [0x08c60000, 0x08c60000, 0x09260000)
 tenured generation   total 123560K, used 74133K [0x0ab50000, 0x123fa000, 0x15600000)
   the space 123560K,  59% used [0x0ab50000, 0x0f3b5720, 0x0f3b5800, 0x123fa000)
 Metaspace       used 18714K, capacity 18989K, committed 19200K, reserved 19840K

Card table byte_map: [0x02ea0000,0x02f30000] _byte_map_base: 0x02e75000

Polling page: 0x015e0000

Metaspace:

Usage:
   18.54 MB capacity,    18.28 MB ( 99%) used,   177.48 KB ( <1%) free+waste,    96.72 KB ( <1%) overhead. 

Virtual space:
     19.38 MB reserved,      18.75 MB ( 97%) committed 

Chunk freelists:
179.00 KB

MaxMetaspaceSize: 4.00 GB
No class space
Initial GC threshold: 12.00 MB
Current GC threshold: 31.04 MB
CDS: off

CodeCache: size=32768Kb used=3361Kb max_used=3361Kb free=29406Kb
 bounds [0x035a0000, 0x038f0000, 0x055a0000]
 total_blobs=2704 nmethods=2264 adapters=371
 compilation: enabled
              stopped_count=0, restarted_count=0
 full_count=0

Compilation events (20 events):
Event: 25.395 Thread 0x03598800 2255             java.util.Arrays::asList (9 bytes)
Event: 25.395 Thread 0x03598800 nmethod 2255 0x038e4f88 code [0x038e50a0, 0x038e51dc]
Event: 25.395 Thread 0x03598800 2256             java.util.Arrays$ArrayList::<init> (16 bytes)
Event: 25.395 Thread 0x03598800 nmethod 2256 0x038e5288 code [0x038e53a0, 0x038e54ac]
Event: 25.408 Thread 0x03598800 2257             java.lang.reflect.Array::newInstance (6 bytes)
Event: 25.408 Thread 0x03598800 nmethod 2257 0x038e5548 code [0x038e5660, 0x038e56dc]
Event: 25.423 Thread 0x03598800 2258             java.lang.invoke.LambdaFormBuffer::changeName (149 bytes)
Event: 25.423 Thread 0x03598800 nmethod 2258 0x038e59c8 code [0x038e5af0, 0x038e5c9c]
Event: 25.424 Thread 0x03598800 2259             java.lang.invoke.MethodHandleNatives::refKindIsGetter (32 bytes)
Event: 25.424 Thread 0x03598800 nmethod 2259 0x038e5dc8 code [0x038e5ed0, 0x038e5f50]
Event: 25.424 Thread 0x03598800 2260             java.lang.invoke.LambdaFormBuffer::clearDuplicatesAndNulls (268 bytes)
Event: 25.425 Thread 0x03598800 nmethod 2260 0x038e5f88 code [0x038e60f0, 0x038e64d0]
Event: 25.434 Thread 0x03598800 2261             java.lang.invoke.LambdaForm$Name::cloneWithIndex (47 bytes)
Event: 25.434 Thread 0x03598800 nmethod 2261 0x038e6b48 code [0x038e6c80, 0x038e6e74]
Event: 25.435 Thread 0x03598800 2262             java.lang.invoke.InvokerBytecodeGenerator::isStaticallyNameable (148 bytes)
Event: 25.436 Thread 0x03598800 nmethod 2262 0x038e6f88 code [0x038e7220, 0x038e7ad0]
Event: 25.492 Thread 0x03598800 2263             javafx.scene.Node::getAutomaticOrientation (5 bytes)
Event: 25.492 Thread 0x03598800 nmethod 2263 0x038e8188 code [0x038e8290, 0x038e8310]
Event: 25.516 Thread 0x03598800 2264             javafx.scene.layout.Region::getBorder (11 bytes)
Event: 25.517 Thread 0x03598800 nmethod 2264 0x038e8348 code [0x038e8460, 0x038e851c]

GC Heap History (20 events):
Event: 2.520 GC heap before
{Heap before GC invocations=11 (full 1):
 def new generation   total 4992K, used 4916K [0x05600000, 0x05b60000, 0x0ab50000)
  eden space 4480K,  98% used [0x05600000, 0x05a4d2b8, 0x05a60000)
  from space 512K, 100% used [0x05ae0000, 0x05b60000, 0x05b60000)
  to   space 512K,   0% used [0x05a60000, 0x05a60000, 0x05ae0000)
 tenured generation   total 10944K, used 6607K [0x0ab50000, 0x0b600000, 0x15600000)
   the space 10944K,  60% used [0x0ab50000, 0x0b1c3c30, 0x0b1c3e00, 0x0b600000)
 Metaspace       used 14963K, capacity 15170K, committed 15232K, reserved 15744K
}
Event: 2.523 GC heap after
{Heap after GC invocations=12 (full 1):
 def new generation   total 4992K, used 512K [0x05600000, 0x05b60000, 0x0ab50000)
  eden space 4480K,   0% used [0x05600000, 0x05600000, 0x05a60000)
  from space 512K, 100% used [0x05a60000, 0x05ae0000, 0x05ae0000)
  to   space 512K,   0% used [0x05ae0000, 0x05ae0000, 0x05b60000)
 tenured generation   total 10944K, used 7474K [0x0ab50000, 0x0b600000, 0x15600000)
   the space 10944K,  68% used [0x0ab50000, 0x0b29caf0, 0x0b29cc00, 0x0b600000)
 Metaspace       used 14963K, capacity 15170K, committed 15232K, reserved 15744K
}
Event: 3.218 GC heap before
{Heap before GC invocations=12 (full 1):
 def new generation   total 4992K, used 4992K [0x05600000, 0x05b60000, 0x0ab50000)
  eden space 4480K, 100% used [0x05600000, 0x05a60000, 0x05a60000)
  from space 512K, 100% used [0x05a60000, 0x05ae0000, 0x05ae0000)
  to   space 512K,   0% used [0x05ae0000, 0x05ae0000, 0x05b60000)
 tenured generation   total 10944K, used 7474K [0x0ab50000, 0x0b600000, 0x15600000)
   the space 10944K,  68% used [0x0ab50000, 0x0b29caf0, 0x0b29cc00, 0x0b600000)
 Metaspace       used 15079K, capacity 15269K, committed 15360K, reserved 15744K
}
Event: 3.225 GC heap after
{Heap after GC invocations=13 (full 1):
 def new generation   total 4992K, used 294K [0x05600000, 0x05b60000, 0x0ab50000)
  eden space 4480K,   0% used [0x05600000, 0x05600000, 0x05a60000)
  from space 512K,  57% used [0x05ae0000, 0x05b299b0, 0x05b60000)
  to   space 512K,   0% used [0x05a60000, 0x05a60000, 0x05ae0000)
 tenured generation   total 10944K, used 9994K [0x0ab50000, 0x0b600000, 0x15600000)
   the space 10944K,  91% used [0x0ab50000, 0x0b512910, 0x0b512a00, 0x0b600000)
 Metaspace       used 15079K, capacity 15269K, committed 15360K, reserved 15744K
}
Event: 3.497 GC heap before
{Heap before GC invocations=13 (full 1):
 def new generation   total 4992K, used 4610K [0x05600000, 0x05b60000, 0x0ab50000)
  eden space 4480K,  96% used [0x05600000, 0x05a36f88, 0x05a60000)
  from space 512K,  57% used [0x05ae0000, 0x05b299b0, 0x05b60000)
  to   space 512K,   0% used [0x05a60000, 0x05a60000, 0x05ae0000)
 tenured generation   total 10944K, used 9994K [0x0ab50000, 0x0b600000, 0x15600000)
   the space 10944K,  91% used [0x0ab50000, 0x0b512910, 0x0b512a00, 0x0b600000)
 Metaspace       used 15079K, capacity 15269K, committed 15360K, reserved 15744K
}
Event: 3.522 GC heap after
{Heap after GC invocations=14 (full 2):
 def new generation   total 9856K, used 0K [0x05600000, 0x060b0000, 0x0ab50000)
  eden space 8768K,   0% used [0x05600000, 0x05600000, 0x05e90000)
  from space 1088K,   0% used [0x05e90000, 0x05e90000, 0x05fa0000)
  to   space 1088K,   0% used [0x05fa0000, 0x05fa0000, 0x060b0000)
 tenured generation   total 21756K, used 13053K [0x0ab50000, 0x0c08f000, 0x15600000)
   the space 21756K,  59% used [0x0ab50000, 0x0b80f4c0, 0x0b80f600, 0x0c08f000)
 Metaspace       used 15079K, capacity 15269K, committed 15360K, reserved 15744K
}
Event: 3.958 GC heap before
{Heap before GC invocations=14 (full 2):
 def new generation   total 9856K, used 8588K [0x05600000, 0x060b0000, 0x0ab50000)
  eden space 8768K,  97% used [0x05600000, 0x05e631a0, 0x05e90000)
  from space 1088K,   0% used [0x05e90000, 0x05e90000, 0x05fa0000)
  to   space 1088K,   0% used [0x05fa0000, 0x05fa0000, 0x060b0000)
 tenured generation   total 21756K, used 13053K [0x0ab50000, 0x0c08f000, 0x15600000)
   the space 21756K,  59% used [0x0ab50000, 0x0b80f4c0, 0x0b80f600, 0x0c08f000)
 Metaspace       used 15079K, capacity 15269K, committed 15360K, reserved 15744K
}
Event: 3.961 GC heap after
{Heap after GC invocations=15 (full 2):
 def new generation   total 9856K, used 881K [0x05600000, 0x060b0000, 0x0ab50000)
  eden space 8768K,   0% used [0x05600000, 0x05600000, 0x05e90000)
  from space 1088K,  81% used [0x05fa0000, 0x0607c640, 0x060b0000)
  to   space 1088K,   0% used [0x05e90000, 0x05e90000, 0x05fa0000)
 tenured generation   total 21756K, used 17969K [0x0ab50000, 0x0c08f000, 0x15600000)
   the space 21756K,  82% used [0x0ab50000, 0x0bcdc468, 0x0bcdc600, 0x0c08f000)
 Metaspace       used 15079K, capacity 15269K, committed 15360K, reserved 15744K
}
Event: 4.505 GC heap before
{Heap before GC invocations=15 (full 2):
 def new generation   total 9856K, used 9022K [0x05600000, 0x060b0000, 0x0ab50000)
  eden space 8768K,  92% used [0x05600000, 0x05df3458, 0x05e90000)
  from space 1088K,  81% used [0x05fa0000, 0x0607c640, 0x060b0000)
  to   space 1088K,   0% used [0x05e90000, 0x05e90000, 0x05fa0000)
 tenured generation   total 21756K, used 17969K [0x0ab50000, 0x0c08f000, 0x15600000)
   the space 21756K,  82% used [0x0ab50000, 0x0bcdc468, 0x0bcdc600, 0x0c08f000)
 Metaspace       used 15079K, capacity 15269K, committed 15360K, reserved 15744K
}
Event: 4.536 GC heap after
{Heap after GC invocations=16 (full 3):
 def new generation   total 17920K, used 703K [0x05600000, 0x06970000, 0x0ab50000)
  eden space 15936K,   4% used [0x05600000, 0x056afc98, 0x06590000)
  from space 1984K,   0% used [0x06590000, 0x06590000, 0x06780000)
  to   space 1984K,   0% used [0x06780000, 0x06780000, 0x06970000)
 tenured generation   total 39668K, used 23799K [0x0ab50000, 0x0d20d000, 0x15600000)
   the space 39668K,  59% used [0x0ab50000, 0x0c28dd18, 0x0c28de00, 0x0d20d000)
 Metaspace       used 15052K, capacity 15236K, committed 15360K, reserved 15744K
}
Event: 5.349 GC heap before
{Heap before GC invocations=16 (full 3):
 def new generation   total 17920K, used 15936K [0x05600000, 0x06970000, 0x0ab50000)
  eden space 15936K, 100% used [0x05600000, 0x06590000, 0x06590000)
  from space 1984K,   0% used [0x06590000, 0x06590000, 0x06780000)
  to   space 1984K,   0% used [0x06780000, 0x06780000, 0x06970000)
 tenured generation   total 39668K, used 23799K [0x0ab50000, 0x0d20d000, 0x15600000)
   the space 39668K,  59% used [0x0ab50000, 0x0c28dd18, 0x0c28de00, 0x0d20d000)
 Metaspace       used 16750K, capacity 17003K, committed 17024K, reserved 17792K
}
Event: 5.359 GC heap after
{Heap after GC invocations=17 (full 3):
 def new generation   total 17920K, used 1984K [0x05600000, 0x06970000, 0x0ab50000)
  eden space 15936K,   0% used [0x05600000, 0x05600000, 0x06590000)
  from space 1984K, 100% used [0x06780000, 0x06970000, 0x06970000)
  to   space 1984K,   0% used [0x06590000, 0x06590000, 0x06780000)
 tenured generation   total 39668K, used 25485K [0x0ab50000, 0x0d20d000, 0x15600000)
   the space 39668K,  64% used [0x0ab50000, 0x0c4337f0, 0x0c433800, 0x0d20d000)
 Metaspace       used 16750K, capacity 17003K, committed 17024K, reserved 17792K
}
Event: 9.071 GC heap before
{Heap before GC invocations=17 (full 3):
 def new generation   total 17920K, used 17620K [0x05600000, 0x06970000, 0x0ab50000)
  eden space 15936K,  98% used [0x05600000, 0x06545088, 0x06590000)
  from space 1984K, 100% used [0x06780000, 0x06970000, 0x06970000)
  to   space 1984K,   0% used [0x06590000, 0x06590000, 0x06780000)
 tenured generation   total 39668K, used 25485K [0x0ab50000, 0x0d20d000, 0x15600000)
   the space 39668K,  64% used [0x0ab50000, 0x0c4337f0, 0x0c433800, 0x0d20d000)
 Metaspace       used 17673K, capacity 17929K, committed 18048K, reserved 18816K
}
Event: 9.080 GC heap after
{Heap after GC invocations=18 (full 3):
 def new generation   total 17920K, used 1984K [0x05600000, 0x06970000, 0x0ab50000)
  eden space 15936K,   0% used [0x05600000, 0x05600000, 0x06590000)
  from space 1984K, 100% used [0x06590000, 0x06780000, 0x06780000)
  to   space 1984K,   0% used [0x06780000, 0x06780000, 0x06970000)
 tenured generation   total 39668K, used 32927K [0x0ab50000, 0x0d20d000, 0x15600000)
   the space 39668K,  83% used [0x0ab50000, 0x0cb77d40, 0x0cb77e00, 0x0d20d000)
 Metaspace       used 17673K, capacity 17929K, committed 18048K, reserved 18816K
}
Event: 9.440 GC heap before
{Heap before GC invocations=18 (full 3):
 def new generation   total 17920K, used 17723K [0x05600000, 0x06970000, 0x0ab50000)
  eden space 15936K,  98% used [0x05600000, 0x0655ef40, 0x06590000)
  from space 1984K, 100% used [0x06590000, 0x06780000, 0x06780000)
  to   space 1984K,   0% used [0x06780000, 0x06780000, 0x06970000)
 tenured generation   total 39668K, used 32927K [0x0ab50000, 0x0d20d000, 0x15600000)
   the space 39668K,  83% used [0x0ab50000, 0x0cb77d40, 0x0cb77e00, 0x0d20d000)
 Metaspace       used 17673K, capacity 17929K, committed 18048K, reserved 18816K
}
Event: 9.487 GC heap after
{Heap after GC invocations=19 (full 4):
 def new generation   total 32896K, used 886K [0x05600000, 0x079b0000, 0x0ab50000)
  eden space 29248K,   3% used [0x05600000, 0x056ddac0, 0x07290000)
  from space 3648K,   0% used [0x07290000, 0x07290000, 0x07620000)
  to   space 3648K,   0% used [0x07620000, 0x07620000, 0x079b0000)
 tenured generation   total 73028K, used 43814K [0x0ab50000, 0x0f2a1000, 0x15600000)
   the space 73028K,  59% used [0x0ab50000, 0x0d619b78, 0x0d619c00, 0x0f2a1000)
 Metaspace       used 17673K, capacity 17929K, committed 18048K, reserved 18816K
}
Event: 9.844 GC heap before
{Heap before GC invocations=19 (full 4):
 def new generation   total 32896K, used 29248K [0x05600000, 0x079b0000, 0x0ab50000)
  eden space 29248K, 100% used [0x05600000, 0x07290000, 0x07290000)
  from space 3648K,   0% used [0x07290000, 0x07290000, 0x07620000)
  to   space 3648K,   0% used [0x07620000, 0x07620000, 0x079b0000)
 tenured generation   total 73028K, used 43814K [0x0ab50000, 0x0f2a1000, 0x15600000)
   the space 73028K,  59% used [0x0ab50000, 0x0d619b78, 0x0d619c00, 0x0f2a1000)
 Metaspace       used 17674K, capacity 17929K, committed 18048K, reserved 18816K
}
Event: 9.858 GC heap after
{Heap after GC invocations=20 (full 4):
 def new generation   total 32896K, used 3224K [0x05600000, 0x079b0000, 0x0ab50000)
  eden space 29248K,   0% used [0x05600000, 0x05600000, 0x07290000)
  from space 3648K,  88% used [0x07620000, 0x07946358, 0x079b0000)
  to   space 3648K,   0% used [0x07290000, 0x07290000, 0x07620000)
 tenured generation   total 73028K, used 61091K [0x0ab50000, 0x0f2a1000, 0x15600000)
   the space 73028K,  83% used [0x0ab50000, 0x0e6f8d08, 0x0e6f8e00, 0x0f2a1000)
 Metaspace       used 17674K, capacity 17929K, committed 18048K, reserved 18816K
}
Event: 23.818 GC heap before
{Heap before GC invocations=20 (full 4):
 def new generation   total 32896K, used 32472K [0x05600000, 0x079b0000, 0x0ab50000)
  eden space 29248K, 100% used [0x05600000, 0x07290000, 0x07290000)
  from space 3648K,  88% used [0x07620000, 0x07946358, 0x079b0000)
  to   space 3648K,   0% used [0x07290000, 0x07290000, 0x07620000)
 tenured generation   total 73028K, used 61091K [0x0ab50000, 0x0f2a1000, 0x15600000)
   the space 73028K,  83% used [0x0ab50000, 0x0e6f8d08, 0x0e6f8e00, 0x0f2a1000)
 Metaspace       used 18628K, capacity 18957K, committed 19072K, reserved 19840K
}
Event: 23.863 GC heap after
{Heap after GC invocations=21 (full 5):
 def new generation   total 55680K, used 3600K [0x05600000, 0x09260000, 0x0ab50000)
  eden space 49536K,   7% used [0x05600000, 0x05984110, 0x08660000)
  from space 6144K,   0% used [0x08660000, 0x08660000, 0x08c60000)
  to   space 6144K,   0% used [0x08c60000, 0x08c60000, 0x09260000)
 tenured generation   total 123560K, used 74133K [0x0ab50000, 0x123fa000, 0x15600000)
   the space 123560K,  59% used [0x0ab50000, 0x0f3b5720, 0x0f3b5800, 0x123fa000)
 Metaspace       used 18440K, capacity 18726K, committed 19072K, reserved 19840K
}

Deoptimization events (8 events):
Event: 5.254 Thread 0x160e1c00 DEOPT PACKING pc=0x036c750f sp=0x168ae290
Event: 5.254 Thread 0x160e1c00 DEOPT UNPACKING pc=0x035dc187 sp=0x168ae1b0 mode 3
Event: 5.259 Thread 0x160e1c00 DEOPT PACKING pc=0x037840b1 sp=0x168ae410
Event: 5.259 Thread 0x160e1c00 DEOPT UNPACKING pc=0x035dc187 sp=0x168ae334 mode 3
Event: 5.333 Thread 0x160e1c00 DEOPT PACKING pc=0x037aa00c sp=0x168ae020
Event: 5.333 Thread 0x160e1c00 DEOPT UNPACKING pc=0x035dc187 sp=0x168aded0 mode 3
Event: 5.601 Thread 0x1605e800 DEOPT PACKING pc=0x037d7b3d sp=0x1652eeb0
Event: 5.601 Thread 0x1605e800 DEOPT UNPACKING pc=0x035dc187 sp=0x1652eddc mode 3

Classes redefined (0 events):
No events

Internal exceptions (20 events):
Event: 5.307 Thread 0x160e1c00 Exception <a 'java/lang/NoSuchMethodError'{0x063b46a8}: 'java.lang.Object java.lang.invoke.DirectMethodHandle$Holder.invokeInterface(java.lang.Object, java.lang.Object, java.lang.Object)'> (0x063b46a8) thrown at [s\src\hotspot\share\interpreter\linkResolver.cpp, line 773]
Event: 5.307 Thread 0x160e1c00 Exception <a 'java/lang/IncompatibleClassChangeError'{0x063b74b0}: Found class java.lang.Object, but interface was expected> (0x063b74b0) thrown at [s\src\hotspot\share\interpreter\linkResolver.cpp, line 839]
Event: 5.377 Thread 0x160e1c00 Exception <a 'java/io/FileNotFoundException'{0x0567e358}> (0x0567e358) thrown at [s\src\hotspot\share\prims\jni.cpp, line 617]
Event: 5.378 Thread 0x160e1c00 Exception <a 'java/io/FileNotFoundException'{0x05680de8}> (0x05680de8) thrown at [s\src\hotspot\share\prims\jni.cpp, line 617]
Event: 5.381 Thread 0x160e1c00 Exception <a 'java/io/FileNotFoundException'{0x05684e28}> (0x05684e28) thrown at [s\src\hotspot\share\prims\jni.cpp, line 617]
Event: 5.381 Thread 0x160e1c00 Exception <a 'java/io/FileNotFoundException'{0x05685cb8}> (0x05685cb8) thrown at [s\src\hotspot\share\prims\jni.cpp, line 617]
Event: 5.469 Thread 0x160e1c00 Exception <a 'java/lang/NoSuchMethodError'{0x058da8f0}: 'long java.lang.invoke.DirectMethodHandle$Holder.invokeStaticInit(java.lang.Object, java.lang.Object, java.lang.Object)'> (0x058da8f0) thrown at [s\src\hotspot\share\interpreter\linkResolver.cpp, line 773]
Event: 5.471 Thread 0x160e1c00 Exception <a 'java/lang/NoSuchMethodError'{0x058f1178}: 'java.lang.Object java.lang.invoke.DirectMethodHandle$Holder.invokeStatic(java.lang.Object, java.lang.Object, long)'> (0x058f1178) thrown at [s\src\hotspot\share\interpreter\linkResolver.cpp, line 773]
Event: 5.471 Thread 0x160e1c00 Exception <a 'java/lang/NoSuchMethodError'{0x058f6bc8}: 'java.lang.Object java.lang.invoke.Invokers$Holder.linkToTargetMethod(java.lang.Object, long, java.lang.Object)'> (0x058f6bc8) thrown at [s\src\hotspot\share\interpreter\linkResolver.cpp, line 773]
Event: 9.989 Thread 0x160e1c00 Exception <a 'java/lang/ClassNotFoundException'{0x05874bc8}: com/sun/javafx/scene/control/skin/resources/controls> (0x05874bc8) thrown at [s\src\hotspot\share\prims\jni.cpp, line 638]
Event: 9.989 Thread 0x160e1c00 Exception <a 'java/lang/ClassNotFoundException'{0x05882398}: com/sun/javafx/scene/control/skin/resources/controls_es> (0x05882398) thrown at [s\src\hotspot\share\prims\jni.cpp, line 638]
Event: 9.990 Thread 0x160e1c00 Exception <a 'java/lang/ClassNotFoundException'{0x0588f7e8}: com/sun/javafx/scene/control/skin/resources/controls_es_MX> (0x0588f7e8) thrown at [s\src\hotspot\share\prims\jni.cpp, line 638]
Event: 14.873 Thread 0x1acef400 Exception <a 'java/net/SocketTimeoutException'{0x05f037a0}: Read timed out> (0x05f037a0) thrown at [s\src\hotspot\share\prims\jni.cpp, line 638]
Event: 16.413 Thread 0x160e1c00 Exception <a 'java/lang/reflect/InvocationTargetException'{0x05efb1c0}> (0x05efb1c0) thrown at [s\src\hotspot\share\runtime\reflection.cpp, line 1245]
Event: 16.414 Thread 0x160e1c00 Exception <a 'java/lang/RuntimeException'{0x05efbed0}> (0x05efbed0) thrown at [s\src\hotspot\share\prims\jvm.cpp, line 1310]
Event: 21.874 Thread 0x160e1c00 Exception <a 'java/lang/reflect/InvocationTargetException'{0x0604a478}> (0x0604a478) thrown at [s\src\hotspot\share\runtime\reflection.cpp, line 1245]
Event: 21.874 Thread 0x160e1c00 Exception <a 'java/lang/RuntimeException'{0x0604b188}> (0x0604b188) thrown at [s\src\hotspot\share\prims\jvm.cpp, line 1310]
Event: 25.420 Thread 0x1605e800 Exception <a 'java/lang/NoSuchMethodError'{0x066adf30}: 'java.lang.Object java.lang.invoke.DirectMethodHandle$Holder.invokeStaticInit(java.lang.Object, int)'> (0x066adf30) thrown at [s\src\hotspot\share\interpreter\linkResolver.cpp, line 773]
Event: 25.592 Thread 0x160e1c00 Exception <a 'java/lang/IllegalArgumentException'{0x066055c8}> (0x066055c8) thrown at [s\src\hotspot\share\prims\jvm.cpp, line 1310]
Event: 25.623 Thread 0x160e1c00 Exception <a 'java/lang/IllegalArgumentException'{0x066128b0}> (0x066128b0) thrown at [s\src\hotspot\share\prims\jvm.cpp, line 1310]

Events (20 events):
Event: 25.407 loading class com/sun/scenario/effect/impl/Renderer
Event: 25.407 loading class com/sun/scenario/effect/impl/Renderer done
Event: 25.407 loading class com/sun/scenario/effect/FilterContext
Event: 25.407 loading class com/sun/scenario/effect/FilterContext done
Event: 25.490 loading class javafx/application/Application
Event: 25.490 loading class javafx/application/Application done
Event: 25.490 loading class javafx/application/Application
Event: 25.490 loading class javafx/application/Application done
Event: 25.588 loading class com/sun/javafx/tk/quantum/GlassScene
Event: 25.588 loading class com/sun/javafx/tk/quantum/GlassScene done
Event: 25.588 loading class com/sun/javafx/tk/quantum/WindowStage
Event: 25.588 loading class com/sun/javafx/tk/quantum/WindowStage done
Event: 25.589 loading class com/sun/prism/GraphicsResource
Event: 25.589 loading class com/sun/prism/GraphicsResource done
Event: 25.589 loading class com/sun/prism/GraphicsResource
Event: 25.589 loading class com/sun/prism/GraphicsResource done
Event: 25.590 loading class com/sun/javafx/tk/quantum/ViewScene
Event: 25.590 loading class com/sun/javafx/tk/quantum/ViewScene done
Event: 25.591 loading class com/sun/javafx/tk/quantum/WindowStage
Event: 25.591 loading class com/sun/javafx/tk/quantum/WindowStage done


Dynamic libraries:
0x00290000 - 0x0029c000 	C:\Program Files (x86)\Eclipse Adoptium\jdk-11.0.21.9-hotspot\bin\java.exe
0x77bc0000 - 0x77d71000 	C:\WINDOWS\SYSTEM32\ntdll.dll
0x768e0000 - 0x769d0000 	C:\WINDOWS\System32\KERNEL32.DLL
0x761f0000 - 0x76464000 	C:\WINDOWS\System32\KERNELBASE.dll
0x748b0000 - 0x74956000 	C:\WINDOWS\SYSTEM32\apphelp.dll
0x75980000 - 0x75a92000 	C:\WINDOWS\System32\ucrtbase.dll
0x74e30000 - 0x74e45000 	C:\Program Files (x86)\Eclipse Adoptium\jdk-11.0.21.9-hotspot\bin\jli.dll
0x74e10000 - 0x74e23000 	C:\Program Files (x86)\Eclipse Adoptium\jdk-11.0.21.9-hotspot\bin\VCRUNTIME140.dll
0x77780000 - 0x77929000 	C:\WINDOWS\System32\USER32.dll
0x769d0000 - 0x769ea000 	C:\WINDOWS\System32\win32u.dll
0x767a0000 - 0x767c3000 	C:\WINDOWS\System32\GDI32.dll
0x6fd50000 - 0x6ff78000 	C:\WINDOWS\WinSxS\x86_microsoft.windows.common-controls_6595b64144ccf1df_6.0.22621.3235_none_6ebcabb88802389e\COMCTL32.dll
0x769f0000 - 0x76ad2000 	C:\WINDOWS\System32\gdi32full.dll
0x76720000 - 0x76799000 	C:\WINDOWS\System32\msvcp_win.dll
0x75b70000 - 0x75c34000 	C:\WINDOWS\System32\msvcrt.dll
0x76ae0000 - 0x76b05000 	C:\WINDOWS\System32\IMM32.DLL
0x74da0000 - 0x74e0f000 	C:\Program Files (x86)\Eclipse Adoptium\jdk-11.0.21.9-hotspot\bin\msvcp140.dll
0x6aaf0000 - 0x6afcb000 	C:\Program Files (x86)\Eclipse Adoptium\jdk-11.0.21.9-hotspot\bin\client\jvm.dll
0x764e0000 - 0x7655f000 	C:\WINDOWS\System32\ADVAPI32.dll
0x75830000 - 0x758b5000 	C:\WINDOWS\System32\sechost.dll
0x76470000 - 0x7648a000 	C:\WINDOWS\System32\bcrypt.dll
0x77550000 - 0x7760a000 	C:\WINDOWS\System32\RPCRT4.dll
0x76c20000 - 0x76c26000 	C:\WINDOWS\System32\PSAPI.DLL
0x74d90000 - 0x74d98000 	C:\WINDOWS\SYSTEM32\WSOCK32.dll
0x76bc0000 - 0x76c1f000 	C:\WINDOWS\System32\WS2_32.dll
0x74650000 - 0x74681000 	C:\WINDOWS\SYSTEM32\WINMM.dll
0x74bf0000 - 0x74bf8000 	C:\WINDOWS\SYSTEM32\VERSION.dll
0x74e50000 - 0x74e63000 	C:\WINDOWS\SYSTEM32\kernel.appcore.dll
0x74d80000 - 0x74d8d000 	C:\Program Files (x86)\Eclipse Adoptium\jdk-11.0.21.9-hotspot\bin\verify.dll
0x6bb70000 - 0x6bd46000 	C:\WINDOWS\SYSTEM32\DBGHELP.DLL
0x77930000 - 0x77bac000 	C:\WINDOWS\System32\combase.dll
0x76b20000 - 0x76bbc000 	C:\WINDOWS\System32\OLEAUT32.dll
0x74d50000 - 0x74d79000 	C:\WINDOWS\SYSTEM32\dbgcore.DLL
0x76870000 - 0x768d2000 	C:\WINDOWS\System32\bcryptPrimitives.dll
0x74d20000 - 0x74d42000 	C:\Program Files (x86)\Eclipse Adoptium\jdk-11.0.21.9-hotspot\bin\java.dll
0x74d10000 - 0x74d19000 	C:\Program Files (x86)\Eclipse Adoptium\jdk-11.0.21.9-hotspot\bin\jimage.dll
0x74bc0000 - 0x74bcd000 	C:\Program Files (x86)\Eclipse Adoptium\jdk-11.0.21.9-hotspot\bin\instrument.dll
0x74cf0000 - 0x74d06000 	C:\Program Files (x86)\Eclipse Adoptium\jdk-11.0.21.9-hotspot\bin\zip.dll
0x76d00000 - 0x77399000 	C:\WINDOWS\System32\SHELL32.dll
0x74f60000 - 0x7564f000 	C:\WINDOWS\SYSTEM32\windows.storage.dll
0x74e90000 - 0x74f57000 	C:\WINDOWS\SYSTEM32\wintypes.dll
0x76c30000 - 0x76cf1000 	C:\WINDOWS\System32\SHCORE.dll
0x76490000 - 0x764db000 	C:\WINDOWS\System32\shlwapi.dll
0x74b90000 - 0x74ba9000 	C:\WINDOWS\SYSTEM32\profapi.dll
0x74cd0000 - 0x74ce4000 	C:\Program Files (x86)\Eclipse Adoptium\jdk-11.0.21.9-hotspot\bin\net.dll
0x756d0000 - 0x757ac000 	C:\WINDOWS\SYSTEM32\WINHTTP.dll
0x74c70000 - 0x74cc1000 	C:\WINDOWS\system32\mswsock.dll
0x74c60000 - 0x74c6f000 	C:\Program Files (x86)\Eclipse Adoptium\jdk-11.0.21.9-hotspot\bin\nio.dll
0x74b70000 - 0x74b86000 	C:\Program Files\JetBrains\IntelliJ IDEA 2023.3.2\bin\breakgen.dll
0x74bb0000 - 0x74bb3000 	C:\Users\alexia\.openjfx\cache\17.0.6\api-ms-win-core-console-l1-1-0.dll
0x74b60000 - 0x74b63000 	C:\Users\alexia\.openjfx\cache\17.0.6\api-ms-win-core-console-l1-2-0.dll
0x74b50000 - 0x74b53000 	C:\Users\alexia\.openjfx\cache\17.0.6\api-ms-win-core-datetime-l1-1-0.dll
0x74b40000 - 0x74b43000 	C:\Users\alexia\.openjfx\cache\17.0.6\api-ms-win-core-debug-l1-1-0.dll
0x74b30000 - 0x74b33000 	C:\Users\alexia\.openjfx\cache\17.0.6\api-ms-win-core-errorhandling-l1-1-0.dll
0x74b20000 - 0x74b24000 	C:\Users\alexia\.openjfx\cache\17.0.6\api-ms-win-core-file-l1-1-0.dll
0x74b10000 - 0x74b13000 	C:\Users\alexia\.openjfx\cache\17.0.6\api-ms-win-core-file-l1-2-0.dll
0x74b00000 - 0x74b03000 	C:\Users\alexia\.openjfx\cache\17.0.6\api-ms-win-core-file-l2-1-0.dll
0x74a20000 - 0x74a23000 	C:\Users\alexia\.openjfx\cache\17.0.6\api-ms-win-core-handle-l1-1-0.dll
0x74a10000 - 0x74a13000 	C:\Users\alexia\.openjfx\cache\17.0.6\api-ms-win-core-heap-l1-1-0.dll
0x74a00000 - 0x74a03000 	C:\Users\alexia\.openjfx\cache\17.0.6\api-ms-win-core-interlocked-l1-1-0.dll
0x749f0000 - 0x749f3000 	C:\Users\alexia\.openjfx\cache\17.0.6\api-ms-win-core-libraryloader-l1-1-0.dll
0x749e0000 - 0x749e3000 	C:\Users\alexia\.openjfx\cache\17.0.6\api-ms-win-core-localization-l1-2-0.dll
0x74890000 - 0x74893000 	C:\Users\alexia\.openjfx\cache\17.0.6\api-ms-win-core-memory-l1-1-0.dll
0x6c320000 - 0x6c323000 	C:\Users\alexia\.openjfx\cache\17.0.6\api-ms-win-core-namedpipe-l1-1-0.dll
0x6bb60000 - 0x6bb63000 	C:\Users\alexia\.openjfx\cache\17.0.6\api-ms-win-core-processenvironment-l1-1-0.dll
0x6b820000 - 0x6b823000 	C:\Users\alexia\.openjfx\cache\17.0.6\api-ms-win-core-processthreads-l1-1-0.dll
0x6b810000 - 0x6b813000 	C:\Users\alexia\.openjfx\cache\17.0.6\api-ms-win-core-processthreads-l1-1-1.dll
0x6b800000 - 0x6b803000 	C:\Users\alexia\.openjfx\cache\17.0.6\api-ms-win-core-profile-l1-1-0.dll
0x6b7f0000 - 0x6b7f3000 	C:\Users\alexia\.openjfx\cache\17.0.6\api-ms-win-core-rtlsupport-l1-1-0.dll
0x6b7e0000 - 0x6b7e3000 	C:\Users\alexia\.openjfx\cache\17.0.6\api-ms-win-core-string-l1-1-0.dll
0x6b7d0000 - 0x6b7d3000 	C:\Users\alexia\.openjfx\cache\17.0.6\api-ms-win-core-synch-l1-1-0.dll
0x6b7c0000 - 0x6b7c3000 	C:\Users\alexia\.openjfx\cache\17.0.6\api-ms-win-core-synch-l1-2-0.dll
0x6b7b0000 - 0x6b7b3000 	C:\Users\alexia\.openjfx\cache\17.0.6\api-ms-win-core-sysinfo-l1-1-0.dll
0x6b7a0000 - 0x6b7a3000 	C:\Users\alexia\.openjfx\cache\17.0.6\api-ms-win-core-timezone-l1-1-0.dll
0x6b790000 - 0x6b793000 	C:\Users\alexia\.openjfx\cache\17.0.6\api-ms-win-core-util-l1-1-0.dll
0x6b4e0000 - 0x6b4e3000 	C:\Users\alexia\.openjfx\cache\17.0.6\api-ms-win-crt-conio-l1-1-0.dll
0x69990000 - 0x69994000 	C:\Users\alexia\.openjfx\cache\17.0.6\api-ms-win-crt-convert-l1-1-0.dll
0x69980000 - 0x69983000 	C:\Users\alexia\.openjfx\cache\17.0.6\api-ms-win-crt-environment-l1-1-0.dll
0x69970000 - 0x69973000 	C:\Users\alexia\.openjfx\cache\17.0.6\api-ms-win-crt-filesystem-l1-1-0.dll
0x69960000 - 0x69963000 	C:\Users\alexia\.openjfx\cache\17.0.6\api-ms-win-crt-heap-l1-1-0.dll
0x69950000 - 0x69953000 	C:\Users\alexia\.openjfx\cache\17.0.6\api-ms-win-crt-locale-l1-1-0.dll
0x69940000 - 0x69945000 	C:\Users\alexia\.openjfx\cache\17.0.6\api-ms-win-crt-math-l1-1-0.dll
0x69930000 - 0x69935000 	C:\Users\alexia\.openjfx\cache\17.0.6\api-ms-win-crt-multibyte-l1-1-0.dll
0x69920000 - 0x69930000 	C:\Users\alexia\.openjfx\cache\17.0.6\api-ms-win-crt-private-l1-1-0.dll
0x69910000 - 0x69913000 	C:\Users\alexia\.openjfx\cache\17.0.6\api-ms-win-crt-process-l1-1-0.dll
0x69900000 - 0x69904000 	C:\Users\alexia\.openjfx\cache\17.0.6\api-ms-win-crt-runtime-l1-1-0.dll
0x698f0000 - 0x698f4000 	C:\Users\alexia\.openjfx\cache\17.0.6\api-ms-win-crt-stdio-l1-1-0.dll
0x698e0000 - 0x698e4000 	C:\Users\alexia\.openjfx\cache\17.0.6\api-ms-win-crt-string-l1-1-0.dll
0x698d0000 - 0x698d3000 	C:\Users\alexia\.openjfx\cache\17.0.6\api-ms-win-crt-time-l1-1-0.dll
0x698c0000 - 0x698c3000 	C:\Users\alexia\.openjfx\cache\17.0.6\api-ms-win-crt-utility-l1-1-0.dll
0x69790000 - 0x698b3000 	C:\Users\alexia\.openjfx\cache\17.0.6\ucrtbase.dll
0x69770000 - 0x69784000 	C:\Users\alexia\.openjfx\cache\17.0.6\vcruntime140.dll
0x696e0000 - 0x6974d000 	C:\Users\alexia\.openjfx\cache\17.0.6\msvcp140.dll
0x696d0000 - 0x696d7000 	C:\Users\alexia\.openjfx\cache\17.0.6\msvcp140_1.dll
0x696a0000 - 0x696c9000 	C:\Users\alexia\.openjfx\cache\17.0.6\msvcp140_2.dll
0x69670000 - 0x69696000 	C:\Users\alexia\.openjfx\cache\17.0.6\prism_d3d.dll
0x694f0000 - 0x69661000 	C:\WINDOWS\system32\d3d9.dll
0x74530000 - 0x74554000 	C:\WINDOWS\SYSTEM32\dwmapi.dll
0x740e0000 - 0x7410e000 	C:\WINDOWS\SYSTEM32\dxcore.dll
0x73df0000 - 0x73e6f000 	C:\WINDOWS\system32\uxtheme.dll
0x69370000 - 0x694e9000 	C:\WINDOWS\System32\DriverStore\FileRepository\iigd_dch.inf_amd64_38b23bd92a6775fe\igdumdim32.dll
0x76560000 - 0x766b5000 	C:\WINDOWS\System32\ole32.dll
0x65890000 - 0x69368000 	C:\WINDOWS\System32\DriverStore\FileRepository\iigd_dch.inf_amd64_38b23bd92a6775fe\igd9dxva32.dll
0x75c40000 - 0x7607d000 	C:\WINDOWS\System32\SETUPAPI.dll
0x757b0000 - 0x757ed000 	C:\WINDOWS\SYSTEM32\cfgmgr32.dll
0x65590000 - 0x65888000 	C:\WINDOWS\System32\DriverStore\FileRepository\iigd_dch.inf_amd64_38b23bd92a6775fe\igdgmm32.dll
0x65550000 - 0x6558c000 	C:\WINDOWS\SYSTEM32\directxdatabasehelper.dll
0x65510000 - 0x65547000 	C:\Users\alexia\.openjfx\cache\17.0.6\glass.dll
0x758c0000 - 0x75971000 	C:\WINDOWS\System32\COMDLG32.dll
0x77450000 - 0x7754f000 	C:\WINDOWS\System32\MSCTF.dll
0x654f0000 - 0x6550e000 	C:\WINDOWS\System32\DriverStore\FileRepository\iigd_dch.inf_amd64_38b23bd92a6775fe\igdinfo32.dll
0x62740000 - 0x654ef000 	C:\WINDOWS\System32\DriverStore\FileRepository\iigd_dch.inf_amd64_38b23bd92a6775fe\igc32.dll
0x62720000 - 0x62731000 	C:\Users\alexia\.openjfx\cache\17.0.6\javafx_font.dll
0x62710000 - 0x6271b000 	C:\Program Files (x86)\Eclipse Adoptium\jdk-11.0.21.9-hotspot\bin\sunmscapi.dll
0x77610000 - 0x77713000 	C:\WINDOWS\System32\CRYPT32.dll
0x626e0000 - 0x62705000 	C:\WINDOWS\SYSTEM32\ncrypt.dll
0x626b0000 - 0x626d8000 	C:\WINDOWS\SYSTEM32\NTASN1.dll
0x62680000 - 0x626a4000 	C:\Program Files (x86)\Eclipse Adoptium\jdk-11.0.21.9-hotspot\bin\sunec.dll
0x6cc40000 - 0x6cc55000 	C:\WINDOWS\SYSTEM32\CRYPTSP.dll
0x6cc10000 - 0x6cc40000 	C:\WINDOWS\system32\rsaenh.dll
0x746b0000 - 0x746cf000 	C:\WINDOWS\SYSTEM32\USERENV.dll
0x748a0000 - 0x748ab000 	C:\WINDOWS\SYSTEM32\CRYPTBASE.dll
0x757f0000 - 0x75814000 	C:\WINDOWS\SYSTEM32\IPHLPAPI.DLL
0x76b10000 - 0x76b17000 	C:\WINDOWS\System32\NSI.dll
0x6f970000 - 0x6f986000 	C:\WINDOWS\SYSTEM32\dhcpcsvc6.DLL
0x6f950000 - 0x6f967000 	C:\WINDOWS\SYSTEM32\dhcpcsvc.DLL
0x6f890000 - 0x6f94d000 	C:\WINDOWS\SYSTEM32\DNSAPI.dll
0x62670000 - 0x62678000 	C:\Windows\System32\rasadhlp.dll

dbghelp: loaded successfully - version: 4.0.5 - missing functions: none
symbol engine: initialized successfully - sym options: 0x614 - pdb path: .;C:\Program Files (x86)\Eclipse Adoptium\jdk-11.0.21.9-hotspot\bin;C:\WINDOWS\SYSTEM32;C:\WINDOWS\WinSxS\x86_microsoft.windows.common-controls_6595b64144ccf1df_6.0.22621.3235_none_6ebcabb88802389e;C:\Program Files (x86)\Eclipse Adoptium\jdk-11.0.21.9-hotspot\bin\client;C:\Program Files\JetBrains\IntelliJ IDEA 2023.3.2\bin;C:\Users\alexia\.openjfx\cache\17.0.6;C:\WINDOWS\System32\DriverStore\FileRepository\iigd_dch.inf_amd64_38b23bd92a6775fe;C:\Program Files (x86)\Common Files\Microsoft Shared\Ink

VM Arguments:
jvm_args: -javaagent:C:\Program Files\JetBrains\IntelliJ IDEA 2023.3.2\lib\idea_rt.jar=56070:C:\Program Files\JetBrains\IntelliJ IDEA 2023.3.2\bin -Dfile.encoding=UTF-8 --module-path=C:\Users\alexia\Downloads\appJavaFx\target\classes;C:\Users\alexia\.m2\repository\com\gluonhq\attach\lifecycle\4.0.19\lifecycle-4.0.19.jar;C:\Users\alexia\.m2\repository\org\openjfx\javafx-graphics\17.0.6\javafx-graphics-17.0.6-win-x86.jar;C:\Users\alexia\.m2\repository\org\openjfx\javafx-base\17.0.6\javafx-base-17.0.6-win-x86.jar;C:\Users\alexia\.m2\repository\com\gluonhq\attach\display\4.0.19\display-4.0.19.jar;C:\Users\alexia\.m2\repository\com\gluonhq\charm-glisten\6.2.3\charm-glisten-6.2.3.jar;C:\Users\alexia\.m2\repository\org\openjfx\javafx-controls\17.0.6\javafx-controls-17.0.6-win-x86.jar;C:\Users\alexia\.m2\repository\com\gluonhq\attach\util\4.0.19\util-4.0.19.jar;C:\Users\alexia\.m2\repository\org\kordamp\bootstrapfx\bootstrapfx-core\0.4.0\bootstrapfx-core-0.4.0.jar;C:\Users\alexia\.m2\repository\org\openjfx\javafx-fxml\17.0.6\javafx-fxml-17.0.6-win-x86.jar -Djdk.module.main=com.alilopez.vererinaria 
java_command: com.alilopez.vererinaria/com.alilopez.application.App
java_class_path (initial): C:\Users\alexia\.m2\repository\org\openjfx\javafx-controls\17.0.6\javafx-controls-17.0.6.jar;C:\Users\alexia\.m2\repository\org\openjfx\javafx-graphics\17.0.6\javafx-graphics-17.0.6.jar;C:\Users\alexia\.m2\repository\org\openjfx\javafx-base\17.0.6\javafx-base-17.0.6.jar;C:\Users\alexia\.m2\repository\org\openjfx\javafx-fxml\17.0.6\javafx-fxml-17.0.6.jar
Launcher Type: SUN_STANDARD

[Global flags]
   size_t InitialHeapSize                          = 16777216                                  {product} {ergonomic}
   size_t MaxHeapSize                              = 268435456                                 {product} {ergonomic}
   size_t MaxNewSize                               = 89456640                                  {product} {ergonomic}
   size_t MinHeapDeltaBytes                        = 131072                                    {product} {ergonomic}
   size_t NewSize                                  = 5570560                                   {product} {ergonomic}
    uintx NonProfiledCodeHeapSize                  = 0                                      {pd product} {ergonomic}
   size_t OldSize                                  = 11206656                                  {product} {ergonomic}
    uintx ProfiledCodeHeapSize                     = 0                                      {pd product} {ergonomic}
     bool ThreadLocalHandshakes                    = false                                  {pd product} {ergonomic}
     bool UseLargePagesIndividualAllocation        = false                                  {pd product} {ergonomic}
     bool UseSerialGC                              = true                                      {product} {ergonomic}

Logging:
Log output configuration:
 #0: stdout all=warning uptime,level,tags
 #1: stderr all=off uptime,level,tags

Environment Variables:
PATH=C:\Program Files (x86)\Eclipse Adoptium\jdk-11.0.21.9-hotspot\bin;C:\WINDOWS\system32;C:\WINDOWS;C:\WINDOWS\System32\Wbem;C:\WINDOWS\System32\WindowsPowerShell\v1.0\;C:\WINDOWS\System32\OpenSSH\;C:\Program Files\Git\cmd;C:\Program Files (x86)\Git\cmd;C:\Users\alexia\AppData\Local\Microsoft\WindowsApps;C:\Users\alexia\AppData\Local\GitHubDesktop\bin;C:\Users\alexia\AppData\Local\Programs\Microsoft VS Code\bin;;C:\Program Files\JetBrains\IntelliJ IDEA 2023.3.2\bin;
USERNAME=alexia
OS=Windows_NT
PROCESSOR_IDENTIFIER=Intel64 Family 6 Model 140 Stepping 1, GenuineIntel
TMP=C:\Users\alexia\AppData\Local\Temp
TEMP=C:\Users\alexia\AppData\Local\Temp



---------------  S Y S T E M  ---------------

OS: Windows 11 , 64 bit Build 22621 (10.0.22621.3374)
OS uptime: 1 days 15:55 hours

CPU:total 4 (initial active 4) (2 cores per cpu, 2 threads per core) family 6 model 140 stepping 1 microcode 0x8a, cmov, cx8, fxsr, mmx, sse, sse2, sse3, ssse3, sse4.1, sse4.2, popcnt, avx, avx2, aes, clmul, erms, 3dnowpref, lzcnt, ht, tsc, tscinvbit, bmi1, bmi2, adx, evex, sha, fma

Memory: 4k page, system-wide physical 3875M (301M free)
TotalPageFile size 11225M (AvailPageFile size 1507M), user-mode portion of virtual address-space 2047M (1333M free)
current process WorkingSet (physical memory assigned to process): 212M, peak: 218M
current process commit charge ("private bytes"): 265M, peak: 266M

vm_info: OpenJDK Client VM (11.0.21+9) for windows-x86 JRE (11.0.21+9), built on Oct 17 2023 17:27:10 by "" with MS VC++ 15.9 (VS2017)

END.
